2020-04-30 06:12:43,960 main 
2020-04-30 06:12:43,960 main -------------------------------------------------------------------
2020-04-30 06:12:44,408 main run double running protectin
2020-04-30 06:12:44,418 main [Downloader2] Loaded configuration: normal
2020-04-30 06:12:45,787 main [Bootstrapper] createLauncher
2020-04-30 06:12:45,787 main path /Library/Internet Plug-Ins/JavaAppletPlugin.plugin/Contents/Home
2020-04-30 06:12:45,787 main [Bootstrapper] choose jvm:/Library/Internet Plug-Ins/JavaAppletPlugin.plugin/Contents/Home/bin/java
2020-04-30 06:12:45,787 main [Bootstrapper] validate files
2020-04-30 06:12:45,788 main [Bootstrapper] end validated files
2020-04-30 06:12:45,788 main [Bootstrapper] Starting launcher...
2020-04-30 06:12:45,990 Thread-1 > [TLAUNCHER][STATIC] initialize inner config
2020-04-30 06:12:46,029 Thread-1 > [Loading] INITIALIZING
2020-04-30 06:12:48,786 Thread-1 > Starting TLauncher 2.69 RELEASE
2020-04-30 06:12:48,786 Thread-1 > For more information, visit https://tlauncher.org/
2020-04-30 06:12:48,787 Thread-1 > Startup time: Apr 30, 2020 6:12:48 AM
2020-04-30 06:12:48,787 Thread-1 > ---
2020-04-30 06:12:48,789 Thread-1 > run double running protectin
2020-04-30 06:12:49,352 Thread-1 > [Loading] LOADING_CONFIGURATION
2020-04-30 06:12:49,353 Thread-1 > Loading configuration from file: /Users/jpineros/Library/Application Support/tlauncher/tlauncher-2.0.properties
2020-04-30 06:12:49,369 Thread-1 > [Configuration] Constant values: {}
2020-04-30 06:12:49,387 Thread-1 > Machine info: -------------------------------------------------------
2020-04-30 06:12:49,387 Thread-1 > Mac OS X 10.15.4, Java 1.8.0_231, jvm bit x64, 16384 MB RAM
2020-04-30 06:12:49,387 Thread-1 > java path=/Library/Internet Plug-Ins/JavaAppletPlugin.plugin/Contents/Home/bin/java
2020-04-30 06:12:49,387 Thread-1 > Intel UHD Graphics 630
2020-04-30 06:12:49,387 Thread-1 > -------------------------------------------------------
2020-04-30 06:12:49,387 Thread-1 > Selected locale: en_US
2020-04-30 06:12:49,580 Thread-1 > [Loading] LOADING_CONSOLE
2020-04-30 06:12:49,833 Thread-1 > 
2020-04-30 06:12:49,855 Thread-1 > [Downloader2] Loaded configuration: good
2020-04-30 06:12:49,989 Thread-1 > [Updater] Requesting an update...
2020-04-30 06:12:49,991 Thread-1 > [Updater] Requesting from: http://repo.tlauncher.org/update/lch/update_2.0.json
2020-04-30 06:12:49,991 Thread-1 > [Updater] Making request: http://repo.tlauncher.org/update/lch/update_2.0.json?version=2.69&client=1989ed1d-7f80-4273-b5a5-0b1ae81b1ee6
2020-04-30 06:12:50,146 Thread-1 > [Browser] Loading resources...
2020-04-30 06:12:50,240 Thread-1 > [Browser] Loading background...
2020-04-30 06:12:50,267 Thread-1 > [Browser] Cleaning up after loading:
2020-04-30 06:12:50,267 Thread-1 > Starting garbage collector: 85 / 198 MB
2020-04-30 06:12:50,322 Thread-1 > Garbage collector completed: 17 / 236 MB
2020-04-30 06:12:50,324 Thread-1 > [Loading] LOADING_MANAGERS
2020-04-30 06:12:50,329 Thread-1 > [LocalVersionList] Base directory: /Users/jpineros/Library/Application Support/minecraft
2020-04-30 06:12:50,339 Thread-1 > [ProfileManager] Refreshing profiles from: /Users/jpineros/Library/Application Support/minecraft/TlauncherProfiles.json
2020-04-30 06:12:50,349 Thread-1 > [AdvertisingStatusObserver]  started to get ad information
2020-04-30 06:12:50,349 Thread-1 > [AdvertisingStatusObserver]  finished to get add information
2020-04-30 06:12:50,349 Thread-1 > [GsonUtil]  request to http://repo.tlauncher.org/update/downloads/libraries/org/tlauncher/authlib/libraries-1.6.json
2020-04-30 06:12:50,353 Thread-1 > [Loading] LOADING_WINDOW
2020-04-30 06:12:50,493 Thread-1 > [Updater] Request time: 502 ms
2020-04-30 06:12:50,493 Thread-1 > [Updater] Successfully requested from: http://repo.tlauncher.org/update/lch/update_2.0.json
2020-04-30 06:12:50,604 Thread-1 > [JFXStartPageLoader]  start load page: http://page.tlauncher.org/update/downloads/configs/client/eng.html
2020-04-30 06:12:50,609 Thread-1 > [Browser] Running in JavaFX Thread
2020-04-30 06:12:50,609 Thread-1 > [Browser] Preparing JavaFX...
2020-04-30 06:12:50,688 Thread-1 > [REPO][SERVER_LIST_REPO] Success: Reached the repo in 335 ms.
2020-04-30 06:12:50,692 Thread-1 > [Browser] Initializing...
2020-04-30 06:12:50,805 Thread-1 > [Loading] PREPARING_MAINPANE
2020-04-30 06:12:50,933 Thread-1 > [Downloader2] Loaded configuration: good
2020-04-30 06:12:51,617 Thread-1 > [JFXStartPageLoader]  succeeded load page: http://page.tlauncher.org/update/downloads/configs/client/eng.html during 1
2020-04-30 06:12:51,617 Thread-1 > [Browser@496310821] Loaded successfully: "http://page.tlauncher.org/update/downloads/configs/client/eng.html"
2020-04-30 06:12:51,697 Thread-1 > [Browser] add listens into server_choose
2020-04-30 06:12:51,698 Thread-1 > [Browser] finished listens into server_choose
2020-04-30 06:12:51,874 Thread-1 > [Loading] POSTINIT_GUI
2020-04-30 06:12:51,874 Thread-1 > [Frame] Packing main frame...
2020-04-30 06:12:51,966 Thread-1 > [Frame] Resizing main pane...
2020-04-30 06:12:51,966 Thread-1 > Updater is already closed. Showing up...
2020-04-30 06:12:51,966 Thread-1 > Visibility set.
2020-04-30 06:12:51,971 Thread-1 > [Loading] REFRESHING_INFO
2020-04-30 06:12:51,972 Thread-1 > [VersionManager] Refreshing versions remotely...
2020-04-30 06:12:51,972 Thread-1 > [REPO][EXTRA_VERSION_REPO] Attempt #1; timeout: 45000 ms; url: http://repo.tlauncher.org/update/downloads/versions/new3/
2020-04-30 06:12:51,975 Thread-1 > Started! (2622 ms.)
2020-04-30 06:12:51,975 Thread-1 > [Loading] SUCCESS
2020-04-30 06:12:51,975 Thread-1 [Bootstrapper] I can be terminated now: 0
2020-05-05 19:13:31,379 main 
2020-05-05 19:13:31,380 main -------------------------------------------------------------------
2020-05-05 19:13:31,764 main run double running protectin
2020-05-05 19:13:31,776 main [Downloader2] Loaded configuration: normal
2020-05-05 19:13:33,539 main [Bootstrapper] createLauncher
2020-05-05 19:13:33,539 main path /Library/Internet Plug-Ins/JavaAppletPlugin.plugin/Contents/Home
2020-05-05 19:13:33,539 main [Bootstrapper] choose jvm:/Library/Internet Plug-Ins/JavaAppletPlugin.plugin/Contents/Home/bin/java
2020-05-05 19:13:33,539 main [Bootstrapper] validate files
2020-05-05 19:13:33,540 main [Bootstrapper] end validated files
2020-05-05 19:13:33,540 main [Bootstrapper] Starting launcher...
2020-05-05 19:13:33,814 Thread-1 > [TLAUNCHER][STATIC] initialize inner config
2020-05-05 19:13:33,858 Thread-1 > [Loading] INITIALIZING
2020-05-05 19:13:35,652 Thread-1 > Starting TLauncher 2.69 RELEASE
2020-05-05 19:13:35,652 Thread-1 > For more information, visit https://tlauncher.org/
2020-05-05 19:13:35,652 Thread-1 > Startup time: May 5, 2020 7:13:35 PM
2020-05-05 19:13:35,652 Thread-1 > ---
2020-05-05 19:13:35,654 Thread-1 > run double running protectin
2020-05-05 19:13:36,407 Thread-1 > [Loading] LOADING_CONFIGURATION
2020-05-05 19:13:36,408 Thread-1 > Loading configuration from file: /Users/jpineros/Library/Application Support/tlauncher/tlauncher-2.0.properties
2020-05-05 19:13:36,423 Thread-1 > [Configuration] Constant values: {}
2020-05-05 19:13:36,443 Thread-1 > Machine info: -------------------------------------------------------
2020-05-05 19:13:36,443 Thread-1 > Mac OS X 10.15.4, Java 1.8.0_231, jvm bit x64, 16384 MB RAM
2020-05-05 19:13:36,443 Thread-1 > java path=/Library/Internet Plug-Ins/JavaAppletPlugin.plugin/Contents/Home/bin/java
2020-05-05 19:13:36,443 Thread-1 > Radeon Pro 560X
2020-05-05 19:13:36,443 Thread-1 > -------------------------------------------------------
2020-05-05 19:13:36,443 Thread-1 > Selected locale: en_US
2020-05-05 19:13:36,634 Thread-1 > [Loading] LOADING_CONSOLE
2020-05-05 19:13:36,892 Thread-1 > 
2020-05-05 19:13:36,916 Thread-1 > [Downloader2] Loaded configuration: good
2020-05-05 19:13:37,047 Thread-1 > [Updater] Requesting an update...
2020-05-05 19:13:37,049 Thread-1 > [Updater] Requesting from: http://repo.tlauncher.org/update/lch/update_2.0.json
2020-05-05 19:13:37,050 Thread-1 > [Updater] Making request: http://repo.tlauncher.org/update/lch/update_2.0.json?version=2.69&client=1989ed1d-7f80-4273-b5a5-0b1ae81b1ee6
2020-05-05 19:13:37,205 Thread-1 > [Browser] Loading resources...
2020-05-05 19:13:37,333 Thread-1 > [Browser] Loading background...
2020-05-05 19:13:37,401 Thread-1 > [Browser] Cleaning up after loading:
2020-05-05 19:13:37,401 Thread-1 > Starting garbage collector: 85 / 198 MB
2020-05-05 19:13:37,468 Thread-1 > Garbage collector completed: 16 / 229 MB
2020-05-05 19:13:37,470 Thread-1 > [Loading] LOADING_MANAGERS
2020-05-05 19:13:37,476 Thread-1 > [LocalVersionList] Base directory: /Users/jpineros/Library/Application Support/minecraft
2020-05-05 19:13:37,488 Thread-1 > [ProfileManager] Refreshing profiles from: /Users/jpineros/Library/Application Support/minecraft/TlauncherProfiles.json
2020-05-05 19:13:37,491 Thread-1 > [AdvertisingStatusObserver]  started to get ad information
2020-05-05 19:13:37,491 Thread-1 > [AdvertisingStatusObserver]  finished to get add information
2020-05-05 19:13:37,491 Thread-1 > [GsonUtil]  request to http://repo.tlauncher.org/update/downloads/libraries/org/tlauncher/authlib/libraries-1.6.json
2020-05-05 19:13:37,493 Thread-1 > [Updater] Request time: 444 ms
2020-05-05 19:13:37,494 Thread-1 > [Updater] Successfully requested from: http://repo.tlauncher.org/update/lch/update_2.0.json
2020-05-05 19:13:37,495 Thread-1 > [Loading] LOADING_WINDOW
2020-05-05 19:13:37,731 Thread-1 > [JFXStartPageLoader]  start load page: http://page.tlauncher.org/update/downloads/configs/client/eng.html
2020-05-05 19:13:37,738 Thread-1 > [Browser] Running in JavaFX Thread
2020-05-05 19:13:37,738 Thread-1 > [Browser] Preparing JavaFX...
2020-05-05 19:13:37,793 Thread-1 > [REPO][SERVER_LIST_REPO] Success: Reached the repo in 297 ms.
2020-05-05 19:13:37,816 Thread-1 > [Browser] Initializing...
2020-05-05 19:13:37,918 Thread-1 > [Loading] PREPARING_MAINPANE
2020-05-05 19:13:38,054 Thread-1 > [Downloader2] Loaded configuration: good
2020-05-05 19:13:38,735 Thread-1 > [JFXStartPageLoader]  succeeded load page: http://page.tlauncher.org/update/downloads/configs/client/eng.html during 1
2020-05-05 19:13:38,736 Thread-1 > [Browser@24290375] Loaded successfully: "http://page.tlauncher.org/update/downloads/configs/client/eng.html"
2020-05-05 19:13:38,830 Thread-1 > [Browser] add listens into server_choose
2020-05-05 19:13:38,830 Thread-1 > [Browser] finished listens into server_choose
2020-05-05 19:13:39,028 Thread-1 > [Loading] POSTINIT_GUI
2020-05-05 19:13:39,029 Thread-1 > [Frame] Packing main frame...
2020-05-05 19:13:39,120 Thread-1 > [Frame] Resizing main pane...
2020-05-05 19:13:39,121 Thread-1 > Updater is already closed. Showing up...
2020-05-05 19:13:39,121 Thread-1 > Visibility set.
2020-05-05 19:13:39,125 Thread-1 > [Loading] REFRESHING_INFO
2020-05-05 19:13:39,126 Thread-1 > [VersionManager] Refreshing versions remotely...
2020-05-05 19:13:39,127 Thread-1 > [REPO][EXTRA_VERSION_REPO] Attempt #1; timeout: 45000 ms; url: http://repo.tlauncher.org/update/downloads/versions/new3/
2020-05-05 19:13:39,129 Thread-1 > Started! (2720 ms.)
2020-05-05 19:13:39,129 Thread-1 > [Loading] SUCCESS
2020-05-05 19:13:39,129 Thread-1 [Bootstrapper] I can be terminated now: 0
