2020-05-01 08:43:18,517 main 
2020-05-01 08:43:18,518 main -------------------------------------------------------------------
2020-05-01 08:43:18,959 main run double running protectin
2020-05-01 08:43:18,970 main [Downloader2] Loaded configuration: normal
2020-05-01 08:43:20,303 main [Bootstrapper] createLauncher
2020-05-01 08:43:20,303 main path /Library/Internet Plug-Ins/JavaAppletPlugin.plugin/Contents/Home
2020-05-01 08:43:20,303 main [Bootstrapper] choose jvm:/Library/Internet Plug-Ins/JavaAppletPlugin.plugin/Contents/Home/bin/java
2020-05-01 08:43:20,304 main [Bootstrapper] validate files
2020-05-01 08:43:20,304 main [Bootstrapper] end validated files
2020-05-01 08:43:20,304 main [Bootstrapper] Starting launcher...
2020-05-01 08:43:20,506 Thread-1 > [TLAUNCHER][STATIC] initialize inner config
2020-05-01 08:43:20,546 Thread-1 > [Loading] INITIALIZING
2020-05-01 08:43:22,900 Thread-1 > Starting TLauncher 2.69 RELEASE
2020-05-01 08:43:22,900 Thread-1 > For more information, visit https://tlauncher.org/
2020-05-01 08:43:22,901 Thread-1 > Startup time: May 1, 2020 8:43:22 AM
2020-05-01 08:43:22,901 Thread-1 > ---
2020-05-01 08:43:22,903 Thread-1 > run double running protectin
2020-05-01 08:43:23,282 Thread-1 > [Loading] LOADING_CONFIGURATION
2020-05-01 08:43:23,283 Thread-1 > Loading configuration from file: /Users/jpineros/Library/Application Support/tlauncher/tlauncher-2.0.properties
2020-05-01 08:43:23,297 Thread-1 > [Configuration] Constant values: {}
2020-05-01 08:43:23,317 Thread-1 > Machine info: -------------------------------------------------------
2020-05-01 08:43:23,317 Thread-1 > Mac OS X 10.15.4, Java 1.8.0_231, jvm bit x64, 16384 MB RAM
2020-05-01 08:43:23,317 Thread-1 > java path=/Library/Internet Plug-Ins/JavaAppletPlugin.plugin/Contents/Home/bin/java
2020-05-01 08:43:23,317 Thread-1 > Intel UHD Graphics 630
2020-05-01 08:43:23,317 Thread-1 > -------------------------------------------------------
2020-05-01 08:43:23,317 Thread-1 > Selected locale: en_US
2020-05-01 08:43:23,505 Thread-1 > [Loading] LOADING_CONSOLE
2020-05-01 08:43:23,761 Thread-1 > 
2020-05-01 08:43:23,786 Thread-1 > [Downloader2] Loaded configuration: good
2020-05-01 08:43:23,915 Thread-1 > [Updater] Requesting an update...
2020-05-01 08:43:23,917 Thread-1 > [Updater] Requesting from: http://repo.tlauncher.org/update/lch/update_2.0.json
2020-05-01 08:43:23,917 Thread-1 > [Updater] Making request: http://repo.tlauncher.org/update/lch/update_2.0.json?version=2.69&client=1989ed1d-7f80-4273-b5a5-0b1ae81b1ee6
2020-05-01 08:43:24,078 Thread-1 > [Browser] Loading resources...
2020-05-01 08:43:24,176 Thread-1 > [Browser] Loading background...
2020-05-01 08:43:24,235 Thread-1 > [Browser] Cleaning up after loading:
2020-05-01 08:43:24,235 Thread-1 > Starting garbage collector: 85 / 199 MB
2020-05-01 08:43:24,287 Thread-1 > Garbage collector completed: 16 / 235 MB
2020-05-01 08:43:24,288 Thread-1 > [Loading] LOADING_MANAGERS
2020-05-01 08:43:24,293 Thread-1 > [LocalVersionList] Base directory: /Users/jpineros/Library/Application Support/minecraft
2020-05-01 08:43:24,302 Thread-1 > [ProfileManager] Refreshing profiles from: /Users/jpineros/Library/Application Support/minecraft/TlauncherProfiles.json
2020-05-01 08:43:24,310 Thread-1 > [AdvertisingStatusObserver]  started to get ad information
2020-05-01 08:43:24,310 Thread-1 > [GsonUtil]  request to http://repo.tlauncher.org/update/downloads/libraries/org/tlauncher/authlib/libraries-1.6.json
2020-05-01 08:43:24,310 Thread-1 > [AdvertisingStatusObserver]  finished to get add information
2020-05-01 08:43:24,314 Thread-1 > [Loading] LOADING_WINDOW
2020-05-01 08:43:24,420 Thread-1 > [Updater] Request time: 504 ms
2020-05-01 08:43:24,421 Thread-1 > [Updater] Successfully requested from: http://repo.tlauncher.org/update/lch/update_2.0.json
2020-05-01 08:43:24,532 Thread-1 > [JFXStartPageLoader]  start load page: http://page.tlauncher.org/update/downloads/configs/client/eng.html
2020-05-01 08:43:24,538 Thread-1 > [Browser] Running in JavaFX Thread
2020-05-01 08:43:24,538 Thread-1 > [Browser] Preparing JavaFX...
2020-05-01 08:43:24,566 Thread-1 > [REPO][SERVER_LIST_REPO] Success: Reached the repo in 251 ms.
2020-05-01 08:43:24,606 Thread-1 > [Browser] Initializing...
2020-05-01 08:43:24,696 Thread-1 > [Loading] PREPARING_MAINPANE
2020-05-01 08:43:24,845 Thread-1 > [Downloader2] Loaded configuration: good
2020-05-01 08:43:25,498 Thread-1 > [JFXStartPageLoader]  succeeded load page: http://page.tlauncher.org/update/downloads/configs/client/eng.html during 0
2020-05-01 08:43:25,499 Thread-1 > [Browser@1842903601] Loaded successfully: "http://page.tlauncher.org/update/downloads/configs/client/eng.html"
2020-05-01 08:43:25,593 Thread-1 > [Browser] add listens into server_choose
2020-05-01 08:43:25,593 Thread-1 > [Browser] finished listens into server_choose
2020-05-01 08:43:25,774 Thread-1 > [Loading] POSTINIT_GUI
2020-05-01 08:43:25,774 Thread-1 > [Frame] Packing main frame...
2020-05-01 08:43:25,867 Thread-1 > [Frame] Resizing main pane...
2020-05-01 08:43:25,868 Thread-1 > Updater is already closed. Showing up...
2020-05-01 08:43:25,868 Thread-1 > Visibility set.
2020-05-01 08:43:25,872 Thread-1 > [Loading] REFRESHING_INFO
2020-05-01 08:43:25,873 Thread-1 > [VersionManager] Refreshing versions remotely...
2020-05-01 08:43:25,874 Thread-1 > [REPO][EXTRA_VERSION_REPO] Attempt #1; timeout: 45000 ms; url: http://repo.tlauncher.org/update/downloads/versions/new3/
2020-05-01 08:43:25,876 Thread-1 > Started! (2594 ms.)
2020-05-01 08:43:25,877 Thread-1 > [Loading] SUCCESS
2020-05-01 08:43:25,877 Thread-1 [Bootstrapper] I can be terminated now: 0
