2020-04-29 12:06:51,834 main 
2020-04-29 12:06:51,835 main -------------------------------------------------------------------
2020-04-29 12:06:52,231 main run double running protectin
2020-04-29 12:06:52,245 main [Downloader2] Loaded configuration: normal
2020-04-29 12:06:52,619 main [Bootstrapper] createLauncher
2020-04-29 12:06:52,619 main path /Library/Internet Plug-Ins/JavaAppletPlugin.plugin/Contents/Home
2020-04-29 12:06:52,620 main [Bootstrapper] choose jvm:/Library/Internet Plug-Ins/JavaAppletPlugin.plugin/Contents/Home/bin/java
2020-04-29 12:06:52,620 main [Bootstrapper] validate files
2020-04-29 12:06:52,621 main [Bootstrapper] end validated files
2020-04-29 12:06:52,621 main [Bootstrapper] Starting launcher...
2020-04-29 12:06:52,899 Thread-1 > [TLAUNCHER][STATIC] initialize inner config
2020-04-29 12:06:52,950 Thread-1 > [Loading] INITIALIZING
2020-04-29 12:06:55,125 Thread-1 > Starting TLauncher 2.69 RELEASE
2020-04-29 12:06:55,126 Thread-1 > For more information, visit https://tlauncher.org/
2020-04-29 12:06:55,128 Thread-1 > Startup time: Apr 29, 2020 12:06:55 PM
2020-04-29 12:06:55,128 Thread-1 > ---
2020-04-29 12:06:55,130 Thread-1 > run double running protectin
2020-04-29 12:06:55,742 Thread-1 > [Loading] LOADING_CONFIGURATION
2020-04-29 12:06:55,743 Thread-1 > Loading configuration from file: /Users/jpineros/Library/Application Support/tlauncher/tlauncher-2.0.properties
2020-04-29 12:06:55,758 Thread-1 > [Configuration] Constant values: {}
2020-04-29 12:06:55,777 Thread-1 > Machine info: -------------------------------------------------------
2020-04-29 12:06:55,777 Thread-1 > Mac OS X 10.15.4, Java 1.8.0_231, jvm bit x64, 16384 MB RAM
2020-04-29 12:06:55,777 Thread-1 > java path=/Library/Internet Plug-Ins/JavaAppletPlugin.plugin/Contents/Home/bin/java
2020-04-29 12:06:55,777 Thread-1 > Radeon Pro 560X
2020-04-29 12:06:55,777 Thread-1 > -------------------------------------------------------
2020-04-29 12:06:55,777 Thread-1 > Selected locale: en_US
2020-04-29 12:06:55,991 Thread-1 > [Loading] LOADING_CONSOLE
2020-04-29 12:06:56,251 Thread-1 > 
2020-04-29 12:06:56,278 Thread-1 > [Downloader2] Loaded configuration: good
2020-04-29 12:06:56,409 Thread-1 > [Updater] Requesting an update...
2020-04-29 12:06:56,411 Thread-1 > [Updater] Requesting from: http://repo.tlauncher.org/update/lch/update_2.0.json
2020-04-29 12:06:56,411 Thread-1 > [Updater] Making request: http://repo.tlauncher.org/update/lch/update_2.0.json?version=2.69&client=1989ed1d-7f80-4273-b5a5-0b1ae81b1ee6
2020-04-29 12:06:56,566 Thread-1 > [Browser] Loading resources...
2020-04-29 12:06:56,684 Thread-1 > [Browser] Loading background...
2020-04-29 12:06:56,752 Thread-1 > [Browser] Cleaning up after loading:
2020-04-29 12:06:56,752 Thread-1 > Starting garbage collector: 85 / 197 MB
2020-04-29 12:06:56,825 Thread-1 > Garbage collector completed: 17 / 231 MB
2020-04-29 12:06:56,828 Thread-1 > [Loading] LOADING_MANAGERS
2020-04-29 12:06:56,836 Thread-1 > [LocalVersionList] Base directory: /Users/jpineros/Library/Application Support/minecraft
2020-04-29 12:06:56,851 Thread-1 > [ProfileManager] Refreshing profiles from: /Users/jpineros/Library/Application Support/minecraft/TlauncherProfiles.json
2020-04-29 12:06:56,884 Thread-1 > [AdvertisingStatusObserver]  started to get ad information
2020-04-29 12:06:56,884 Thread-1 > [GsonUtil]  request to http://repo.tlauncher.org/update/downloads/libraries/org/tlauncher/authlib/libraries-1.6.json
2020-04-29 12:06:56,884 Thread-1 > [AdvertisingStatusObserver]  finished to get add information
2020-04-29 12:06:56,891 Thread-1 > [Loading] LOADING_WINDOW
2020-04-29 12:06:57,016 Thread-1 > [Updater] Request time: 605 ms
2020-04-29 12:06:57,016 Thread-1 > [Updater] Successfully requested from: http://repo.tlauncher.org/update/lch/update_2.0.json
2020-04-29 12:06:57,143 Thread-1 > [JFXStartPageLoader]  start load page: http://page.tlauncher.org/update/downloads/configs/client/eng.html
2020-04-29 12:06:57,149 Thread-1 > [Browser] Running in JavaFX Thread
2020-04-29 12:06:57,149 Thread-1 > [Browser] Preparing JavaFX...
2020-04-29 12:06:57,231 Thread-1 > [Browser] Initializing...
2020-04-29 12:06:57,365 Thread-1 > [Loading] PREPARING_MAINPANE
2020-04-29 12:06:57,440 Thread-1 > [REPO][SERVER_LIST_REPO] Success: Reached the repo in 549 ms.
2020-04-29 12:06:57,522 Thread-1 > [Downloader2] Loaded configuration: good
2020-04-29 12:06:58,318 Thread-1 > [JFXStartPageLoader]  succeeded load page: http://page.tlauncher.org/update/downloads/configs/client/eng.html during 1
2020-04-29 12:06:58,319 Thread-1 > [Browser@44451703] Loaded successfully: "http://page.tlauncher.org/update/downloads/configs/client/eng.html"
2020-04-29 12:06:58,417 Thread-1 > [Browser] add listens into server_choose
2020-04-29 12:06:58,417 Thread-1 > [Browser] finished listens into server_choose
2020-04-29 12:06:58,587 Thread-1 > [Loading] POSTINIT_GUI
2020-04-29 12:06:58,587 Thread-1 > [Frame] Packing main frame...
2020-04-29 12:06:58,688 Thread-1 > [Frame] Resizing main pane...
2020-04-29 12:06:58,688 Thread-1 > Updater is already closed. Showing up...
2020-04-29 12:06:58,688 Thread-1 > Visibility set.
2020-04-29 12:06:58,689 Thread-1 > [Loading] REFRESHING_INFO
2020-04-29 12:06:58,692 Thread-1 > [VersionManager] Refreshing versions remotely...
2020-04-29 12:06:58,693 Thread-1 > [REPO][EXTRA_VERSION_REPO] Attempt #1; timeout: 45000 ms; url: http://repo.tlauncher.org/update/downloads/versions/new3/
2020-04-29 12:06:58,695 Thread-1 > Started! (2953 ms.)
2020-04-29 12:06:58,695 Thread-1 > [Loading] SUCCESS
2020-04-29 12:06:58,696 Thread-1 [Bootstrapper] I can be terminated now: 0
2020-05-02 16:14:44,327 main 
2020-05-02 16:14:44,328 main -------------------------------------------------------------------
2020-05-02 16:14:44,810 main run double running protectin
2020-05-02 16:14:44,822 main [Downloader2] Loaded configuration: normal
2020-05-02 16:14:48,029 main [Bootstrapper] createLauncher
2020-05-02 16:14:48,029 main path /Library/Internet Plug-Ins/JavaAppletPlugin.plugin/Contents/Home
2020-05-02 16:14:48,030 main [Bootstrapper] choose jvm:/Library/Internet Plug-Ins/JavaAppletPlugin.plugin/Contents/Home/bin/java
2020-05-02 16:14:48,030 main [Bootstrapper] validate files
2020-05-02 16:14:48,031 main [Bootstrapper] end validated files
2020-05-02 16:14:48,031 main [Bootstrapper] Starting launcher...
2020-05-02 16:14:48,364 Thread-1 > [TLAUNCHER][STATIC] initialize inner config
2020-05-02 16:14:48,426 Thread-1 > [Loading] INITIALIZING
2020-05-02 16:14:52,164 Thread-1 > Starting TLauncher 2.69 RELEASE
2020-05-02 16:14:52,164 Thread-1 > For more information, visit https://tlauncher.org/
2020-05-02 16:14:52,166 Thread-1 > Startup time: May 2, 2020 4:14:52 PM
2020-05-02 16:14:52,166 Thread-1 > ---
2020-05-02 16:14:52,168 Thread-1 > run double running protectin
2020-05-02 16:14:52,563 Thread-1 > [Loading] LOADING_CONFIGURATION
2020-05-02 16:14:52,564 Thread-1 > Loading configuration from file: /Users/jpineros/Library/Application Support/tlauncher/tlauncher-2.0.properties
2020-05-02 16:14:52,581 Thread-1 > [Configuration] Constant values: {}
2020-05-02 16:14:52,605 Thread-1 > Machine info: -------------------------------------------------------
2020-05-02 16:14:52,605 Thread-1 > Mac OS X 10.15.4, Java 1.8.0_231, jvm bit x64, 16384 MB RAM
2020-05-02 16:14:52,605 Thread-1 > java path=/Library/Internet Plug-Ins/JavaAppletPlugin.plugin/Contents/Home/bin/java
2020-05-02 16:14:52,606 Thread-1 > Radeon Pro 560X
2020-05-02 16:14:52,606 Thread-1 > -------------------------------------------------------
2020-05-02 16:14:52,606 Thread-1 > Selected locale: en_US
2020-05-02 16:14:52,905 Thread-1 > [Loading] LOADING_CONSOLE
2020-05-02 16:14:53,180 Thread-1 > 
2020-05-02 16:14:53,207 Thread-1 > [Downloader2] Loaded configuration: good
2020-05-02 16:14:53,351 Thread-1 > [Updater] Requesting an update...
2020-05-02 16:14:53,355 Thread-1 > [Updater] Requesting from: http://repo.tlauncher.org/update/lch/update_2.0.json
2020-05-02 16:14:53,356 Thread-1 > [Updater] Making request: http://repo.tlauncher.org/update/lch/update_2.0.json?version=2.69&client=1989ed1d-7f80-4273-b5a5-0b1ae81b1ee6
2020-05-02 16:14:53,550 Thread-1 > [Browser] Loading resources...
2020-05-02 16:14:53,678 Thread-1 > [Browser] Loading background...
2020-05-02 16:14:53,720 Thread-1 > [Browser] Cleaning up after loading:
2020-05-02 16:14:53,726 Thread-1 > Starting garbage collector: 85 / 149 MB
2020-05-02 16:14:53,792 Thread-1 > Garbage collector completed: 17 / 192 MB
2020-05-02 16:14:53,794 Thread-1 > [Loading] LOADING_MANAGERS
2020-05-02 16:14:53,800 Thread-1 > [LocalVersionList] Base directory: /Users/jpineros/Library/Application Support/minecraft
2020-05-02 16:14:53,812 Thread-1 > [ProfileManager] Refreshing profiles from: /Users/jpineros/Library/Application Support/minecraft/TlauncherProfiles.json
2020-05-02 16:14:53,825 Thread-1 > [AdvertisingStatusObserver]  started to get ad information
2020-05-02 16:14:53,826 Thread-1 > [AdvertisingStatusObserver]  finished to get add information
2020-05-02 16:14:53,826 Thread-1 > [GsonUtil]  request to http://repo.tlauncher.org/update/downloads/libraries/org/tlauncher/authlib/libraries-1.6.json
2020-05-02 16:14:53,832 Thread-1 > [Loading] LOADING_WINDOW
2020-05-02 16:14:53,872 Thread-1 > [Updater] Request time: 518 ms
2020-05-02 16:14:53,872 Thread-1 > [Updater] Successfully requested from: http://repo.tlauncher.org/update/lch/update_2.0.json
2020-05-02 16:14:54,187 Thread-1 > [REPO][SERVER_LIST_REPO] Success: Reached the repo in 354 ms.
2020-05-02 16:14:54,262 Thread-1 > [JFXStartPageLoader]  start load page: http://page.tlauncher.org/update/downloads/configs/client/eng.html
2020-05-02 16:14:54,269 Thread-1 > [Browser] Running in JavaFX Thread
2020-05-02 16:14:54,269 Thread-1 > [Browser] Preparing JavaFX...
2020-05-02 16:14:54,369 Thread-1 > [Browser] Initializing...
2020-05-02 16:14:54,584 Thread-1 > [Loading] PREPARING_MAINPANE
2020-05-02 16:14:54,776 Thread-1 > [Downloader2] Loaded configuration: good
2020-05-02 16:14:55,064 Thread-1 > [JFXStartPageLoader]  succeeded load page: http://page.tlauncher.org/update/downloads/configs/client/eng.html during 0
2020-05-02 16:14:55,064 Thread-1 > [Browser@138325376] Loaded successfully: "http://page.tlauncher.org/update/downloads/configs/client/eng.html"
2020-05-02 16:14:55,159 Thread-1 > [Browser] add listens into server_choose
2020-05-02 16:14:55,159 Thread-1 > [Browser] finished listens into server_choose
2020-05-02 16:14:55,719 Thread-1 > [Loading] POSTINIT_GUI
2020-05-02 16:14:55,719 Thread-1 > [Frame] Packing main frame...
2020-05-02 16:14:55,857 Thread-1 > [Frame] Resizing main pane...
2020-05-02 16:14:55,858 Thread-1 > Updater is already closed. Showing up...
2020-05-02 16:14:55,858 Thread-1 > Visibility set.
2020-05-02 16:14:55,865 Thread-1 > [Loading] REFRESHING_INFO
2020-05-02 16:14:55,867 Thread-1 > [VersionManager] Refreshing versions remotely...
2020-05-02 16:14:55,867 Thread-1 > [REPO][EXTRA_VERSION_REPO] Attempt #1; timeout: 45000 ms; url: http://repo.tlauncher.org/update/downloads/versions/new3/
2020-05-02 16:14:55,869 Thread-1 > Started! (3306 ms.)
2020-05-02 16:14:55,870 Thread-1 > [Loading] SUCCESS
2020-05-02 16:14:55,870 Thread-1 [Bootstrapper] I can be terminated now: 0
