2020-04-30 19:03:36,169 main 
2020-04-30 19:03:36,170 main -------------------------------------------------------------------
2020-04-30 19:03:36,555 main run double running protectin
2020-04-30 19:03:36,565 main [Downloader2] Loaded configuration: normal
2020-04-30 19:03:37,872 main [Bootstrapper] createLauncher
2020-04-30 19:03:37,872 main path /Library/Internet Plug-Ins/JavaAppletPlugin.plugin/Contents/Home
2020-04-30 19:03:37,872 main [Bootstrapper] choose jvm:/Library/Internet Plug-Ins/JavaAppletPlugin.plugin/Contents/Home/bin/java
2020-04-30 19:03:37,872 main [Bootstrapper] validate files
2020-04-30 19:03:37,873 main [Bootstrapper] end validated files
2020-04-30 19:03:37,873 main [Bootstrapper] Starting launcher...
2020-04-30 19:03:38,079 Thread-1 > [TLAUNCHER][STATIC] initialize inner config
2020-04-30 19:03:38,120 Thread-1 > [Loading] INITIALIZING
2020-04-30 19:03:40,508 Thread-1 > Starting TLauncher 2.69 RELEASE
2020-04-30 19:03:40,508 Thread-1 > For more information, visit https://tlauncher.org/
2020-04-30 19:03:40,513 Thread-1 > Startup time: Apr 30, 2020 7:03:40 PM
2020-04-30 19:03:40,513 Thread-1 > ---
2020-04-30 19:03:40,516 Thread-1 > run double running protectin
2020-04-30 19:03:40,989 Thread-1 > [Loading] LOADING_CONFIGURATION
2020-04-30 19:03:40,989 Thread-1 > Loading configuration from file: /Users/jpineros/Library/Application Support/tlauncher/tlauncher-2.0.properties
2020-04-30 19:03:41,004 Thread-1 > [Configuration] Constant values: {}
2020-04-30 19:03:41,021 Thread-1 > Machine info: -------------------------------------------------------
2020-04-30 19:03:41,021 Thread-1 > Mac OS X 10.15.4, Java 1.8.0_231, jvm bit x64, 16384 MB RAM
2020-04-30 19:03:41,021 Thread-1 > java path=/Library/Internet Plug-Ins/JavaAppletPlugin.plugin/Contents/Home/bin/java
2020-04-30 19:03:41,021 Thread-1 > Intel UHD Graphics 630
2020-04-30 19:03:41,021 Thread-1 > -------------------------------------------------------
2020-04-30 19:03:41,021 Thread-1 > Selected locale: en_US
2020-04-30 19:03:41,213 Thread-1 > [Loading] LOADING_CONSOLE
2020-04-30 19:03:41,462 Thread-1 > 
2020-04-30 19:03:41,487 Thread-1 > [Downloader2] Loaded configuration: good
2020-04-30 19:03:41,624 Thread-1 > [Updater] Requesting an update...
2020-04-30 19:03:41,626 Thread-1 > [Updater] Requesting from: http://repo.tlauncher.org/update/lch/update_2.0.json
2020-04-30 19:03:41,626 Thread-1 > [Updater] Making request: http://repo.tlauncher.org/update/lch/update_2.0.json?version=2.69&client=1989ed1d-7f80-4273-b5a5-0b1ae81b1ee6
2020-04-30 19:03:41,741 Thread-1 > [Browser] Loading resources...
2020-04-30 19:03:41,822 Thread-1 > [Browser] Loading background...
2020-04-30 19:03:41,874 Thread-1 > [Browser] Cleaning up after loading:
2020-04-30 19:03:41,874 Thread-1 > Starting garbage collector: 85 / 199 MB
2020-04-30 19:03:41,931 Thread-1 > Garbage collector completed: 18 / 234 MB
2020-04-30 19:03:41,932 Thread-1 > [Loading] LOADING_MANAGERS
2020-04-30 19:03:41,937 Thread-1 > [LocalVersionList] Base directory: /Users/jpineros/Library/Application Support/minecraft
2020-04-30 19:03:41,945 Thread-1 > [ProfileManager] Refreshing profiles from: /Users/jpineros/Library/Application Support/minecraft/TlauncherProfiles.json
2020-04-30 19:03:41,955 Thread-1 > [AdvertisingStatusObserver]  started to get ad information
2020-04-30 19:03:41,955 Thread-1 > [AdvertisingStatusObserver]  finished to get add information
2020-04-30 19:03:41,955 Thread-1 > [GsonUtil]  request to http://repo.tlauncher.org/update/downloads/libraries/org/tlauncher/authlib/libraries-1.6.json
2020-04-30 19:03:41,959 Thread-1 > [Loading] LOADING_WINDOW
2020-04-30 19:03:42,120 Thread-1 > [JFXStartPageLoader]  start load page: http://page.tlauncher.org/update/downloads/configs/client/eng.html
2020-04-30 19:03:42,124 Thread-1 > [Browser] Running in JavaFX Thread
2020-04-30 19:03:42,124 Thread-1 > [Browser] Preparing JavaFX...
2020-04-30 19:03:42,184 Thread-1 > [Browser] Initializing...
2020-04-30 19:03:42,248 Thread-1 > [REPO][SERVER_LIST_REPO] Success: Reached the repo in 289 ms.
2020-04-30 19:03:42,275 Thread-1 > [Loading] PREPARING_MAINPANE
2020-04-30 19:03:42,323 Thread-1 > [Updater] Request time: 698 ms
2020-04-30 19:03:42,324 Thread-1 > [Updater] Successfully requested from: http://repo.tlauncher.org/update/lch/update_2.0.json
2020-04-30 19:03:42,418 Thread-1 > [Downloader2] Loaded configuration: good
2020-04-30 19:03:43,209 Thread-1 > [JFXStartPageLoader]  succeeded load page: http://page.tlauncher.org/update/downloads/configs/client/eng.html during 1
2020-04-30 19:03:43,209 Thread-1 > [Browser@833460784] Loaded successfully: "http://page.tlauncher.org/update/downloads/configs/client/eng.html"
2020-04-30 19:03:43,288 Thread-1 > [Browser] add listens into server_choose
2020-04-30 19:03:43,288 Thread-1 > [Browser] finished listens into server_choose
2020-04-30 19:03:43,434 Thread-1 > [Loading] POSTINIT_GUI
2020-04-30 19:03:43,434 Thread-1 > [Frame] Packing main frame...
2020-04-30 19:03:43,520 Thread-1 > [Frame] Resizing main pane...
2020-04-30 19:03:43,521 Thread-1 > Updater is already closed. Showing up...
2020-04-30 19:03:43,521 Thread-1 > Visibility set.
2020-04-30 19:03:43,525 Thread-1 > [Loading] REFRESHING_INFO
2020-04-30 19:03:43,527 Thread-1 > [VersionManager] Refreshing versions remotely...
2020-04-30 19:03:43,527 Thread-1 > [REPO][EXTRA_VERSION_REPO] Attempt #1; timeout: 45000 ms; url: http://repo.tlauncher.org/update/downloads/versions/new3/
2020-04-30 19:03:43,529 Thread-1 > Started! (2540 ms.)
2020-04-30 19:03:43,529 Thread-1 > [Loading] SUCCESS
2020-04-30 19:03:43,529 Thread-1 [Bootstrapper] I can be terminated now: 0
