2020-04-30 11:27:13,966 main 
2020-04-30 11:27:13,967 main -------------------------------------------------------------------
2020-04-30 11:27:14,385 main run double running protectin
2020-04-30 11:27:14,397 main [Downloader2] Loaded configuration: normal
2020-04-30 11:27:15,734 main [Bootstrapper] createLauncher
2020-04-30 11:27:15,734 main path /Library/Internet Plug-Ins/JavaAppletPlugin.plugin/Contents/Home
2020-04-30 11:27:15,734 main [Bootstrapper] choose jvm:/Library/Internet Plug-Ins/JavaAppletPlugin.plugin/Contents/Home/bin/java
2020-04-30 11:27:15,735 main [Bootstrapper] validate files
2020-04-30 11:27:15,735 main [Bootstrapper] end validated files
2020-04-30 11:27:15,735 main [Bootstrapper] Starting launcher...
2020-04-30 11:27:15,966 Thread-1 > [TLAUNCHER][STATIC] initialize inner config
2020-04-30 11:27:16,050 Thread-1 > [Loading] INITIALIZING
2020-04-30 11:27:18,523 Thread-1 > Starting TLauncher 2.69 RELEASE
2020-04-30 11:27:18,523 Thread-1 > For more information, visit https://tlauncher.org/
2020-04-30 11:27:18,523 Thread-1 > Startup time: Apr 30, 2020 11:27:18 AM
2020-04-30 11:27:18,524 Thread-1 > ---
2020-04-30 11:27:18,525 Thread-1 > run double running protectin
2020-04-30 11:27:18,954 Thread-1 > [Loading] LOADING_CONFIGURATION
2020-04-30 11:27:18,954 Thread-1 > Loading configuration from file: /Users/jpineros/Library/Application Support/tlauncher/tlauncher-2.0.properties
2020-04-30 11:27:18,967 Thread-1 > [Configuration] Constant values: {}
2020-04-30 11:27:18,990 Thread-1 > Machine info: -------------------------------------------------------
2020-04-30 11:27:18,990 Thread-1 > Mac OS X 10.15.4, Java 1.8.0_231, jvm bit x64, 16384 MB RAM
2020-04-30 11:27:18,990 Thread-1 > java path=/Library/Internet Plug-Ins/JavaAppletPlugin.plugin/Contents/Home/bin/java
2020-04-30 11:27:18,990 Thread-1 > Intel UHD Graphics 630
2020-04-30 11:27:18,990 Thread-1 > -------------------------------------------------------
2020-04-30 11:27:18,990 Thread-1 > Selected locale: en_US
2020-04-30 11:27:19,200 Thread-1 > [Loading] LOADING_CONSOLE
2020-04-30 11:27:19,457 Thread-1 > 
2020-04-30 11:27:19,482 Thread-1 > [Downloader2] Loaded configuration: good
2020-04-30 11:27:19,618 Thread-1 > [Updater] Requesting an update...
2020-04-30 11:27:19,620 Thread-1 > [Updater] Requesting from: http://repo.tlauncher.org/update/lch/update_2.0.json
2020-04-30 11:27:19,620 Thread-1 > [Updater] Making request: http://repo.tlauncher.org/update/lch/update_2.0.json?version=2.69&client=1989ed1d-7f80-4273-b5a5-0b1ae81b1ee6
2020-04-30 11:27:19,780 Thread-1 > [Browser] Loading resources...
2020-04-30 11:27:19,879 Thread-1 > [Browser] Loading background...
2020-04-30 11:27:19,910 Thread-1 > [Browser] Cleaning up after loading:
2020-04-30 11:27:19,910 Thread-1 > Starting garbage collector: 85 / 198 MB
2020-04-30 11:27:19,969 Thread-1 > Garbage collector completed: 17 / 234 MB
2020-04-30 11:27:19,971 Thread-1 > [Loading] LOADING_MANAGERS
2020-04-30 11:27:19,976 Thread-1 > [LocalVersionList] Base directory: /Users/jpineros/Library/Application Support/minecraft
2020-04-30 11:27:19,985 Thread-1 > [ProfileManager] Refreshing profiles from: /Users/jpineros/Library/Application Support/minecraft/TlauncherProfiles.json
2020-04-30 11:27:19,994 Thread-1 > [AdvertisingStatusObserver]  started to get ad information
2020-04-30 11:27:19,995 Thread-1 > [GsonUtil]  request to http://repo.tlauncher.org/update/downloads/libraries/org/tlauncher/authlib/libraries-1.6.json
2020-04-30 11:27:19,995 Thread-1 > [AdvertisingStatusObserver]  finished to get add information
2020-04-30 11:27:20,000 Thread-1 > [Loading] LOADING_WINDOW
2020-04-30 11:27:20,222 Thread-1 > [JFXStartPageLoader]  start load page: http://page.tlauncher.org/update/downloads/configs/client/eng.html
2020-04-30 11:27:20,224 Thread-1 > [Updater] Request time: 605 ms
2020-04-30 11:27:20,225 Thread-1 > [Updater] Successfully requested from: http://repo.tlauncher.org/update/lch/update_2.0.json
2020-04-30 11:27:20,229 Thread-1 > [Browser] Running in JavaFX Thread
2020-04-30 11:27:20,229 Thread-1 > [Browser] Preparing JavaFX...
2020-04-30 11:27:20,323 Thread-1 > [Browser] Initializing...
2020-04-30 11:27:20,328 Thread-1 > [REPO][SERVER_LIST_REPO] Success: Reached the repo in 328 ms.
2020-04-30 11:27:20,416 Thread-1 > [Loading] PREPARING_MAINPANE
2020-04-30 11:27:20,644 Thread-1 > [Downloader2] Loaded configuration: good
2020-04-30 11:27:21,340 Thread-1 > [JFXStartPageLoader]  succeeded load page: http://page.tlauncher.org/update/downloads/configs/client/eng.html during 1
2020-04-30 11:27:21,340 Thread-1 > [Browser@833460784] Loaded successfully: "http://page.tlauncher.org/update/downloads/configs/client/eng.html"
2020-04-30 11:27:21,430 Thread-1 > [Browser] add listens into server_choose
2020-04-30 11:27:21,430 Thread-1 > [Browser] finished listens into server_choose
2020-04-30 11:27:21,610 Thread-1 > [Loading] POSTINIT_GUI
2020-04-30 11:27:21,610 Thread-1 > [Frame] Packing main frame...
2020-04-30 11:27:21,701 Thread-1 > [Frame] Resizing main pane...
2020-04-30 11:27:21,702 Thread-1 > Updater is already closed. Showing up...
2020-04-30 11:27:21,702 Thread-1 > Visibility set.
2020-04-30 11:27:21,702 Thread-1 > [Loading] REFRESHING_INFO
2020-04-30 11:27:21,707 Thread-1 > [VersionManager] Refreshing versions remotely...
2020-04-30 11:27:21,708 Thread-1 > [REPO][EXTRA_VERSION_REPO] Attempt #1; timeout: 45000 ms; url: http://repo.tlauncher.org/update/downloads/versions/new3/
2020-04-30 11:27:21,711 Thread-1 > Started! (2757 ms.)
2020-04-30 11:27:21,712 Thread-1 > [Loading] SUCCESS
2020-04-30 11:27:21,712 Thread-1 [Bootstrapper] I can be terminated now: 0
2020-05-06 07:30:44,306 main 
2020-05-06 07:30:44,306 main -------------------------------------------------------------------
2020-05-06 07:30:44,685 main run double running protectin
2020-05-06 07:30:44,697 main [Downloader2] Loaded configuration: normal
2020-05-06 07:30:45,610 main [Bootstrapper] createLauncher
2020-05-06 07:30:45,610 main path /Library/Internet Plug-Ins/JavaAppletPlugin.plugin/Contents/Home
2020-05-06 07:30:45,611 main [Bootstrapper] choose jvm:/Library/Internet Plug-Ins/JavaAppletPlugin.plugin/Contents/Home/bin/java
2020-05-06 07:30:45,611 main [Bootstrapper] validate files
2020-05-06 07:30:45,611 main [Bootstrapper] end validated files
2020-05-06 07:30:45,611 main [Bootstrapper] Starting launcher...
2020-05-06 07:30:45,856 Thread-1 > [TLAUNCHER][STATIC] initialize inner config
2020-05-06 07:30:45,900 Thread-1 > [Loading] INITIALIZING
2020-05-06 07:30:48,091 Thread-1 > Starting TLauncher 2.69 RELEASE
2020-05-06 07:30:48,091 Thread-1 > For more information, visit https://tlauncher.org/
2020-05-06 07:30:48,092 Thread-1 > Startup time: May 6, 2020 7:30:48 AM
2020-05-06 07:30:48,092 Thread-1 > ---
2020-05-06 07:30:48,094 Thread-1 > run double running protectin
2020-05-06 07:30:48,597 Thread-1 > [Loading] LOADING_CONFIGURATION
2020-05-06 07:30:48,598 Thread-1 > Loading configuration from file: /Users/jpineros/Library/Application Support/tlauncher/tlauncher-2.0.properties
2020-05-06 07:30:48,612 Thread-1 > [Configuration] Constant values: {}
2020-05-06 07:30:48,631 Thread-1 > Machine info: -------------------------------------------------------
2020-05-06 07:30:48,631 Thread-1 > Mac OS X 10.15.4, Java 1.8.0_231, jvm bit x64, 16384 MB RAM
2020-05-06 07:30:48,631 Thread-1 > java path=/Library/Internet Plug-Ins/JavaAppletPlugin.plugin/Contents/Home/bin/java
2020-05-06 07:30:48,631 Thread-1 > Radeon Pro 560X
2020-05-06 07:30:48,631 Thread-1 > -------------------------------------------------------
2020-05-06 07:30:48,631 Thread-1 > Selected locale: en_US
2020-05-06 07:30:48,870 Thread-1 > [Loading] LOADING_CONSOLE
2020-05-06 07:30:49,127 Thread-1 > 
2020-05-06 07:30:49,152 Thread-1 > [Downloader2] Loaded configuration: good
2020-05-06 07:30:49,287 Thread-1 > [Updater] Requesting an update...
2020-05-06 07:30:49,289 Thread-1 > [Updater] Requesting from: http://repo.tlauncher.org/update/lch/update_2.0.json
2020-05-06 07:30:49,289 Thread-1 > [Updater] Making request: http://repo.tlauncher.org/update/lch/update_2.0.json?version=2.69&client=1989ed1d-7f80-4273-b5a5-0b1ae81b1ee6
2020-05-06 07:30:49,390 Thread-1 > [Browser] Loading resources...
2020-05-06 07:30:49,509 Thread-1 > [Browser] Loading background...
2020-05-06 07:30:49,571 Thread-1 > [Browser] Cleaning up after loading:
2020-05-06 07:30:49,571 Thread-1 > Starting garbage collector: 85 / 198 MB
2020-05-06 07:30:49,636 Thread-1 > Garbage collector completed: 17 / 236 MB
2020-05-06 07:30:49,637 Thread-1 > [Loading] LOADING_MANAGERS
2020-05-06 07:30:49,642 Thread-1 > [LocalVersionList] Base directory: /Users/jpineros/Library/Application Support/minecraft
2020-05-06 07:30:49,651 Thread-1 > [ProfileManager] Refreshing profiles from: /Users/jpineros/Library/Application Support/minecraft/TlauncherProfiles.json
2020-05-06 07:30:49,660 Thread-1 > [AdvertisingStatusObserver]  started to get ad information
2020-05-06 07:30:49,660 Thread-1 > [GsonUtil]  request to http://repo.tlauncher.org/update/downloads/libraries/org/tlauncher/authlib/libraries-1.6.json
2020-05-06 07:30:49,660 Thread-1 > [AdvertisingStatusObserver]  finished to get add information
2020-05-06 07:30:49,666 Thread-1 > [Loading] LOADING_WINDOW
2020-05-06 07:30:49,840 Thread-1 > [JFXStartPageLoader]  start load page: http://page.tlauncher.org/update/downloads/configs/client/eng.html
2020-05-06 07:30:49,846 Thread-1 > [Browser] Running in JavaFX Thread
2020-05-06 07:30:49,846 Thread-1 > [Browser] Preparing JavaFX...
2020-05-06 07:30:49,886 Thread-1 > [Updater] Request time: 598 ms
2020-05-06 07:30:49,887 Thread-1 > [Updater] Successfully requested from: http://repo.tlauncher.org/update/lch/update_2.0.json
2020-05-06 07:30:49,914 Thread-1 > [Browser] Initializing...
2020-05-06 07:30:49,921 Thread-1 > [REPO][SERVER_LIST_REPO] Success: Reached the repo in 256 ms.
2020-05-06 07:30:50,000 Thread-1 > [Loading] PREPARING_MAINPANE
2020-05-06 07:30:50,280 Thread-1 > [Downloader2] Loaded configuration: good
2020-05-06 07:30:50,761 Thread-1 > [JFXStartPageLoader]  succeeded load page: http://page.tlauncher.org/update/downloads/configs/client/eng.html during 0
2020-05-06 07:30:50,761 Thread-1 > [Browser@24290375] Loaded successfully: "http://page.tlauncher.org/update/downloads/configs/client/eng.html"
2020-05-06 07:30:50,840 Thread-1 > [Browser] add listens into server_choose
2020-05-06 07:30:50,840 Thread-1 > [Browser] finished listens into server_choose
2020-05-06 07:30:51,238 Thread-1 > [Loading] POSTINIT_GUI
2020-05-06 07:30:51,238 Thread-1 > [Frame] Packing main frame...
2020-05-06 07:30:51,321 Thread-1 > [Frame] Resizing main pane...
2020-05-06 07:30:51,322 Thread-1 > Updater is already closed. Showing up...
2020-05-06 07:30:51,322 Thread-1 > Visibility set.
2020-05-06 07:30:51,327 Thread-1 > [Loading] REFRESHING_INFO
2020-05-06 07:30:51,328 Thread-1 > [VersionManager] Refreshing versions remotely...
2020-05-06 07:30:51,329 Thread-1 > [REPO][EXTRA_VERSION_REPO] Attempt #1; timeout: 45000 ms; url: http://repo.tlauncher.org/update/downloads/versions/new3/
2020-05-06 07:30:51,332 Thread-1 > Started! (2735 ms.)
2020-05-06 07:30:51,333 Thread-1 > [Loading] SUCCESS
2020-05-06 07:30:51,333 Thread-1 [Bootstrapper] I can be terminated now: 0
