2020-04-30 15:14:23,240 main 
2020-04-30 15:14:23,241 main -------------------------------------------------------------------
2020-04-30 15:14:23,562 main run double running protectin
2020-04-30 15:14:23,572 main [Downloader2] Loaded configuration: normal
2020-04-30 15:14:24,923 main [Bootstrapper] createLauncher
2020-04-30 15:14:24,923 main path /Library/Internet Plug-Ins/JavaAppletPlugin.plugin/Contents/Home
2020-04-30 15:14:24,923 main [Bootstrapper] choose jvm:/Library/Internet Plug-Ins/JavaAppletPlugin.plugin/Contents/Home/bin/java
2020-04-30 15:14:24,924 main [Bootstrapper] validate files
2020-04-30 15:14:24,924 main [Bootstrapper] end validated files
2020-04-30 15:14:24,924 main [Bootstrapper] Starting launcher...
2020-04-30 15:14:25,124 Thread-1 > [TLAUNCHER][STATIC] initialize inner config
2020-04-30 15:14:25,163 Thread-1 > [Loading] INITIALIZING
2020-04-30 15:14:27,279 Thread-1 > Starting TLauncher 2.69 RELEASE
2020-04-30 15:14:27,279 Thread-1 > For more information, visit https://tlauncher.org/
2020-04-30 15:14:27,281 Thread-1 > Startup time: Apr 30, 2020 3:14:27 PM
2020-04-30 15:14:27,281 Thread-1 > ---
2020-04-30 15:14:27,283 Thread-1 > run double running protectin
2020-04-30 15:14:27,809 Thread-1 > [Loading] LOADING_CONFIGURATION
2020-04-30 15:14:27,809 Thread-1 > Loading configuration from file: /Users/jpineros/Library/Application Support/tlauncher/tlauncher-2.0.properties
2020-04-30 15:14:27,825 Thread-1 > [Configuration] Constant values: {}
2020-04-30 15:14:27,844 Thread-1 > Machine info: -------------------------------------------------------
2020-04-30 15:14:27,845 Thread-1 > Mac OS X 10.15.4, Java 1.8.0_231, jvm bit x64, 16384 MB RAM
2020-04-30 15:14:27,845 Thread-1 > java path=/Library/Internet Plug-Ins/JavaAppletPlugin.plugin/Contents/Home/bin/java
2020-04-30 15:14:27,845 Thread-1 > Intel UHD Graphics 630
2020-04-30 15:14:27,845 Thread-1 > -------------------------------------------------------
2020-04-30 15:14:27,845 Thread-1 > Selected locale: en_US
2020-04-30 15:14:28,038 Thread-1 > [Loading] LOADING_CONSOLE
2020-04-30 15:14:28,290 Thread-1 > 
2020-04-30 15:14:28,315 Thread-1 > [Downloader2] Loaded configuration: good
2020-04-30 15:14:28,441 Thread-1 > [Updater] Requesting an update...
2020-04-30 15:14:28,443 Thread-1 > [Updater] Requesting from: http://repo.tlauncher.org/update/lch/update_2.0.json
2020-04-30 15:14:28,443 Thread-1 > [Updater] Making request: http://repo.tlauncher.org/update/lch/update_2.0.json?version=2.69&client=1989ed1d-7f80-4273-b5a5-0b1ae81b1ee6
2020-04-30 15:14:28,539 Thread-1 > [Browser] Loading resources...
2020-04-30 15:14:28,639 Thread-1 > [Browser] Loading background...
2020-04-30 15:14:28,692 Thread-1 > [Browser] Cleaning up after loading:
2020-04-30 15:14:28,692 Thread-1 > Starting garbage collector: 84 / 198 MB
2020-04-30 15:14:28,747 Thread-1 > Garbage collector completed: 18 / 231 MB
2020-04-30 15:14:28,749 Thread-1 > [Loading] LOADING_MANAGERS
2020-04-30 15:14:28,754 Thread-1 > [LocalVersionList] Base directory: /Users/jpineros/Library/Application Support/minecraft
2020-04-30 15:14:28,763 Thread-1 > [ProfileManager] Refreshing profiles from: /Users/jpineros/Library/Application Support/minecraft/TlauncherProfiles.json
2020-04-30 15:14:28,773 Thread-1 > [AdvertisingStatusObserver]  started to get ad information
2020-04-30 15:14:28,773 Thread-1 > [AdvertisingStatusObserver]  finished to get add information
2020-04-30 15:14:28,773 Thread-1 > [GsonUtil]  request to http://repo.tlauncher.org/update/downloads/libraries/org/tlauncher/authlib/libraries-1.6.json
2020-04-30 15:14:28,778 Thread-1 > [Loading] LOADING_WINDOW
2020-04-30 15:14:28,926 Thread-1 > [JFXStartPageLoader]  start load page: http://page.tlauncher.org/update/downloads/configs/client/eng.html
2020-04-30 15:14:28,931 Thread-1 > [Browser] Running in JavaFX Thread
2020-04-30 15:14:28,931 Thread-1 > [Browser] Preparing JavaFX...
2020-04-30 15:14:28,998 Thread-1 > [Browser] Initializing...
2020-04-30 15:14:29,034 Thread-1 > [REPO][SERVER_LIST_REPO] Success: Reached the repo in 256 ms.
2020-04-30 15:14:29,066 Thread-1 > [Loading] PREPARING_MAINPANE
2020-04-30 15:14:29,103 Thread-1 > [Updater] Request time: 661 ms
2020-04-30 15:14:29,103 Thread-1 > [Updater] Successfully requested from: http://repo.tlauncher.org/update/lch/update_2.0.json
2020-04-30 15:14:29,209 Thread-1 > [Downloader2] Loaded configuration: good
2020-04-30 15:14:29,933 Thread-1 > [JFXStartPageLoader]  succeeded load page: http://page.tlauncher.org/update/downloads/configs/client/eng.html during 1
2020-04-30 15:14:29,933 Thread-1 > [Browser@1364605056] Loaded successfully: "http://page.tlauncher.org/update/downloads/configs/client/eng.html"
2020-04-30 15:14:30,016 Thread-1 > [Browser] add listens into server_choose
2020-04-30 15:14:30,016 Thread-1 > [Browser] finished listens into server_choose
2020-04-30 15:14:30,182 Thread-1 > [Loading] POSTINIT_GUI
2020-04-30 15:14:30,182 Thread-1 > [Frame] Packing main frame...
2020-04-30 15:14:30,273 Thread-1 > [Frame] Resizing main pane...
2020-04-30 15:14:30,274 Thread-1 > Updater is already closed. Showing up...
2020-04-30 15:14:30,274 Thread-1 > Visibility set.
2020-04-30 15:14:30,279 Thread-1 > [Loading] REFRESHING_INFO
2020-04-30 15:14:30,280 Thread-1 > [VersionManager] Refreshing versions remotely...
2020-04-30 15:14:30,280 Thread-1 > [REPO][EXTRA_VERSION_REPO] Attempt #1; timeout: 45000 ms; url: http://repo.tlauncher.org/update/downloads/versions/new3/
2020-04-30 15:14:30,283 Thread-1 > Started! (2475 ms.)
2020-04-30 15:14:30,284 Thread-1 > [Loading] SUCCESS
2020-04-30 15:14:30,284 Thread-1 [Bootstrapper] I can be terminated now: 0
