2020-05-01 18:31:42,585 main 
2020-05-01 18:31:42,586 main -------------------------------------------------------------------
2020-05-01 18:31:43,036 main run double running protectin
2020-05-01 18:31:43,048 main [Downloader2] Loaded configuration: normal
2020-05-01 18:31:46,070 main [Bootstrapper] createLauncher
2020-05-01 18:31:46,070 main path /Library/Internet Plug-Ins/JavaAppletPlugin.plugin/Contents/Home
2020-05-01 18:31:46,070 main [Bootstrapper] choose jvm:/Library/Internet Plug-Ins/JavaAppletPlugin.plugin/Contents/Home/bin/java
2020-05-01 18:31:46,071 main [Bootstrapper] validate files
2020-05-01 18:31:46,071 main [Bootstrapper] end validated files
2020-05-01 18:31:46,071 main [Bootstrapper] Starting launcher...
2020-05-01 18:31:46,390 Thread-1 > [TLAUNCHER][STATIC] initialize inner config
2020-05-01 18:31:46,456 Thread-1 > [Loading] INITIALIZING
2020-05-01 18:31:49,493 Thread-1 > Starting TLauncher 2.69 RELEASE
2020-05-01 18:31:49,493 Thread-1 > For more information, visit https://tlauncher.org/
2020-05-01 18:31:49,496 Thread-1 > Startup time: May 1, 2020 6:31:49 PM
2020-05-01 18:31:49,496 Thread-1 > ---
2020-05-01 18:31:49,498 Thread-1 > run double running protectin
2020-05-01 18:31:50,080 Thread-1 > [Loading] LOADING_CONFIGURATION
2020-05-01 18:31:50,080 Thread-1 > Loading configuration from file: /Users/jpineros/Library/Application Support/tlauncher/tlauncher-2.0.properties
2020-05-01 18:31:50,095 Thread-1 > [Configuration] Constant values: {}
2020-05-01 18:31:50,117 Thread-1 > Machine info: -------------------------------------------------------
2020-05-01 18:31:50,117 Thread-1 > Mac OS X 10.15.4, Java 1.8.0_231, jvm bit x64, 16384 MB RAM
2020-05-01 18:31:50,117 Thread-1 > java path=/Library/Internet Plug-Ins/JavaAppletPlugin.plugin/Contents/Home/bin/java
2020-05-01 18:31:50,117 Thread-1 > Intel UHD Graphics 630
2020-05-01 18:31:50,117 Thread-1 > -------------------------------------------------------
2020-05-01 18:31:50,117 Thread-1 > Selected locale: en_US
2020-05-01 18:31:50,377 Thread-1 > [Loading] LOADING_CONSOLE
2020-05-01 18:31:50,651 Thread-1 > 
2020-05-01 18:31:50,676 Thread-1 > [Downloader2] Loaded configuration: good
2020-05-01 18:31:50,810 Thread-1 > [Updater] Requesting an update...
2020-05-01 18:31:50,813 Thread-1 > [Updater] Requesting from: http://repo.tlauncher.org/update/lch/update_2.0.json
2020-05-01 18:31:50,813 Thread-1 > [Updater] Making request: http://repo.tlauncher.org/update/lch/update_2.0.json?version=2.69&client=1989ed1d-7f80-4273-b5a5-0b1ae81b1ee6
2020-05-01 18:31:50,987 Thread-1 > [Browser] Loading resources...
2020-05-01 18:31:51,115 Thread-1 > [Browser] Loading background...
2020-05-01 18:31:51,151 Thread-1 > [Browser] Cleaning up after loading:
2020-05-01 18:31:51,155 Thread-1 > Starting garbage collector: 86 / 198 MB
2020-05-01 18:31:51,221 Thread-1 > Garbage collector completed: 17 / 236 MB
2020-05-01 18:31:51,222 Thread-1 > [Loading] LOADING_MANAGERS
2020-05-01 18:31:51,228 Thread-1 > [LocalVersionList] Base directory: /Users/jpineros/Library/Application Support/minecraft
2020-05-01 18:31:51,241 Thread-1 > [ProfileManager] Refreshing profiles from: /Users/jpineros/Library/Application Support/minecraft/TlauncherProfiles.json
2020-05-01 18:31:51,260 Thread-1 > [AdvertisingStatusObserver]  started to get ad information
2020-05-01 18:31:51,260 Thread-1 > [AdvertisingStatusObserver]  finished to get add information
2020-05-01 18:31:51,260 Thread-1 > [GsonUtil]  request to http://repo.tlauncher.org/update/downloads/libraries/org/tlauncher/authlib/libraries-1.6.json
2020-05-01 18:31:51,266 Thread-1 > [Loading] LOADING_WINDOW
2020-05-01 18:31:51,328 Thread-1 > [Updater] Request time: 515 ms
2020-05-01 18:31:51,328 Thread-1 > [Updater] Successfully requested from: http://repo.tlauncher.org/update/lch/update_2.0.json
2020-05-01 18:31:51,609 Thread-1 > [JFXStartPageLoader]  start load page: http://page.tlauncher.org/update/downloads/configs/client/eng.html
2020-05-01 18:31:51,617 Thread-1 > [REPO][SERVER_LIST_REPO] Success: Reached the repo in 350 ms.
2020-05-01 18:31:51,618 Thread-1 > [Browser] Running in JavaFX Thread
2020-05-01 18:31:51,618 Thread-1 > [Browser] Preparing JavaFX...
2020-05-01 18:31:51,703 Thread-1 > [Browser] Initializing...
2020-05-01 18:31:51,862 Thread-1 > [Loading] PREPARING_MAINPANE
2020-05-01 18:31:52,034 Thread-1 > [Downloader2] Loaded configuration: good
2020-05-01 18:31:52,752 Thread-1 > [JFXStartPageLoader]  succeeded load page: http://page.tlauncher.org/update/downloads/configs/client/eng.html during 1
2020-05-01 18:31:52,753 Thread-1 > [Browser@979263421] Loaded successfully: "http://page.tlauncher.org/update/downloads/configs/client/eng.html"
2020-05-01 18:31:52,858 Thread-1 > [Browser] add listens into server_choose
2020-05-01 18:31:52,858 Thread-1 > [Browser] finished listens into server_choose
2020-05-01 18:31:53,070 Thread-1 > [Loading] POSTINIT_GUI
2020-05-01 18:31:53,071 Thread-1 > [Frame] Packing main frame...
2020-05-01 18:31:53,176 Thread-1 > [Frame] Resizing main pane...
2020-05-01 18:31:53,176 Thread-1 > Updater is already closed. Showing up...
2020-05-01 18:31:53,177 Thread-1 > Visibility set.
2020-05-01 18:31:53,182 Thread-1 > [Loading] REFRESHING_INFO
2020-05-01 18:31:53,183 Thread-1 > [VersionManager] Refreshing versions remotely...
2020-05-01 18:31:53,184 Thread-1 > [REPO][EXTRA_VERSION_REPO] Attempt #1; timeout: 45000 ms; url: http://repo.tlauncher.org/update/downloads/versions/new3/
2020-05-01 18:31:53,187 Thread-1 > Started! (3106 ms.)
2020-05-01 18:31:53,188 Thread-1 > [Loading] SUCCESS
2020-05-01 18:31:53,188 Thread-1 [Bootstrapper] I can be terminated now: 0
