2020-04-29 15:09:29,185 main 
2020-04-29 15:09:29,186 main -------------------------------------------------------------------
2020-04-29 15:09:29,587 main run double running protectin
2020-04-29 15:09:29,598 main [Downloader2] Loaded configuration: normal
2020-04-29 15:09:31,747 main [Bootstrapper] createLauncher
2020-04-29 15:09:31,747 main path /Library/Internet Plug-Ins/JavaAppletPlugin.plugin/Contents/Home
2020-04-29 15:09:31,747 main [Bootstrapper] choose jvm:/Library/Internet Plug-Ins/JavaAppletPlugin.plugin/Contents/Home/bin/java
2020-04-29 15:09:31,748 main [Bootstrapper] validate files
2020-04-29 15:09:31,748 main [Bootstrapper] end validated files
2020-04-29 15:09:31,748 main [Bootstrapper] Starting launcher...
2020-04-29 15:09:31,999 Thread-1 > [TLAUNCHER][STATIC] initialize inner config
2020-04-29 15:09:32,050 Thread-1 > [Loading] INITIALIZING
2020-04-29 15:09:34,646 Thread-1 > Starting TLauncher 2.69 RELEASE
2020-04-29 15:09:34,646 Thread-1 > For more information, visit https://tlauncher.org/
2020-04-29 15:09:34,648 Thread-1 > Startup time: Apr 29, 2020 3:09:34 PM
2020-04-29 15:09:34,648 Thread-1 > ---
2020-04-29 15:09:34,650 Thread-1 > run double running protectin
2020-04-29 15:09:35,128 Thread-1 > [Loading] LOADING_CONFIGURATION
2020-04-29 15:09:35,129 Thread-1 > Loading configuration from file: /Users/jpineros/Library/Application Support/tlauncher/tlauncher-2.0.properties
2020-04-29 15:09:35,143 Thread-1 > [Configuration] Constant values: {}
2020-04-29 15:09:35,162 Thread-1 > Machine info: -------------------------------------------------------
2020-04-29 15:09:35,162 Thread-1 > Mac OS X 10.15.4, Java 1.8.0_231, jvm bit x64, 16384 MB RAM
2020-04-29 15:09:35,162 Thread-1 > java path=/Library/Internet Plug-Ins/JavaAppletPlugin.plugin/Contents/Home/bin/java
2020-04-29 15:09:35,162 Thread-1 > Intel UHD Graphics 630
2020-04-29 15:09:35,162 Thread-1 > -------------------------------------------------------
2020-04-29 15:09:35,162 Thread-1 > Selected locale: en_US
2020-04-29 15:09:35,345 Thread-1 > [Loading] LOADING_CONSOLE
2020-04-29 15:09:35,596 Thread-1 > 
2020-04-29 15:09:35,620 Thread-1 > [Downloader2] Loaded configuration: good
2020-04-29 15:09:35,752 Thread-1 > [Updater] Requesting an update...
2020-04-29 15:09:35,753 Thread-1 > [Updater] Requesting from: http://repo.tlauncher.org/update/lch/update_2.0.json
2020-04-29 15:09:35,754 Thread-1 > [Updater] Making request: http://repo.tlauncher.org/update/lch/update_2.0.json?version=2.69&client=1989ed1d-7f80-4273-b5a5-0b1ae81b1ee6
2020-04-29 15:09:35,923 Thread-1 > [Browser] Loading resources...
2020-04-29 15:09:35,982 Thread-1 > [Browser] Loading background...
2020-04-29 15:09:36,014 Thread-1 > [Browser] Cleaning up after loading:
2020-04-29 15:09:36,046 Thread-1 > Starting garbage collector: 85 / 198 MB
2020-04-29 15:09:36,095 Thread-1 > Garbage collector completed: 17 / 236 MB
2020-04-29 15:09:36,097 Thread-1 > [Loading] LOADING_MANAGERS
2020-04-29 15:09:36,101 Thread-1 > [LocalVersionList] Base directory: /Users/jpineros/Library/Application Support/minecraft
2020-04-29 15:09:36,111 Thread-1 > [ProfileManager] Refreshing profiles from: /Users/jpineros/Library/Application Support/minecraft/TlauncherProfiles.json
2020-04-29 15:09:36,127 Thread-1 > [AdvertisingStatusObserver]  started to get ad information
2020-04-29 15:09:36,127 Thread-1 > [AdvertisingStatusObserver]  finished to get add information
2020-04-29 15:09:36,127 Thread-1 > [GsonUtil]  request to http://repo.tlauncher.org/update/downloads/libraries/org/tlauncher/authlib/libraries-1.6.json
2020-04-29 15:09:36,132 Thread-1 > [Loading] LOADING_WINDOW
2020-04-29 15:09:36,366 Thread-1 > [Updater] Request time: 613 ms
2020-04-29 15:09:36,366 Thread-1 > [Updater] Successfully requested from: http://repo.tlauncher.org/update/lch/update_2.0.json
2020-04-29 15:09:36,386 Thread-1 > [JFXStartPageLoader]  start load page: http://page.tlauncher.org/update/downloads/configs/client/eng.html
2020-04-29 15:09:36,390 Thread-1 > [Browser] Running in JavaFX Thread
2020-04-29 15:09:36,390 Thread-1 > [Browser] Preparing JavaFX...
2020-04-29 15:09:36,465 Thread-1 > [Browser] Initializing...
2020-04-29 15:09:36,601 Thread-1 > [Loading] PREPARING_MAINPANE
2020-04-29 15:09:36,630 Thread-1 > [REPO][SERVER_LIST_REPO] Success: Reached the repo in 497 ms.
2020-04-29 15:09:36,778 Thread-1 > [Downloader2] Loaded configuration: good
2020-04-29 15:09:37,607 Thread-1 > [JFXStartPageLoader]  succeeded load page: http://page.tlauncher.org/update/downloads/configs/client/eng.html during 1
2020-04-29 15:09:37,607 Thread-1 > [Browser@773493805] Loaded successfully: "http://page.tlauncher.org/update/downloads/configs/client/eng.html"
2020-04-29 15:09:37,687 Thread-1 > [Browser] add listens into server_choose
2020-04-29 15:09:37,687 Thread-1 > [Browser] finished listens into server_choose
2020-04-29 15:09:37,860 Thread-1 > [Loading] POSTINIT_GUI
2020-04-29 15:09:37,860 Thread-1 > [Frame] Packing main frame...
2020-04-29 15:09:37,953 Thread-1 > [Frame] Resizing main pane...
2020-04-29 15:09:37,954 Thread-1 > Updater is already closed. Showing up...
2020-04-29 15:09:37,954 Thread-1 > Visibility set.
2020-04-29 15:09:37,959 Thread-1 > [Loading] REFRESHING_INFO
2020-04-29 15:09:37,960 Thread-1 > [VersionManager] Refreshing versions remotely...
2020-04-29 15:09:37,960 Thread-1 > [REPO][EXTRA_VERSION_REPO] Attempt #1; timeout: 45000 ms; url: http://repo.tlauncher.org/update/downloads/versions/new3/
2020-04-29 15:09:37,963 Thread-1 > Started! (2836 ms.)
2020-04-29 15:09:37,964 Thread-1 > [Loading] SUCCESS
2020-04-29 15:09:37,964 Thread-1 [Bootstrapper] I can be terminated now: 0
2020-05-02 19:42:56,661 main 
2020-05-02 19:42:56,661 main -------------------------------------------------------------------
2020-05-02 19:42:57,079 main run double running protectin
2020-05-02 19:42:57,092 main [Downloader2] Loaded configuration: normal
2020-05-02 19:42:58,399 main [Bootstrapper] createLauncher
2020-05-02 19:42:58,399 main path /Library/Internet Plug-Ins/JavaAppletPlugin.plugin/Contents/Home
2020-05-02 19:42:58,400 main [Bootstrapper] choose jvm:/Library/Internet Plug-Ins/JavaAppletPlugin.plugin/Contents/Home/bin/java
2020-05-02 19:42:58,400 main [Bootstrapper] validate files
2020-05-02 19:42:58,400 main [Bootstrapper] end validated files
2020-05-02 19:42:58,400 main [Bootstrapper] Starting launcher...
2020-05-02 19:42:58,703 Thread-1 > [TLAUNCHER][STATIC] initialize inner config
2020-05-02 19:42:58,764 Thread-1 > [Loading] INITIALIZING
2020-05-02 19:43:01,196 Thread-1 > Starting TLauncher 2.69 RELEASE
2020-05-02 19:43:01,196 Thread-1 > For more information, visit https://tlauncher.org/
2020-05-02 19:43:01,198 Thread-1 > Startup time: May 2, 2020 7:43:01 PM
2020-05-02 19:43:01,198 Thread-1 > ---
2020-05-02 19:43:01,200 Thread-1 > run double running protectin
2020-05-02 19:43:01,614 Thread-1 > [Loading] LOADING_CONFIGURATION
2020-05-02 19:43:01,614 Thread-1 > Loading configuration from file: /Users/jpineros/Library/Application Support/tlauncher/tlauncher-2.0.properties
2020-05-02 19:43:01,631 Thread-1 > [Configuration] Constant values: {}
2020-05-02 19:43:01,651 Thread-1 > Machine info: -------------------------------------------------------
2020-05-02 19:43:01,651 Thread-1 > Mac OS X 10.15.4, Java 1.8.0_231, jvm bit x64, 16384 MB RAM
2020-05-02 19:43:01,652 Thread-1 > java path=/Library/Internet Plug-Ins/JavaAppletPlugin.plugin/Contents/Home/bin/java
2020-05-02 19:43:01,652 Thread-1 > Radeon Pro 560X
2020-05-02 19:43:01,652 Thread-1 > -------------------------------------------------------
2020-05-02 19:43:01,652 Thread-1 > Selected locale: en_US
2020-05-02 19:43:01,903 Thread-1 > [Loading] LOADING_CONSOLE
2020-05-02 19:43:02,162 Thread-1 > 
2020-05-02 19:43:02,189 Thread-1 > [Downloader2] Loaded configuration: good
2020-05-02 19:43:02,321 Thread-1 > [Updater] Requesting an update...
2020-05-02 19:43:02,323 Thread-1 > [Updater] Requesting from: http://repo.tlauncher.org/update/lch/update_2.0.json
2020-05-02 19:43:02,324 Thread-1 > [Updater] Making request: http://repo.tlauncher.org/update/lch/update_2.0.json?version=2.69&client=1989ed1d-7f80-4273-b5a5-0b1ae81b1ee6
2020-05-02 19:43:02,448 Thread-1 > [Browser] Loading resources...
2020-05-02 19:43:02,587 Thread-1 > [Browser] Loading background...
2020-05-02 19:43:02,628 Thread-1 > [Browser] Cleaning up after loading:
2020-05-02 19:43:02,629 Thread-1 > Starting garbage collector: 85 / 198 MB
2020-05-02 19:43:02,700 Thread-1 > Garbage collector completed: 17 / 236 MB
2020-05-02 19:43:02,703 Thread-1 > [Loading] LOADING_MANAGERS
2020-05-02 19:43:02,711 Thread-1 > [LocalVersionList] Base directory: /Users/jpineros/Library/Application Support/minecraft
2020-05-02 19:43:02,726 Thread-1 > [ProfileManager] Refreshing profiles from: /Users/jpineros/Library/Application Support/minecraft/TlauncherProfiles.json
2020-05-02 19:43:02,739 Thread-1 > [AdvertisingStatusObserver]  started to get ad information
2020-05-02 19:43:02,739 Thread-1 > [GsonUtil]  request to http://repo.tlauncher.org/update/downloads/libraries/org/tlauncher/authlib/libraries-1.6.json
2020-05-02 19:43:02,739 Thread-1 > [AdvertisingStatusObserver]  finished to get add information
2020-05-02 19:43:02,748 Thread-1 > [Loading] LOADING_WINDOW
2020-05-02 19:43:02,879 Thread-1 > [Updater] Request time: 555 ms
2020-05-02 19:43:02,879 Thread-1 > [Updater] Successfully requested from: http://repo.tlauncher.org/update/lch/update_2.0.json
2020-05-02 19:43:03,033 Thread-1 > [JFXStartPageLoader]  start load page: http://page.tlauncher.org/update/downloads/configs/client/eng.html
2020-05-02 19:43:03,041 Thread-1 > [Browser] Running in JavaFX Thread
2020-05-02 19:43:03,041 Thread-1 > [Browser] Preparing JavaFX...
2020-05-02 19:43:03,059 Thread-1 > [REPO][SERVER_LIST_REPO] Success: Reached the repo in 312 ms.
2020-05-02 19:43:03,121 Thread-1 > [Browser] Initializing...
2020-05-02 19:43:03,236 Thread-1 > [Loading] PREPARING_MAINPANE
2020-05-02 19:43:03,412 Thread-1 > [Downloader2] Loaded configuration: good
2020-05-02 19:43:03,771 Thread-1 > [JFXStartPageLoader]  succeeded load page: http://page.tlauncher.org/update/downloads/configs/client/eng.html during 0
2020-05-02 19:43:03,772 Thread-1 > [Browser@1725811831] Loaded successfully: "http://page.tlauncher.org/update/downloads/configs/client/eng.html"
2020-05-02 19:43:03,873 Thread-1 > [Browser] add listens into server_choose
2020-05-02 19:43:03,873 Thread-1 > [Browser] finished listens into server_choose
2020-05-02 19:43:04,333 Thread-1 > [Loading] POSTINIT_GUI
2020-05-02 19:43:04,334 Thread-1 > [Frame] Packing main frame...
2020-05-02 19:43:04,437 Thread-1 > [Frame] Resizing main pane...
2020-05-02 19:43:04,438 Thread-1 > Updater is already closed. Showing up...
2020-05-02 19:43:04,438 Thread-1 > Visibility set.
2020-05-02 19:43:04,444 Thread-1 > [Loading] REFRESHING_INFO
2020-05-02 19:43:04,445 Thread-1 > [VersionManager] Refreshing versions remotely...
2020-05-02 19:43:04,446 Thread-1 > [REPO][EXTRA_VERSION_REPO] Attempt #1; timeout: 45000 ms; url: http://repo.tlauncher.org/update/downloads/versions/new3/
2020-05-02 19:43:04,448 Thread-1 > Started! (2834 ms.)
2020-05-02 19:43:04,450 Thread-1 > [Loading] SUCCESS
2020-05-02 19:43:04,450 Thread-1 [Bootstrapper] I can be terminated now: 0
