2020-04-28 12:19:36,506 main 
2020-04-28 12:19:36,507 main -------------------------------------------------------------------
2020-04-28 12:19:37,114 main [SimpleConfiguration] Cannot store values!
java.io.FileNotFoundException: /Users/jpineros/Library/Application Support/tlauncher/tlauncher-2.0.properties (No such file or directory)
at java.io.FileOutputStream.open0(Native Method)
at java.io.FileOutputStream.open(FileOutputStream.java:270)
at java.io.FileOutputStream.<init>(FileOutputStream.java:213)
at java.io.FileOutputStream.<init>(FileOutputStream.java:162)
at org.tlauncher.tlauncher.configuration.SimpleConfiguration.save(SimpleConfiguration.java:231)
at org.tlauncher.tlauncher.configuration.SimpleConfiguration.store(SimpleConfiguration.java:236)
at org.tlauncher.tlauncher.configuration.SimpleConfiguration.set(SimpleConfiguration.java:80)
at org.tlauncher.tlauncher.rmo.Bootstrapper.valitdateKB4515384(Bootstrapper.java:150)
at org.tlauncher.tlauncher.rmo.Bootstrapper.main(Bootstrapper.java:105)

2020-04-28 12:19:37,129 main run double running protectin
2020-04-28 12:19:37,140 main [Downloader2] Loaded configuration: normal
2020-04-28 12:19:40,556 MD#1 [Downloader2] Files in queue 14
2020-04-28 12:19:40,556 MD#1 [Downloader2] Starting download 14 files...
2020-04-28 12:19:41,768 DT#1#2 [D#1] >  http://repo.tlauncher.org/update/downloads/libraries/com/google/inject/guice/4.1.0/guice-4.1.0.jar 
2020-04-28 12:19:41,768 DT#2#3 [D#2] >  https://securerepository.net/update/downloads/libraries/javax/inject/javax.inject/1/javax.inject-1.jar 
2020-04-28 12:19:43,009 DT#2#3 [D#2] >  http://central.maven.org/maven2/aopalliance/aopalliance/1.0/aopalliance-1.0.jar 
2020-04-28 12:19:43,219 DT#2#3 [D#2] >  Failed to download from:  http://central.maven.org/maven2/aopalliance/aopalliance/1.0/aopalliance-1.0.jar
java.net.UnknownHostException: central.maven.org
at java.net.AbstractPlainSocketImpl.connect(AbstractPlainSocketImpl.java:184)
at java.net.SocksSocketImpl.connect(SocksSocketImpl.java:392)
at java.net.Socket.connect(Socket.java:606)
at sun.net.NetworkClient.doConnect(NetworkClient.java:175)
at sun.net.www.http.HttpClient.openServer(HttpClient.java:463)
at sun.net.www.http.HttpClient.openServer(HttpClient.java:558)
at sun.net.www.http.HttpClient.<init>(HttpClient.java:242)
at sun.net.www.http.HttpClient.New(HttpClient.java:339)
at sun.net.www.http.HttpClient.New(HttpClient.java:357)
at sun.net.www.protocol.http.HttpURLConnection.getNewHttpClient(HttpURLConnection.java:1226)
at sun.net.www.protocol.http.HttpURLConnection.plainConnect0(HttpURLConnection.java:1205)
at sun.net.www.protocol.http.HttpURLConnection.plainConnect(HttpURLConnection.java:1056)
at sun.net.www.protocol.http.HttpURLConnection.connect(HttpURLConnection.java:990)
at org.tlauncher.tlauncher.downloader.DownloaderThread.downloadURL(DownloaderThread.java:181)
at org.tlauncher.tlauncher.downloader.DownloaderThread.download(DownloaderThread.java:153)
at org.tlauncher.tlauncher.downloader.DownloaderThread.run(DownloaderThread.java:92)
Thread called by: org.tlauncher.util.async.ExtendedThread$ExtendedThreadCaller
at org.tlauncher.util.async.ExtendedThread.<init>(ExtendedThread.java:17)
at org.tlauncher.tlauncher.downloader.DownloaderThread.<init>(DownloaderThread.java:41)
at org.tlauncher.tlauncher.downloader.Downloader.sortOut(Downloader.java:243)
at org.tlauncher.tlauncher.downloader.Downloader.run(Downloader.java:194)

2020-04-28 12:19:43,219 DT#2#3 [D#2] >  https://securerepository.net/update/downloads/libraries/aopalliance/aopalliance/1.0/aopalliance-1.0.jar 
2020-04-28 12:19:43,409 DT#2#3 [D#2] >  http://central.maven.org/maven2/net/sf/jopt-simple/jopt-simple/4.9/jopt-simple-4.9.jar 
2020-04-28 12:19:43,409 DT#2#3 [D#2] >  Failed to download from:  http://central.maven.org/maven2/net/sf/jopt-simple/jopt-simple/4.9/jopt-simple-4.9.jar
java.net.UnknownHostException: central.maven.org
at java.net.AbstractPlainSocketImpl.connect(AbstractPlainSocketImpl.java:184)
at java.net.SocksSocketImpl.connect(SocksSocketImpl.java:392)
at java.net.Socket.connect(Socket.java:606)
at sun.net.NetworkClient.doConnect(NetworkClient.java:175)
at sun.net.www.http.HttpClient.openServer(HttpClient.java:463)
at sun.net.www.http.HttpClient.openServer(HttpClient.java:558)
at sun.net.www.http.HttpClient.<init>(HttpClient.java:242)
at sun.net.www.http.HttpClient.New(HttpClient.java:339)
at sun.net.www.http.HttpClient.New(HttpClient.java:357)
at sun.net.www.protocol.http.HttpURLConnection.getNewHttpClient(HttpURLConnection.java:1226)
at sun.net.www.protocol.http.HttpURLConnection.plainConnect0(HttpURLConnection.java:1205)
at sun.net.www.protocol.http.HttpURLConnection.plainConnect(HttpURLConnection.java:1056)
at sun.net.www.protocol.http.HttpURLConnection.connect(HttpURLConnection.java:990)
at org.tlauncher.tlauncher.downloader.DownloaderThread.downloadURL(DownloaderThread.java:181)
at org.tlauncher.tlauncher.downloader.DownloaderThread.download(DownloaderThread.java:153)
at org.tlauncher.tlauncher.downloader.DownloaderThread.run(DownloaderThread.java:92)
Thread called by: org.tlauncher.util.async.ExtendedThread$ExtendedThreadCaller
at org.tlauncher.util.async.ExtendedThread.<init>(ExtendedThread.java:17)
at org.tlauncher.tlauncher.downloader.DownloaderThread.<init>(DownloaderThread.java:41)
at org.tlauncher.tlauncher.downloader.Downloader.sortOut(Downloader.java:243)
at org.tlauncher.tlauncher.downloader.Downloader.run(Downloader.java:194)

2020-04-28 12:19:43,409 DT#2#3 [D#2] >  http://repo.tlauncher.org/update/downloads/libraries/net/sf/jopt-simple/jopt-simple/4.9/jopt-simple-4.9.jar 
2020-04-28 12:19:44,033 DT#2#3 [D#2] >  http://repo.tlauncher.org/update/downloads/libraries/log4j/log4j/1.2.17/log4j-1.2.17.jar 
2020-04-28 12:19:44,343 DT#1#2 [D#1] >  http://repo.tlauncher.org/update/downloads/libraries/com/google/inject/extentions/guice-assistedinject/4.1.0/guice-assistedinject-4.1.0.jar 
2020-04-28 12:19:44,359 DT#2#3 [D#2] >  http://repo.tlauncher.org/update/downloads/libraries/org/tlauncher/tlauncher-resource/1.4/tlauncher-resource-1.4.jar 
2020-04-28 12:19:44,415 DT#1#2 [D#1] >  https://securerepository.net/update/downloads/libraries/com/google/guava/guava/19.0/guava-19.0.jar 
2020-04-28 12:19:45,399 DT#2#3 [D#2] >  https://securerepository.net/update/downloads/libraries/com/github/junrar/junrar/0.7/junrar-0.7.jar 
2020-04-28 12:19:46,644 DT#1#2 [D#1] >  https://securerepository.net/update/downloads/libraries/org/apache/commons/commons-lang3/3.4/commons-lang3-3.4.jar 
2020-04-28 12:19:46,989 DT#1#2 [D#1] >  http://central.maven.org/maven2/org/tukaani/xz/1.5/xz-1.5.jar 
2020-04-28 12:19:46,990 DT#1#2 [D#1] >  Failed to download from:  http://central.maven.org/maven2/org/tukaani/xz/1.5/xz-1.5.jar
java.net.UnknownHostException: central.maven.org
at java.net.AbstractPlainSocketImpl.connect(AbstractPlainSocketImpl.java:184)
at java.net.SocksSocketImpl.connect(SocksSocketImpl.java:392)
at java.net.Socket.connect(Socket.java:606)
at sun.net.NetworkClient.doConnect(NetworkClient.java:175)
at sun.net.www.http.HttpClient.openServer(HttpClient.java:463)
at sun.net.www.http.HttpClient.openServer(HttpClient.java:558)
at sun.net.www.http.HttpClient.<init>(HttpClient.java:242)
at sun.net.www.http.HttpClient.New(HttpClient.java:339)
at sun.net.www.http.HttpClient.New(HttpClient.java:357)
at sun.net.www.protocol.http.HttpURLConnection.getNewHttpClient(HttpURLConnection.java:1226)
at sun.net.www.protocol.http.HttpURLConnection.plainConnect0(HttpURLConnection.java:1205)
at sun.net.www.protocol.http.HttpURLConnection.plainConnect(HttpURLConnection.java:1056)
at sun.net.www.protocol.http.HttpURLConnection.connect(HttpURLConnection.java:990)
at org.tlauncher.tlauncher.downloader.DownloaderThread.downloadURL(DownloaderThread.java:181)
at org.tlauncher.tlauncher.downloader.DownloaderThread.download(DownloaderThread.java:153)
at org.tlauncher.tlauncher.downloader.DownloaderThread.run(DownloaderThread.java:92)
Thread called by: org.tlauncher.util.async.ExtendedThread$ExtendedThreadCaller
at org.tlauncher.util.async.ExtendedThread.<init>(ExtendedThread.java:17)
at org.tlauncher.tlauncher.downloader.DownloaderThread.<init>(DownloaderThread.java:41)
at org.tlauncher.tlauncher.downloader.Downloader.sortOut(Downloader.java:243)
at org.tlauncher.tlauncher.downloader.Downloader.run(Downloader.java:194)

2020-04-28 12:19:46,990 DT#1#2 [D#1] >  http://repo.tlauncher.org/update/downloads/libraries/org/tukaani/xz/1.5/xz-1.5.jar 
2020-04-28 12:19:47,080 DT#1#2 [D#1] >  https://securerepository.net/update/downloads/libraries/org/tlauncher/picture-bundle/2.8/picture-bundle-2.8.jar 
2020-04-28 12:19:47,208 DT#2#3 [D#2] >  https://securerepository.net/update/downloads/libraries/dnsjava/dnsjava/2.1.8/dnsjava-2.1.8.jar 
2020-04-28 12:19:47,955 DT#1#2 [D#1] >  https://securerepository.net/update/downloads/libraries/org/tlauncher/skin-server-API/1.0/skin-server-API-1.0.jar 
2020-04-28 12:19:48,156 main [Bootstrapper] createLauncher
2020-04-28 12:19:48,156 main path /Library/Internet Plug-Ins/JavaAppletPlugin.plugin/Contents/Home
2020-04-28 12:19:48,157 main [Bootstrapper] choose jvm:/Library/Internet Plug-Ins/JavaAppletPlugin.plugin/Contents/Home/bin/java
2020-04-28 12:19:48,157 main [Bootstrapper] validate files
2020-04-28 12:19:48,158 main [Bootstrapper] end validated files
2020-04-28 12:19:48,158 main [Bootstrapper] Starting launcher...
2020-04-28 12:19:48,381 Thread-1 > [TLAUNCHER][STATIC] initialize inner config
2020-04-28 12:19:48,423 Thread-1 > [Loading] INITIALIZING
2020-04-28 12:19:50,132 Thread-1 > Starting TLauncher 2.69 RELEASE
2020-04-28 12:19:50,132 Thread-1 > For more information, visit https://tlauncher.org/
2020-04-28 12:19:50,133 Thread-1 > Startup time: Apr 28, 2020 12:19:50 PM
2020-04-28 12:19:50,133 Thread-1 > ---
2020-04-28 12:19:50,135 Thread-1 > run double running protectin
2020-04-28 12:19:50,569 Thread-1 > [Loading] LOADING_CONFIGURATION
2020-04-28 12:19:50,570 Thread-1 > Creating configuration file...
2020-04-28 12:19:50,570 Thread-1 > Loading configuration from file: /Users/jpineros/Library/Application Support/tlauncher/tlauncher-2.0.properties
2020-04-28 12:19:50,586 Thread-1 > [Configuration] Constant values: {}
2020-04-28 12:19:50,587 Thread-1 > [Configuration] Key "minecraft.versions.release" is invalid!
2020-04-28 12:19:50,587 Thread-1 > [Configuration] Key "minecraft.versions.sub.old_release" is invalid!
2020-04-28 12:19:50,587 Thread-1 > [Configuration] Key "minecraft.onlaunch" is invalid!
2020-04-28 12:19:50,587 Thread-1 > [Configuration] Key "gui.notice.ad_server" is invalid!
2020-04-28 12:19:50,587 Thread-1 > [Configuration] Key "gui.notice.ad_other" is invalid!
2020-04-28 12:19:50,587 Thread-1 > [Configuration] Key "gui.settings.servers.recommendation" is invalid!
2020-04-28 12:19:50,587 Thread-1 > [Configuration] Key "minecraft.gamedir" is invalid!
2020-04-28 12:19:50,587 Thread-1 > [Configuration] Key "gui.statistics.checkbox" is invalid!
2020-04-28 12:19:50,587 Thread-1 > [Configuration] Key "minecraft.versions.sub.remote" is invalid!
2020-04-28 12:19:50,587 Thread-1 > [Configuration] Key "gui.console.width" is invalid!
2020-04-28 12:19:50,587 Thread-1 > [Configuration] Key "gui.console.height" is invalid!
2020-04-28 12:19:50,587 Thread-1 > [Configuration] Key "minecraft.versions.modified" is invalid!
2020-04-28 12:19:50,587 Thread-1 > [Configuration] Key "gui.console.x" is invalid!
2020-04-28 12:19:50,587 Thread-1 > [Configuration] Key "gui.settings.guard.checkbox" is invalid!
2020-04-28 12:19:50,587 Thread-1 > [Configuration] Key "minecraft.memory.ram2" is invalid!
2020-04-28 12:19:50,587 Thread-1 > [Configuration] Key "gui.console.y" is invalid!
2020-04-28 12:19:50,588 Thread-1 > [Configuration] Key "gui.console" is invalid!
2020-04-28 12:19:50,588 Thread-1 > [Configuration] Key "minecraft.size" is invalid!
2020-04-28 12:19:50,588 Thread-1 > [Configuration] Key "client" is invalid!
2020-04-28 12:19:50,588 Thread-1 > [Configuration] Key "connection" is invalid!
2020-04-28 12:19:50,588 Thread-1 > [Configuration] Key "minecraft.fullscreen" is invalid!
2020-04-28 12:19:50,588 Thread-1 > [Configuration] Key "gui.notice.ad_youtube" is invalid!
2020-04-28 12:19:50,601 Thread-1 > [Configuration] Selected locale is not supported, rolling back to default one
2020-04-28 12:19:50,605 Thread-1 > Machine info: -------------------------------------------------------
2020-04-28 12:19:50,605 Thread-1 > Mac OS X 10.15.4, Java 1.8.0_231, jvm bit x64, 16384 MB RAM
2020-04-28 12:19:50,605 Thread-1 > java path=/Library/Internet Plug-Ins/JavaAppletPlugin.plugin/Contents/Home/bin/java
2020-04-28 12:19:50,605 Thread-1 > -------------------------------------------------------
2020-04-28 12:19:50,605 Thread-1 > Selected locale: en_US
2020-04-28 12:19:50,812 Thread-1 > [Loading] LOADING_CONSOLE
2020-04-28 12:19:51,068 Thread-1 > 
2020-04-28 12:19:51,093 Thread-1 > [Downloader2] Loaded configuration: good
2020-04-28 12:19:51,225 Thread-1 > [Updater] Requesting an update...
2020-04-28 12:19:51,226 Thread-1 > [Updater] Requesting from: http://repo.tlauncher.org/update/lch/update_2.0.json
2020-04-28 12:19:51,227 Thread-1 > [Updater] Making request: http://repo.tlauncher.org/update/lch/update_2.0.json?version=2.69&client=1989ed1d-7f80-4273-b5a5-0b1ae81b1ee6
2020-04-28 12:19:51,390 Thread-1 > [Browser] Loading resources...
2020-04-28 12:19:51,490 Thread-1 > [Browser] Loading background...
2020-04-28 12:19:51,552 Thread-1 > [Browser] Cleaning up after loading:
2020-04-28 12:19:51,552 Thread-1 > Starting garbage collector: 84 / 198 MB
2020-04-28 12:19:51,612 Thread-1 > Garbage collector completed: 17 / 230 MB
2020-04-28 12:19:51,613 Thread-1 > [Loading] LOADING_MANAGERS
2020-04-28 12:19:51,618 Thread-1 > [LocalVersionList] Base directory: /Users/jpineros/Library/Application Support/minecraft
2020-04-28 12:19:51,626 Thread-1 > [ProfileManager] Refreshing profiles from: /Users/jpineros/Library/Application Support/minecraft/TlauncherProfiles.json
2020-04-28 12:19:51,638 Thread-1 > [AdvertisingStatusObserver]  started to get ad information
2020-04-28 12:19:51,638 Thread-1 > [GsonUtil]  request to http://repo.tlauncher.org/update/downloads/libraries/org/tlauncher/authlib/libraries-1.6.json
2020-04-28 12:19:51,638 Thread-1 > [AdvertisingStatusObserver]  finished to get add information
2020-04-28 12:19:51,644 Thread-1 > [Loading] LOADING_WINDOW
2020-04-28 12:19:51,714 Thread-1 > [Updater] Request time: 488 ms
2020-04-28 12:19:51,714 Thread-1 > [Updater] Successfully requested from: http://repo.tlauncher.org/update/lch/update_2.0.json
2020-04-28 12:19:51,893 Thread-1 > [JFXStartPageLoader]  start load page: http://page.tlauncher.org/update/downloads/configs/client/eng.html
2020-04-28 12:19:51,898 Thread-1 > [REPO][SERVER_LIST_REPO] Success: Reached the repo in 255 ms.
2020-04-28 12:19:51,898 Thread-1 > [Browser] Running in JavaFX Thread
2020-04-28 12:19:51,898 Thread-1 > [Browser] Preparing JavaFX...
2020-04-28 12:19:51,975 Thread-1 > [Browser] Initializing...
2020-04-28 12:19:52,120 Thread-1 > [Loading] PREPARING_MAINPANE
2020-04-28 12:19:52,326 Thread-1 > [Downloader2] Loaded configuration: good
2020-04-28 12:19:52,951 Thread-1 > [JFXStartPageLoader]  succeeded load page: http://page.tlauncher.org/update/downloads/configs/client/eng.html during 1
2020-04-28 12:19:52,952 Thread-1 > [Browser@833460784] Loaded successfully: "http://page.tlauncher.org/update/downloads/configs/client/eng.html"
2020-04-28 12:19:53,051 Thread-1 > [Browser] add listens into server_choose
2020-04-28 12:19:53,051 Thread-1 > [Browser] finished listens into server_choose
2020-04-28 12:19:53,266 Thread-1 > [Loading] POSTINIT_GUI
2020-04-28 12:19:53,267 Thread-1 > [Frame] Packing main frame...
2020-04-28 12:19:53,376 Thread-1 > [Frame] Resizing main pane...
2020-04-28 12:19:53,377 Thread-1 > Updater is already closed. Showing up...
2020-04-28 12:19:53,377 Thread-1 > Visibility set.
2020-04-28 12:19:53,380 Thread-1 > [Loading] REFRESHING_INFO
2020-04-28 12:19:53,382 Thread-1 > [VersionManager] Refreshing versions remotely...
2020-04-28 12:19:53,382 Thread-1 > [REPO][EXTRA_VERSION_REPO] Attempt #1; timeout: 45000 ms; url: http://repo.tlauncher.org/update/downloads/versions/new3/
2020-04-28 12:19:53,384 Thread-1 > Started! (2814 ms.)
2020-04-28 12:19:53,384 Thread-1 > [Loading] SUCCESS
2020-04-28 12:19:53,384 Thread-1 [Bootstrapper] I can be terminated now: 0
2020-05-01 18:42:00,290 main 
2020-05-01 18:42:00,291 main -------------------------------------------------------------------
2020-05-01 18:42:00,804 main run double running protectin
2020-05-01 18:42:00,820 main [Downloader2] Loaded configuration: normal
2020-05-01 18:42:02,099 main [Bootstrapper] createLauncher
2020-05-01 18:42:02,099 main path /Library/Internet Plug-Ins/JavaAppletPlugin.plugin/Contents/Home
2020-05-01 18:42:02,100 main [Bootstrapper] choose jvm:/Library/Internet Plug-Ins/JavaAppletPlugin.plugin/Contents/Home/bin/java
2020-05-01 18:42:02,100 main [Bootstrapper] validate files
2020-05-01 18:42:02,100 main [Bootstrapper] end validated files
2020-05-01 18:42:02,100 main [Bootstrapper] Starting launcher...
2020-05-01 18:42:02,390 Thread-1 > [TLAUNCHER][STATIC] initialize inner config
2020-05-01 18:42:02,442 Thread-1 > [Loading] INITIALIZING
2020-05-01 18:42:05,910 Thread-1 > Starting TLauncher 2.69 RELEASE
2020-05-01 18:42:05,911 Thread-1 > For more information, visit https://tlauncher.org/
2020-05-01 18:42:05,912 Thread-1 > Startup time: May 1, 2020 6:42:05 PM
2020-05-01 18:42:05,912 Thread-1 > ---
2020-05-01 18:42:05,914 Thread-1 > run double running protectin
2020-05-01 18:42:06,327 Thread-1 > [Loading] LOADING_CONFIGURATION
2020-05-01 18:42:06,327 Thread-1 > Loading configuration from file: /Users/jpineros/Library/Application Support/tlauncher/tlauncher-2.0.properties
2020-05-01 18:42:06,339 Thread-1 > [Configuration] Constant values: {}
2020-05-01 18:42:06,356 Thread-1 > Machine info: -------------------------------------------------------
2020-05-01 18:42:06,356 Thread-1 > Mac OS X 10.15.4, Java 1.8.0_231, jvm bit x64, 16384 MB RAM
2020-05-01 18:42:06,356 Thread-1 > java path=/Library/Internet Plug-Ins/JavaAppletPlugin.plugin/Contents/Home/bin/java
2020-05-01 18:42:06,356 Thread-1 > Intel UHD Graphics 630
2020-05-01 18:42:06,356 Thread-1 > -------------------------------------------------------
2020-05-01 18:42:06,357 Thread-1 > Selected locale: en_US
2020-05-01 18:42:06,560 Thread-1 > [Loading] LOADING_CONSOLE
2020-05-01 18:42:06,813 Thread-1 > 
2020-05-01 18:42:06,838 Thread-1 > [Downloader2] Loaded configuration: good
2020-05-01 18:42:06,968 Thread-1 > [Updater] Requesting an update...
2020-05-01 18:42:06,970 Thread-1 > [Updater] Requesting from: http://repo.tlauncher.org/update/lch/update_2.0.json
2020-05-01 18:42:06,970 Thread-1 > [Updater] Making request: http://repo.tlauncher.org/update/lch/update_2.0.json?version=2.69&client=1989ed1d-7f80-4273-b5a5-0b1ae81b1ee6
2020-05-01 18:42:07,128 Thread-1 > [Browser] Loading resources...
2020-05-01 18:42:07,164 Thread-1 > [Updater] Request time: 195 ms
2020-05-01 18:42:07,164 Thread-1 > [Updater] Successfully requested from: http://repo.tlauncher.org/update/lch/update_2.0.json
2020-05-01 18:42:07,238 Thread-1 > [Browser] Loading background...
2020-05-01 18:42:07,269 Thread-1 > [Browser] Cleaning up after loading:
2020-05-01 18:42:07,271 Thread-1 > Starting garbage collector: 86 / 149 MB
2020-05-01 18:42:07,333 Thread-1 > Garbage collector completed: 18 / 190 MB
2020-05-01 18:42:07,335 Thread-1 > [Loading] LOADING_MANAGERS
2020-05-01 18:42:07,341 Thread-1 > [LocalVersionList] Base directory: /Users/jpineros/Library/Application Support/minecraft
2020-05-01 18:42:07,353 Thread-1 > [ProfileManager] Refreshing profiles from: /Users/jpineros/Library/Application Support/minecraft/TlauncherProfiles.json
2020-05-01 18:42:07,357 Thread-1 > [AdvertisingStatusObserver]  started to get ad information
2020-05-01 18:42:07,358 Thread-1 > [GsonUtil]  request to http://repo.tlauncher.org/update/downloads/libraries/org/tlauncher/authlib/libraries-1.6.json
2020-05-01 18:42:07,358 Thread-1 > [AdvertisingStatusObserver]  finished to get add information
2020-05-01 18:42:07,363 Thread-1 > [Loading] LOADING_WINDOW
2020-05-01 18:42:07,600 Thread-1 > [REPO][SERVER_LIST_REPO] Success: Reached the repo in 236 ms.
2020-05-01 18:42:07,637 Thread-1 > [JFXStartPageLoader]  start load page: http://page.tlauncher.org/update/downloads/configs/client/eng.html
2020-05-01 18:42:07,643 Thread-1 > [Browser] Running in JavaFX Thread
2020-05-01 18:42:07,643 Thread-1 > [Browser] Preparing JavaFX...
2020-05-01 18:42:07,722 Thread-1 > [Browser] Initializing...
2020-05-01 18:42:07,844 Thread-1 > [Loading] PREPARING_MAINPANE
2020-05-01 18:42:07,978 Thread-1 > [Downloader2] Loaded configuration: good
2020-05-01 18:42:08,645 Thread-1 > [JFXStartPageLoader]  succeeded load page: http://page.tlauncher.org/update/downloads/configs/client/eng.html during 1
2020-05-01 18:42:08,646 Thread-1 > [Browser@577366179] Loaded successfully: "http://page.tlauncher.org/update/downloads/configs/client/eng.html"
2020-05-01 18:42:08,736 Thread-1 > [Browser] add listens into server_choose
2020-05-01 18:42:08,736 Thread-1 > [Browser] finished listens into server_choose
2020-05-01 18:42:08,904 Thread-1 > [Loading] POSTINIT_GUI
2020-05-01 18:42:08,904 Thread-1 > [Frame] Packing main frame...
2020-05-01 18:42:09,005 Thread-1 > [Frame] Resizing main pane...
2020-05-01 18:42:09,005 Thread-1 > Updater is already closed. Showing up...
2020-05-01 18:42:09,006 Thread-1 > Visibility set.
2020-05-01 18:42:09,010 Thread-1 > [Loading] REFRESHING_INFO
2020-05-01 18:42:09,011 Thread-1 > [VersionManager] Refreshing versions remotely...
2020-05-01 18:42:09,012 Thread-1 > [REPO][EXTRA_VERSION_REPO] Attempt #1; timeout: 45000 ms; url: http://repo.tlauncher.org/update/downloads/versions/new3/
2020-05-01 18:42:09,014 Thread-1 > Started! (2688 ms.)
2020-05-01 18:42:09,015 Thread-1 > [Loading] SUCCESS
2020-05-01 18:42:09,015 Thread-1 [Bootstrapper] I can be terminated now: 0
