2020-04-29 19:27:12,285 main 
2020-04-29 19:27:12,286 main -------------------------------------------------------------------
2020-04-29 19:27:12,697 main run double running protectin
2020-04-29 19:27:12,712 main [Downloader2] Loaded configuration: normal
2020-04-29 19:27:13,601 main [Bootstrapper] createLauncher
2020-04-29 19:27:13,601 main path /Library/Internet Plug-Ins/JavaAppletPlugin.plugin/Contents/Home
2020-04-29 19:27:13,601 main [Bootstrapper] choose jvm:/Library/Internet Plug-Ins/JavaAppletPlugin.plugin/Contents/Home/bin/java
2020-04-29 19:27:13,602 main [Bootstrapper] validate files
2020-04-29 19:27:13,602 main [Bootstrapper] end validated files
2020-04-29 19:27:13,602 main [Bootstrapper] Starting launcher...
2020-04-29 19:27:13,851 Thread-1 > [TLAUNCHER][STATIC] initialize inner config
2020-04-29 19:27:13,900 Thread-1 > [Loading] INITIALIZING
2020-04-29 19:27:16,156 Thread-1 > Starting TLauncher 2.69 RELEASE
2020-04-29 19:27:16,156 Thread-1 > For more information, visit https://tlauncher.org/
2020-04-29 19:27:16,156 Thread-1 > Startup time: Apr 29, 2020 7:27:16 PM
2020-04-29 19:27:16,157 Thread-1 > ---
2020-04-29 19:27:16,158 Thread-1 > run double running protectin
2020-04-29 19:27:18,937 Thread-1 > [Loading] LOADING_CONFIGURATION
2020-04-29 19:27:18,938 Thread-1 > Loading configuration from file: /Users/jpineros/Library/Application Support/tlauncher/tlauncher-2.0.properties
2020-04-29 19:27:18,954 Thread-1 > [Configuration] Constant values: {}
2020-04-29 19:27:18,973 Thread-1 > Machine info: -------------------------------------------------------
2020-04-29 19:27:18,973 Thread-1 > Mac OS X 10.15.4, Java 1.8.0_231, jvm bit x64, 16384 MB RAM
2020-04-29 19:27:18,973 Thread-1 > java path=/Library/Internet Plug-Ins/JavaAppletPlugin.plugin/Contents/Home/bin/java
2020-04-29 19:27:18,973 Thread-1 > Intel UHD Graphics 630
2020-04-29 19:27:18,973 Thread-1 > -------------------------------------------------------
2020-04-29 19:27:18,973 Thread-1 > Selected locale: en_US
2020-04-29 19:27:19,170 Thread-1 > [Loading] LOADING_CONSOLE
2020-04-29 19:27:19,435 Thread-1 > 
2020-04-29 19:27:19,461 Thread-1 > [Downloader2] Loaded configuration: good
2020-04-29 19:27:19,601 Thread-1 > [Updater] Requesting an update...
2020-04-29 19:27:19,604 Thread-1 > [Updater] Requesting from: http://repo.tlauncher.org/update/lch/update_2.0.json
2020-04-29 19:27:19,605 Thread-1 > [Updater] Making request: http://repo.tlauncher.org/update/lch/update_2.0.json?version=2.69&client=1989ed1d-7f80-4273-b5a5-0b1ae81b1ee6
2020-04-29 19:27:19,754 Thread-1 > [Browser] Loading resources...
2020-04-29 19:27:19,857 Thread-1 > [Browser] Loading background...
2020-04-29 19:27:19,891 Thread-1 > [Browser] Cleaning up after loading:
2020-04-29 19:27:19,891 Thread-1 > Starting garbage collector: 87 / 196 MB
2020-04-29 19:27:19,951 Thread-1 > Garbage collector completed: 17 / 219 MB
2020-04-29 19:27:19,953 Thread-1 > [Loading] LOADING_MANAGERS
2020-04-29 19:27:19,958 Thread-1 > [LocalVersionList] Base directory: /Users/jpineros/Library/Application Support/minecraft
2020-04-29 19:27:19,966 Thread-1 > [ProfileManager] Refreshing profiles from: /Users/jpineros/Library/Application Support/minecraft/TlauncherProfiles.json
2020-04-29 19:27:19,976 Thread-1 > [AdvertisingStatusObserver]  started to get ad information
2020-04-29 19:27:19,977 Thread-1 > [AdvertisingStatusObserver]  finished to get add information
2020-04-29 19:27:19,977 Thread-1 > [GsonUtil]  request to http://repo.tlauncher.org/update/downloads/libraries/org/tlauncher/authlib/libraries-1.6.json
2020-04-29 19:27:19,981 Thread-1 > [Loading] LOADING_WINDOW
2020-04-29 19:27:20,239 Thread-1 > [JFXStartPageLoader]  start load page: http://page.tlauncher.org/update/downloads/configs/client/eng.html
2020-04-29 19:27:20,246 Thread-1 > [Browser] Running in JavaFX Thread
2020-04-29 19:27:20,246 Thread-1 > [Browser] Preparing JavaFX...
2020-04-29 19:27:20,270 Thread-1 > [REPO][SERVER_LIST_REPO] Success: Reached the repo in 288 ms.
2020-04-29 19:27:20,338 Thread-1 > [Browser] Initializing...
2020-04-29 19:27:20,418 Thread-1 > [Loading] PREPARING_MAINPANE
2020-04-29 19:27:20,556 Thread-1 > [Downloader2] Loaded configuration: good
2020-04-29 19:27:20,594 Thread-1 > [Updater] Request time: 991 ms
2020-04-29 19:27:20,594 Thread-1 > [Updater] Successfully requested from: http://repo.tlauncher.org/update/lch/update_2.0.json
2020-04-29 19:27:21,557 Thread-1 > [Loading] POSTINIT_GUI
2020-04-29 19:27:21,557 Thread-1 > [Frame] Packing main frame...
2020-04-29 19:27:21,680 Thread-1 > [Frame] Resizing main pane...
2020-04-29 19:27:21,680 Thread-1 > Updater is already closed. Showing up...
2020-04-29 19:27:21,680 Thread-1 > Visibility set.
2020-04-29 19:27:21,681 Thread-1 > [Loading] REFRESHING_INFO
2020-04-29 19:27:21,686 Thread-1 > [VersionManager] Refreshing versions remotely...
2020-04-29 19:27:21,688 Thread-1 > [REPO][EXTRA_VERSION_REPO] Attempt #1; timeout: 45000 ms; url: http://repo.tlauncher.org/update/downloads/versions/new3/
2020-04-29 19:27:21,690 Thread-1 > Started! (2753 ms.)
2020-04-29 19:27:21,691 Thread-1 > [Loading] SUCCESS
2020-04-29 19:27:21,691 Thread-1 [Bootstrapper] I can be terminated now: 0
2020-05-05 17:57:34,621 main 
2020-05-05 17:57:34,621 main -------------------------------------------------------------------
2020-05-05 17:57:35,140 main run double running protectin
2020-05-05 17:57:35,152 main [Downloader2] Loaded configuration: normal
2020-05-05 17:57:36,762 main [Bootstrapper] createLauncher
2020-05-05 17:57:36,762 main path /Library/Internet Plug-Ins/JavaAppletPlugin.plugin/Contents/Home
2020-05-05 17:57:36,762 main [Bootstrapper] choose jvm:/Library/Internet Plug-Ins/JavaAppletPlugin.plugin/Contents/Home/bin/java
2020-05-05 17:57:36,762 main [Bootstrapper] validate files
2020-05-05 17:57:36,762 main [Bootstrapper] end validated files
2020-05-05 17:57:36,763 main [Bootstrapper] Starting launcher...
2020-05-05 17:57:37,043 Thread-1 > [TLAUNCHER][STATIC] initialize inner config
2020-05-05 17:57:37,114 Thread-1 > [Loading] INITIALIZING
2020-05-05 17:57:39,409 Thread-1 > Starting TLauncher 2.69 RELEASE
2020-05-05 17:57:39,409 Thread-1 > For more information, visit https://tlauncher.org/
2020-05-05 17:57:39,412 Thread-1 > Startup time: May 5, 2020 5:57:39 PM
2020-05-05 17:57:39,412 Thread-1 > ---
2020-05-05 17:57:39,413 Thread-1 > run double running protectin
2020-05-05 17:57:39,974 Thread-1 > [Loading] LOADING_CONFIGURATION
2020-05-05 17:57:39,974 Thread-1 > Loading configuration from file: /Users/jpineros/Library/Application Support/tlauncher/tlauncher-2.0.properties
2020-05-05 17:57:39,989 Thread-1 > [Configuration] Constant values: {}
2020-05-05 17:57:40,007 Thread-1 > Machine info: -------------------------------------------------------
2020-05-05 17:57:40,007 Thread-1 > Mac OS X 10.15.4, Java 1.8.0_231, jvm bit x64, 16384 MB RAM
2020-05-05 17:57:40,007 Thread-1 > java path=/Library/Internet Plug-Ins/JavaAppletPlugin.plugin/Contents/Home/bin/java
2020-05-05 17:57:40,007 Thread-1 > Radeon Pro 560X
2020-05-05 17:57:40,007 Thread-1 > -------------------------------------------------------
2020-05-05 17:57:40,007 Thread-1 > Selected locale: en_US
2020-05-05 17:57:40,216 Thread-1 > [Loading] LOADING_CONSOLE
2020-05-05 17:57:40,470 Thread-1 > 
2020-05-05 17:57:40,493 Thread-1 > [Downloader2] Loaded configuration: good
2020-05-05 17:57:40,632 Thread-1 > [Updater] Requesting an update...
2020-05-05 17:57:40,634 Thread-1 > [Updater] Requesting from: http://repo.tlauncher.org/update/lch/update_2.0.json
2020-05-05 17:57:40,634 Thread-1 > [Updater] Making request: http://repo.tlauncher.org/update/lch/update_2.0.json?version=2.69&client=1989ed1d-7f80-4273-b5a5-0b1ae81b1ee6
2020-05-05 17:57:40,809 Thread-1 > [Browser] Loading resources...
2020-05-05 17:57:40,910 Thread-1 > [Browser] Loading background...
2020-05-05 17:57:40,945 Thread-1 > [Browser] Cleaning up after loading:
2020-05-05 17:57:40,946 Thread-1 > Starting garbage collector: 86 / 198 MB
2020-05-05 17:57:41,008 Thread-1 > Garbage collector completed: 18 / 231 MB
2020-05-05 17:57:41,009 Thread-1 > [Loading] LOADING_MANAGERS
2020-05-05 17:57:41,014 Thread-1 > [LocalVersionList] Base directory: /Users/jpineros/Library/Application Support/minecraft
2020-05-05 17:57:41,024 Thread-1 > [ProfileManager] Refreshing profiles from: /Users/jpineros/Library/Application Support/minecraft/TlauncherProfiles.json
2020-05-05 17:57:41,037 Thread-1 > [AdvertisingStatusObserver]  started to get ad information
2020-05-05 17:57:41,037 Thread-1 > [GsonUtil]  request to http://repo.tlauncher.org/update/downloads/libraries/org/tlauncher/authlib/libraries-1.6.json
2020-05-05 17:57:41,037 Thread-1 > [AdvertisingStatusObserver]  finished to get add information
2020-05-05 17:57:41,042 Thread-1 > [Loading] LOADING_WINDOW
2020-05-05 17:57:41,291 Thread-1 > [JFXStartPageLoader]  start load page: http://page.tlauncher.org/update/downloads/configs/client/eng.html
2020-05-05 17:57:41,296 Thread-1 > [Browser] Running in JavaFX Thread
2020-05-05 17:57:41,296 Thread-1 > [Browser] Preparing JavaFX...
2020-05-05 17:57:41,308 Thread-1 > [Updater] Request time: 675 ms
2020-05-05 17:57:41,308 Thread-1 > [Updater] Successfully requested from: http://repo.tlauncher.org/update/lch/update_2.0.json
2020-05-05 17:57:41,373 Thread-1 > [Browser] Initializing...
2020-05-05 17:57:41,551 Thread-1 > [Loading] PREPARING_MAINPANE
2020-05-05 17:57:41,606 Thread-1 > [REPO][SERVER_LIST_REPO] Success: Reached the repo in 563 ms.
2020-05-05 17:57:41,739 Thread-1 > [Downloader2] Loaded configuration: good
2020-05-05 17:57:42,485 Thread-1 > [JFXStartPageLoader]  succeeded load page: http://page.tlauncher.org/update/downloads/configs/client/eng.html during 1
2020-05-05 17:57:42,485 Thread-1 > [Browser@1364605056] Loaded successfully: "http://page.tlauncher.org/update/downloads/configs/client/eng.html"
2020-05-05 17:57:42,587 Thread-1 > [Browser] add listens into server_choose
2020-05-05 17:57:42,587 Thread-1 > [Browser] finished listens into server_choose
2020-05-05 17:57:42,750 Thread-1 > [Loading] POSTINIT_GUI
2020-05-05 17:57:42,750 Thread-1 > [Frame] Packing main frame...
2020-05-05 17:57:42,848 Thread-1 > [Frame] Resizing main pane...
2020-05-05 17:57:42,849 Thread-1 > Updater is already closed. Showing up...
2020-05-05 17:57:42,849 Thread-1 > Visibility set.
2020-05-05 17:57:42,853 Thread-1 > [Loading] REFRESHING_INFO
2020-05-05 17:57:42,854 Thread-1 > [VersionManager] Refreshing versions remotely...
2020-05-05 17:57:42,855 Thread-1 > [REPO][EXTRA_VERSION_REPO] Attempt #1; timeout: 45000 ms; url: http://repo.tlauncher.org/update/downloads/versions/new3/
2020-05-05 17:57:42,857 Thread-1 > Started! (2883 ms.)
2020-05-05 17:57:42,858 Thread-1 > [Loading] SUCCESS
2020-05-05 17:57:42,858 Thread-1 [Bootstrapper] I can be terminated now: 0
