2020-05-01 08:43:23,785 main [Loading] INITIALIZING
Starting TLauncher 2.69 RELEASE
For more information, visit https://tlauncher.org/
Startup time: May 1, 2020 8:43:22 AM
---
run double running protectin
[Loading] LOADING_CONFIGURATION
Loading configuration from file: /Users/jpineros/Library/Application Support/tlauncher/tlauncher-2.0.properties
[Configuration] Constant values: {}
Machine info: -------------------------------------------------------
Mac OS X 10.15.4, Java 1.8.0_231, jvm bit x64, 16384 MB RAM
java path=/Library/Internet Plug-Ins/JavaAppletPlugin.plugin/Contents/Home/bin/java
Intel UHD Graphics 630
-------------------------------------------------------
Selected locale: en_US
[Loading] LOADING_CONSOLE


2020-05-01 08:43:23,785 main [Downloader2] Loaded configuration: good
2020-05-01 08:43:23,914 ExtendedThread#4 [Updater] Requesting an update...
2020-05-01 08:43:23,916 ExtendedThread#4 [Updater] Requesting from: http://repo.tlauncher.org/update/lch/update_2.0.json
2020-05-01 08:43:23,917 ExtendedThread#4 [Updater] Making request: http://repo.tlauncher.org/update/lch/update_2.0.json?version=2.69&client=1989ed1d-7f80-4273-b5a5-0b1ae81b1ee6
2020-05-01 08:43:24,078 main [Browser] Loading resources...
2020-05-01 08:43:24,175 main [Browser] Loading background...
2020-05-01 08:43:24,235 main [Browser] Cleaning up after loading:
2020-05-01 08:43:24,235 main Starting garbage collector: 85 / 199 MB
2020-05-01 08:43:24,286 main Garbage collector completed: 16 / 235 MB
2020-05-01 08:43:24,288 main [Loading] LOADING_MANAGERS
2020-05-01 08:43:24,293 main [LocalVersionList] Base directory: /Users/jpineros/Library/Application Support/minecraft
2020-05-01 08:43:24,301 main [ProfileManager] Refreshing profiles from: /Users/jpineros/Library/Application Support/minecraft/TlauncherProfiles.json
2020-05-01 08:43:24,309 main [AdvertisingStatusObserver]  started to get ad information
2020-05-01 08:43:24,309 ExtendedThread#6 [GsonUtil]  request to http://repo.tlauncher.org/update/downloads/libraries/org/tlauncher/authlib/libraries-1.6.json
2020-05-01 08:43:24,310 main [AdvertisingStatusObserver]  finished to get add information
2020-05-01 08:43:24,314 main [Loading] LOADING_WINDOW
2020-05-01 08:43:24,420 ExtendedThread#4 [Updater] Request time: 504 ms
2020-05-01 08:43:24,420 ExtendedThread#4 [Updater] Successfully requested from: http://repo.tlauncher.org/update/lch/update_2.0.json
2020-05-01 08:43:24,532 JavaFX Application Thread [JFXStartPageLoader]  start load page: http://page.tlauncher.org/update/downloads/configs/client/eng.html
2020-05-01 08:43:24,537 JavaFX Application Thread [Browser] Running in JavaFX Thread
2020-05-01 08:43:24,538 JavaFX Application Thread [Browser] Preparing JavaFX...
2020-05-01 08:43:24,565 ExtendedThread#7 [REPO][SERVER_LIST_REPO] Success: Reached the repo in 251 ms.
2020-05-01 08:43:24,605 JavaFX Application Thread [Browser] Initializing...
2020-05-01 08:43:24,696 main [Loading] PREPARING_MAINPANE
2020-05-01 08:43:24,845 main [Downloader2] Loaded configuration: good
2020-05-01 08:43:25,498 JavaFX Application Thread [JFXStartPageLoader]  succeeded load page: http://page.tlauncher.org/update/downloads/configs/client/eng.html during 0
2020-05-01 08:43:25,499 JavaFX Application Thread [Browser@1842903601] Loaded successfully: "http://page.tlauncher.org/update/downloads/configs/client/eng.html"
2020-05-01 08:43:25,593 JavaFX Application Thread [Browser] add listens into server_choose
2020-05-01 08:43:25,593 JavaFX Application Thread [Browser] finished listens into server_choose
2020-05-01 08:43:25,774 main [Loading] POSTINIT_GUI
2020-05-01 08:43:25,774 main [Frame] Packing main frame...
2020-05-01 08:43:25,867 main [Frame] Resizing main pane...
2020-05-01 08:43:25,867 main Updater is already closed. Showing up...
2020-05-01 08:43:25,868 main Visibility set.
2020-05-01 08:43:25,872 main [Loading] REFRESHING_INFO
2020-05-01 08:43:25,873 ExtendedThread#4 [VersionManager] Refreshing versions remotely...
2020-05-01 08:43:25,873 ExtendedThread#6 [REPO][EXTRA_VERSION_REPO] Attempt #1; timeout: 45000 ms; url: http://repo.tlauncher.org/update/downloads/versions/new3/
2020-05-01 08:43:25,875 main Started! (2594 ms.)
2020-05-01 08:43:25,876 main [Loading] SUCCESS
2020-05-01 08:43:25,892 main [TLauncher] show tlauncher!!!
2020-05-01 08:43:25,892 main [Double running] clear time label
2020-05-01 08:43:25,918 AsyncObject#13 [REPO][OFFICIAL_VERSION_REPO] Attempt #1; timeout: 45000 ms; url: https://launchermeta.mojang.com/mc/game/
2020-05-01 08:43:25,919 AsyncObject#15 [REPO][SKIN_VERSION_REPO] Attempt #1; timeout: 45000 ms; url: http://repo.tlauncher.org/update/downloads/versions/new3/skin/versions/
2020-05-01 08:43:25,920 AsyncObject#14 [REPO][EXTRA_VERSION_REPO] Attempt #1; timeout: 45000 ms; url: http://repo.tlauncher.org/update/downloads/versions/new3/
2020-05-01 08:43:25,973 ExtendedThread#6 [REPO][EXTRA_VERSION_REPO] Success: Reached the repo in 100 ms.
2020-05-01 08:43:25,978 AsyncObject#15 [REPO][SKIN_VERSION_REPO] Success: Reached the repo in 58 ms.
2020-05-01 08:43:25,980 AsyncObject#14 [REPO][EXTRA_VERSION_REPO] Success: Reached the repo in 60 ms.
2020-05-01 08:43:25,994 AsyncObject#15 [SkinVersionList] Got in 75 ms
2020-05-01 08:43:26,012 AsyncObject#14 [ExtraVersionList] Got in 94 ms
2020-05-01 08:43:26,370 AsyncObject#13 [REPO][OFFICIAL_VERSION_REPO] Success: Reached the repo in 451 ms.
2020-05-01 08:43:26,437 AsyncObject#13 [OfficialVersionList] Got in 519 ms
2020-05-01 08:43:26,438 ExtendedThread#4 [VersionManager] Versions has been refreshed (556 ms)
2020-05-01 08:43:26,817 ExtendedThread#6 [REPO][ADD_HOT_SERVERS_REPO] Attempt #1; timeout: 45000 ms; url: http://repo.tlauncher.org/update/lch/additional_hot_servers-1.0.json
2020-05-01 08:43:26,820 ExtendedThread#7 [REPO][HOT_SERVERS_REPO] Attempt #1; timeout: 45000 ms; url: http://repo.tlauncher.org/update/lch/servers/hot_servers-1.0.json
2020-05-01 08:43:26,840 Thread-12 run server on  37842
2020-05-01 08:43:26,884 ExtendedThread#6 [REPO][ADD_HOT_SERVERS_REPO] Success: Reached the repo in 64 ms.
2020-05-01 08:43:26,931 ExtendedThread#7 [REPO][HOT_SERVERS_REPO] Success: Reached the repo in 110 ms.
2020-05-01 08:43:29,789 ExtendedThread#7 [OS] Trying to open folder: /Users/jpineros/Library/Application Support/minecraft/
2020-05-01 08:43:43,524 LoopedThread#8 [LoginForm] Login was OK. Trying to launch now.
2020-05-01 08:43:43,778 LoopedThread#8 [Launcher] Running under TLauncher 2.69
2020-05-01 08:43:43,780 LoopedThread#8 [Launcher] Collecting info...
2020-05-01 08:43:43,784 LoopedThread#8 [TLauncherManager] before clearLibrary 
2020-05-01 08:43:43,787 LoopedThread#8 [TLauncherManager] written:  []
2020-05-01 08:43:43,788 LoopedThread#8 [TLauncherManager] after clearLibrary 
2020-05-01 08:43:43,788 LoopedThread#8 [Launcher] Force update: false
2020-05-01 08:43:43,789 LoopedThread#8 [Launcher] Selected version: latest-release
2020-05-01 08:43:43,790 LoopedThread#8 [Launcher] Selected account: Account{displayName=null, userid=null, uuid=null, username=jpineros}
2020-05-01 08:43:43,791 LoopedThread#8 [Launcher] Version sync info: VersionSyncInfo{id='1.15.2',
local=CompleteVersion{id='1.15.2', time=Tue Apr 28 01:31:30 COT 2020, release=Fri Jan 17 05:03:52 COT 2020, type=release, class=net.minecraft.client.main.Main, minimumVersion=21, assets='1.15', source=LOCAL_VERSION_REPO, list=net.minecraft.launcher.updater.OfficialVersionList@2e9dd046, libraries=[Library{name='com.mojang:patchy:1.1', rules=null, natives=null, extract=null, packed='null'}, Library{name='oshi-project:oshi-core:1.1', rules=null, natives=null, extract=null, packed='null'}, Library{name='net.java.dev.jna:jna:4.4.0', rules=null, natives=null, extract=null, packed='null'}, Library{name='net.java.dev.jna:platform:3.4.0', rules=null, natives=null, extract=null, packed='null'}, Library{name='com.ibm.icu:icu4j-core-mojang:51.2', rules=null, natives=null, extract=null, packed='null'}, Library{name='com.mojang:javabridge:1.0.22', rules=null, natives=null, extract=null, packed='null'}, Library{name='net.sf.jopt-simple:jopt-simple:5.0.3', rules=null, natives=null, extract=null, packed='null'}, Library{name='io.netty:netty-all:4.1.25.Final', rules=null, natives=null, extract=null, packed='null'}, Library{name='com.google.guava:guava:21.0', rules=null, natives=null, extract=null, packed='null'}, Library{name='org.apache.commons:commons-lang3:3.5', rules=null, natives=null, extract=null, packed='null'}, Library{name='commons-io:commons-io:2.5', rules=null, natives=null, extract=null, packed='null'}, Library{name='commons-codec:commons-codec:1.10', rules=null, natives=null, extract=null, packed='null'}, Library{name='net.java.jinput:jinput:2.0.5', rules=null, natives=null, extract=null, packed='null'}, Library{name='net.java.jutils:jutils:1.0.0', rules=null, natives=null, extract=null, packed='null'}, Library{name='com.mojang:brigadier:1.0.17', rules=null, natives=null, extract=null, packed='null'}, Library{name='com.mojang:datafixerupper:2.0.24', rules=null, natives=null, extract=null, packed='null'}, Library{name='com.google.code.gson:gson:2.8.0', rules=null, natives=null, extract=null, packed='null'}, Library{name='com.mojang:authlib:1.5.25', rules=null, natives=null, extract=null, packed='null'}, Library{name='org.apache.commons:commons-compress:1.8.1', rules=null, natives=null, extract=null, packed='null'}, Library{name='org.apache.httpcomponents:httpclient:4.3.3', rules=null, natives=null, extract=null, packed='null'}, Library{name='commons-logging:commons-logging:1.1.3', rules=null, natives=null, extract=null, packed='null'}, Library{name='org.apache.httpcomponents:httpcore:4.3.2', rules=null, natives=null, extract=null, packed='null'}, Library{name='it.unimi.dsi:fastutil:8.2.1', rules=null, natives=null, extract=null, packed='null'}, Library{name='org.apache.logging.log4j:log4j-api:2.8.1', rules=null, natives=null, extract=null, packed='null'}, Library{name='org.apache.logging.log4j:log4j-core:2.8.1', rules=null, natives=null, extract=null, packed='null'}, Library{name='org.lwjgl:lwjgl:3.2.1', rules=[Rule{action=ALLOW, os=OSRestriction{name=OSX, version='null'}, features=null}], natives=null, extract=null, packed='null'}, Library{name='org.lwjgl:lwjgl:3.2.2', rules=[Rule{action=ALLOW, os=null, features=null}, Rule{action=DISALLOW, os=OSRestriction{name=OSX, version='null'}, features=null}], natives=null, extract=null, packed='null'}, Library{name='org.lwjgl:lwjgl-jemalloc:3.2.1', rules=[Rule{action=ALLOW, os=OSRestriction{name=OSX, version='null'}, features=null}], natives=null, extract=null, packed='null'}, Library{name='org.lwjgl:lwjgl-jemalloc:3.2.2', rules=[Rule{action=ALLOW, os=null, features=null}, Rule{action=DISALLOW, os=OSRestriction{name=OSX, version='null'}, features=null}], natives=null, extract=null, packed='null'}, Library{name='org.lwjgl:lwjgl-openal:3.2.1', rules=[Rule{action=ALLOW, os=OSRestriction{name=OSX, version='null'}, features=null}], natives=null, extract=null, packed='null'}, Library{name='org.lwjgl:lwjgl-openal:3.2.2', rules=[Rule{action=ALLOW, os=null, features=null}, Rule{action=DISALLOW, os=OSRestriction{name=OSX, version='null'}, features=null}], natives=null, extract=null, packed='null'}, Library{name='org.lwjgl:lwjgl-opengl:3.2.1', rules=[Rule{action=ALLOW, os=OSRestriction{name=OSX, version='null'}, features=null}], natives=null, extract=null, packed='null'}, Library{name='org.lwjgl:lwjgl-opengl:3.2.2', rules=[Rule{action=ALLOW, os=null, features=null}, Rule{action=DISALLOW, os=OSRestriction{name=OSX, version='null'}, features=null}], natives=null, extract=null, packed='null'}, Library{name='org.lwjgl:lwjgl-glfw:3.2.1', rules=[Rule{action=ALLOW, os=OSRestriction{name=OSX, version='null'}, features=null}], natives=null, extract=null, packed='null'}, Library{name='org.lwjgl:lwjgl-glfw:3.2.2', rules=[Rule{action=ALLOW, os=null, features=null}, Rule{action=DISALLOW, os=OSRestriction{name=OSX, version='null'}, features=null}], natives=null, extract=null, packed='null'}, Library{name='org.lwjgl:lwjgl-stb:3.2.1', rules=[Rule{action=ALLOW, os=OSRestriction{name=OSX, version='null'}, features=null}], natives=null, extract=null, packed='null'}, Library{name='org.lwjgl:lwjgl-stb:3.2.2', rules=[Rule{action=ALLOW, os=null, features=null}, Rule{action=DISALLOW, os=OSRestriction{name=OSX, version='null'}, features=null}], natives=null, extract=null, packed='null'}, Library{name='org.lwjgl:lwjgl-tinyfd:3.2.1', rules=[Rule{action=ALLOW, os=OSRestriction{name=OSX, version='null'}, features=null}], natives=null, extract=null, packed='null'}, Library{name='org.lwjgl:lwjgl-tinyfd:3.2.2', rules=[Rule{action=ALLOW, os=null, features=null}, Rule{action=DISALLOW, os=OSRestriction{name=OSX, version='null'}, features=null}], natives=null, extract=null, packed='null'}, Library{name='org.lwjgl:lwjgl:3.2.1', rules=[Rule{action=ALLOW, os=OSRestriction{name=OSX, version='null'}, features=null}], natives={OSX=natives-macos}, extract=null, packed='null'}, Library{name='org.lwjgl:lwjgl:3.2.2', rules=[Rule{action=ALLOW, os=null, features=null}, Rule{action=DISALLOW, os=OSRestriction{name=OSX, version='null'}, features=null}], natives={LINUX=natives-linux, WINDOWS=natives-windows}, extract=null, packed='null'}, Library{name='org.lwjgl:lwjgl-jemalloc:3.2.1', rules=[Rule{action=ALLOW, os=OSRestriction{name=OSX, version='null'}, features=null}], natives={OSX=natives-macos}, extract=null, packed='null'}, Library{name='org.lwjgl:lwjgl-jemalloc:3.2.2', rules=[Rule{action=ALLOW, os=null, features=null}, Rule{action=DISALLOW, os=OSRestriction{name=OSX, version='null'}, features=null}], natives={LINUX=natives-linux, WINDOWS=natives-windows}, extract=null, packed='null'}, Library{name='org.lwjgl:lwjgl-openal:3.2.1', rules=[Rule{action=ALLOW, os=OSRestriction{name=OSX, version='null'}, features=null}], natives={OSX=natives-macos}, extract=null, packed='null'}, Library{name='org.lwjgl:lwjgl-openal:3.2.2', rules=[Rule{action=ALLOW, os=null, features=null}, Rule{action=DISALLOW, os=OSRestriction{name=OSX, version='null'}, features=null}], natives={LINUX=natives-linux, WINDOWS=natives-windows}, extract=null, packed='null'}, Library{name='org.lwjgl:lwjgl-opengl:3.2.1', rules=[Rule{action=ALLOW, os=OSRestriction{name=OSX, version='null'}, features=null}], natives={OSX=natives-macos}, extract=null, packed='null'}, Library{name='org.lwjgl:lwjgl-opengl:3.2.2', rules=[Rule{action=ALLOW, os=null, features=null}, Rule{action=DISALLOW, os=OSRestriction{name=OSX, version='null'}, features=null}], natives={LINUX=natives-linux, WINDOWS=natives-windows}, extract=null, packed='null'}, Library{name='org.lwjgl:lwjgl-glfw:3.2.1', rules=[Rule{action=ALLOW, os=OSRestriction{name=OSX, version='null'}, features=null}], natives={OSX=natives-macos}, extract=null, packed='null'}, Library{name='org.lwjgl:lwjgl-glfw:3.2.2', rules=[Rule{action=ALLOW, os=null, features=null}, Rule{action=DISALLOW, os=OSRestriction{name=OSX, version='null'}, features=null}], natives={LINUX=natives-linux, WINDOWS=natives-windows}, extract=null, packed='null'}, Library{name='org.lwjgl:lwjgl-stb:3.2.1', rules=[Rule{action=ALLOW, os=OSRestriction{name=OSX, version='null'}, features=null}], natives={OSX=natives-macos}, extract=null, packed='null'}, Library{name='org.lwjgl:lwjgl-tinyfd:3.2.2', rules=[Rule{action=ALLOW, os=null, features=null}, Rule{action=DISALLOW, os=OSRestriction{name=OSX, version='null'}, features=null}], natives={LINUX=natives-linux, WINDOWS=natives-windows}, extract=null, packed='null'}, Library{name='org.lwjgl:lwjgl-tinyfd:3.2.1', rules=[Rule{action=ALLOW, os=OSRestriction{name=OSX, version='null'}, features=null}], natives={OSX=natives-macos}, extract=null, packed='null'}, Library{name='org.lwjgl:lwjgl-stb:3.2.2', rules=[Rule{action=ALLOW, os=null, features=null}, Rule{action=DISALLOW, os=OSRestriction{name=OSX, version='null'}, features=null}], natives={LINUX=natives-linux, WINDOWS=natives-windows}, extract=null, packed='null'}, Library{name='com.mojang:text2speech:1.11.3', rules=null, natives=null, extract=null, packed='null'}, Library{name='com.mojang:text2speech:1.11.3', rules=null, natives={LINUX=natives-linux, WINDOWS=natives-windows}, extract=net.minecraft.launcher.versions.ExtractRules@21cc68b5, packed='null'}, Library{name='ca.weblite:java-objc-bridge:1.0.0', rules=[Rule{action=ALLOW, os=OSRestriction{name=OSX, version='null'}, features=null}], natives={OSX=natives-osx}, extract=net.minecraft.launcher.versions.ExtractRules@3f62bed, packed='null'}, Library{name='ca.weblite:java-objc-bridge:1.0.0', rules=[Rule{action=ALLOW, os=OSRestriction{name=OSX, version='null'}, features=null}], natives=null, extract=null, packed='null'}]},
remote=PartialVersion{id='1.15.2', time=Tue Apr 28 01:31:30 COT 2020, release=Fri Jan 17 05:03:52 COT 2020, type=release, source=OFFICIAL_VERSION_REPO, skinVersion=false, list=net.minecraft.launcher.updater.OfficialVersionList@2e9dd046}, isInstalled=true, hasRemote=true, isUpToDate=true}
2020-05-01 08:43:43,871 LoopedThread#8 [Launcher] Java path: /Library/Internet Plug-Ins/JavaAppletPlugin.plugin/Contents/Home/bin/java
2020-05-01 08:43:43,879 LoopedThread#8 [Launcher] Checking conditions...
2020-05-01 08:43:43,885 LoopedThread#8 [Launcher] Comparing assets...
2020-05-01 08:43:43,886 LoopedThread#8 [AssetsManager] Checking resources...
2020-05-01 08:43:43,886 LoopedThread#8 [AssetsManager] Reading indexes from file /Users/jpineros/Library/Application Support/minecraft/assets/indexes/1.15.json
2020-05-01 08:43:43,899 LoopedThread#8 [AssetsManager] Fast comparing: true
2020-05-01 08:43:44,015 LoopedThread#8 [Launcher] Delta time to compare assets: 129 ms.
2020-05-01 08:43:44,016 LoopedThread#8 [TLauncherManager] add required libraries: 1.15.2
2020-05-01 08:43:44,242 LoopedThread#8 [VersionManager] Required for version 1.15.2: []
2020-05-01 08:43:44,243 LoopedThread#8 [Modpack]  got container
2020-05-01 08:43:44,253 LoopedThread#8 [TLauncherManager] library will be replaced: com.mojang:authlib:1.5.25
2020-05-01 08:43:44,254 LoopedThread#8 [TLauncherManager] library will be replaced: com.mojang:patchy:1.1
2020-05-01 08:43:44,255 LoopedThread#8 [TLauncherManager] library will be added as required: net.minecraft:launchwrapper:1.12
2020-05-01 08:43:44,256 LoopedThread#8 [TLauncherManager] library will be added as required: org.ow2.asm:asm-commons:6.2
2020-05-01 08:43:44,257 LoopedThread#8 [TLauncherManager] library will be added as required: org.ow2.asm:asm:6.2
2020-05-01 08:43:44,258 LoopedThread#8 [TLauncherManager] library will be added as required: org.ow2.asm:asm-tree:6.2
2020-05-01 08:43:44,259 LoopedThread#8 [TLauncherManager] library will be added: org.tlauncher:tl_skin_cape_1.15.2:1.9
2020-05-01 08:43:44,268 LoopedThread#8 [Launcher] Unpacking natives...
2020-05-01 08:43:44,274 LoopedThread#8 [Launcher] Constructing process...
2020-05-01 08:43:44,283 LoopedThread#8 [Launcher] Constructing classpath...
2020-05-01 08:43:44,285 LoopedThread#8 [Launcher] Getting Minecraft arguments...
2020-05-01 08:43:44,287 LoopedThread#8 [Launcher] Full command (characters are not escaped):
/Library/Internet Plug-Ins/JavaAppletPlugin.plugin/Contents/Home/bin/java -Xdock:icon="/Users/jpineros/Library/Application Support/minecraft/assets/objects/99/991b421dfd401f115241601b2b373140a8d78572" -Xdock:name=Minecraft -Djava.net.preferIPv4Stack=true -Xmn128M -Xmx10922M -XstartOnFirstThread -Xss1M -Djava.library.path=/Users/jpineros/Library/Application Support/minecraft/versions/1.15.2/natives -Dminecraft.launcher.brand=minecraft-launcher -Dminecraft.launcher.version=2.0.1003 -cp /Users/jpineros/Library/Application Support/minecraft/libraries/org/tlauncher/tl_skin_cape_1.15.2/1.9/tl_skin_cape_1.15.2-1.9.jar:/Users/jpineros/Library/Application Support/minecraft/libraries/org/ow2/asm/asm-tree/6.2/asm-tree-6.2.jar:/Users/jpineros/Library/Application Support/minecraft/libraries/org/ow2/asm/asm/6.2/asm-6.2.jar:/Users/jpineros/Library/Application Support/minecraft/libraries/org/ow2/asm/asm-commons/6.2/asm-commons-6.2.jar:/Users/jpineros/Library/Application Support/minecraft/libraries/net/minecraft/launchwrapper/1.12/launchwrapper-1.12.jar:/Users/jpineros/Library/Application Support/minecraft/libraries/org/tlauncher/patchy/1.1/patchy-1.1.jar:/Users/jpineros/Library/Application Support/minecraft/libraries/oshi-project/oshi-core/1.1/oshi-core-1.1.jar:/Users/jpineros/Library/Application Support/minecraft/libraries/net/java/dev/jna/jna/4.4.0/jna-4.4.0.jar:/Users/jpineros/Library/Application Support/minecraft/libraries/net/java/dev/jna/platform/3.4.0/platform-3.4.0.jar:/Users/jpineros/Library/Application Support/minecraft/libraries/com/ibm/icu/icu4j-core-mojang/51.2/icu4j-core-mojang-51.2.jar:/Users/jpineros/Library/Application Support/minecraft/libraries/com/mojang/javabridge/1.0.22/javabridge-1.0.22.jar:/Users/jpineros/Library/Application Support/minecraft/libraries/net/sf/jopt-simple/jopt-simple/5.0.3/jopt-simple-5.0.3.jar:/Users/jpineros/Library/Application Support/minecraft/libraries/io/netty/netty-all/4.1.25.Final/netty-all-4.1.25.Final.jar:/Users/jpineros/Library/Application Support/minecraft/libraries/com/google/guava/guava/21.0/guava-21.0.jar:/Users/jpineros/Library/Application Support/minecraft/libraries/org/apache/commons/commons-lang3/3.5/commons-lang3-3.5.jar:/Users/jpineros/Library/Application Support/minecraft/libraries/commons-io/commons-io/2.5/commons-io-2.5.jar:/Users/jpineros/Library/Application Support/minecraft/libraries/commons-codec/commons-codec/1.10/commons-codec-1.10.jar:/Users/jpineros/Library/Application Support/minecraft/libraries/net/java/jinput/jinput/2.0.5/jinput-2.0.5.jar:/Users/jpineros/Library/Application Support/minecraft/libraries/net/java/jutils/jutils/1.0.0/jutils-1.0.0.jar:/Users/jpineros/Library/Application Support/minecraft/libraries/com/mojang/brigadier/1.0.17/brigadier-1.0.17.jar:/Users/jpineros/Library/Application Support/minecraft/libraries/com/mojang/datafixerupper/2.0.24/datafixerupper-2.0.24.jar:/Users/jpineros/Library/Application Support/minecraft/libraries/com/google/code/gson/gson/2.8.0/gson-2.8.0.jar:/Users/jpineros/Library/Application Support/minecraft/libraries/org/tlauncher/authlib/1.6.25/authlib-1.6.25.jar:/Users/jpineros/Library/Application Support/minecraft/libraries/org/apache/commons/commons-compress/1.8.1/commons-compress-1.8.1.jar:/Users/jpineros/Library/Application Support/minecraft/libraries/org/apache/httpcomponents/httpclient/4.3.3/httpclient-4.3.3.jar:/Users/jpineros/Library/Application Support/minecraft/libraries/commons-logging/commons-logging/1.1.3/commons-logging-1.1.3.jar:/Users/jpineros/Library/Application Support/minecraft/libraries/org/apache/httpcomponents/httpcore/4.3.2/httpcore-4.3.2.jar:/Users/jpineros/Library/Application Support/minecraft/libraries/it/unimi/dsi/fastutil/8.2.1/fastutil-8.2.1.jar:/Users/jpineros/Library/Application Support/minecraft/libraries/org/apache/logging/log4j/log4j-api/2.8.1/log4j-api-2.8.1.jar:/Users/jpineros/Library/Application Support/minecraft/libraries/org/apache/logging/log4j/log4j-core/2.8.1/log4j-core-2.8.1.jar:/Users/jpineros/Library/Application Support/minecraft/libraries/org/lwjgl/lwjgl/3.2.1/lwjgl-3.2.1.jar:/Users/jpineros/Library/Application Support/minecraft/libraries/org/lwjgl/lwjgl-jemalloc/3.2.1/lwjgl-jemalloc-3.2.1.jar:/Users/jpineros/Library/Application Support/minecraft/libraries/org/lwjgl/lwjgl-openal/3.2.1/lwjgl-openal-3.2.1.jar:/Users/jpineros/Library/Application Support/minecraft/libraries/org/lwjgl/lwjgl-opengl/3.2.1/lwjgl-opengl-3.2.1.jar:/Users/jpineros/Library/Application Support/minecraft/libraries/org/lwjgl/lwjgl-glfw/3.2.1/lwjgl-glfw-3.2.1.jar:/Users/jpineros/Library/Application Support/minecraft/libraries/org/lwjgl/lwjgl-stb/3.2.1/lwjgl-stb-3.2.1.jar:/Users/jpineros/Library/Application Support/minecraft/libraries/org/lwjgl/lwjgl-tinyfd/3.2.1/lwjgl-tinyfd-3.2.1.jar:/Users/jpineros/Library/Application Support/minecraft/libraries/com/mojang/text2speech/1.11.3/text2speech-1.11.3.jar:/Users/jpineros/Library/Application Support/minecraft/libraries/ca/weblite/java-objc-bridge/1.0.0/java-objc-bridge-1.0.0.jar:/Users/jpineros/Library/Application Support/minecraft/versions/1.15.2/1.15.2.jar -Dminecraft.applet.TargetDirectory=/Users/jpineros/Library/Application Support/minecraft -XX:+UnlockExperimentalVMOptions -XX:+UseG1GC -XX:G1NewSizePercent=20 -XX:G1ReservePercent=20 -XX:MaxGCPauseMillis=50 -XX:G1HeapRegionSize=32M -Dfml.ignoreInvalidMinecraftCertificates=true -Dfml.ignorePatchDiscrepancies=true org.tlauncher.LaunchNew --username jpineros --version 1.15.2 --gameDir /Users/jpineros/Library/Application Support/minecraft --assetsDir /Users/jpineros/Library/Application Support/minecraft/assets --assetIndex 1.15 --uuid 00000000-0000-0000-0000-000000000000 --accessToken null --userType legacy --versionType release --width 925 --height 530 --tweakClass org.tlauncher.tweaker.Tweaker
2020-05-01 08:43:44,331 LoopedThread#8 [Launcher] Launching Minecraft...
2020-05-01 08:43:44,331 LoopedThread#8 I'm hiding!
2020-05-01 08:43:44,334 LoopedThread#8 [TLauncherManager] mods after 
2020-05-01 08:43:44,335 LoopedThread#8 [InnerMinecraftServersImpl]  search changers of the servers
2020-05-01 08:43:44,344 LoopedThread#8 read servers from servers.dat []
2020-05-01 08:43:44,345 LoopedThread#8 [InnerMinecraftServersImpl]  prepare inner servers
2020-05-01 08:43:44,348 LoopedThread#8 save servers to servers.dat
2020-05-01 08:43:44,350 LoopedThread#8 [Launcher] Starting Minecraft latest-release...
2020-05-01 08:43:44,351 LoopedThread#8 [Launcher] Launching in: /Users/jpineros/Library/Application Support/minecraft
2020-05-01 08:43:44,352 LoopedThread#8 Starting garbage collector: 140 / 368 MB
2020-05-01 08:43:44,447 LoopedThread#8 Garbage collector completed: 47 / 369 MB
2020-05-01 08:43:44,454 LoopedThread#8 [Launcher] Processing post-launch actions. Assist launch: true
2020-05-01 08:43:45,198 Thread-14 ===============================================================================================
2020-05-01 08:43:45,199 Thread-14 > [08:43:45] [main/INFO]: Loading tweak class name org.tlauncher.tweaker.Tweaker
2020-05-01 08:43:45,200 Thread-14 > [08:43:45] [main/INFO]: Using primary tweak class name org.tlauncher.tweaker.Tweaker
2020-05-01 08:43:45,207 Thread-14 > [08:43:45] [main/WARN]: Tweak class name org.tlauncher.tweaker.Tweaker has already been visited -- skipping
2020-05-01 08:43:45,208 Thread-14 > [08:43:45] [main/INFO]: Calling tweak class org.tlauncher.tweaker.Tweaker
2020-05-01 08:43:45,209 Thread-14 > Log Path: /Users/jpineros/Library/Application Support/minecraft/./tlLoader/Tweaker.log
2020-05-01 08:43:45,209 Thread-14 > [main INFO] Using Tweaker
2020-05-01 08:43:45,210 Thread-14 > [main INFO] Tweaker: acceptOptions
2020-05-01 08:43:45,211 Thread-14 > [main INFO] Tweaker: injectIntoClassLoader
2020-05-01 08:43:45,216 Thread-14 > [TLSkinCape] Current version is [:]
2020-05-01 08:43:45,216 Thread-14 > [TLSkinCape] Current Minecraft version is 1.15.2.
2020-05-01 08:43:45,217 Thread-14 > [main INFO] Hook method dpy#n()Lsm; loaded.
2020-05-01 08:43:45,217 Thread-14 > [main INFO] Hook method dpy#m()Lsm; loaded.
2020-05-01 08:43:45,218 Thread-14 > [main INFO] Hook method dpy#s()Ljava/lang/String; loaded.
2020-05-01 08:43:45,218 Thread-14 > [main INFO] Hook method ayj#a(Layk;)Z loaded.
2020-05-01 08:43:45,219 Thread-14 > [main INFO] Hook method dgf#render(IIF)V loaded.
2020-05-01 08:43:45,219 Thread-14 > [main INFO] Loaded as a library.
2020-05-01 08:43:45,220 Thread-14 > [main INFO] Tweaker: getLaunchArguments
2020-05-01 08:43:45,225 Thread-14 > [08:43:45] [main/INFO]: Launching wrapped minecraft {org.tlauncher.MainNew}
2020-05-01 08:43:45,546 Thread-14 > [Render thread INFO] [TLSkinCape] Method dgf.render(IIF)V successfully hooked.
2020-05-01 08:43:45,560 Thread-14 > [Render thread INFO] [TLSkinCape] Method ayj.a(Layk;)Z successfully hooked.
2020-05-01 08:43:45,578 Thread-14 > [Render thread INFO] [TLSkinCape] Method dpy.n()Lsm; successfully hooked.
2020-05-01 08:43:45,579 Thread-14 > [Render thread INFO] [TLSkinCape] Method dpy.m()Lsm; successfully hooked.
2020-05-01 08:43:45,579 Thread-14 > [Render thread INFO] [TLSkinCape] Method dpy.s()Ljava/lang/String; successfully hooked.
2020-05-01 08:43:45,756 Thread-14 > [08:43:45] [main/INFO]: Setting user: jpineros
2020-05-01 08:43:48,682 Thread-14 > [08:43:48] [main/INFO]: Backend library: LWJGL version 3.2.1 build 12
2020-05-01 08:43:50,765 Thread-14 > [08:43:50] [main/INFO]: Reloading ResourceManager: Default
2020-05-01 08:43:50,788 Thread-14 > [08:43:50] [main/INFO]: [STDOUT]: [Connector] trying to start...
2020-05-01 08:43:50,791 Thread-14 > [08:43:50] [main/INFO]: [STDOUT]: [Connector] no server info
2020-05-01 08:43:50,792 Thread-14 > [08:43:50] [main/INFO]: [STDOUT]: [Connector] end
2020-05-01 08:43:51,473 Thread-14 > [08:43:51] [Realms Notification Availability checker #1/INFO]: Could not authorize you against Realms server: Invalid session id
2020-05-01 08:43:56,774 Thread-14 > [08:43:56] [main/INFO]: OpenAL initialized.
2020-05-01 08:43:56,775 Thread-14 > [08:43:56] [main/INFO]: Sound engine started
2020-05-01 08:43:56,958 Thread-14 > [08:43:56] [main/INFO]: Created: 1024x1024x4 minecraft:textures/atlas/blocks.png-atlas
2020-05-01 08:43:56,976 Thread-14 > [08:43:56] [main/INFO]: Created: 256x128x4 minecraft:textures/atlas/signs.png-atlas
2020-05-01 08:43:56,978 Thread-14 > [08:43:56] [main/INFO]: Created: 1024x512x4 minecraft:textures/atlas/banner_patterns.png-atlas
2020-05-01 08:43:56,979 Thread-14 > [08:43:56] [main/INFO]: Created: 1024x512x4 minecraft:textures/atlas/shield_patterns.png-atlas
2020-05-01 08:43:56,980 Thread-14 > [08:43:56] [main/INFO]: Created: 256x256x4 minecraft:textures/atlas/chest.png-atlas
2020-05-01 08:43:56,982 Thread-14 > [08:43:56] [main/INFO]: Created: 512x256x4 minecraft:textures/atlas/beds.png-atlas
2020-05-01 08:43:56,983 Thread-14 > [08:43:56] [main/INFO]: Created: 512x256x4 minecraft:textures/atlas/shulker_boxes.png-atlas
2020-05-01 08:43:57,387 Thread-14 > [08:43:57] [main/INFO]: Created: 256x256x0 minecraft:textures/atlas/particles.png-atlas
2020-05-01 08:43:57,388 Thread-14 > [08:43:57] [main/INFO]: Created: 256x256x0 minecraft:textures/atlas/paintings.png-atlas
2020-05-01 08:43:57,390 Thread-14 > [08:43:57] [main/INFO]: Created: 256x128x0 minecraft:textures/atlas/mob_effects.png-atlas
2020-05-01 08:44:04,566 Thread-14 > [08:44:04] [main/WARN]: Ambiguity between arguments [teleport, destination] and [teleport, targets] with inputs: [Player, 0123, @e, dd12be42-52a9-4a91-a8a1-11c01849e498]
2020-05-01 08:44:04,568 Thread-14 > [08:44:04] [main/WARN]: Ambiguity between arguments [teleport, location] and [teleport, destination] with inputs: [0.1 -0.5 .9, 0 0 0]
2020-05-01 08:44:04,571 Thread-14 > [08:44:04] [main/WARN]: Ambiguity between arguments [teleport, location] and [teleport, targets] with inputs: [0.1 -0.5 .9, 0 0 0]
2020-05-01 08:44:04,573 Thread-14 > [08:44:04] [main/WARN]: Ambiguity between arguments [teleport, targets] and [teleport, destination] with inputs: [Player, 0123, dd12be42-52a9-4a91-a8a1-11c01849e498]
2020-05-01 08:44:04,575 Thread-14 > [08:44:04] [main/WARN]: Ambiguity between arguments [teleport, targets, location] and [teleport, targets, destination] with inputs: [0.1 -0.5 .9, 0 0 0]
2020-05-01 08:44:04,607 Thread-14 > [08:44:04] [Server thread/INFO]: Starting integrated minecraft server version 1.15.2
2020-05-01 08:44:04,608 Thread-14 > [08:44:04] [Server thread/INFO]: Generating keypair
2020-05-01 08:44:04,688 Thread-14 > [08:44:04] [Server thread/INFO]: Reloading ResourceManager: Default
2020-05-01 08:44:04,947 Thread-14 > [08:44:04] [Server thread/INFO]: Loaded 6 recipes
2020-05-01 08:44:05,120 Thread-14 > [08:44:05] [Server thread/INFO]: Loaded 825 advancements
2020-05-01 08:44:05,348 Thread-14 > [08:44:05] [Server thread/INFO]: Preparing start region for dimension minecraft:overworld
2020-05-01 08:44:06,171 Thread-14 > [08:44:06] [main/INFO]: Preparing spawn area: 0%
2020-05-01 08:44:06,191 Thread-14 > [08:44:06] [main/INFO]: Preparing spawn area: 0%
2020-05-01 08:44:06,362 Thread-14 > [08:44:06] [main/INFO]: Preparing spawn area: 0%
2020-05-01 08:44:06,590 Thread-14 > [08:44:06] [main/INFO]: Time elapsed: 1230 ms
2020-05-01 08:44:06,674 Thread-14 > 2020-05-01 08:44:06.674 java[65358:1277335] [JRSAppKitAWT markAppIsDaemon]: Process manager already initialized: can't fully enable headless mode.
2020-05-01 08:44:06,834 Thread-14 > [08:44:06] [Server thread/INFO]: Changing view distance to 11, from 10
2020-05-01 08:44:08,531 Thread-14 > [08:44:08] [Server thread/INFO]: jpineros[local:E:9fd088cb] logged in with entity id 79 at (-1570.300000011921, 52.0, 110.30000001192093)
2020-05-01 08:44:08,560 Thread-14 > [08:44:08] [Server thread/INFO]: jpineros joined the game
2020-05-01 08:44:08,735 Thread-14 > [08:44:08] [Server thread/INFO]: Saving and pausing game...
2020-05-01 08:44:08,774 Thread-14 > [08:44:08] [Server thread/INFO]: Saving chunks for level 'Jhean Paradise'/minecraft:overworld
2020-05-01 08:44:08,809 Thread-14 > [08:44:08] [main/INFO]: Loaded 434 advancements
2020-05-01 08:44:09,321 Thread-14 > [08:44:09] [main/INFO]: textures 'jpineros' was added, skin: false,cape: false, max waiting: 1 ,during : 417 
2020-05-01 08:44:09,533 Thread-14 > [08:44:09] [Server thread/INFO]: Saving chunks for level 'Jhean Paradise'/minecraft:the_end
2020-05-01 08:44:09,534 Thread-14 > [08:44:09] [Server thread/INFO]: Saving chunks for level 'Jhean Paradise'/minecraft:the_nether
2020-05-01 08:45:36,281 Thread-14 > [08:45:36] [Server thread/INFO]: Saving and pausing game...
2020-05-01 08:45:36,299 Thread-14 > [08:45:36] [Server thread/INFO]: Saving chunks for level 'Jhean Paradise'/minecraft:overworld
2020-05-01 08:45:36,349 Thread-14 > [08:45:36] [Server thread/INFO]: Saving chunks for level 'Jhean Paradise'/minecraft:the_end
2020-05-01 08:45:36,351 Thread-14 > [08:45:36] [Server thread/INFO]: Saving chunks for level 'Jhean Paradise'/minecraft:the_nether
2020-05-01 08:51:02,826 Thread-14 > [08:51:02] [Server thread/INFO]: Saving and pausing game...
2020-05-01 08:51:02,834 Thread-14 > [08:51:02] [Server thread/INFO]: Saving chunks for level 'Jhean Paradise'/minecraft:overworld
2020-05-01 08:51:03,293 Thread-14 > [08:51:03] [Server thread/INFO]: Saving chunks for level 'Jhean Paradise'/minecraft:the_end
2020-05-01 08:51:03,295 Thread-14 > [08:51:03] [Server thread/INFO]: Saving chunks for level 'Jhean Paradise'/minecraft:the_nether
2020-05-01 08:54:40,712 Thread-14 > [08:54:40] [main/INFO]: [CHAT] Respawn point set
2020-05-01 09:00:59,020 Thread-14 > [09:00:59] [Server thread/INFO]: Saving and pausing game...
2020-05-01 09:00:59,028 Thread-14 > [09:00:59] [Server thread/INFO]: Saving chunks for level 'Jhean Paradise'/minecraft:overworld
2020-05-01 09:00:59,408 Thread-14 > [09:00:59] [Server thread/INFO]: Saving chunks for level 'Jhean Paradise'/minecraft:the_end
2020-05-01 09:00:59,410 Thread-14 > [09:00:59] [Server thread/INFO]: Saving chunks for level 'Jhean Paradise'/minecraft:the_nether
2020-05-01 09:00:59,780 Thread-14 > [09:00:59] [Server thread/INFO]: jpineros lost connection: Disconnected
2020-05-01 09:00:59,781 Thread-14 > [09:00:59] [Server thread/INFO]: jpineros left the game
2020-05-01 09:00:59,788 Thread-14 > [09:00:59] [Server thread/INFO]: Stopping singleplayer server as player logged out
2020-05-01 09:00:59,824 Thread-14 > [09:00:59] [Server thread/INFO]: Stopping server
2020-05-01 09:00:59,825 Thread-14 > [09:00:59] [Server thread/INFO]: Saving players
2020-05-01 09:00:59,825 Thread-14 > [09:00:59] [Server thread/INFO]: Saving worlds
2020-05-01 09:00:59,826 Thread-14 > [09:00:59] [Server thread/INFO]: Saving chunks for level 'Jhean Paradise'/minecraft:overworld
2020-05-01 09:01:00,400 Thread-14 > [09:01:00] [Server thread/INFO]: ThreadedAnvilChunkStorage (Jhean Paradise): All chunks are saved
2020-05-01 09:01:00,402 Thread-14 > [09:01:00] [Server thread/INFO]: Saving chunks for level 'Jhean Paradise'/minecraft:the_end
2020-05-01 09:01:00,402 Thread-14 > [09:01:00] [Server thread/INFO]: ThreadedAnvilChunkStorage (DIM1): All chunks are saved
2020-05-01 09:01:00,403 Thread-14 > [09:01:00] [Server thread/INFO]: Saving chunks for level 'Jhean Paradise'/minecraft:the_nether
2020-05-01 09:01:00,404 Thread-14 > [09:01:00] [Server thread/INFO]: ThreadedAnvilChunkStorage (DIM-1): All chunks are saved
2020-05-01 09:01:00,405 Thread-14 > [09:01:00] [Server thread/INFO]: ThreadedAnvilChunkStorage (Jhean Paradise): All chunks are saved
2020-05-01 09:01:00,423 Thread-14 > [09:01:00] [Server thread/INFO]: ThreadedAnvilChunkStorage (DIM1): All chunks are saved
2020-05-01 09:01:00,424 Thread-14 > [09:01:00] [Server thread/INFO]: ThreadedAnvilChunkStorage (DIM-1): All chunks are saved
2020-05-01 09:04:28,372 Thread-14 > [09:04:28] [main/WARN]: Ambiguity between arguments [teleport, destination] and [teleport, targets] with inputs: [Player, 0123, @e, dd12be42-52a9-4a91-a8a1-11c01849e498]
2020-05-01 09:04:28,375 Thread-14 > [09:04:28] [main/WARN]: Ambiguity between arguments [teleport, location] and [teleport, destination] with inputs: [0.1 -0.5 .9, 0 0 0]
2020-05-01 09:04:28,378 Thread-14 > [09:04:28] [main/WARN]: Ambiguity between arguments [teleport, location] and [teleport, targets] with inputs: [0.1 -0.5 .9, 0 0 0]
2020-05-01 09:04:28,380 Thread-14 > [09:04:28] [main/WARN]: Ambiguity between arguments [teleport, targets] and [teleport, destination] with inputs: [Player, 0123, dd12be42-52a9-4a91-a8a1-11c01849e498]
2020-05-01 09:04:28,384 Thread-14 > [09:04:28] [main/WARN]: Ambiguity between arguments [teleport, targets, location] and [teleport, targets, destination] with inputs: [0.1 -0.5 .9, 0 0 0]
2020-05-01 09:04:28,387 Thread-14 > [09:04:28] [Server thread/INFO]: Starting integrated minecraft server version 1.15.2
2020-05-01 09:04:28,390 Thread-14 > [09:04:28] [Server thread/INFO]: Generating keypair
2020-05-01 09:04:28,411 Thread-14 > [09:04:28] [Server thread/INFO]: Reloading ResourceManager: Default
2020-05-01 09:04:28,596 Thread-14 > [09:04:28] [Server thread/INFO]: Loaded 6 recipes
2020-05-01 09:04:28,640 Thread-14 > [09:04:28] [Server thread/INFO]: Loaded 825 advancements
2020-05-01 09:04:28,702 Thread-14 > [09:04:28] [Server thread/INFO]: Preparing start region for dimension minecraft:overworld
2020-05-01 09:04:29,083 Thread-14 > [09:04:29] [main/INFO]: Preparing spawn area: 0%
2020-05-01 09:04:29,222 Thread-14 > [09:04:29] [main/INFO]: Time elapsed: 507 ms
2020-05-01 09:04:29,231 Thread-14 > [09:04:29] [Server thread/INFO]: Changing view distance to 11, from 10
2020-05-01 09:04:29,384 Thread-14 > [09:04:29] [Server thread/INFO]: jpineros[local:E:328e5090] logged in with entity id 6633 at (427.21822437713195, 72.0, 413.6169683243746)
2020-05-01 09:04:29,387 Thread-14 > [09:04:29] [Server thread/INFO]: jpineros joined the game
2020-05-01 09:04:29,519 Thread-14 > [09:04:29] [Server thread/INFO]: Saving and pausing game...
2020-05-01 09:04:29,524 Thread-14 > [09:04:29] [main/INFO]: Loaded 434 advancements
2020-05-01 09:04:29,528 Thread-14 > [09:04:29] [Server thread/INFO]: Saving chunks for level 'Jhean Paradise'/minecraft:overworld
2020-05-01 09:04:29,790 Thread-14 > [09:04:29] [Server thread/INFO]: Saving chunks for level 'Jhean Paradise'/minecraft:the_end
2020-05-01 09:04:29,792 Thread-14 > [09:04:29] [Server thread/INFO]: Saving chunks for level 'Jhean Paradise'/minecraft:the_nether
2020-05-01 09:04:30,103 Thread-14 > [09:04:30] [main/WARN]: Received passengers for unknown entity
2020-05-01 09:04:51,253 Thread-14 > [09:04:51] [main/WARN]: Received passengers for unknown entity
2020-05-01 09:08:58,546 Thread-14 > [09:08:58] [main/INFO]: [CHAT] Respawn point set
2020-05-01 09:14:15,513 Thread-14 > [09:14:15] [Server thread/INFO]: Saving and pausing game...
2020-05-01 09:14:15,520 Thread-14 > [09:14:15] [Server thread/INFO]: Saving chunks for level 'Jhean Paradise'/minecraft:overworld
2020-05-01 09:14:15,841 Thread-14 > [09:14:15] [Server thread/INFO]: Saving chunks for level 'Jhean Paradise'/minecraft:the_end
2020-05-01 09:14:15,842 Thread-14 > [09:14:15] [Server thread/INFO]: Saving chunks for level 'Jhean Paradise'/minecraft:the_nether
2020-05-01 09:18:26,762 Thread-14 > [09:18:26] [Server thread/INFO]: Saving and pausing game...
2020-05-01 09:18:26,768 Thread-14 > [09:18:26] [Server thread/INFO]: Saving chunks for level 'Jhean Paradise'/minecraft:overworld
2020-05-01 09:18:26,862 Thread-14 > [09:18:26] [Server thread/INFO]: Saving chunks for level 'Jhean Paradise'/minecraft:the_end
2020-05-01 09:18:26,864 Thread-14 > [09:18:26] [Server thread/INFO]: Saving chunks for level 'Jhean Paradise'/minecraft:the_nether
2020-05-01 09:19:59,669 Thread-14 > [09:19:59] [main/INFO]: [CHAT] Respawn point set
2020-05-01 09:21:40,178 Thread-14 > [09:21:40] [main/INFO]: Loaded 436 advancements
2020-05-01 09:23:44,716 Thread-14 > [09:23:44] [Server thread/INFO]: jpineros was shot by Skeleton
2020-05-01 09:23:44,728 Thread-14 > [09:23:44] [main/INFO]: [CHAT] jpineros was shot by Skeleton
2020-05-01 09:32:50,724 Thread-14 > [09:32:50] [main/WARN]: Received passengers for unknown entity
2020-05-01 09:33:57,488 Thread-14 > [09:33:57] [main/INFO]: Loaded 438 advancements
2020-05-01 09:36:52,433 Thread-14 > [09:36:52] [main/INFO]: Loaded 440 advancements
2020-05-01 09:47:05,440 Thread-14 > [09:47:05] [Server thread/INFO]: jpineros was blown up by Creeper
2020-05-01 09:47:05,449 Thread-14 > [09:47:05] [main/INFO]: [CHAT] jpineros was blown up by Creeper
2020-05-01 09:48:05,888 Thread-14 > [09:48:05] [Server thread/INFO]: jpineros was shot by Skeleton
2020-05-01 09:48:05,897 Thread-14 > [09:48:05] [main/INFO]: [CHAT] jpineros was shot by Skeleton
2020-05-01 09:51:03,938 Thread-14 > [09:51:03] [Server thread/INFO]: jpineros was shot by Skeleton
2020-05-01 09:51:03,942 Thread-14 > [09:51:03] [main/INFO]: [CHAT] jpineros was shot by Skeleton
2020-05-01 09:58:14,217 Thread-14 > [09:58:14] [Server thread/INFO]: Saving and pausing game...
2020-05-01 09:58:14,223 Thread-14 > [09:58:14] [Server thread/INFO]: Saving chunks for level 'Jhean Paradise'/minecraft:overworld
2020-05-01 09:58:14,406 Thread-14 > [09:58:14] [Server thread/INFO]: Saving chunks for level 'Jhean Paradise'/minecraft:the_end
2020-05-01 09:58:14,407 Thread-14 > [09:58:14] [Server thread/INFO]: Saving chunks for level 'Jhean Paradise'/minecraft:the_nether
2020-05-01 09:58:15,473 Thread-14 > [09:58:15] [Server thread/INFO]: jpineros lost connection: Disconnected
2020-05-01 09:58:15,474 Thread-14 > [09:58:15] [Server thread/INFO]: jpineros left the game
2020-05-01 09:58:15,479 Thread-14 > [09:58:15] [Server thread/INFO]: Stopping singleplayer server as player logged out
2020-05-01 09:58:15,517 Thread-14 > [09:58:15] [Server thread/INFO]: Stopping server
2020-05-01 09:58:15,518 Thread-14 > [09:58:15] [Server thread/INFO]: Saving players
2020-05-01 09:58:15,518 Thread-14 > [09:58:15] [Server thread/INFO]: Saving worlds
2020-05-01 09:58:15,519 Thread-14 > [09:58:15] [Server thread/INFO]: Saving chunks for level 'Jhean Paradise'/minecraft:overworld
2020-05-01 09:58:15,672 Thread-14 > [09:58:15] [Server thread/INFO]: ThreadedAnvilChunkStorage (Jhean Paradise): All chunks are saved
2020-05-01 09:58:15,674 Thread-14 > [09:58:15] [Server thread/INFO]: Saving chunks for level 'Jhean Paradise'/minecraft:the_end
2020-05-01 09:58:15,675 Thread-14 > [09:58:15] [Server thread/INFO]: ThreadedAnvilChunkStorage (DIM1): All chunks are saved
2020-05-01 09:58:15,676 Thread-14 > [09:58:15] [Server thread/INFO]: Saving chunks for level 'Jhean Paradise'/minecraft:the_nether
2020-05-01 09:58:15,677 Thread-14 > [09:58:15] [Server thread/INFO]: ThreadedAnvilChunkStorage (DIM-1): All chunks are saved
2020-05-01 09:58:15,679 Thread-14 > [09:58:15] [Server thread/INFO]: ThreadedAnvilChunkStorage (Jhean Paradise): All chunks are saved
2020-05-01 09:58:15,692 Thread-14 > [09:58:15] [Server thread/INFO]: ThreadedAnvilChunkStorage (DIM1): All chunks are saved
2020-05-01 09:58:15,693 Thread-14 > [09:58:15] [Server thread/INFO]: ThreadedAnvilChunkStorage (DIM-1): All chunks are saved
2020-05-01 09:58:18,815 Thread-14 > [09:58:18] [main/INFO]: Stopping!
2020-05-01 09:58:19,827 Thread-14 Here I am!
2020-05-01 09:58:19,850 Thread-14 [VersionManager] Refreshing versions locally...
2020-05-01 09:58:19,860 Thread-14 [VersionManager] Versions has been refreshed (9 ms)
2020-05-01 09:58:19,889 LoopedThread#8 [Launcher] Launcher exited.
2020-05-01 09:58:19,890 Thread-14 [Launcher] Minecraft closed with exit code: 0
2020-05-01 13:20:50,156 AWT-EventQueue-0 Good bye!
2020-05-01 13:20:50,158 AWT-EventQueue-0 [TLauncherManager] before clearLibrary 
2020-05-01 13:20:50,165 AWT-EventQueue-0 [TLauncherManager] written:  []
2020-05-01 13:20:50,166 AWT-EventQueue-0 [TLauncherManager] after clearLibrary 
