2020-04-30 19:03:41,486 main [Loading] INITIALIZING
Starting TLauncher 2.69 RELEASE
For more information, visit https://tlauncher.org/
Startup time: Apr 30, 2020 7:03:40 PM
---
run double running protectin
[Loading] LOADING_CONFIGURATION
Loading configuration from file: /Users/jpineros/Library/Application Support/tlauncher/tlauncher-2.0.properties
[Configuration] Constant values: {}
Machine info: -------------------------------------------------------
Mac OS X 10.15.4, Java 1.8.0_231, jvm bit x64, 16384 MB RAM
java path=/Library/Internet Plug-Ins/JavaAppletPlugin.plugin/Contents/Home/bin/java
Intel UHD Graphics 630
-------------------------------------------------------
Selected locale: en_US
[Loading] LOADING_CONSOLE


2020-04-30 19:03:41,487 main [Downloader2] Loaded configuration: good
2020-04-30 19:03:41,624 ExtendedThread#4 [Updater] Requesting an update...
2020-04-30 19:03:41,625 ExtendedThread#4 [Updater] Requesting from: http://repo.tlauncher.org/update/lch/update_2.0.json
2020-04-30 19:03:41,626 ExtendedThread#4 [Updater] Making request: http://repo.tlauncher.org/update/lch/update_2.0.json?version=2.69&client=1989ed1d-7f80-4273-b5a5-0b1ae81b1ee6
2020-04-30 19:03:41,741 main [Browser] Loading resources...
2020-04-30 19:03:41,822 main [Browser] Loading background...
2020-04-30 19:03:41,874 main [Browser] Cleaning up after loading:
2020-04-30 19:03:41,874 main Starting garbage collector: 85 / 199 MB
2020-04-30 19:03:41,930 main Garbage collector completed: 18 / 234 MB
2020-04-30 19:03:41,932 main [Loading] LOADING_MANAGERS
2020-04-30 19:03:41,937 main [LocalVersionList] Base directory: /Users/jpineros/Library/Application Support/minecraft
2020-04-30 19:03:41,945 main [ProfileManager] Refreshing profiles from: /Users/jpineros/Library/Application Support/minecraft/TlauncherProfiles.json
2020-04-30 19:03:41,954 main [AdvertisingStatusObserver]  started to get ad information
2020-04-30 19:03:41,955 main [AdvertisingStatusObserver]  finished to get add information
2020-04-30 19:03:41,955 ExtendedThread#6 [GsonUtil]  request to http://repo.tlauncher.org/update/downloads/libraries/org/tlauncher/authlib/libraries-1.6.json
2020-04-30 19:03:41,959 main [Loading] LOADING_WINDOW
2020-04-30 19:03:42,120 JavaFX Application Thread [JFXStartPageLoader]  start load page: http://page.tlauncher.org/update/downloads/configs/client/eng.html
2020-04-30 19:03:42,123 JavaFX Application Thread [Browser] Running in JavaFX Thread
2020-04-30 19:03:42,124 JavaFX Application Thread [Browser] Preparing JavaFX...
2020-04-30 19:03:42,183 JavaFX Application Thread [Browser] Initializing...
2020-04-30 19:03:42,248 ExtendedThread#7 [REPO][SERVER_LIST_REPO] Success: Reached the repo in 289 ms.
2020-04-30 19:03:42,274 main [Loading] PREPARING_MAINPANE
2020-04-30 19:03:42,323 ExtendedThread#4 [Updater] Request time: 698 ms
2020-04-30 19:03:42,323 ExtendedThread#4 [Updater] Successfully requested from: http://repo.tlauncher.org/update/lch/update_2.0.json
2020-04-30 19:03:42,417 main [Downloader2] Loaded configuration: good
2020-04-30 19:03:43,208 JavaFX Application Thread [JFXStartPageLoader]  succeeded load page: http://page.tlauncher.org/update/downloads/configs/client/eng.html during 1
2020-04-30 19:03:43,209 JavaFX Application Thread [Browser@833460784] Loaded successfully: "http://page.tlauncher.org/update/downloads/configs/client/eng.html"
2020-04-30 19:03:43,288 JavaFX Application Thread [Browser] add listens into server_choose
2020-04-30 19:03:43,288 JavaFX Application Thread [Browser] finished listens into server_choose
2020-04-30 19:03:43,433 main [Loading] POSTINIT_GUI
2020-04-30 19:03:43,434 main [Frame] Packing main frame...
2020-04-30 19:03:43,520 main [Frame] Resizing main pane...
2020-04-30 19:03:43,521 main Updater is already closed. Showing up...
2020-04-30 19:03:43,521 main Visibility set.
2020-04-30 19:03:43,525 main [Loading] REFRESHING_INFO
2020-04-30 19:03:43,526 ExtendedThread#4 [VersionManager] Refreshing versions remotely...
2020-04-30 19:03:43,526 ExtendedThread#6 [REPO][EXTRA_VERSION_REPO] Attempt #1; timeout: 45000 ms; url: http://repo.tlauncher.org/update/downloads/versions/new3/
2020-04-30 19:03:43,528 main Started! (2540 ms.)
2020-04-30 19:03:43,529 main [Loading] SUCCESS
2020-04-30 19:03:43,547 main [TLauncher] show tlauncher!!!
2020-04-30 19:03:43,548 main [Double running] clear time label
2020-04-30 19:03:43,572 AsyncObject#14 [REPO][EXTRA_VERSION_REPO] Attempt #1; timeout: 45000 ms; url: http://repo.tlauncher.org/update/downloads/versions/new3/
2020-04-30 19:03:43,572 AsyncObject#15 [REPO][SKIN_VERSION_REPO] Attempt #1; timeout: 45000 ms; url: http://repo.tlauncher.org/update/downloads/versions/new3/skin/versions/
2020-04-30 19:03:43,573 AsyncObject#13 [REPO][OFFICIAL_VERSION_REPO] Attempt #1; timeout: 45000 ms; url: https://launchermeta.mojang.com/mc/game/
2020-04-30 19:03:43,654 AsyncObject#15 [REPO][SKIN_VERSION_REPO] Success: Reached the repo in 81 ms.
2020-04-30 19:03:43,665 AsyncObject#15 [SkinVersionList] Got in 93 ms
2020-04-30 19:03:43,677 ExtendedThread#6 [REPO][EXTRA_VERSION_REPO] Success: Reached the repo in 150 ms.
2020-04-30 19:03:43,682 AsyncObject#14 [REPO][EXTRA_VERSION_REPO] Success: Reached the repo in 110 ms.
2020-04-30 19:03:43,711 AsyncObject#14 [ExtraVersionList] Got in 139 ms
2020-04-30 19:03:44,270 AsyncObject#13 [REPO][OFFICIAL_VERSION_REPO] Success: Reached the repo in 696 ms.
2020-04-30 19:03:44,352 AsyncObject#13 [OfficialVersionList] Got in 780 ms
2020-04-30 19:03:44,354 ExtendedThread#4 [VersionManager] Versions has been refreshed (818 ms)
2020-04-30 19:03:44,494 ExtendedThread#7 [REPO][ADD_HOT_SERVERS_REPO] Attempt #1; timeout: 45000 ms; url: http://repo.tlauncher.org/update/lch/additional_hot_servers-1.0.json
2020-04-30 19:03:44,497 ExtendedThread#16 [REPO][HOT_SERVERS_REPO] Attempt #1; timeout: 45000 ms; url: http://repo.tlauncher.org/update/lch/servers/hot_servers-1.0.json
2020-04-30 19:03:44,515 Thread-12 run server on  37842
2020-04-30 19:03:44,606 ExtendedThread#7 [REPO][ADD_HOT_SERVERS_REPO] Success: Reached the repo in 108 ms.
2020-04-30 19:03:44,653 ExtendedThread#16 [REPO][HOT_SERVERS_REPO] Success: Reached the repo in 153 ms.
2020-04-30 19:04:08,880 LoopedThread#8 [LoginForm] Login was OK. Trying to launch now.
2020-04-30 19:04:09,144 LoopedThread#8 [Launcher] Running under TLauncher 2.69
2020-04-30 19:04:09,146 LoopedThread#8 [Launcher] Collecting info...
2020-04-30 19:04:09,154 LoopedThread#8 [TLauncherManager] before clearLibrary 
2020-04-30 19:04:09,158 LoopedThread#8 [TLauncherManager] written:  []
2020-04-30 19:04:09,159 LoopedThread#8 [TLauncherManager] after clearLibrary 
2020-04-30 19:04:09,160 LoopedThread#8 [Launcher] Force update: false
2020-04-30 19:04:09,160 LoopedThread#8 [Launcher] Selected version: latest-release
2020-04-30 19:04:09,161 LoopedThread#8 [Launcher] Selected account: Account{displayName=null, userid=null, uuid=null, username=jpineros}
2020-04-30 19:04:09,163 LoopedThread#8 [Launcher] Version sync info: VersionSyncInfo{id='1.15.2',
local=CompleteVersion{id='1.15.2', time=Tue Apr 28 01:31:30 COT 2020, release=Fri Jan 17 05:03:52 COT 2020, type=release, class=net.minecraft.client.main.Main, minimumVersion=21, assets='1.15', source=LOCAL_VERSION_REPO, list=net.minecraft.launcher.updater.OfficialVersionList@4f52a880, libraries=[Library{name='com.mojang:patchy:1.1', rules=null, natives=null, extract=null, packed='null'}, Library{name='oshi-project:oshi-core:1.1', rules=null, natives=null, extract=null, packed='null'}, Library{name='net.java.dev.jna:jna:4.4.0', rules=null, natives=null, extract=null, packed='null'}, Library{name='net.java.dev.jna:platform:3.4.0', rules=null, natives=null, extract=null, packed='null'}, Library{name='com.ibm.icu:icu4j-core-mojang:51.2', rules=null, natives=null, extract=null, packed='null'}, Library{name='com.mojang:javabridge:1.0.22', rules=null, natives=null, extract=null, packed='null'}, Library{name='net.sf.jopt-simple:jopt-simple:5.0.3', rules=null, natives=null, extract=null, packed='null'}, Library{name='io.netty:netty-all:4.1.25.Final', rules=null, natives=null, extract=null, packed='null'}, Library{name='com.google.guava:guava:21.0', rules=null, natives=null, extract=null, packed='null'}, Library{name='org.apache.commons:commons-lang3:3.5', rules=null, natives=null, extract=null, packed='null'}, Library{name='commons-io:commons-io:2.5', rules=null, natives=null, extract=null, packed='null'}, Library{name='commons-codec:commons-codec:1.10', rules=null, natives=null, extract=null, packed='null'}, Library{name='net.java.jinput:jinput:2.0.5', rules=null, natives=null, extract=null, packed='null'}, Library{name='net.java.jutils:jutils:1.0.0', rules=null, natives=null, extract=null, packed='null'}, Library{name='com.mojang:brigadier:1.0.17', rules=null, natives=null, extract=null, packed='null'}, Library{name='com.mojang:datafixerupper:2.0.24', rules=null, natives=null, extract=null, packed='null'}, Library{name='com.google.code.gson:gson:2.8.0', rules=null, natives=null, extract=null, packed='null'}, Library{name='com.mojang:authlib:1.5.25', rules=null, natives=null, extract=null, packed='null'}, Library{name='org.apache.commons:commons-compress:1.8.1', rules=null, natives=null, extract=null, packed='null'}, Library{name='org.apache.httpcomponents:httpclient:4.3.3', rules=null, natives=null, extract=null, packed='null'}, Library{name='commons-logging:commons-logging:1.1.3', rules=null, natives=null, extract=null, packed='null'}, Library{name='org.apache.httpcomponents:httpcore:4.3.2', rules=null, natives=null, extract=null, packed='null'}, Library{name='it.unimi.dsi:fastutil:8.2.1', rules=null, natives=null, extract=null, packed='null'}, Library{name='org.apache.logging.log4j:log4j-api:2.8.1', rules=null, natives=null, extract=null, packed='null'}, Library{name='org.apache.logging.log4j:log4j-core:2.8.1', rules=null, natives=null, extract=null, packed='null'}, Library{name='org.lwjgl:lwjgl:3.2.1', rules=[Rule{action=ALLOW, os=OSRestriction{name=OSX, version='null'}, features=null}], natives=null, extract=null, packed='null'}, Library{name='org.lwjgl:lwjgl:3.2.2', rules=[Rule{action=ALLOW, os=null, features=null}, Rule{action=DISALLOW, os=OSRestriction{name=OSX, version='null'}, features=null}], natives=null, extract=null, packed='null'}, Library{name='org.lwjgl:lwjgl-jemalloc:3.2.1', rules=[Rule{action=ALLOW, os=OSRestriction{name=OSX, version='null'}, features=null}], natives=null, extract=null, packed='null'}, Library{name='org.lwjgl:lwjgl-jemalloc:3.2.2', rules=[Rule{action=ALLOW, os=null, features=null}, Rule{action=DISALLOW, os=OSRestriction{name=OSX, version='null'}, features=null}], natives=null, extract=null, packed='null'}, Library{name='org.lwjgl:lwjgl-openal:3.2.1', rules=[Rule{action=ALLOW, os=OSRestriction{name=OSX, version='null'}, features=null}], natives=null, extract=null, packed='null'}, Library{name='org.lwjgl:lwjgl-openal:3.2.2', rules=[Rule{action=ALLOW, os=null, features=null}, Rule{action=DISALLOW, os=OSRestriction{name=OSX, version='null'}, features=null}], natives=null, extract=null, packed='null'}, Library{name='org.lwjgl:lwjgl-opengl:3.2.1', rules=[Rule{action=ALLOW, os=OSRestriction{name=OSX, version='null'}, features=null}], natives=null, extract=null, packed='null'}, Library{name='org.lwjgl:lwjgl-opengl:3.2.2', rules=[Rule{action=ALLOW, os=null, features=null}, Rule{action=DISALLOW, os=OSRestriction{name=OSX, version='null'}, features=null}], natives=null, extract=null, packed='null'}, Library{name='org.lwjgl:lwjgl-glfw:3.2.1', rules=[Rule{action=ALLOW, os=OSRestriction{name=OSX, version='null'}, features=null}], natives=null, extract=null, packed='null'}, Library{name='org.lwjgl:lwjgl-glfw:3.2.2', rules=[Rule{action=ALLOW, os=null, features=null}, Rule{action=DISALLOW, os=OSRestriction{name=OSX, version='null'}, features=null}], natives=null, extract=null, packed='null'}, Library{name='org.lwjgl:lwjgl-stb:3.2.1', rules=[Rule{action=ALLOW, os=OSRestriction{name=OSX, version='null'}, features=null}], natives=null, extract=null, packed='null'}, Library{name='org.lwjgl:lwjgl-stb:3.2.2', rules=[Rule{action=ALLOW, os=null, features=null}, Rule{action=DISALLOW, os=OSRestriction{name=OSX, version='null'}, features=null}], natives=null, extract=null, packed='null'}, Library{name='org.lwjgl:lwjgl-tinyfd:3.2.1', rules=[Rule{action=ALLOW, os=OSRestriction{name=OSX, version='null'}, features=null}], natives=null, extract=null, packed='null'}, Library{name='org.lwjgl:lwjgl-tinyfd:3.2.2', rules=[Rule{action=ALLOW, os=null, features=null}, Rule{action=DISALLOW, os=OSRestriction{name=OSX, version='null'}, features=null}], natives=null, extract=null, packed='null'}, Library{name='org.lwjgl:lwjgl:3.2.1', rules=[Rule{action=ALLOW, os=OSRestriction{name=OSX, version='null'}, features=null}], natives={OSX=natives-macos}, extract=null, packed='null'}, Library{name='org.lwjgl:lwjgl:3.2.2', rules=[Rule{action=ALLOW, os=null, features=null}, Rule{action=DISALLOW, os=OSRestriction{name=OSX, version='null'}, features=null}], natives={LINUX=natives-linux, WINDOWS=natives-windows}, extract=null, packed='null'}, Library{name='org.lwjgl:lwjgl-jemalloc:3.2.1', rules=[Rule{action=ALLOW, os=OSRestriction{name=OSX, version='null'}, features=null}], natives={OSX=natives-macos}, extract=null, packed='null'}, Library{name='org.lwjgl:lwjgl-jemalloc:3.2.2', rules=[Rule{action=ALLOW, os=null, features=null}, Rule{action=DISALLOW, os=OSRestriction{name=OSX, version='null'}, features=null}], natives={LINUX=natives-linux, WINDOWS=natives-windows}, extract=null, packed='null'}, Library{name='org.lwjgl:lwjgl-openal:3.2.1', rules=[Rule{action=ALLOW, os=OSRestriction{name=OSX, version='null'}, features=null}], natives={OSX=natives-macos}, extract=null, packed='null'}, Library{name='org.lwjgl:lwjgl-openal:3.2.2', rules=[Rule{action=ALLOW, os=null, features=null}, Rule{action=DISALLOW, os=OSRestriction{name=OSX, version='null'}, features=null}], natives={LINUX=natives-linux, WINDOWS=natives-windows}, extract=null, packed='null'}, Library{name='org.lwjgl:lwjgl-opengl:3.2.1', rules=[Rule{action=ALLOW, os=OSRestriction{name=OSX, version='null'}, features=null}], natives={OSX=natives-macos}, extract=null, packed='null'}, Library{name='org.lwjgl:lwjgl-opengl:3.2.2', rules=[Rule{action=ALLOW, os=null, features=null}, Rule{action=DISALLOW, os=OSRestriction{name=OSX, version='null'}, features=null}], natives={LINUX=natives-linux, WINDOWS=natives-windows}, extract=null, packed='null'}, Library{name='org.lwjgl:lwjgl-glfw:3.2.1', rules=[Rule{action=ALLOW, os=OSRestriction{name=OSX, version='null'}, features=null}], natives={OSX=natives-macos}, extract=null, packed='null'}, Library{name='org.lwjgl:lwjgl-glfw:3.2.2', rules=[Rule{action=ALLOW, os=null, features=null}, Rule{action=DISALLOW, os=OSRestriction{name=OSX, version='null'}, features=null}], natives={LINUX=natives-linux, WINDOWS=natives-windows}, extract=null, packed='null'}, Library{name='org.lwjgl:lwjgl-stb:3.2.1', rules=[Rule{action=ALLOW, os=OSRestriction{name=OSX, version='null'}, features=null}], natives={OSX=natives-macos}, extract=null, packed='null'}, Library{name='org.lwjgl:lwjgl-tinyfd:3.2.2', rules=[Rule{action=ALLOW, os=null, features=null}, Rule{action=DISALLOW, os=OSRestriction{name=OSX, version='null'}, features=null}], natives={LINUX=natives-linux, WINDOWS=natives-windows}, extract=null, packed='null'}, Library{name='org.lwjgl:lwjgl-tinyfd:3.2.1', rules=[Rule{action=ALLOW, os=OSRestriction{name=OSX, version='null'}, features=null}], natives={OSX=natives-macos}, extract=null, packed='null'}, Library{name='org.lwjgl:lwjgl-stb:3.2.2', rules=[Rule{action=ALLOW, os=null, features=null}, Rule{action=DISALLOW, os=OSRestriction{name=OSX, version='null'}, features=null}], natives={LINUX=natives-linux, WINDOWS=natives-windows}, extract=null, packed='null'}, Library{name='com.mojang:text2speech:1.11.3', rules=null, natives=null, extract=null, packed='null'}, Library{name='com.mojang:text2speech:1.11.3', rules=null, natives={LINUX=natives-linux, WINDOWS=natives-windows}, extract=net.minecraft.launcher.versions.ExtractRules@48e82078, packed='null'}, Library{name='ca.weblite:java-objc-bridge:1.0.0', rules=[Rule{action=ALLOW, os=OSRestriction{name=OSX, version='null'}, features=null}], natives={OSX=natives-osx}, extract=net.minecraft.launcher.versions.ExtractRules@43bb5f1f, packed='null'}, Library{name='ca.weblite:java-objc-bridge:1.0.0', rules=[Rule{action=ALLOW, os=OSRestriction{name=OSX, version='null'}, features=null}], natives=null, extract=null, packed='null'}]},
remote=PartialVersion{id='1.15.2', time=Tue Apr 28 01:31:30 COT 2020, release=Fri Jan 17 05:03:52 COT 2020, type=release, source=OFFICIAL_VERSION_REPO, skinVersion=false, list=net.minecraft.launcher.updater.OfficialVersionList@4f52a880}, isInstalled=true, hasRemote=true, isUpToDate=true}
2020-04-30 19:04:09,254 LoopedThread#8 [Launcher] Java path: /Library/Internet Plug-Ins/JavaAppletPlugin.plugin/Contents/Home/bin/java
2020-04-30 19:04:09,259 LoopedThread#8 [Launcher] Checking conditions...
2020-04-30 19:04:09,266 LoopedThread#8 [Launcher] Comparing assets...
2020-04-30 19:04:09,266 LoopedThread#8 [AssetsManager] Checking resources...
2020-04-30 19:04:09,267 LoopedThread#8 [AssetsManager] Reading indexes from file /Users/jpineros/Library/Application Support/minecraft/assets/indexes/1.15.json
2020-04-30 19:04:09,301 LoopedThread#8 [AssetsManager] Fast comparing: true
2020-04-30 19:04:09,367 LoopedThread#8 [Launcher] Delta time to compare assets: 100 ms.
2020-04-30 19:04:09,368 LoopedThread#8 [TLauncherManager] add required libraries: 1.15.2
2020-04-30 19:04:09,671 LoopedThread#8 [VersionManager] Required for version 1.15.2: []
2020-04-30 19:04:09,672 LoopedThread#8 [Modpack]  got container
2020-04-30 19:04:09,683 LoopedThread#8 [TLauncherManager] library will be replaced: com.mojang:authlib:1.5.25
2020-04-30 19:04:09,684 LoopedThread#8 [TLauncherManager] library will be replaced: com.mojang:patchy:1.1
2020-04-30 19:04:09,685 LoopedThread#8 [TLauncherManager] library will be added as required: net.minecraft:launchwrapper:1.12
2020-04-30 19:04:09,686 LoopedThread#8 [TLauncherManager] library will be added as required: org.ow2.asm:asm-commons:6.2
2020-04-30 19:04:09,687 LoopedThread#8 [TLauncherManager] library will be added as required: org.ow2.asm:asm:6.2
2020-04-30 19:04:09,687 LoopedThread#8 [TLauncherManager] library will be added as required: org.ow2.asm:asm-tree:6.2
2020-04-30 19:04:09,689 LoopedThread#8 [TLauncherManager] library will be added: org.tlauncher:tl_skin_cape_1.15.2:1.9
2020-04-30 19:04:09,699 LoopedThread#8 [Launcher] Unpacking natives...
2020-04-30 19:04:09,703 LoopedThread#8 [Launcher] Constructing process...
2020-04-30 19:04:09,713 LoopedThread#8 [Launcher] Constructing classpath...
2020-04-30 19:04:09,716 LoopedThread#8 [Launcher] Getting Minecraft arguments...
2020-04-30 19:04:09,721 LoopedThread#8 [Launcher] Full command (characters are not escaped):
/Library/Internet Plug-Ins/JavaAppletPlugin.plugin/Contents/Home/bin/java -Xdock:icon="/Users/jpineros/Library/Application Support/minecraft/assets/objects/99/991b421dfd401f115241601b2b373140a8d78572" -Xdock:name=Minecraft -Djava.net.preferIPv4Stack=true -Xmn128M -Xmx10922M -XstartOnFirstThread -Xss1M -Djava.library.path=/Users/jpineros/Library/Application Support/minecraft/versions/1.15.2/natives -Dminecraft.launcher.brand=minecraft-launcher -Dminecraft.launcher.version=2.0.1003 -cp /Users/jpineros/Library/Application Support/minecraft/libraries/org/tlauncher/tl_skin_cape_1.15.2/1.9/tl_skin_cape_1.15.2-1.9.jar:/Users/jpineros/Library/Application Support/minecraft/libraries/org/ow2/asm/asm-tree/6.2/asm-tree-6.2.jar:/Users/jpineros/Library/Application Support/minecraft/libraries/org/ow2/asm/asm/6.2/asm-6.2.jar:/Users/jpineros/Library/Application Support/minecraft/libraries/org/ow2/asm/asm-commons/6.2/asm-commons-6.2.jar:/Users/jpineros/Library/Application Support/minecraft/libraries/net/minecraft/launchwrapper/1.12/launchwrapper-1.12.jar:/Users/jpineros/Library/Application Support/minecraft/libraries/org/tlauncher/patchy/1.1/patchy-1.1.jar:/Users/jpineros/Library/Application Support/minecraft/libraries/oshi-project/oshi-core/1.1/oshi-core-1.1.jar:/Users/jpineros/Library/Application Support/minecraft/libraries/net/java/dev/jna/jna/4.4.0/jna-4.4.0.jar:/Users/jpineros/Library/Application Support/minecraft/libraries/net/java/dev/jna/platform/3.4.0/platform-3.4.0.jar:/Users/jpineros/Library/Application Support/minecraft/libraries/com/ibm/icu/icu4j-core-mojang/51.2/icu4j-core-mojang-51.2.jar:/Users/jpineros/Library/Application Support/minecraft/libraries/com/mojang/javabridge/1.0.22/javabridge-1.0.22.jar:/Users/jpineros/Library/Application Support/minecraft/libraries/net/sf/jopt-simple/jopt-simple/5.0.3/jopt-simple-5.0.3.jar:/Users/jpineros/Library/Application Support/minecraft/libraries/io/netty/netty-all/4.1.25.Final/netty-all-4.1.25.Final.jar:/Users/jpineros/Library/Application Support/minecraft/libraries/com/google/guava/guava/21.0/guava-21.0.jar:/Users/jpineros/Library/Application Support/minecraft/libraries/org/apache/commons/commons-lang3/3.5/commons-lang3-3.5.jar:/Users/jpineros/Library/Application Support/minecraft/libraries/commons-io/commons-io/2.5/commons-io-2.5.jar:/Users/jpineros/Library/Application Support/minecraft/libraries/commons-codec/commons-codec/1.10/commons-codec-1.10.jar:/Users/jpineros/Library/Application Support/minecraft/libraries/net/java/jinput/jinput/2.0.5/jinput-2.0.5.jar:/Users/jpineros/Library/Application Support/minecraft/libraries/net/java/jutils/jutils/1.0.0/jutils-1.0.0.jar:/Users/jpineros/Library/Application Support/minecraft/libraries/com/mojang/brigadier/1.0.17/brigadier-1.0.17.jar:/Users/jpineros/Library/Application Support/minecraft/libraries/com/mojang/datafixerupper/2.0.24/datafixerupper-2.0.24.jar:/Users/jpineros/Library/Application Support/minecraft/libraries/com/google/code/gson/gson/2.8.0/gson-2.8.0.jar:/Users/jpineros/Library/Application Support/minecraft/libraries/org/tlauncher/authlib/1.6.25/authlib-1.6.25.jar:/Users/jpineros/Library/Application Support/minecraft/libraries/org/apache/commons/commons-compress/1.8.1/commons-compress-1.8.1.jar:/Users/jpineros/Library/Application Support/minecraft/libraries/org/apache/httpcomponents/httpclient/4.3.3/httpclient-4.3.3.jar:/Users/jpineros/Library/Application Support/minecraft/libraries/commons-logging/commons-logging/1.1.3/commons-logging-1.1.3.jar:/Users/jpineros/Library/Application Support/minecraft/libraries/org/apache/httpcomponents/httpcore/4.3.2/httpcore-4.3.2.jar:/Users/jpineros/Library/Application Support/minecraft/libraries/it/unimi/dsi/fastutil/8.2.1/fastutil-8.2.1.jar:/Users/jpineros/Library/Application Support/minecraft/libraries/org/apache/logging/log4j/log4j-api/2.8.1/log4j-api-2.8.1.jar:/Users/jpineros/Library/Application Support/minecraft/libraries/org/apache/logging/log4j/log4j-core/2.8.1/log4j-core-2.8.1.jar:/Users/jpineros/Library/Application Support/minecraft/libraries/org/lwjgl/lwjgl/3.2.1/lwjgl-3.2.1.jar:/Users/jpineros/Library/Application Support/minecraft/libraries/org/lwjgl/lwjgl-jemalloc/3.2.1/lwjgl-jemalloc-3.2.1.jar:/Users/jpineros/Library/Application Support/minecraft/libraries/org/lwjgl/lwjgl-openal/3.2.1/lwjgl-openal-3.2.1.jar:/Users/jpineros/Library/Application Support/minecraft/libraries/org/lwjgl/lwjgl-opengl/3.2.1/lwjgl-opengl-3.2.1.jar:/Users/jpineros/Library/Application Support/minecraft/libraries/org/lwjgl/lwjgl-glfw/3.2.1/lwjgl-glfw-3.2.1.jar:/Users/jpineros/Library/Application Support/minecraft/libraries/org/lwjgl/lwjgl-stb/3.2.1/lwjgl-stb-3.2.1.jar:/Users/jpineros/Library/Application Support/minecraft/libraries/org/lwjgl/lwjgl-tinyfd/3.2.1/lwjgl-tinyfd-3.2.1.jar:/Users/jpineros/Library/Application Support/minecraft/libraries/com/mojang/text2speech/1.11.3/text2speech-1.11.3.jar:/Users/jpineros/Library/Application Support/minecraft/libraries/ca/weblite/java-objc-bridge/1.0.0/java-objc-bridge-1.0.0.jar:/Users/jpineros/Library/Application Support/minecraft/versions/1.15.2/1.15.2.jar -Dminecraft.applet.TargetDirectory=/Users/jpineros/Library/Application Support/minecraft -XX:+UnlockExperimentalVMOptions -XX:+UseG1GC -XX:G1NewSizePercent=20 -XX:G1ReservePercent=20 -XX:MaxGCPauseMillis=50 -XX:G1HeapRegionSize=32M -Dfml.ignoreInvalidMinecraftCertificates=true -Dfml.ignorePatchDiscrepancies=true org.tlauncher.LaunchNew --username jpineros --version 1.15.2 --gameDir /Users/jpineros/Library/Application Support/minecraft --assetsDir /Users/jpineros/Library/Application Support/minecraft/assets --assetIndex 1.15 --uuid 00000000-0000-0000-0000-000000000000 --accessToken null --userType legacy --versionType release --width 925 --height 530 --tweakClass org.tlauncher.tweaker.Tweaker
2020-04-30 19:04:09,775 LoopedThread#8 [Launcher] Launching Minecraft...
2020-04-30 19:04:09,798 LoopedThread#8 I'm hiding!
2020-04-30 19:04:09,801 LoopedThread#8 [TLauncherManager] mods after 
2020-04-30 19:04:09,811 LoopedThread#8 [InnerMinecraftServersImpl]  search changers of the servers
2020-04-30 19:04:09,817 LoopedThread#8 read servers from servers.dat []
2020-04-30 19:04:09,819 LoopedThread#8 [InnerMinecraftServersImpl]  prepare inner servers
2020-04-30 19:04:09,821 LoopedThread#8 save servers to servers.dat
2020-04-30 19:04:09,824 LoopedThread#8 [Launcher] Starting Minecraft latest-release...
2020-04-30 19:04:09,825 LoopedThread#8 [Launcher] Launching in: /Users/jpineros/Library/Application Support/minecraft
2020-04-30 19:04:09,826 LoopedThread#8 Starting garbage collector: 60 / 288 MB
2020-04-30 19:04:09,943 LoopedThread#8 Garbage collector completed: 45 / 337 MB
2020-04-30 19:04:09,951 LoopedThread#8 [Launcher] Processing post-launch actions. Assist launch: true
2020-04-30 19:04:10,681 Thread-14 ===============================================================================================
2020-04-30 19:04:10,682 Thread-14 > [19:04:10] [main/INFO]: Loading tweak class name org.tlauncher.tweaker.Tweaker
2020-04-30 19:04:10,683 Thread-14 > [19:04:10] [main/INFO]: Using primary tweak class name org.tlauncher.tweaker.Tweaker
2020-04-30 19:04:10,684 Thread-14 > [19:04:10] [main/WARN]: Tweak class name org.tlauncher.tweaker.Tweaker has already been visited -- skipping
2020-04-30 19:04:10,685 Thread-14 > [19:04:10] [main/INFO]: Calling tweak class org.tlauncher.tweaker.Tweaker
2020-04-30 19:04:10,685 Thread-14 > Log Path: /Users/jpineros/Library/Application Support/minecraft/./tlLoader/Tweaker.log
2020-04-30 19:04:10,686 Thread-14 > [main INFO] Using Tweaker
2020-04-30 19:04:10,687 Thread-14 > [main INFO] Tweaker: acceptOptions
2020-04-30 19:04:10,687 Thread-14 > [main INFO] Tweaker: injectIntoClassLoader
2020-04-30 19:04:10,692 Thread-14 > [TLSkinCape] Current version is [:]
2020-04-30 19:04:10,693 Thread-14 > [TLSkinCape] Current Minecraft version is 1.15.2.
2020-04-30 19:04:10,693 Thread-14 > [main INFO] Hook method dpy#n()Lsm; loaded.
2020-04-30 19:04:10,694 Thread-14 > [main INFO] Hook method dpy#m()Lsm; loaded.
2020-04-30 19:04:10,695 Thread-14 > [main INFO] Hook method dpy#s()Ljava/lang/String; loaded.
2020-04-30 19:04:10,695 Thread-14 > [main INFO] Hook method ayj#a(Layk;)Z loaded.
2020-04-30 19:04:10,696 Thread-14 > [main INFO] Hook method dgf#render(IIF)V loaded.
2020-04-30 19:04:10,696 Thread-14 > [main INFO] Loaded as a library.
2020-04-30 19:04:10,697 Thread-14 > [main INFO] Tweaker: getLaunchArguments
2020-04-30 19:04:10,702 Thread-14 > [19:04:10] [main/INFO]: Launching wrapped minecraft {org.tlauncher.MainNew}
2020-04-30 19:04:10,981 Thread-14 > [Render thread INFO] [TLSkinCape] Method dgf.render(IIF)V successfully hooked.
2020-04-30 19:04:11,004 Thread-14 > [Render thread INFO] [TLSkinCape] Method ayj.a(Layk;)Z successfully hooked.
2020-04-30 19:04:11,035 Thread-14 > [Render thread INFO] [TLSkinCape] Method dpy.n()Lsm; successfully hooked.
2020-04-30 19:04:11,037 Thread-14 > [Render thread INFO] [TLSkinCape] Method dpy.m()Lsm; successfully hooked.
2020-04-30 19:04:11,039 Thread-14 > [Render thread INFO] [TLSkinCape] Method dpy.s()Ljava/lang/String; successfully hooked.
2020-04-30 19:04:11,214 Thread-14 > [19:04:11] [main/INFO]: Setting user: jpineros
2020-04-30 19:04:14,104 Thread-14 > [19:04:14] [main/INFO]: Backend library: LWJGL version 3.2.1 build 12
2020-04-30 19:04:16,636 Thread-14 > [19:04:16] [main/INFO]: Reloading ResourceManager: Default
2020-04-30 19:04:16,658 Thread-14 > [19:04:16] [main/INFO]: [STDOUT]: [Connector] trying to start...
2020-04-30 19:04:16,659 Thread-14 > [19:04:16] [main/INFO]: [STDOUT]: [Connector] no server info
2020-04-30 19:04:16,660 Thread-14 > [19:04:16] [main/INFO]: [STDOUT]: [Connector] end
2020-04-30 19:04:17,553 Thread-14 > [19:04:17] [Realms Notification Availability checker #1/INFO]: Could not authorize you against Realms server: Invalid session id
2020-04-30 19:04:22,507 Thread-14 > [19:04:22] [main/INFO]: OpenAL initialized.
2020-04-30 19:04:22,509 Thread-14 > [19:04:22] [main/INFO]: Sound engine started
2020-04-30 19:04:22,660 Thread-14 > [19:04:22] [main/INFO]: Created: 1024x1024x4 minecraft:textures/atlas/blocks.png-atlas
2020-04-30 19:04:22,678 Thread-14 > [19:04:22] [main/INFO]: Created: 256x128x4 minecraft:textures/atlas/signs.png-atlas
2020-04-30 19:04:22,680 Thread-14 > [19:04:22] [main/INFO]: Created: 1024x512x4 minecraft:textures/atlas/banner_patterns.png-atlas
2020-04-30 19:04:22,681 Thread-14 > [19:04:22] [main/INFO]: Created: 1024x512x4 minecraft:textures/atlas/shield_patterns.png-atlas
2020-04-30 19:04:22,683 Thread-14 > [19:04:22] [main/INFO]: Created: 256x256x4 minecraft:textures/atlas/chest.png-atlas
2020-04-30 19:04:22,685 Thread-14 > [19:04:22] [main/INFO]: Created: 512x256x4 minecraft:textures/atlas/beds.png-atlas
2020-04-30 19:04:22,687 Thread-14 > [19:04:22] [main/INFO]: Created: 512x256x4 minecraft:textures/atlas/shulker_boxes.png-atlas
2020-04-30 19:04:23,076 Thread-14 > [19:04:23] [main/INFO]: Created: 256x256x0 minecraft:textures/atlas/particles.png-atlas
2020-04-30 19:04:23,078 Thread-14 > [19:04:23] [main/INFO]: Created: 256x256x0 minecraft:textures/atlas/paintings.png-atlas
2020-04-30 19:04:23,080 Thread-14 > [19:04:23] [main/INFO]: Created: 256x128x0 minecraft:textures/atlas/mob_effects.png-atlas
2020-04-30 19:04:34,776 Thread-14 > [19:04:34] [main/WARN]: Ambiguity between arguments [teleport, destination] and [teleport, targets] with inputs: [Player, 0123, @e, dd12be42-52a9-4a91-a8a1-11c01849e498]
2020-04-30 19:04:34,778 Thread-14 > [19:04:34] [main/WARN]: Ambiguity between arguments [teleport, location] and [teleport, destination] with inputs: [0.1 -0.5 .9, 0 0 0]
2020-04-30 19:04:34,780 Thread-14 > [19:04:34] [main/WARN]: Ambiguity between arguments [teleport, location] and [teleport, targets] with inputs: [0.1 -0.5 .9, 0 0 0]
2020-04-30 19:04:34,783 Thread-14 > [19:04:34] [main/WARN]: Ambiguity between arguments [teleport, targets] and [teleport, destination] with inputs: [Player, 0123, dd12be42-52a9-4a91-a8a1-11c01849e498]
2020-04-30 19:04:34,785 Thread-14 > [19:04:34] [main/WARN]: Ambiguity between arguments [teleport, targets, location] and [teleport, targets, destination] with inputs: [0.1 -0.5 .9, 0 0 0]
2020-04-30 19:04:34,814 Thread-14 > [19:04:34] [Server thread/INFO]: Starting integrated minecraft server version 1.15.2
2020-04-30 19:04:34,815 Thread-14 > [19:04:34] [Server thread/INFO]: Generating keypair
2020-04-30 19:04:34,891 Thread-14 > [19:04:34] [Server thread/INFO]: Reloading ResourceManager: Default
2020-04-30 19:04:35,217 Thread-14 > [19:04:35] [Server thread/INFO]: Loaded 6 recipes
2020-04-30 19:04:35,411 Thread-14 > [19:04:35] [Server thread/INFO]: Loaded 825 advancements
2020-04-30 19:04:35,645 Thread-14 > [19:04:35] [Server thread/INFO]: Preparing start region for dimension minecraft:overworld
2020-04-30 19:04:36,543 Thread-14 > [19:04:36] [main/INFO]: Preparing spawn area: 0%
2020-04-30 19:04:36,564 Thread-14 > [19:04:36] [main/INFO]: Preparing spawn area: 0%
2020-04-30 19:04:36,765 Thread-14 > [19:04:36] [main/INFO]: Preparing spawn area: 0%
2020-04-30 19:04:37,051 Thread-14 > [19:04:37] [main/INFO]: Time elapsed: 1380 ms
2020-04-30 19:04:37,113 Thread-14 > 2020-04-30 19:04:37.113 java[64597:1185751] [JRSAppKitAWT markAppIsDaemon]: Process manager already initialized: can't fully enable headless mode.
2020-04-30 19:04:37,360 Thread-14 > [19:04:37] [Server thread/INFO]: Changing view distance to 11, from 10
2020-04-30 19:04:38,229 Thread-14 > [19:04:38] [Server thread/INFO]: jpineros[local:E:6f01a8f4] logged in with entity id 186 at (-9.354084073567094, 64.0, 32.411779982505294)
2020-04-30 19:04:38,263 Thread-14 > [19:04:38] [Server thread/INFO]: jpineros joined the game
2020-04-30 19:04:38,516 Thread-14 > [19:04:38] [Server thread/INFO]: Saving and pausing game...
2020-04-30 19:04:38,563 Thread-14 > [19:04:38] [Server thread/INFO]: Saving chunks for level 'Jhean Paradise'/minecraft:the_nether
2020-04-30 19:04:38,565 Thread-14 > [19:04:38] [Server thread/INFO]: Saving chunks for level 'Jhean Paradise'/minecraft:the_end
2020-04-30 19:04:38,567 Thread-14 > [19:04:38] [Server thread/INFO]: Saving chunks for level 'Jhean Paradise'/minecraft:overworld
2020-04-30 19:04:38,737 Thread-14 > [19:04:38] [main/INFO]: Loaded 418 advancements
2020-04-30 19:04:39,584 Thread-14 > [19:04:39] [main/INFO]: textures 'jpineros' was added, skin: false,cape: false, max waiting: 1 ,during : 552 
2020-04-30 19:13:19,625 Thread-14 > [19:13:19] [main/INFO]: [CHAT] Respawn point set
2020-04-30 19:17:58,037 Thread-14 > [19:17:58] [main/WARN]: Unable to play empty soundEvent: minecraft:entity.salmon.ambient
2020-04-30 19:19:39,395 Thread-14 > [19:19:39] [Server thread/WARN]: Can't keep up! Is the server overloaded? Running 2283ms or 45 ticks behind
2020-04-30 19:24:09,830 Thread-14 > [19:24:09] [main/INFO]: [CHAT] Respawn point set
2020-04-30 19:24:18,716 Thread-14 > [19:24:18] [Server thread/INFO]: Saving and pausing game...
2020-04-30 19:24:18,732 Thread-14 > [19:24:18] [Server thread/INFO]: Saving chunks for level 'Jhean Paradise'/minecraft:the_nether
2020-04-30 19:24:18,734 Thread-14 > [19:24:18] [Server thread/INFO]: Saving chunks for level 'Jhean Paradise'/minecraft:the_end
2020-04-30 19:24:18,736 Thread-14 > [19:24:18] [Server thread/INFO]: Saving chunks for level 'Jhean Paradise'/minecraft:overworld
2020-04-30 19:24:19,676 Thread-14 > [19:24:19] [Server thread/INFO]: jpineros lost connection: Disconnected
2020-04-30 19:24:19,677 Thread-14 > [19:24:19] [Server thread/INFO]: jpineros left the game
2020-04-30 19:24:19,684 Thread-14 > [19:24:19] [Server thread/INFO]: Stopping singleplayer server as player logged out
2020-04-30 19:24:19,733 Thread-14 > [19:24:19] [Server thread/INFO]: Stopping server
2020-04-30 19:24:19,733 Thread-14 > [19:24:19] [Server thread/INFO]: Saving players
2020-04-30 19:24:19,734 Thread-14 > [19:24:19] [Server thread/INFO]: Saving worlds
2020-04-30 19:24:19,735 Thread-14 > [19:24:19] [Server thread/INFO]: Saving chunks for level 'Jhean Paradise'/minecraft:the_nether
2020-04-30 19:24:19,738 Thread-14 > [19:24:19] [Server thread/INFO]: ThreadedAnvilChunkStorage (DIM-1): All chunks are saved
2020-04-30 19:24:19,739 Thread-14 > [19:24:19] [Server thread/INFO]: Saving chunks for level 'Jhean Paradise'/minecraft:the_end
2020-04-30 19:24:19,740 Thread-14 > [19:24:19] [Server thread/INFO]: ThreadedAnvilChunkStorage (DIM1): All chunks are saved
2020-04-30 19:24:19,742 Thread-14 > [19:24:19] [Server thread/INFO]: Saving chunks for level 'Jhean Paradise'/minecraft:overworld
2020-04-30 19:24:20,746 Thread-14 > [19:24:20] [Server thread/INFO]: ThreadedAnvilChunkStorage (Jhean Paradise): All chunks are saved
2020-04-30 19:24:20,749 Thread-14 > [19:24:20] [Server thread/INFO]: ThreadedAnvilChunkStorage (DIM-1): All chunks are saved
2020-04-30 19:24:20,751 Thread-14 > [19:24:20] [Server thread/INFO]: ThreadedAnvilChunkStorage (DIM1): All chunks are saved
2020-04-30 19:24:20,752 Thread-14 > [19:24:20] [Server thread/INFO]: ThreadedAnvilChunkStorage (Jhean Paradise): All chunks are saved
2020-04-30 19:30:37,295 Thread-14 > [19:30:37] [main/WARN]: Ambiguity between arguments [teleport, destination] and [teleport, targets] with inputs: [Player, 0123, @e, dd12be42-52a9-4a91-a8a1-11c01849e498]
2020-04-30 19:30:37,297 Thread-14 > [19:30:37] [main/WARN]: Ambiguity between arguments [teleport, location] and [teleport, destination] with inputs: [0.1 -0.5 .9, 0 0 0]
2020-04-30 19:30:37,300 Thread-14 > [19:30:37] [main/WARN]: Ambiguity between arguments [teleport, location] and [teleport, targets] with inputs: [0.1 -0.5 .9, 0 0 0]
2020-04-30 19:30:37,301 Thread-14 > [19:30:37] [main/WARN]: Ambiguity between arguments [teleport, targets] and [teleport, destination] with inputs: [Player, 0123, dd12be42-52a9-4a91-a8a1-11c01849e498]
2020-04-30 19:30:37,304 Thread-14 > [19:30:37] [main/WARN]: Ambiguity between arguments [teleport, targets, location] and [teleport, targets, destination] with inputs: [0.1 -0.5 .9, 0 0 0]
2020-04-30 19:30:37,307 Thread-14 > [19:30:37] [Server thread/INFO]: Starting integrated minecraft server version 1.15.2
2020-04-30 19:30:37,310 Thread-14 > [19:30:37] [Server thread/INFO]: Generating keypair
2020-04-30 19:30:37,323 Thread-14 > [19:30:37] [Server thread/INFO]: Reloading ResourceManager: Default
2020-04-30 19:30:37,504 Thread-14 > [19:30:37] [Server thread/INFO]: Loaded 6 recipes
2020-04-30 19:30:37,556 Thread-14 > [19:30:37] [Server thread/INFO]: Loaded 825 advancements
2020-04-30 19:30:37,612 Thread-14 > [19:30:37] [Server thread/INFO]: Preparing start region for dimension minecraft:overworld
2020-04-30 19:30:38,050 Thread-14 > [19:30:38] [main/INFO]: Preparing spawn area: 0%
2020-04-30 19:30:38,131 Thread-14 > [19:30:38] [main/INFO]: Preparing spawn area: 0%
2020-04-30 19:30:38,208 Thread-14 > [19:30:38] [main/INFO]: Time elapsed: 581 ms
2020-04-30 19:30:38,209 Thread-14 > [19:30:38] [Server thread/INFO]: Changing view distance to 11, from 10
2020-04-30 19:30:38,356 Thread-14 > [19:30:38] [Server thread/INFO]: jpineros[local:E:e6b4bdd5] logged in with entity id 9507 at (-589.7401218152552, 69.0, 304.18534095343045)
2020-04-30 19:30:38,360 Thread-14 > [19:30:38] [Server thread/INFO]: jpineros joined the game
2020-04-30 19:30:38,502 Thread-14 > [19:30:38] [Server thread/INFO]: Saving and pausing game...
2020-04-30 19:30:38,509 Thread-14 > [19:30:38] [Server thread/INFO]: Saving chunks for level 'Jhean Paradise'/minecraft:the_nether
2020-04-30 19:30:38,512 Thread-14 > [19:30:38] [Server thread/INFO]: Saving chunks for level 'Jhean Paradise'/minecraft:the_end
2020-04-30 19:30:38,514 Thread-14 > [19:30:38] [Server thread/INFO]: Saving chunks for level 'Jhean Paradise'/minecraft:overworld
2020-04-30 19:30:38,545 Thread-14 > [19:30:38] [main/INFO]: Loaded 418 advancements
2020-04-30 19:33:54,943 Thread-14 > [19:33:54] [main/INFO]: [CHAT] Saved screenshot as 2020-04-30_19.33.54.png
2020-04-30 19:41:14,736 Thread-14 > [19:41:14] [main/INFO]: [CHAT] Respawn point set
2020-04-30 19:45:38,081 Thread-14 > [19:45:38] [main/WARN]: Received passengers for unknown entity
2020-04-30 19:48:25,715 Thread-14 > [19:48:25] [Server thread/INFO]: Saving and pausing game...
2020-04-30 19:48:25,723 Thread-14 > [19:48:25] [Server thread/INFO]: Saving chunks for level 'Jhean Paradise'/minecraft:the_nether
2020-04-30 19:48:25,724 Thread-14 > [19:48:25] [Server thread/INFO]: Saving chunks for level 'Jhean Paradise'/minecraft:the_end
2020-04-30 19:48:25,726 Thread-14 > [19:48:25] [Server thread/INFO]: Saving chunks for level 'Jhean Paradise'/minecraft:overworld
2020-04-30 19:48:26,843 Thread-14 > [19:48:26] [Server thread/INFO]: Scanning for legacy world dragon fight...
2020-04-30 19:48:26,844 Thread-14 > [19:48:26] [Server thread/INFO]: Found that the dragon has not yet been killed in this world.
2020-04-30 19:48:26,902 Thread-14 > [19:48:26] [Server thread/INFO]: Found that there's a dragon still alive (aus['Ender Dragon'/15755, l='Jhean Paradise', x=-34.79, y=65.50, z=20.48])
2020-04-30 19:48:26,904 Thread-14 > [19:48:26] [Server thread/INFO]: But we didn't have a portal, let's remove it.
2020-04-30 19:56:38,773 Thread-14 > [19:56:38] [Server thread/INFO]: Saving and pausing game...
2020-04-30 19:56:38,779 Thread-14 > [19:56:38] [Server thread/INFO]: Saving chunks for level 'Jhean Paradise'/minecraft:the_nether
2020-04-30 19:56:38,781 Thread-14 > [19:56:38] [Server thread/INFO]: Saving chunks for level 'Jhean Paradise'/minecraft:the_end
2020-04-30 19:56:38,804 Thread-14 > [19:56:38] [Server thread/INFO]: Saving chunks for level 'Jhean Paradise'/minecraft:overworld
2020-04-30 19:58:06,176 Thread-14 > [19:58:06] [Server thread/INFO]: jpineros was slain by Ender Dragon
2020-04-30 19:58:06,186 Thread-14 > [19:58:06] [main/INFO]: [CHAT] jpineros was slain by Ender Dragon
2020-04-30 19:58:07,424 Thread-14 > [19:58:07] [Server thread/INFO]: Saving and pausing game...
2020-04-30 19:58:07,430 Thread-14 > [19:58:07] [Server thread/INFO]: Saving chunks for level 'Jhean Paradise'/minecraft:the_nether
2020-04-30 19:58:07,432 Thread-14 > [19:58:07] [Server thread/INFO]: Saving chunks for level 'Jhean Paradise'/minecraft:the_end
2020-04-30 19:58:07,508 Thread-14 > [19:58:07] [Server thread/INFO]: Saving chunks for level 'Jhean Paradise'/minecraft:overworld
2020-04-30 19:58:43,518 Thread-14 > [19:58:43] [Server thread/INFO]: Saving and pausing game...
2020-04-30 19:58:43,530 Thread-14 > [19:58:43] [Server thread/INFO]: Saving chunks for level 'Jhean Paradise'/minecraft:the_nether
2020-04-30 19:58:43,532 Thread-14 > [19:58:43] [Server thread/INFO]: Saving chunks for level 'Jhean Paradise'/minecraft:the_end
2020-04-30 19:58:43,533 Thread-14 > [19:58:43] [Server thread/INFO]: Saving chunks for level 'Jhean Paradise'/minecraft:overworld
2020-04-30 19:59:29,108 Thread-14 > [19:59:29] [Server thread/INFO]: Saving and pausing game...
2020-04-30 19:59:29,123 Thread-14 > [19:59:29] [Server thread/INFO]: Saving chunks for level 'Jhean Paradise'/minecraft:the_nether
2020-04-30 19:59:29,592 Thread-14 > [19:59:29] [Server thread/INFO]: Saving chunks for level 'Jhean Paradise'/minecraft:the_end
2020-04-30 19:59:29,593 Thread-14 > [19:59:29] [Server thread/INFO]: Saving chunks for level 'Jhean Paradise'/minecraft:overworld
2020-04-30 20:00:15,556 Thread-14 > [20:00:15] [Server thread/INFO]: Saving and pausing game...
2020-04-30 20:00:15,568 Thread-14 > [20:00:15] [Server thread/INFO]: Saving chunks for level 'Jhean Paradise'/minecraft:the_nether
2020-04-30 20:00:15,570 Thread-14 > [20:00:15] [Server thread/INFO]: Saving chunks for level 'Jhean Paradise'/minecraft:the_end
2020-04-30 20:00:15,575 Thread-14 > [20:00:15] [Server thread/INFO]: Saving chunks for level 'Jhean Paradise'/minecraft:overworld
2020-04-30 20:02:10,980 Thread-14 > [20:02:10] [Server thread/INFO]: jpineros was slain by Ender Dragon
2020-04-30 20:02:10,982 Thread-14 > [20:02:10] [main/INFO]: [CHAT] jpineros was slain by Ender Dragon
2020-04-30 20:02:14,129 Thread-14 > [20:02:14] [Server thread/INFO]: Saving and pausing game...
2020-04-30 20:02:14,142 Thread-14 > [20:02:14] [Server thread/INFO]: Saving chunks for level 'Jhean Paradise'/minecraft:the_nether
2020-04-30 20:02:14,143 Thread-14 > [20:02:14] [Server thread/INFO]: Saving chunks for level 'Jhean Paradise'/minecraft:the_end
2020-04-30 20:02:14,198 Thread-14 > [20:02:14] [Server thread/INFO]: Saving chunks for level 'Jhean Paradise'/minecraft:overworld
2020-04-30 20:02:21,017 Thread-14 > [20:02:21] [main/INFO]: [CHAT] Respawn point set
2020-04-30 20:02:59,774 Thread-14 > [20:02:59] [Server thread/INFO]: Saving and pausing game...
2020-04-30 20:02:59,782 Thread-14 > [20:02:59] [Server thread/INFO]: Saving chunks for level 'Jhean Paradise'/minecraft:the_nether
2020-04-30 20:02:59,784 Thread-14 > [20:02:59] [Server thread/INFO]: Saving chunks for level 'Jhean Paradise'/minecraft:the_end
2020-04-30 20:02:59,785 Thread-14 > [20:02:59] [Server thread/INFO]: Saving chunks for level 'Jhean Paradise'/minecraft:overworld
2020-04-30 20:03:49,566 Thread-14 > [20:03:49] [Server thread/INFO]: Saving and pausing game...
2020-04-30 20:03:49,581 Thread-14 > [20:03:49] [Server thread/INFO]: Saving chunks for level 'Jhean Paradise'/minecraft:the_nether
2020-04-30 20:03:50,082 Thread-14 > [20:03:50] [Server thread/INFO]: Saving chunks for level 'Jhean Paradise'/minecraft:the_end
2020-04-30 20:03:50,084 Thread-14 > [20:03:50] [Server thread/INFO]: Saving chunks for level 'Jhean Paradise'/minecraft:overworld
2020-04-30 20:04:07,878 Thread-14 > [20:04:07] [main/INFO]: [CHAT] Respawn point set
2020-04-30 20:04:11,160 Thread-14 > [20:04:11] [Server thread/INFO]: Saving and pausing game...
2020-04-30 20:04:11,166 Thread-14 > [20:04:11] [Server thread/INFO]: Saving chunks for level 'Jhean Paradise'/minecraft:the_nether
2020-04-30 20:04:11,168 Thread-14 > [20:04:11] [Server thread/INFO]: Saving chunks for level 'Jhean Paradise'/minecraft:the_end
2020-04-30 20:04:11,169 Thread-14 > [20:04:11] [Server thread/INFO]: Saving chunks for level 'Jhean Paradise'/minecraft:overworld
2020-04-30 20:12:33,394 Thread-14 > [20:12:33] [Server thread/INFO]: jpineros was killed by Ender Dragon using magic
2020-04-30 20:12:33,405 Thread-14 > [20:12:33] [main/INFO]: [CHAT] jpineros was killed by Ender Dragon using magic
2020-04-30 20:12:39,315 Thread-14 > [20:12:39] [Server thread/INFO]: Saving and pausing game...
2020-04-30 20:12:39,325 Thread-14 > [20:12:39] [Server thread/INFO]: Saving chunks for level 'Jhean Paradise'/minecraft:the_nether
2020-04-30 20:12:39,326 Thread-14 > [20:12:39] [Server thread/INFO]: Saving chunks for level 'Jhean Paradise'/minecraft:the_end
2020-04-30 20:12:39,333 Thread-14 > [20:12:39] [Server thread/INFO]: Saving chunks for level 'Jhean Paradise'/minecraft:overworld
2020-04-30 20:17:02,699 Thread-14 > [20:17:02] [Server thread/INFO]: jpineros was killed by Ender Dragon using magic
2020-04-30 20:17:02,704 Thread-14 > [20:17:02] [main/INFO]: [CHAT] jpineros was killed by Ender Dragon using magic
2020-04-30 20:17:04,344 Thread-14 > [20:17:04] [Server thread/INFO]: Saving and pausing game...
2020-04-30 20:17:04,356 Thread-14 > [20:17:04] [Server thread/INFO]: Saving chunks for level 'Jhean Paradise'/minecraft:the_nether
2020-04-30 20:17:04,358 Thread-14 > [20:17:04] [Server thread/INFO]: Saving chunks for level 'Jhean Paradise'/minecraft:the_end
2020-04-30 20:17:04,417 Thread-14 > [20:17:04] [Server thread/INFO]: Saving chunks for level 'Jhean Paradise'/minecraft:overworld
2020-04-30 20:17:08,172 Thread-14 > [20:17:08] [Server thread/INFO]: Saving and pausing game...
2020-04-30 20:17:08,179 Thread-14 > [20:17:08] [Server thread/INFO]: Saving chunks for level 'Jhean Paradise'/minecraft:the_nether
2020-04-30 20:17:08,181 Thread-14 > [20:17:08] [Server thread/INFO]: Saving chunks for level 'Jhean Paradise'/minecraft:the_end
2020-04-30 20:17:08,186 Thread-14 > [20:17:08] [Server thread/INFO]: Saving chunks for level 'Jhean Paradise'/minecraft:overworld
2020-04-30 20:17:17,395 Thread-14 > [20:17:17] [Server thread/INFO]: Saving and pausing game...
2020-04-30 20:17:17,402 Thread-14 > [20:17:17] [Server thread/INFO]: Saving chunks for level 'Jhean Paradise'/minecraft:the_nether
2020-04-30 20:17:17,403 Thread-14 > [20:17:17] [Server thread/INFO]: Saving chunks for level 'Jhean Paradise'/minecraft:the_end
2020-04-30 20:17:17,460 Thread-14 > [20:17:17] [Server thread/INFO]: Saving chunks for level 'Jhean Paradise'/minecraft:overworld
2020-04-30 20:20:49,502 Thread-14 > [20:20:49] [Server thread/INFO]: jpineros was killed by Ender Dragon using magic
2020-04-30 20:20:49,514 Thread-14 > [20:20:49] [main/INFO]: [CHAT] jpineros was killed by Ender Dragon using magic
2020-04-30 20:20:51,005 Thread-14 > [20:20:51] [Server thread/INFO]: Saving and pausing game...
2020-04-30 20:20:51,010 Thread-14 > [20:20:51] [Server thread/INFO]: Saving chunks for level 'Jhean Paradise'/minecraft:the_nether
2020-04-30 20:20:51,011 Thread-14 > [20:20:51] [Server thread/INFO]: Saving chunks for level 'Jhean Paradise'/minecraft:the_end
2020-04-30 20:20:51,065 Thread-14 > [20:20:51] [Server thread/INFO]: Saving chunks for level 'Jhean Paradise'/minecraft:overworld
2020-04-30 20:21:47,326 Thread-14 > [20:21:47] [Server thread/INFO]: Saving and pausing game...
2020-04-30 20:21:47,342 Thread-14 > [20:21:47] [Server thread/INFO]: Saving chunks for level 'Jhean Paradise'/minecraft:the_nether
2020-04-30 20:21:47,343 Thread-14 > [20:21:47] [Server thread/INFO]: Saving chunks for level 'Jhean Paradise'/minecraft:the_end
2020-04-30 20:21:47,353 Thread-14 > [20:21:47] [Server thread/INFO]: Saving chunks for level 'Jhean Paradise'/minecraft:overworld
2020-04-30 20:26:58,059 Thread-14 > [20:26:58] [Server thread/INFO]: jpineros fell from a high place
2020-04-30 20:26:58,076 Thread-14 > [20:26:58] [main/INFO]: [CHAT] jpineros fell from a high place
2020-04-30 20:26:59,309 Thread-14 > [20:26:59] [Server thread/INFO]: Saving and pausing game...
2020-04-30 20:26:59,314 Thread-14 > [20:26:59] [Server thread/INFO]: Saving chunks for level 'Jhean Paradise'/minecraft:the_nether
2020-04-30 20:26:59,316 Thread-14 > [20:26:59] [Server thread/INFO]: Saving chunks for level 'Jhean Paradise'/minecraft:the_end
2020-04-30 20:26:59,394 Thread-14 > [20:26:59] [Server thread/INFO]: Saving chunks for level 'Jhean Paradise'/minecraft:overworld
2020-04-30 20:27:02,933 Thread-14 > [20:27:02] [Server thread/INFO]: Saving and pausing game...
2020-04-30 20:27:02,945 Thread-14 > [20:27:02] [Server thread/INFO]: Saving chunks for level 'Jhean Paradise'/minecraft:the_nether
2020-04-30 20:27:02,947 Thread-14 > [20:27:02] [Server thread/INFO]: Saving chunks for level 'Jhean Paradise'/minecraft:the_end
2020-04-30 20:27:02,954 Thread-14 > [20:27:02] [Server thread/INFO]: Saving chunks for level 'Jhean Paradise'/minecraft:overworld
2020-04-30 20:28:01,010 Thread-14 > [20:28:01] [Server thread/INFO]: jpineros fell from a high place
2020-04-30 20:28:01,025 Thread-14 > [20:28:01] [main/INFO]: [CHAT] jpineros fell from a high place
2020-04-30 20:28:02,306 Thread-14 > [20:28:02] [Server thread/INFO]: Saving and pausing game...
2020-04-30 20:28:02,311 Thread-14 > [20:28:02] [Server thread/INFO]: Saving chunks for level 'Jhean Paradise'/minecraft:the_nether
2020-04-30 20:28:02,312 Thread-14 > [20:28:02] [Server thread/INFO]: Saving chunks for level 'Jhean Paradise'/minecraft:the_end
2020-04-30 20:28:02,384 Thread-14 > [20:28:02] [Server thread/INFO]: Saving chunks for level 'Jhean Paradise'/minecraft:overworld
2020-04-30 20:28:05,683 Thread-14 > [20:28:05] [Server thread/INFO]: Saving and pausing game...
2020-04-30 20:28:05,688 Thread-14 > [20:28:05] [Server thread/INFO]: Saving chunks for level 'Jhean Paradise'/minecraft:the_nether
2020-04-30 20:28:05,689 Thread-14 > [20:28:05] [Server thread/INFO]: Saving chunks for level 'Jhean Paradise'/minecraft:the_end
2020-04-30 20:28:05,697 Thread-14 > [20:28:05] [Server thread/INFO]: Saving chunks for level 'Jhean Paradise'/minecraft:overworld
2020-04-30 20:29:24,412 Thread-14 > [20:29:24] [Server thread/INFO]: jpineros fell from a high place
2020-04-30 20:29:24,424 Thread-14 > [20:29:24] [main/INFO]: [CHAT] jpineros fell from a high place
2020-04-30 20:29:25,707 Thread-14 > [20:29:25] [Server thread/INFO]: Saving and pausing game...
2020-04-30 20:29:25,713 Thread-14 > [20:29:25] [Server thread/INFO]: Saving chunks for level 'Jhean Paradise'/minecraft:the_nether
2020-04-30 20:29:25,714 Thread-14 > [20:29:25] [Server thread/INFO]: Saving chunks for level 'Jhean Paradise'/minecraft:the_end
2020-04-30 20:29:25,787 Thread-14 > [20:29:25] [Server thread/INFO]: Saving chunks for level 'Jhean Paradise'/minecraft:overworld
2020-04-30 20:29:28,986 Thread-14 > [20:29:28] [Server thread/INFO]: Saving and pausing game...
2020-04-30 20:29:28,992 Thread-14 > [20:29:28] [Server thread/INFO]: Saving chunks for level 'Jhean Paradise'/minecraft:the_nether
2020-04-30 20:29:28,993 Thread-14 > [20:29:28] [Server thread/INFO]: Saving chunks for level 'Jhean Paradise'/minecraft:the_end
2020-04-30 20:29:29,001 Thread-14 > [20:29:29] [Server thread/INFO]: Saving chunks for level 'Jhean Paradise'/minecraft:overworld
2020-04-30 20:30:38,956 Thread-14 > [20:30:38] [Server thread/INFO]: jpineros has made the advancement [Free the End]
2020-04-30 20:30:38,971 Thread-14 > [20:30:38] [main/INFO]: [CHAT] jpineros has made the advancement [Free the End]
2020-04-30 20:30:38,973 Thread-14 > [20:30:38] [main/INFO]: Loaded 419 advancements
2020-04-30 20:30:48,959 Thread-14 > [20:30:48] [Server thread/INFO]: Saving and pausing game...
2020-04-30 20:30:48,964 Thread-14 > [20:30:48] [Server thread/INFO]: Saving chunks for level 'Jhean Paradise'/minecraft:the_nether
2020-04-30 20:30:48,966 Thread-14 > [20:30:48] [Server thread/INFO]: Saving chunks for level 'Jhean Paradise'/minecraft:the_end
2020-04-30 20:30:49,032 Thread-14 > [20:30:49] [Server thread/INFO]: Saving chunks for level 'Jhean Paradise'/minecraft:overworld
2020-04-30 20:30:56,811 Thread-14 > [20:30:56] [Server thread/INFO]: Saving and pausing game...
2020-04-30 20:30:56,816 Thread-14 > [20:30:56] [Server thread/INFO]: Saving chunks for level 'Jhean Paradise'/minecraft:the_nether
2020-04-30 20:30:56,817 Thread-14 > [20:30:56] [Server thread/INFO]: Saving chunks for level 'Jhean Paradise'/minecraft:the_end
2020-04-30 20:30:56,830 Thread-14 > [20:30:56] [Server thread/INFO]: Saving chunks for level 'Jhean Paradise'/minecraft:overworld
2020-04-30 20:31:00,939 Thread-14 > [20:31:00] [Server thread/INFO]: Saving and pausing game...
2020-04-30 20:31:00,944 Thread-14 > [20:31:00] [Server thread/INFO]: Saving chunks for level 'Jhean Paradise'/minecraft:the_nether
2020-04-30 20:31:00,946 Thread-14 > [20:31:00] [Server thread/INFO]: Saving chunks for level 'Jhean Paradise'/minecraft:the_end
2020-04-30 20:31:00,967 Thread-14 > [20:31:00] [Server thread/INFO]: Saving chunks for level 'Jhean Paradise'/minecraft:overworld
2020-04-30 20:34:24,879 Thread-14 > [20:34:24] [Server thread/INFO]: Saving and pausing game...
2020-04-30 20:34:24,893 Thread-14 > [20:34:24] [Server thread/INFO]: Saving chunks for level 'Jhean Paradise'/minecraft:the_nether
2020-04-30 20:34:25,522 Thread-14 > [20:34:25] [Server thread/INFO]: Saving chunks for level 'Jhean Paradise'/minecraft:the_end
2020-04-30 20:34:25,524 Thread-14 > [20:34:25] [Server thread/INFO]: Saving chunks for level 'Jhean Paradise'/minecraft:overworld
2020-04-30 20:35:59,923 Thread-14 > [20:35:59] [main/WARN]: Received passengers for unknown entity
2020-04-30 20:36:11,964 Thread-14 > [20:36:11] [Server thread/INFO]: Saving and pausing game...
2020-04-30 20:36:11,977 Thread-14 > [20:36:11] [Server thread/INFO]: Saving chunks for level 'Jhean Paradise'/minecraft:the_nether
2020-04-30 20:36:11,978 Thread-14 > [20:36:11] [Server thread/INFO]: Saving chunks for level 'Jhean Paradise'/minecraft:the_end
2020-04-30 20:36:11,980 Thread-14 > [20:36:11] [Server thread/INFO]: Saving chunks for level 'Jhean Paradise'/minecraft:overworld
2020-04-30 20:46:58,511 Thread-14 > [20:46:58] [main/INFO]: [CHAT] Respawn point set
2020-04-30 20:51:54,418 Thread-14 > [20:51:54] [main/WARN]: Received passengers for unknown entity
2020-04-30 20:52:12,424 Thread-14 > [20:52:12] [main/WARN]: Received passengers for unknown entity
2020-04-30 20:54:34,334 Thread-14 > [20:54:34] [Server thread/INFO]: Saving and pausing game...
2020-04-30 20:54:34,341 Thread-14 > [20:54:34] [Server thread/INFO]: Saving chunks for level 'Jhean Paradise'/minecraft:the_nether
2020-04-30 20:54:34,342 Thread-14 > [20:54:34] [Server thread/INFO]: Saving chunks for level 'Jhean Paradise'/minecraft:the_end
2020-04-30 20:54:34,343 Thread-14 > [20:54:34] [Server thread/INFO]: Saving chunks for level 'Jhean Paradise'/minecraft:overworld
2020-04-30 21:00:14,590 Thread-14 > [21:00:14] [Server thread/INFO]: Saving and pausing game...
2020-04-30 21:00:14,603 Thread-14 > [21:00:14] [Server thread/INFO]: Saving chunks for level 'Jhean Paradise'/minecraft:the_nether
2020-04-30 21:00:14,605 Thread-14 > [21:00:14] [Server thread/INFO]: Saving chunks for level 'Jhean Paradise'/minecraft:the_end
2020-04-30 21:00:14,606 Thread-14 > [21:00:14] [Server thread/INFO]: Saving chunks for level 'Jhean Paradise'/minecraft:overworld
2020-04-30 21:00:15,398 Thread-14 > [21:00:15] [Server thread/INFO]: jpineros lost connection: Disconnected
2020-04-30 21:00:15,399 Thread-14 > [21:00:15] [Server thread/INFO]: jpineros left the game
2020-04-30 21:00:15,403 Thread-14 > [21:00:15] [Server thread/INFO]: Stopping singleplayer server as player logged out
2020-04-30 21:00:15,440 Thread-14 > [21:00:15] [Server thread/INFO]: Stopping server
2020-04-30 21:00:15,441 Thread-14 > [21:00:15] [Server thread/INFO]: Saving players
2020-04-30 21:00:15,441 Thread-14 > [21:00:15] [Server thread/INFO]: Saving worlds
2020-04-30 21:00:15,442 Thread-14 > [21:00:15] [Server thread/INFO]: Saving chunks for level 'Jhean Paradise'/minecraft:the_nether
2020-04-30 21:00:15,443 Thread-14 > [21:00:15] [Server thread/INFO]: ThreadedAnvilChunkStorage (DIM-1): All chunks are saved
2020-04-30 21:00:15,444 Thread-14 > [21:00:15] [Server thread/INFO]: Saving chunks for level 'Jhean Paradise'/minecraft:the_end
2020-04-30 21:00:15,446 Thread-14 > [21:00:15] [Server thread/INFO]: ThreadedAnvilChunkStorage (DIM1): All chunks are saved
2020-04-30 21:00:15,447 Thread-14 > [21:00:15] [Server thread/INFO]: Saving chunks for level 'Jhean Paradise'/minecraft:overworld
2020-04-30 21:00:15,654 Thread-14 > [21:00:15] [Server thread/INFO]: ThreadedAnvilChunkStorage (Jhean Paradise): All chunks are saved
2020-04-30 21:00:15,657 Thread-14 > [21:00:15] [Server thread/INFO]: ThreadedAnvilChunkStorage (DIM-1): All chunks are saved
2020-04-30 21:00:15,659 Thread-14 > [21:00:15] [Server thread/INFO]: ThreadedAnvilChunkStorage (DIM1): All chunks are saved
2020-04-30 21:00:15,661 Thread-14 > [21:00:15] [Server thread/INFO]: ThreadedAnvilChunkStorage (Jhean Paradise): All chunks are saved
2020-04-30 21:01:28,095 Thread-14 > [21:01:28] [main/INFO]: Stopping!
2020-04-30 21:01:29,284 Thread-14 Here I am!
2020-04-30 21:01:29,334 Thread-14 [VersionManager] Refreshing versions locally...
2020-04-30 21:01:29,352 Thread-14 [VersionManager] Versions has been refreshed (17 ms)
2020-04-30 21:01:29,366 Thread-14 [Launcher] Minecraft closed with exit code: 0
2020-04-30 21:01:29,367 LoopedThread#8 [Launcher] Launcher exited.
2020-04-30 21:59:58,697 LoopedThread#8 [LoginForm] Login was OK. Trying to launch now.
2020-04-30 21:59:58,960 LoopedThread#8 [Launcher] Running under TLauncher 2.69
2020-04-30 21:59:58,962 LoopedThread#8 [Launcher] Collecting info...
2020-04-30 21:59:58,964 LoopedThread#8 [TLauncherManager] before clearLibrary 
2020-04-30 21:59:58,967 LoopedThread#8 [TLauncherManager] written:  []
2020-04-30 21:59:58,968 LoopedThread#8 [TLauncherManager] after clearLibrary 
2020-04-30 21:59:58,968 LoopedThread#8 [Launcher] Force update: false
2020-04-30 21:59:58,969 LoopedThread#8 [Launcher] Selected version: latest-release
2020-04-30 21:59:58,969 LoopedThread#8 [Launcher] Selected account: Account{displayName=null, userid=null, uuid=null, username=jpineros}
2020-04-30 21:59:58,971 LoopedThread#8 [Launcher] Version sync info: VersionSyncInfo{id='1.15.2',
local=CompleteVersion{id='1.15.2', time=Tue Apr 28 01:31:30 COT 2020, release=Fri Jan 17 05:03:52 COT 2020, type=release, class=net.minecraft.client.main.Main, minimumVersion=21, assets='1.15', source=LOCAL_VERSION_REPO, list=net.minecraft.launcher.updater.OfficialVersionList@4f52a880, libraries=[Library{name='com.mojang:patchy:1.1', rules=null, natives=null, extract=null, packed='null'}, Library{name='oshi-project:oshi-core:1.1', rules=null, natives=null, extract=null, packed='null'}, Library{name='net.java.dev.jna:jna:4.4.0', rules=null, natives=null, extract=null, packed='null'}, Library{name='net.java.dev.jna:platform:3.4.0', rules=null, natives=null, extract=null, packed='null'}, Library{name='com.ibm.icu:icu4j-core-mojang:51.2', rules=null, natives=null, extract=null, packed='null'}, Library{name='com.mojang:javabridge:1.0.22', rules=null, natives=null, extract=null, packed='null'}, Library{name='net.sf.jopt-simple:jopt-simple:5.0.3', rules=null, natives=null, extract=null, packed='null'}, Library{name='io.netty:netty-all:4.1.25.Final', rules=null, natives=null, extract=null, packed='null'}, Library{name='com.google.guava:guava:21.0', rules=null, natives=null, extract=null, packed='null'}, Library{name='org.apache.commons:commons-lang3:3.5', rules=null, natives=null, extract=null, packed='null'}, Library{name='commons-io:commons-io:2.5', rules=null, natives=null, extract=null, packed='null'}, Library{name='commons-codec:commons-codec:1.10', rules=null, natives=null, extract=null, packed='null'}, Library{name='net.java.jinput:jinput:2.0.5', rules=null, natives=null, extract=null, packed='null'}, Library{name='net.java.jutils:jutils:1.0.0', rules=null, natives=null, extract=null, packed='null'}, Library{name='com.mojang:brigadier:1.0.17', rules=null, natives=null, extract=null, packed='null'}, Library{name='com.mojang:datafixerupper:2.0.24', rules=null, natives=null, extract=null, packed='null'}, Library{name='com.google.code.gson:gson:2.8.0', rules=null, natives=null, extract=null, packed='null'}, Library{name='com.mojang:authlib:1.5.25', rules=null, natives=null, extract=null, packed='null'}, Library{name='org.apache.commons:commons-compress:1.8.1', rules=null, natives=null, extract=null, packed='null'}, Library{name='org.apache.httpcomponents:httpclient:4.3.3', rules=null, natives=null, extract=null, packed='null'}, Library{name='commons-logging:commons-logging:1.1.3', rules=null, natives=null, extract=null, packed='null'}, Library{name='org.apache.httpcomponents:httpcore:4.3.2', rules=null, natives=null, extract=null, packed='null'}, Library{name='it.unimi.dsi:fastutil:8.2.1', rules=null, natives=null, extract=null, packed='null'}, Library{name='org.apache.logging.log4j:log4j-api:2.8.1', rules=null, natives=null, extract=null, packed='null'}, Library{name='org.apache.logging.log4j:log4j-core:2.8.1', rules=null, natives=null, extract=null, packed='null'}, Library{name='org.lwjgl:lwjgl:3.2.1', rules=[Rule{action=ALLOW, os=OSRestriction{name=OSX, version='null'}, features=null}], natives=null, extract=null, packed='null'}, Library{name='org.lwjgl:lwjgl:3.2.2', rules=[Rule{action=ALLOW, os=null, features=null}, Rule{action=DISALLOW, os=OSRestriction{name=OSX, version='null'}, features=null}], natives=null, extract=null, packed='null'}, Library{name='org.lwjgl:lwjgl-jemalloc:3.2.1', rules=[Rule{action=ALLOW, os=OSRestriction{name=OSX, version='null'}, features=null}], natives=null, extract=null, packed='null'}, Library{name='org.lwjgl:lwjgl-jemalloc:3.2.2', rules=[Rule{action=ALLOW, os=null, features=null}, Rule{action=DISALLOW, os=OSRestriction{name=OSX, version='null'}, features=null}], natives=null, extract=null, packed='null'}, Library{name='org.lwjgl:lwjgl-openal:3.2.1', rules=[Rule{action=ALLOW, os=OSRestriction{name=OSX, version='null'}, features=null}], natives=null, extract=null, packed='null'}, Library{name='org.lwjgl:lwjgl-openal:3.2.2', rules=[Rule{action=ALLOW, os=null, features=null}, Rule{action=DISALLOW, os=OSRestriction{name=OSX, version='null'}, features=null}], natives=null, extract=null, packed='null'}, Library{name='org.lwjgl:lwjgl-opengl:3.2.1', rules=[Rule{action=ALLOW, os=OSRestriction{name=OSX, version='null'}, features=null}], natives=null, extract=null, packed='null'}, Library{name='org.lwjgl:lwjgl-opengl:3.2.2', rules=[Rule{action=ALLOW, os=null, features=null}, Rule{action=DISALLOW, os=OSRestriction{name=OSX, version='null'}, features=null}], natives=null, extract=null, packed='null'}, Library{name='org.lwjgl:lwjgl-glfw:3.2.1', rules=[Rule{action=ALLOW, os=OSRestriction{name=OSX, version='null'}, features=null}], natives=null, extract=null, packed='null'}, Library{name='org.lwjgl:lwjgl-glfw:3.2.2', rules=[Rule{action=ALLOW, os=null, features=null}, Rule{action=DISALLOW, os=OSRestriction{name=OSX, version='null'}, features=null}], natives=null, extract=null, packed='null'}, Library{name='org.lwjgl:lwjgl-stb:3.2.1', rules=[Rule{action=ALLOW, os=OSRestriction{name=OSX, version='null'}, features=null}], natives=null, extract=null, packed='null'}, Library{name='org.lwjgl:lwjgl-stb:3.2.2', rules=[Rule{action=ALLOW, os=null, features=null}, Rule{action=DISALLOW, os=OSRestriction{name=OSX, version='null'}, features=null}], natives=null, extract=null, packed='null'}, Library{name='org.lwjgl:lwjgl-tinyfd:3.2.1', rules=[Rule{action=ALLOW, os=OSRestriction{name=OSX, version='null'}, features=null}], natives=null, extract=null, packed='null'}, Library{name='org.lwjgl:lwjgl-tinyfd:3.2.2', rules=[Rule{action=ALLOW, os=null, features=null}, Rule{action=DISALLOW, os=OSRestriction{name=OSX, version='null'}, features=null}], natives=null, extract=null, packed='null'}, Library{name='org.lwjgl:lwjgl:3.2.1', rules=[Rule{action=ALLOW, os=OSRestriction{name=OSX, version='null'}, features=null}], natives={OSX=natives-macos}, extract=null, packed='null'}, Library{name='org.lwjgl:lwjgl:3.2.2', rules=[Rule{action=ALLOW, os=null, features=null}, Rule{action=DISALLOW, os=OSRestriction{name=OSX, version='null'}, features=null}], natives={LINUX=natives-linux, WINDOWS=natives-windows}, extract=null, packed='null'}, Library{name='org.lwjgl:lwjgl-jemalloc:3.2.1', rules=[Rule{action=ALLOW, os=OSRestriction{name=OSX, version='null'}, features=null}], natives={OSX=natives-macos}, extract=null, packed='null'}, Library{name='org.lwjgl:lwjgl-jemalloc:3.2.2', rules=[Rule{action=ALLOW, os=null, features=null}, Rule{action=DISALLOW, os=OSRestriction{name=OSX, version='null'}, features=null}], natives={LINUX=natives-linux, WINDOWS=natives-windows}, extract=null, packed='null'}, Library{name='org.lwjgl:lwjgl-openal:3.2.1', rules=[Rule{action=ALLOW, os=OSRestriction{name=OSX, version='null'}, features=null}], natives={OSX=natives-macos}, extract=null, packed='null'}, Library{name='org.lwjgl:lwjgl-openal:3.2.2', rules=[Rule{action=ALLOW, os=null, features=null}, Rule{action=DISALLOW, os=OSRestriction{name=OSX, version='null'}, features=null}], natives={LINUX=natives-linux, WINDOWS=natives-windows}, extract=null, packed='null'}, Library{name='org.lwjgl:lwjgl-opengl:3.2.1', rules=[Rule{action=ALLOW, os=OSRestriction{name=OSX, version='null'}, features=null}], natives={OSX=natives-macos}, extract=null, packed='null'}, Library{name='org.lwjgl:lwjgl-opengl:3.2.2', rules=[Rule{action=ALLOW, os=null, features=null}, Rule{action=DISALLOW, os=OSRestriction{name=OSX, version='null'}, features=null}], natives={LINUX=natives-linux, WINDOWS=natives-windows}, extract=null, packed='null'}, Library{name='org.lwjgl:lwjgl-glfw:3.2.1', rules=[Rule{action=ALLOW, os=OSRestriction{name=OSX, version='null'}, features=null}], natives={OSX=natives-macos}, extract=null, packed='null'}, Library{name='org.lwjgl:lwjgl-glfw:3.2.2', rules=[Rule{action=ALLOW, os=null, features=null}, Rule{action=DISALLOW, os=OSRestriction{name=OSX, version='null'}, features=null}], natives={LINUX=natives-linux, WINDOWS=natives-windows}, extract=null, packed='null'}, Library{name='org.lwjgl:lwjgl-stb:3.2.1', rules=[Rule{action=ALLOW, os=OSRestriction{name=OSX, version='null'}, features=null}], natives={OSX=natives-macos}, extract=null, packed='null'}, Library{name='org.lwjgl:lwjgl-tinyfd:3.2.2', rules=[Rule{action=ALLOW, os=null, features=null}, Rule{action=DISALLOW, os=OSRestriction{name=OSX, version='null'}, features=null}], natives={LINUX=natives-linux, WINDOWS=natives-windows}, extract=null, packed='null'}, Library{name='org.lwjgl:lwjgl-tinyfd:3.2.1', rules=[Rule{action=ALLOW, os=OSRestriction{name=OSX, version='null'}, features=null}], natives={OSX=natives-macos}, extract=null, packed='null'}, Library{name='org.lwjgl:lwjgl-stb:3.2.2', rules=[Rule{action=ALLOW, os=null, features=null}, Rule{action=DISALLOW, os=OSRestriction{name=OSX, version='null'}, features=null}], natives={LINUX=natives-linux, WINDOWS=natives-windows}, extract=null, packed='null'}, Library{name='com.mojang:text2speech:1.11.3', rules=null, natives=null, extract=null, packed='null'}, Library{name='com.mojang:text2speech:1.11.3', rules=null, natives={LINUX=natives-linux, WINDOWS=natives-windows}, extract=net.minecraft.launcher.versions.ExtractRules@38843cef, packed='null'}, Library{name='ca.weblite:java-objc-bridge:1.0.0', rules=[Rule{action=ALLOW, os=OSRestriction{name=OSX, version='null'}, features=null}], natives={OSX=natives-osx}, extract=net.minecraft.launcher.versions.ExtractRules@3cbbaf27, packed='null'}, Library{name='ca.weblite:java-objc-bridge:1.0.0', rules=[Rule{action=ALLOW, os=OSRestriction{name=OSX, version='null'}, features=null}], natives=null, extract=null, packed='null'}]},
remote=PartialVersion{id='1.15.2', time=Tue Apr 28 01:31:30 COT 2020, release=Fri Jan 17 05:03:52 COT 2020, type=release, source=OFFICIAL_VERSION_REPO, skinVersion=false, list=net.minecraft.launcher.updater.OfficialVersionList@4f52a880}, isInstalled=true, hasRemote=true, isUpToDate=true}
2020-04-30 21:59:59,058 LoopedThread#8 [Launcher] Java path: /Library/Internet Plug-Ins/JavaAppletPlugin.plugin/Contents/Home/bin/java
2020-04-30 21:59:59,059 LoopedThread#8 [Launcher] Checking conditions...
2020-04-30 21:59:59,060 LoopedThread#8 [Launcher] Comparing assets...
2020-04-30 21:59:59,061 LoopedThread#8 [AssetsManager] Checking resources...
2020-04-30 21:59:59,061 LoopedThread#8 [AssetsManager] Reading indexes from file /Users/jpineros/Library/Application Support/minecraft/assets/indexes/1.15.json
2020-04-30 21:59:59,072 LoopedThread#8 [AssetsManager] Fast comparing: true
2020-04-30 21:59:59,203 LoopedThread#8 [Launcher] Delta time to compare assets: 142 ms.
2020-04-30 21:59:59,204 LoopedThread#8 [TLauncherManager] add required libraries: 1.15.2
2020-04-30 21:59:59,454 LoopedThread#8 [VersionManager] Required for version 1.15.2: []
2020-04-30 21:59:59,455 LoopedThread#8 [Modpack]  got container
2020-04-30 21:59:59,460 LoopedThread#8 [TLauncherManager] library will be replaced: com.mojang:authlib:1.5.25
2020-04-30 21:59:59,461 LoopedThread#8 [TLauncherManager] library will be replaced: com.mojang:patchy:1.1
2020-04-30 21:59:59,461 LoopedThread#8 [TLauncherManager] library will be added as required: net.minecraft:launchwrapper:1.12
2020-04-30 21:59:59,462 LoopedThread#8 [TLauncherManager] library will be added as required: org.ow2.asm:asm-commons:6.2
2020-04-30 21:59:59,463 LoopedThread#8 [TLauncherManager] library will be added as required: org.ow2.asm:asm:6.2
2020-04-30 21:59:59,463 LoopedThread#8 [TLauncherManager] library will be added as required: org.ow2.asm:asm-tree:6.2
2020-04-30 21:59:59,464 LoopedThread#8 [TLauncherManager] library will be added: org.tlauncher:tl_skin_cape_1.15.2:1.9
2020-04-30 21:59:59,476 LoopedThread#8 [Launcher] Unpacking natives...
2020-04-30 21:59:59,480 LoopedThread#8 [Launcher] Constructing process...
2020-04-30 21:59:59,487 LoopedThread#8 [Launcher] Constructing classpath...
2020-04-30 21:59:59,489 LoopedThread#8 [Launcher] Getting Minecraft arguments...
2020-04-30 21:59:59,492 LoopedThread#8 [Launcher] Full command (characters are not escaped):
/Library/Internet Plug-Ins/JavaAppletPlugin.plugin/Contents/Home/bin/java -Xdock:icon="/Users/jpineros/Library/Application Support/minecraft/assets/objects/99/991b421dfd401f115241601b2b373140a8d78572" -Xdock:name=Minecraft -Djava.net.preferIPv4Stack=true -Xmn128M -Xmx10922M -XstartOnFirstThread -Xss1M -Djava.library.path=/Users/jpineros/Library/Application Support/minecraft/versions/1.15.2/natives -Dminecraft.launcher.brand=minecraft-launcher -Dminecraft.launcher.version=2.0.1003 -cp /Users/jpineros/Library/Application Support/minecraft/libraries/org/tlauncher/tl_skin_cape_1.15.2/1.9/tl_skin_cape_1.15.2-1.9.jar:/Users/jpineros/Library/Application Support/minecraft/libraries/org/ow2/asm/asm-tree/6.2/asm-tree-6.2.jar:/Users/jpineros/Library/Application Support/minecraft/libraries/org/ow2/asm/asm/6.2/asm-6.2.jar:/Users/jpineros/Library/Application Support/minecraft/libraries/org/ow2/asm/asm-commons/6.2/asm-commons-6.2.jar:/Users/jpineros/Library/Application Support/minecraft/libraries/net/minecraft/launchwrapper/1.12/launchwrapper-1.12.jar:/Users/jpineros/Library/Application Support/minecraft/libraries/org/tlauncher/patchy/1.1/patchy-1.1.jar:/Users/jpineros/Library/Application Support/minecraft/libraries/oshi-project/oshi-core/1.1/oshi-core-1.1.jar:/Users/jpineros/Library/Application Support/minecraft/libraries/net/java/dev/jna/jna/4.4.0/jna-4.4.0.jar:/Users/jpineros/Library/Application Support/minecraft/libraries/net/java/dev/jna/platform/3.4.0/platform-3.4.0.jar:/Users/jpineros/Library/Application Support/minecraft/libraries/com/ibm/icu/icu4j-core-mojang/51.2/icu4j-core-mojang-51.2.jar:/Users/jpineros/Library/Application Support/minecraft/libraries/com/mojang/javabridge/1.0.22/javabridge-1.0.22.jar:/Users/jpineros/Library/Application Support/minecraft/libraries/net/sf/jopt-simple/jopt-simple/5.0.3/jopt-simple-5.0.3.jar:/Users/jpineros/Library/Application Support/minecraft/libraries/io/netty/netty-all/4.1.25.Final/netty-all-4.1.25.Final.jar:/Users/jpineros/Library/Application Support/minecraft/libraries/com/google/guava/guava/21.0/guava-21.0.jar:/Users/jpineros/Library/Application Support/minecraft/libraries/org/apache/commons/commons-lang3/3.5/commons-lang3-3.5.jar:/Users/jpineros/Library/Application Support/minecraft/libraries/commons-io/commons-io/2.5/commons-io-2.5.jar:/Users/jpineros/Library/Application Support/minecraft/libraries/commons-codec/commons-codec/1.10/commons-codec-1.10.jar:/Users/jpineros/Library/Application Support/minecraft/libraries/net/java/jinput/jinput/2.0.5/jinput-2.0.5.jar:/Users/jpineros/Library/Application Support/minecraft/libraries/net/java/jutils/jutils/1.0.0/jutils-1.0.0.jar:/Users/jpineros/Library/Application Support/minecraft/libraries/com/mojang/brigadier/1.0.17/brigadier-1.0.17.jar:/Users/jpineros/Library/Application Support/minecraft/libraries/com/mojang/datafixerupper/2.0.24/datafixerupper-2.0.24.jar:/Users/jpineros/Library/Application Support/minecraft/libraries/com/google/code/gson/gson/2.8.0/gson-2.8.0.jar:/Users/jpineros/Library/Application Support/minecraft/libraries/org/tlauncher/authlib/1.6.25/authlib-1.6.25.jar:/Users/jpineros/Library/Application Support/minecraft/libraries/org/apache/commons/commons-compress/1.8.1/commons-compress-1.8.1.jar:/Users/jpineros/Library/Application Support/minecraft/libraries/org/apache/httpcomponents/httpclient/4.3.3/httpclient-4.3.3.jar:/Users/jpineros/Library/Application Support/minecraft/libraries/commons-logging/commons-logging/1.1.3/commons-logging-1.1.3.jar:/Users/jpineros/Library/Application Support/minecraft/libraries/org/apache/httpcomponents/httpcore/4.3.2/httpcore-4.3.2.jar:/Users/jpineros/Library/Application Support/minecraft/libraries/it/unimi/dsi/fastutil/8.2.1/fastutil-8.2.1.jar:/Users/jpineros/Library/Application Support/minecraft/libraries/org/apache/logging/log4j/log4j-api/2.8.1/log4j-api-2.8.1.jar:/Users/jpineros/Library/Application Support/minecraft/libraries/org/apache/logging/log4j/log4j-core/2.8.1/log4j-core-2.8.1.jar:/Users/jpineros/Library/Application Support/minecraft/libraries/org/lwjgl/lwjgl/3.2.1/lwjgl-3.2.1.jar:/Users/jpineros/Library/Application Support/minecraft/libraries/org/lwjgl/lwjgl-jemalloc/3.2.1/lwjgl-jemalloc-3.2.1.jar:/Users/jpineros/Library/Application Support/minecraft/libraries/org/lwjgl/lwjgl-openal/3.2.1/lwjgl-openal-3.2.1.jar:/Users/jpineros/Library/Application Support/minecraft/libraries/org/lwjgl/lwjgl-opengl/3.2.1/lwjgl-opengl-3.2.1.jar:/Users/jpineros/Library/Application Support/minecraft/libraries/org/lwjgl/lwjgl-glfw/3.2.1/lwjgl-glfw-3.2.1.jar:/Users/jpineros/Library/Application Support/minecraft/libraries/org/lwjgl/lwjgl-stb/3.2.1/lwjgl-stb-3.2.1.jar:/Users/jpineros/Library/Application Support/minecraft/libraries/org/lwjgl/lwjgl-tinyfd/3.2.1/lwjgl-tinyfd-3.2.1.jar:/Users/jpineros/Library/Application Support/minecraft/libraries/com/mojang/text2speech/1.11.3/text2speech-1.11.3.jar:/Users/jpineros/Library/Application Support/minecraft/libraries/ca/weblite/java-objc-bridge/1.0.0/java-objc-bridge-1.0.0.jar:/Users/jpineros/Library/Application Support/minecraft/versions/1.15.2/1.15.2.jar -Dminecraft.applet.TargetDirectory=/Users/jpineros/Library/Application Support/minecraft -XX:+UnlockExperimentalVMOptions -XX:+UseG1GC -XX:G1NewSizePercent=20 -XX:G1ReservePercent=20 -XX:MaxGCPauseMillis=50 -XX:G1HeapRegionSize=32M -Dfml.ignoreInvalidMinecraftCertificates=true -Dfml.ignorePatchDiscrepancies=true org.tlauncher.LaunchNew --username jpineros --version 1.15.2 --gameDir /Users/jpineros/Library/Application Support/minecraft --assetsDir /Users/jpineros/Library/Application Support/minecraft/assets --assetIndex 1.15 --uuid 00000000-0000-0000-0000-000000000000 --accessToken null --userType legacy --versionType release --width 925 --height 530 --tweakClass org.tlauncher.tweaker.Tweaker
2020-04-30 21:59:59,541 LoopedThread#8 [Launcher] Launching Minecraft...
2020-04-30 21:59:59,541 LoopedThread#8 I'm hiding!
2020-04-30 21:59:59,543 LoopedThread#8 [TLauncherManager] mods after 
2020-04-30 21:59:59,544 LoopedThread#8 [InnerMinecraftServersImpl]  search changers of the servers
2020-04-30 21:59:59,551 LoopedThread#8 read servers from servers.dat []
2020-04-30 21:59:59,552 LoopedThread#8 [InnerMinecraftServersImpl]  prepare inner servers
2020-04-30 21:59:59,552 LoopedThread#8 save servers to servers.dat
2020-04-30 21:59:59,555 LoopedThread#8 [Launcher] Starting Minecraft latest-release...
2020-04-30 21:59:59,555 LoopedThread#8 [Launcher] Launching in: /Users/jpineros/Library/Application Support/minecraft
2020-04-30 21:59:59,556 LoopedThread#8 Starting garbage collector: 70 / 300 MB
2020-04-30 21:59:59,689 LoopedThread#8 Garbage collector completed: 43 / 288 MB
2020-04-30 21:59:59,710 LoopedThread#8 [Launcher] Processing post-launch actions. Assist launch: true
2020-04-30 22:00:00,702 Thread-226 ===============================================================================================
2020-04-30 22:00:00,704 Thread-226 > [22:00:00] [main/INFO]: Loading tweak class name org.tlauncher.tweaker.Tweaker
2020-04-30 22:00:00,706 Thread-226 > [22:00:00] [main/INFO]: Using primary tweak class name org.tlauncher.tweaker.Tweaker
2020-04-30 22:00:00,707 Thread-226 > [22:00:00] [main/WARN]: Tweak class name org.tlauncher.tweaker.Tweaker has already been visited -- skipping
2020-04-30 22:00:00,709 Thread-226 > [22:00:00] [main/INFO]: Calling tweak class org.tlauncher.tweaker.Tweaker
2020-04-30 22:00:00,710 Thread-226 > Log Path: /Users/jpineros/Library/Application Support/minecraft/./tlLoader/Tweaker.log
2020-04-30 22:00:00,711 Thread-226 > [main INFO] Using Tweaker
2020-04-30 22:00:00,712 Thread-226 > [main INFO] Tweaker: acceptOptions
2020-04-30 22:00:00,713 Thread-226 > [main INFO] Tweaker: injectIntoClassLoader
2020-04-30 22:00:00,720 Thread-226 > [TLSkinCape] Current version is [:]
2020-04-30 22:00:00,721 Thread-226 > [TLSkinCape] Current Minecraft version is 1.15.2.
2020-04-30 22:00:00,723 Thread-226 > [main INFO] Hook method dpy#n()Lsm; loaded.
2020-04-30 22:00:00,724 Thread-226 > [main INFO] Hook method dpy#m()Lsm; loaded.
2020-04-30 22:00:00,725 Thread-226 > [main INFO] Hook method dpy#s()Ljava/lang/String; loaded.
2020-04-30 22:00:00,726 Thread-226 > [main INFO] Hook method ayj#a(Layk;)Z loaded.
2020-04-30 22:00:00,727 Thread-226 > [main INFO] Hook method dgf#render(IIF)V loaded.
2020-04-30 22:00:00,727 Thread-226 > [main INFO] Loaded as a library.
2020-04-30 22:00:00,728 Thread-226 > [main INFO] Tweaker: getLaunchArguments
2020-04-30 22:00:00,736 Thread-226 > [22:00:00] [main/INFO]: Launching wrapped minecraft {org.tlauncher.MainNew}
2020-04-30 22:00:01,100 Thread-226 > [Render thread INFO] [TLSkinCape] Method dgf.render(IIF)V successfully hooked.
2020-04-30 22:00:01,119 Thread-226 > [Render thread INFO] [TLSkinCape] Method ayj.a(Layk;)Z successfully hooked.
2020-04-30 22:00:01,137 Thread-226 > [Render thread INFO] [TLSkinCape] Method dpy.n()Lsm; successfully hooked.
2020-04-30 22:00:01,138 Thread-226 > [Render thread INFO] [TLSkinCape] Method dpy.m()Lsm; successfully hooked.
2020-04-30 22:00:01,139 Thread-226 > [Render thread INFO] [TLSkinCape] Method dpy.s()Ljava/lang/String; successfully hooked.
2020-04-30 22:00:01,346 Thread-226 > [22:00:01] [main/INFO]: Setting user: jpineros
2020-04-30 22:00:04,874 Thread-226 > [22:00:04] [main/INFO]: Backend library: LWJGL version 3.2.1 build 12
2020-04-30 22:00:07,753 Thread-226 > [22:00:07] [main/INFO]: Reloading ResourceManager: Default
2020-04-30 22:00:07,775 Thread-226 > [22:00:07] [main/INFO]: [STDOUT]: [Connector] trying to start...
2020-04-30 22:00:07,777 Thread-226 > [22:00:07] [main/INFO]: [STDOUT]: [Connector] no server info
2020-04-30 22:00:07,778 Thread-226 > [22:00:07] [main/INFO]: [STDOUT]: [Connector] end
2020-04-30 22:00:08,752 Thread-226 > [22:00:08] [Realms Notification Availability checker #1/INFO]: Could not authorize you against Realms server: Invalid session id
2020-04-30 22:00:14,213 Thread-226 > [22:00:14] [main/INFO]: OpenAL initialized.
2020-04-30 22:00:14,214 Thread-226 > [22:00:14] [main/INFO]: Sound engine started
2020-04-30 22:00:14,401 Thread-226 > [22:00:14] [main/INFO]: Created: 1024x1024x4 minecraft:textures/atlas/blocks.png-atlas
2020-04-30 22:00:14,414 Thread-226 > [22:00:14] [main/INFO]: Created: 256x128x4 minecraft:textures/atlas/signs.png-atlas
2020-04-30 22:00:14,415 Thread-226 > [22:00:14] [main/INFO]: Created: 1024x512x4 minecraft:textures/atlas/banner_patterns.png-atlas
2020-04-30 22:00:14,416 Thread-226 > [22:00:14] [main/INFO]: Created: 1024x512x4 minecraft:textures/atlas/shield_patterns.png-atlas
2020-04-30 22:00:14,418 Thread-226 > [22:00:14] [main/INFO]: Created: 256x256x4 minecraft:textures/atlas/chest.png-atlas
2020-04-30 22:00:14,418 Thread-226 > [22:00:14] [main/INFO]: Created: 512x256x4 minecraft:textures/atlas/beds.png-atlas
2020-04-30 22:00:14,419 Thread-226 > [22:00:14] [main/INFO]: Created: 512x256x4 minecraft:textures/atlas/shulker_boxes.png-atlas
2020-04-30 22:00:14,846 Thread-226 > [22:00:14] [main/INFO]: Created: 256x256x0 minecraft:textures/atlas/particles.png-atlas
2020-04-30 22:00:14,848 Thread-226 > [22:00:14] [main/INFO]: Created: 256x256x0 minecraft:textures/atlas/paintings.png-atlas
2020-04-30 22:00:14,849 Thread-226 > [22:00:14] [main/INFO]: Created: 256x128x0 minecraft:textures/atlas/mob_effects.png-atlas
2020-04-30 22:00:22,344 Thread-226 > [22:00:22] [main/WARN]: Ambiguity between arguments [teleport, destination] and [teleport, targets] with inputs: [Player, 0123, @e, dd12be42-52a9-4a91-a8a1-11c01849e498]
2020-04-30 22:00:22,347 Thread-226 > [22:00:22] [main/WARN]: Ambiguity between arguments [teleport, location] and [teleport, destination] with inputs: [0.1 -0.5 .9, 0 0 0]
2020-04-30 22:00:22,349 Thread-226 > [22:00:22] [main/WARN]: Ambiguity between arguments [teleport, location] and [teleport, targets] with inputs: [0.1 -0.5 .9, 0 0 0]
2020-04-30 22:00:22,351 Thread-226 > [22:00:22] [main/WARN]: Ambiguity between arguments [teleport, targets] and [teleport, destination] with inputs: [Player, 0123, dd12be42-52a9-4a91-a8a1-11c01849e498]
2020-04-30 22:00:22,353 Thread-226 > [22:00:22] [main/WARN]: Ambiguity between arguments [teleport, targets, location] and [teleport, targets, destination] with inputs: [0.1 -0.5 .9, 0 0 0]
2020-04-30 22:00:22,388 Thread-226 > [22:00:22] [Server thread/INFO]: Starting integrated minecraft server version 1.15.2
2020-04-30 22:00:22,390 Thread-226 > [22:00:22] [Server thread/INFO]: Generating keypair
2020-04-30 22:00:22,464 Thread-226 > [22:00:22] [Server thread/INFO]: Reloading ResourceManager: Default
2020-04-30 22:00:22,792 Thread-226 > [22:00:22] [Server thread/INFO]: Loaded 6 recipes
2020-04-30 22:00:23,010 Thread-226 > [22:00:23] [Server thread/INFO]: Loaded 825 advancements
2020-04-30 22:00:23,275 Thread-226 > [22:00:23] [Server thread/INFO]: Preparing start region for dimension minecraft:overworld
2020-04-30 22:00:24,387 Thread-226 > [22:00:24] [main/INFO]: Preparing spawn area: 0%
2020-04-30 22:00:24,388 Thread-226 > [22:00:24] [main/INFO]: Preparing spawn area: 0%
2020-04-30 22:00:24,390 Thread-226 > [22:00:24] [main/INFO]: Preparing spawn area: 0%
2020-04-30 22:00:24,830 Thread-226 > [22:00:24] [main/INFO]: Preparing spawn area: 94%
2020-04-30 22:00:24,893 Thread-226 > [22:00:24] [main/INFO]: Time elapsed: 1601 ms
2020-04-30 22:00:25,020 Thread-226 > 2020-04-30 22:00:25.020 java[64960:1247289] [JRSAppKitAWT markAppIsDaemon]: Process manager already initialized: can't fully enable headless mode.
2020-04-30 22:00:25,378 Thread-226 > [22:00:25] [Server thread/INFO]: Changing view distance to 11, from 10
2020-04-30 22:00:26,449 Thread-226 > [22:00:26] [Server thread/INFO]: jpineros[local:E:38fe3960] logged in with entity id 214 at (-13.684517032698722, 62.0, 32.31588961283603)
2020-04-30 22:00:26,495 Thread-226 > [22:00:26] [Server thread/INFO]: jpineros joined the game
2020-04-30 22:00:26,695 Thread-226 > [22:00:26] [Server thread/INFO]: Saving and pausing game...
2020-04-30 22:00:26,739 Thread-226 > [22:00:26] [Server thread/INFO]: Saving chunks for level 'Jhean Paradise'/minecraft:the_nether
2020-04-30 22:00:26,742 Thread-226 > [22:00:26] [Server thread/INFO]: Saving chunks for level 'Jhean Paradise'/minecraft:overworld
2020-04-30 22:00:27,733 Thread-226 > [22:00:27] [main/INFO]: textures 'jpineros' was added, skin: false,cape: false, max waiting: 1 ,during : 478 
2020-04-30 22:00:27,819 Thread-226 > [22:00:27] [Server thread/INFO]: Saving chunks for level 'Jhean Paradise'/minecraft:the_end
2020-04-30 22:00:27,945 Thread-226 > [22:00:27] [main/INFO]: Loaded 419 advancements
2020-04-30 22:06:16,794 Thread-226 > [22:06:16] [Server thread/INFO]: Saving and pausing game...
2020-04-30 22:06:16,812 Thread-226 > [22:06:16] [Server thread/INFO]: Saving chunks for level 'Jhean Paradise'/minecraft:the_nether
2020-04-30 22:06:17,323 Thread-226 > [22:06:17] [Server thread/INFO]: Saving chunks for level 'Jhean Paradise'/minecraft:overworld
2020-04-30 22:06:17,387 Thread-226 > [22:06:17] [Server thread/INFO]: Saving chunks for level 'Jhean Paradise'/minecraft:the_end
2020-04-30 22:06:39,728 Thread-226 > [22:06:39] [main/INFO]: [CHAT] Respawn point set
2020-04-30 22:06:45,428 Thread-226 > [22:06:45] [Server thread/INFO]: Saving and pausing game...
2020-04-30 22:06:45,453 Thread-226 > [22:06:45] [Server thread/INFO]: Saving chunks for level 'Jhean Paradise'/minecraft:the_nether
2020-04-30 22:06:45,456 Thread-226 > [22:06:45] [Server thread/INFO]: Saving chunks for level 'Jhean Paradise'/minecraft:overworld
2020-04-30 22:06:45,966 Thread-226 > [22:06:45] [Server thread/INFO]: Saving chunks for level 'Jhean Paradise'/minecraft:the_end
2020-04-30 22:06:46,778 Thread-226 > [22:06:46] [Server thread/INFO]: Scanning for legacy world dragon fight...
2020-04-30 22:06:46,781 Thread-226 > [22:06:46] [Server thread/INFO]: Found that the dragon has been killed in this world already.
2020-04-30 22:13:08,459 Thread-226 > [22:13:08] [Server thread/INFO]: jpineros has made the advancement [Remote Getaway]
2020-04-30 22:13:08,472 Thread-226 > [22:13:08] [main/INFO]: [CHAT] jpineros has made the advancement [Remote Getaway]
2020-04-30 22:13:09,521 Thread-226 > [22:13:09] [main/INFO]: Loaded 421 advancements
2020-04-30 22:13:34,321 Thread-226 > [22:13:34] [main/INFO]: Loaded 422 advancements
2020-04-30 22:19:57,516 Thread-226 > [22:19:57] [Server thread/INFO]: jpineros has made the advancement [The City at the End of the Game]
2020-04-30 22:19:57,520 Thread-226 > [22:19:57] [main/INFO]: [CHAT] jpineros has made the advancement [The City at the End of the Game]
2020-04-30 22:19:57,569 Thread-226 > [22:19:57] [main/INFO]: Loaded 422 advancements
2020-04-30 22:20:11,119 Thread-226 > [22:20:11] [main/INFO]: Loaded 428 advancements
2020-04-30 22:20:12,068 Thread-226 > [22:20:12] [main/INFO]: Loaded 434 advancements
2020-04-30 22:20:57,968 Thread-226 > [22:20:57] [Server thread/INFO]: jpineros was slain by Shulker
2020-04-30 22:20:57,971 Thread-226 > [22:20:57] [main/INFO]: [CHAT] jpineros was slain by Shulker
2020-04-30 22:21:01,468 Thread-226 > [22:21:01] [Server thread/INFO]: Saving and pausing game...
2020-04-30 22:21:01,475 Thread-226 > [22:21:01] [Server thread/INFO]: Saving chunks for level 'Jhean Paradise'/minecraft:the_nether
2020-04-30 22:21:01,477 Thread-226 > [22:21:01] [Server thread/INFO]: Saving chunks for level 'Jhean Paradise'/minecraft:overworld
2020-04-30 22:21:01,520 Thread-226 > [22:21:01] [Server thread/INFO]: Saving chunks for level 'Jhean Paradise'/minecraft:the_end
2020-04-30 22:21:06,796 Thread-226 > [22:21:06] [Server thread/INFO]: Saving and pausing game...
2020-04-30 22:21:06,811 Thread-226 > [22:21:06] [Server thread/INFO]: Saving chunks for level 'Jhean Paradise'/minecraft:the_nether
2020-04-30 22:21:06,813 Thread-226 > [22:21:06] [Server thread/INFO]: Saving chunks for level 'Jhean Paradise'/minecraft:overworld
2020-04-30 22:21:07,133 Thread-226 > [22:21:07] [Server thread/INFO]: Saving chunks for level 'Jhean Paradise'/minecraft:the_end
2020-04-30 22:25:21,532 Thread-226 > [22:25:21] [main/INFO]: Loaded 434 advancements
2020-04-30 22:30:49,281 Thread-226 > [22:30:49] [Server thread/INFO]: jpineros hit the ground too hard
2020-04-30 22:30:49,282 Thread-226 > [22:30:49] [main/INFO]: [CHAT] jpineros hit the ground too hard
2020-04-30 22:30:50,726 Thread-226 > [22:30:50] [Server thread/INFO]: Saving and pausing game...
2020-04-30 22:30:50,733 Thread-226 > [22:30:50] [Server thread/INFO]: Saving chunks for level 'Jhean Paradise'/minecraft:the_nether
2020-04-30 22:30:50,735 Thread-226 > [22:30:50] [Server thread/INFO]: Saving chunks for level 'Jhean Paradise'/minecraft:overworld
2020-04-30 22:30:50,771 Thread-226 > [22:30:50] [Se