2020-04-30 15:14:28,314 main [Loading] INITIALIZING
Starting TLauncher 2.69 RELEASE
For more information, visit https://tlauncher.org/
Startup time: Apr 30, 2020 3:14:27 PM
---
run double running protectin
[Loading] LOADING_CONFIGURATION
Loading configuration from file: /Users/jpineros/Library/Application Support/tlauncher/tlauncher-2.0.properties
[Configuration] Constant values: {}
Machine info: -------------------------------------------------------
Mac OS X 10.15.4, Java 1.8.0_231, jvm bit x64, 16384 MB RAM
java path=/Library/Internet Plug-Ins/JavaAppletPlugin.plugin/Contents/Home/bin/java
Intel UHD Graphics 630
-------------------------------------------------------
Selected locale: en_US
[Loading] LOADING_CONSOLE


2020-04-30 15:14:28,314 main [Downloader2] Loaded configuration: good
2020-04-30 15:14:28,441 ExtendedThread#4 [Updater] Requesting an update...
2020-04-30 15:14:28,442 ExtendedThread#4 [Updater] Requesting from: http://repo.tlauncher.org/update/lch/update_2.0.json
2020-04-30 15:14:28,443 ExtendedThread#4 [Updater] Making request: http://repo.tlauncher.org/update/lch/update_2.0.json?version=2.69&client=1989ed1d-7f80-4273-b5a5-0b1ae81b1ee6
2020-04-30 15:14:28,539 main [Browser] Loading resources...
2020-04-30 15:14:28,639 main [Browser] Loading background...
2020-04-30 15:14:28,692 main [Browser] Cleaning up after loading:
2020-04-30 15:14:28,692 main Starting garbage collector: 84 / 198 MB
2020-04-30 15:14:28,747 main Garbage collector completed: 18 / 231 MB
2020-04-30 15:14:28,748 main [Loading] LOADING_MANAGERS
2020-04-30 15:14:28,753 main [LocalVersionList] Base directory: /Users/jpineros/Library/Application Support/minecraft
2020-04-30 15:14:28,763 main [ProfileManager] Refreshing profiles from: /Users/jpineros/Library/Application Support/minecraft/TlauncherProfiles.json
2020-04-30 15:14:28,772 main [AdvertisingStatusObserver]  started to get ad information
2020-04-30 15:14:28,773 main [AdvertisingStatusObserver]  finished to get add information
2020-04-30 15:14:28,773 ExtendedThread#6 [GsonUtil]  request to http://repo.tlauncher.org/update/downloads/libraries/org/tlauncher/authlib/libraries-1.6.json
2020-04-30 15:14:28,778 main [Loading] LOADING_WINDOW
2020-04-30 15:14:28,926 JavaFX Application Thread [JFXStartPageLoader]  start load page: http://page.tlauncher.org/update/downloads/configs/client/eng.html
2020-04-30 15:14:28,930 JavaFX Application Thread [Browser] Running in JavaFX Thread
2020-04-30 15:14:28,931 JavaFX Application Thread [Browser] Preparing JavaFX...
2020-04-30 15:14:28,998 JavaFX Application Thread [Browser] Initializing...
2020-04-30 15:14:29,034 ExtendedThread#7 [REPO][SERVER_LIST_REPO] Success: Reached the repo in 256 ms.
2020-04-30 15:14:29,066 main [Loading] PREPARING_MAINPANE
2020-04-30 15:14:29,103 ExtendedThread#4 [Updater] Request time: 661 ms
2020-04-30 15:14:29,103 ExtendedThread#4 [Updater] Successfully requested from: http://repo.tlauncher.org/update/lch/update_2.0.json
2020-04-30 15:14:29,208 main [Downloader2] Loaded configuration: good
2020-04-30 15:14:29,932 JavaFX Application Thread [JFXStartPageLoader]  succeeded load page: http://page.tlauncher.org/update/downloads/configs/client/eng.html during 1
2020-04-30 15:14:29,933 JavaFX Application Thread [Browser@1364605056] Loaded successfully: "http://page.tlauncher.org/update/downloads/configs/client/eng.html"
2020-04-30 15:14:30,016 JavaFX Application Thread [Browser] add listens into server_choose
2020-04-30 15:14:30,016 JavaFX Application Thread [Browser] finished listens into server_choose
2020-04-30 15:14:30,182 main [Loading] POSTINIT_GUI
2020-04-30 15:14:30,182 main [Frame] Packing main frame...
2020-04-30 15:14:30,272 main [Frame] Resizing main pane...
2020-04-30 15:14:30,273 main Updater is already closed. Showing up...
2020-04-30 15:14:30,274 main Visibility set.
2020-04-30 15:14:30,278 main [Loading] REFRESHING_INFO
2020-04-30 15:14:30,280 ExtendedThread#4 [VersionManager] Refreshing versions remotely...
2020-04-30 15:14:30,280 ExtendedThread#6 [REPO][EXTRA_VERSION_REPO] Attempt #1; timeout: 45000 ms; url: http://repo.tlauncher.org/update/downloads/versions/new3/
2020-04-30 15:14:30,283 main Started! (2475 ms.)
2020-04-30 15:14:30,283 main [Loading] SUCCESS
2020-04-30 15:14:30,307 main [TLauncher] show tlauncher!!!
2020-04-30 15:14:30,307 main [Double running] clear time label
2020-04-30 15:14:30,330 AsyncObject#13 [REPO][OFFICIAL_VERSION_REPO] Attempt #1; timeout: 45000 ms; url: https://launchermeta.mojang.com/mc/game/
2020-04-30 15:14:30,330 AsyncObject#15 [REPO][SKIN_VERSION_REPO] Attempt #1; timeout: 45000 ms; url: http://repo.tlauncher.org/update/downloads/versions/new3/skin/versions/
2020-04-30 15:14:30,331 AsyncObject#14 [REPO][EXTRA_VERSION_REPO] Attempt #1; timeout: 45000 ms; url: http://repo.tlauncher.org/update/downloads/versions/new3/
2020-04-30 15:14:30,397 ExtendedThread#6 [REPO][EXTRA_VERSION_REPO] Success: Reached the repo in 117 ms.
2020-04-30 15:14:30,403 AsyncObject#15 [REPO][SKIN_VERSION_REPO] Success: Reached the repo in 72 ms.
2020-04-30 15:14:30,412 AsyncObject#14 [REPO][EXTRA_VERSION_REPO] Success: Reached the repo in 81 ms.
2020-04-30 15:14:30,420 AsyncObject#15 [SkinVersionList] Got in 90 ms
2020-04-30 15:14:30,445 AsyncObject#14 [ExtraVersionList] Got in 115 ms
2020-04-30 15:14:30,900 AsyncObject#13 [REPO][OFFICIAL_VERSION_REPO] Success: Reached the repo in 570 ms.
2020-04-30 15:14:30,989 AsyncObject#13 [OfficialVersionList] Got in 659 ms
2020-04-30 15:14:30,990 ExtendedThread#4 [VersionManager] Versions has been refreshed (698 ms)
2020-04-30 15:14:31,145 ExtendedThread#16 [REPO][ADD_HOT_SERVERS_REPO] Attempt #1; timeout: 45000 ms; url: http://repo.tlauncher.org/update/lch/additional_hot_servers-1.0.json
2020-04-30 15:14:31,148 ExtendedThread#17 [REPO][HOT_SERVERS_REPO] Attempt #1; timeout: 45000 ms; url: http://repo.tlauncher.org/update/lch/servers/hot_servers-1.0.json
2020-04-30 15:14:31,187 Thread-12 run server on  37842
2020-04-30 15:14:31,242 ExtendedThread#16 [REPO][ADD_HOT_SERVERS_REPO] Success: Reached the repo in 94 ms.
2020-04-30 15:14:31,248 ExtendedThread#17 [REPO][HOT_SERVERS_REPO] Success: Reached the repo in 95 ms.
2020-04-30 15:14:35,087 LoopedThread#8 [LoginForm] Login was OK. Trying to launch now.
2020-04-30 15:14:35,350 LoopedThread#8 [Launcher] Running under TLauncher 2.69
2020-04-30 15:14:35,352 LoopedThread#8 [Launcher] Collecting info...
2020-04-30 15:14:35,360 LoopedThread#8 [TLauncherManager] before clearLibrary 
2020-04-30 15:14:35,364 LoopedThread#8 [TLauncherManager] written:  []
2020-04-30 15:14:35,365 LoopedThread#8 [TLauncherManager] after clearLibrary 
2020-04-30 15:14:35,366 LoopedThread#8 [Launcher] Force update: false
2020-04-30 15:14:35,367 LoopedThread#8 [Launcher] Selected version: latest-release
2020-04-30 15:14:35,367 LoopedThread#8 [Launcher] Selected account: Account{displayName=null, userid=null, uuid=null, username=jpineros}
2020-04-30 15:14:35,369 LoopedThread#8 [Launcher] Version sync info: VersionSyncInfo{id='1.15.2',
local=CompleteVersion{id='1.15.2', time=Tue Apr 28 01:31:30 COT 2020, release=Fri Jan 17 05:03:52 COT 2020, type=release, class=net.minecraft.client.main.Main, minimumVersion=21, assets='1.15', source=LOCAL_VERSION_REPO, list=net.minecraft.launcher.updater.OfficialVersionList@6b891259, libraries=[Library{name='com.mojang:patchy:1.1', rules=null, natives=null, extract=null, packed='null'}, Library{name='oshi-project:oshi-core:1.1', rules=null, natives=null, extract=null, packed='null'}, Library{name='net.java.dev.jna:jna:4.4.0', rules=null, natives=null, extract=null, packed='null'}, Library{name='net.java.dev.jna:platform:3.4.0', rules=null, natives=null, extract=null, packed='null'}, Library{name='com.ibm.icu:icu4j-core-mojang:51.2', rules=null, natives=null, extract=null, packed='null'}, Library{name='com.mojang:javabridge:1.0.22', rules=null, natives=null, extract=null, packed='null'}, Library{name='net.sf.jopt-simple:jopt-simple:5.0.3', rules=null, natives=null, extract=null, packed='null'}, Library{name='io.netty:netty-all:4.1.25.Final', rules=null, natives=null, extract=null, packed='null'}, Library{name='com.google.guava:guava:21.0', rules=null, natives=null, extract=null, packed='null'}, Library{name='org.apache.commons:commons-lang3:3.5', rules=null, natives=null, extract=null, packed='null'}, Library{name='commons-io:commons-io:2.5', rules=null, natives=null, extract=null, packed='null'}, Library{name='commons-codec:commons-codec:1.10', rules=null, natives=null, extract=null, packed='null'}, Library{name='net.java.jinput:jinput:2.0.5', rules=null, natives=null, extract=null, packed='null'}, Library{name='net.java.jutils:jutils:1.0.0', rules=null, natives=null, extract=null, packed='null'}, Library{name='com.mojang:brigadier:1.0.17', rules=null, natives=null, extract=null, packed='null'}, Library{name='com.mojang:datafixerupper:2.0.24', rules=null, natives=null, extract=null, packed='null'}, Library{name='com.google.code.gson:gson:2.8.0', rules=null, natives=null, extract=null, packed='null'}, Library{name='com.mojang:authlib:1.5.25', rules=null, natives=null, extract=null, packed='null'}, Library{name='org.apache.commons:commons-compress:1.8.1', rules=null, natives=null, extract=null, packed='null'}, Library{name='org.apache.httpcomponents:httpclient:4.3.3', rules=null, natives=null, extract=null, packed='null'}, Library{name='commons-logging:commons-logging:1.1.3', rules=null, natives=null, extract=null, packed='null'}, Library{name='org.apache.httpcomponents:httpcore:4.3.2', rules=null, natives=null, extract=null, packed='null'}, Library{name='it.unimi.dsi:fastutil:8.2.1', rules=null, natives=null, extract=null, packed='null'}, Library{name='org.apache.logging.log4j:log4j-api:2.8.1', rules=null, natives=null, extract=null, packed='null'}, Library{name='org.apache.logging.log4j:log4j-core:2.8.1', rules=null, natives=null, extract=null, packed='null'}, Library{name='org.lwjgl:lwjgl:3.2.1', rules=[Rule{action=ALLOW, os=OSRestriction{name=OSX, version='null'}, features=null}], natives=null, extract=null, packed='null'}, Library{name='org.lwjgl:lwjgl:3.2.2', rules=[Rule{action=ALLOW, os=null, features=null}, Rule{action=DISALLOW, os=OSRestriction{name=OSX, version='null'}, features=null}], natives=null, extract=null, packed='null'}, Library{name='org.lwjgl:lwjgl-jemalloc:3.2.1', rules=[Rule{action=ALLOW, os=OSRestriction{name=OSX, version='null'}, features=null}], natives=null, extract=null, packed='null'}, Library{name='org.lwjgl:lwjgl-jemalloc:3.2.2', rules=[Rule{action=ALLOW, os=null, features=null}, Rule{action=DISALLOW, os=OSRestriction{name=OSX, version='null'}, features=null}], natives=null, extract=null, packed='null'}, Library{name='org.lwjgl:lwjgl-openal:3.2.1', rules=[Rule{action=ALLOW, os=OSRestriction{name=OSX, version='null'}, features=null}], natives=null, extract=null, packed='null'}, Library{name='org.lwjgl:lwjgl-openal:3.2.2', rules=[Rule{action=ALLOW, os=null, features=null}, Rule{action=DISALLOW, os=OSRestriction{name=OSX, version='null'}, features=null}], natives=null, extract=null, packed='null'}, Library{name='org.lwjgl:lwjgl-opengl:3.2.1', rules=[Rule{action=ALLOW, os=OSRestriction{name=OSX, version='null'}, features=null}], natives=null, extract=null, packed='null'}, Library{name='org.lwjgl:lwjgl-opengl:3.2.2', rules=[Rule{action=ALLOW, os=null, features=null}, Rule{action=DISALLOW, os=OSRestriction{name=OSX, version='null'}, features=null}], natives=null, extract=null, packed='null'}, Library{name='org.lwjgl:lwjgl-glfw:3.2.1', rules=[Rule{action=ALLOW, os=OSRestriction{name=OSX, version='null'}, features=null}], natives=null, extract=null, packed='null'}, Library{name='org.lwjgl:lwjgl-glfw:3.2.2', rules=[Rule{action=ALLOW, os=null, features=null}, Rule{action=DISALLOW, os=OSRestriction{name=OSX, version='null'}, features=null}], natives=null, extract=null, packed='null'}, Library{name='org.lwjgl:lwjgl-stb:3.2.1', rules=[Rule{action=ALLOW, os=OSRestriction{name=OSX, version='null'}, features=null}], natives=null, extract=null, packed='null'}, Library{name='org.lwjgl:lwjgl-stb:3.2.2', rules=[Rule{action=ALLOW, os=null, features=null}, Rule{action=DISALLOW, os=OSRestriction{name=OSX, version='null'}, features=null}], natives=null, extract=null, packed='null'}, Library{name='org.lwjgl:lwjgl-tinyfd:3.2.1', rules=[Rule{action=ALLOW, os=OSRestriction{name=OSX, version='null'}, features=null}], natives=null, extract=null, packed='null'}, Library{name='org.lwjgl:lwjgl-tinyfd:3.2.2', rules=[Rule{action=ALLOW, os=null, features=null}, Rule{action=DISALLOW, os=OSRestriction{name=OSX, version='null'}, features=null}], natives=null, extract=null, packed='null'}, Library{name='org.lwjgl:lwjgl:3.2.1', rules=[Rule{action=ALLOW, os=OSRestriction{name=OSX, version='null'}, features=null}], natives={OSX=natives-macos}, extract=null, packed='null'}, Library{name='org.lwjgl:lwjgl:3.2.2', rules=[Rule{action=ALLOW, os=null, features=null}, Rule{action=DISALLOW, os=OSRestriction{name=OSX, version='null'}, features=null}], natives={LINUX=natives-linux, WINDOWS=natives-windows}, extract=null, packed='null'}, Library{name='org.lwjgl:lwjgl-jemalloc:3.2.1', rules=[Rule{action=ALLOW, os=OSRestriction{name=OSX, version='null'}, features=null}], natives={OSX=natives-macos}, extract=null, packed='null'}, Library{name='org.lwjgl:lwjgl-jemalloc:3.2.2', rules=[Rule{action=ALLOW, os=null, features=null}, Rule{action=DISALLOW, os=OSRestriction{name=OSX, version='null'}, features=null}], natives={LINUX=natives-linux, WINDOWS=natives-windows}, extract=null, packed='null'}, Library{name='org.lwjgl:lwjgl-openal:3.2.1', rules=[Rule{action=ALLOW, os=OSRestriction{name=OSX, version='null'}, features=null}], natives={OSX=natives-macos}, extract=null, packed='null'}, Library{name='org.lwjgl:lwjgl-openal:3.2.2', rules=[Rule{action=ALLOW, os=null, features=null}, Rule{action=DISALLOW, os=OSRestriction{name=OSX, version='null'}, features=null}], natives={LINUX=natives-linux, WINDOWS=natives-windows}, extract=null, packed='null'}, Library{name='org.lwjgl:lwjgl-opengl:3.2.1', rules=[Rule{action=ALLOW, os=OSRestriction{name=OSX, version='null'}, features=null}], natives={OSX=natives-macos}, extract=null, packed='null'}, Library{name='org.lwjgl:lwjgl-opengl:3.2.2', rules=[Rule{action=ALLOW, os=null, features=null}, Rule{action=DISALLOW, os=OSRestriction{name=OSX, version='null'}, features=null}], natives={LINUX=natives-linux, WINDOWS=natives-windows}, extract=null, packed='null'}, Library{name='org.lwjgl:lwjgl-glfw:3.2.1', rules=[Rule{action=ALLOW, os=OSRestriction{name=OSX, version='null'}, features=null}], natives={OSX=natives-macos}, extract=null, packed='null'}, Library{name='org.lwjgl:lwjgl-glfw:3.2.2', rules=[Rule{action=ALLOW, os=null, features=null}, Rule{action=DISALLOW, os=OSRestriction{name=OSX, version='null'}, features=null}], natives={LINUX=natives-linux, WINDOWS=natives-windows}, extract=null, packed='null'}, Library{name='org.lwjgl:lwjgl-stb:3.2.1', rules=[Rule{action=ALLOW, os=OSRestriction{name=OSX, version='null'}, features=null}], natives={OSX=natives-macos}, extract=null, packed='null'}, Library{name='org.lwjgl:lwjgl-tinyfd:3.2.2', rules=[Rule{action=ALLOW, os=null, features=null}, Rule{action=DISALLOW, os=OSRestriction{name=OSX, version='null'}, features=null}], natives={LINUX=natives-linux, WINDOWS=natives-windows}, extract=null, packed='null'}, Library{name='org.lwjgl:lwjgl-tinyfd:3.2.1', rules=[Rule{action=ALLOW, os=OSRestriction{name=OSX, version='null'}, features=null}], natives={OSX=natives-macos}, extract=null, packed='null'}, Library{name='org.lwjgl:lwjgl-stb:3.2.2', rules=[Rule{action=ALLOW, os=null, features=null}, Rule{action=DISALLOW, os=OSRestriction{name=OSX, version='null'}, features=null}], natives={LINUX=natives-linux, WINDOWS=natives-windows}, extract=null, packed='null'}, Library{name='com.mojang:text2speech:1.11.3', rules=null, natives=null, extract=null, packed='null'}, Library{name='com.mojang:text2speech:1.11.3', rules=null, natives={LINUX=natives-linux, WINDOWS=natives-windows}, extract=net.minecraft.launcher.versions.ExtractRules@284befcf, packed='null'}, Library{name='ca.weblite:java-objc-bridge:1.0.0', rules=[Rule{action=ALLOW, os=OSRestriction{name=OSX, version='null'}, features=null}], natives={OSX=natives-osx}, extract=net.minecraft.launcher.versions.ExtractRules@65d36db1, packed='null'}, Library{name='ca.weblite:java-objc-bridge:1.0.0', rules=[Rule{action=ALLOW, os=OSRestriction{name=OSX, version='null'}, features=null}], natives=null, extract=null, packed='null'}]},
remote=PartialVersion{id='1.15.2', time=Tue Apr 28 01:31:30 COT 2020, release=Fri Jan 17 05:03:52 COT 2020, type=release, source=OFFICIAL_VERSION_REPO, skinVersion=false, list=net.minecraft.launcher.updater.OfficialVersionList@6b891259}, isInstalled=true, hasRemote=true, isUpToDate=true}
2020-04-30 15:14:35,459 LoopedThread#8 [Launcher] Java path: /Library/Internet Plug-Ins/JavaAppletPlugin.plugin/Contents/Home/bin/java
2020-04-30 15:14:35,465 LoopedThread#8 [Launcher] Checking conditions...
2020-04-30 15:14:35,471 LoopedThread#8 [Launcher] Comparing assets...
2020-04-30 15:14:35,472 LoopedThread#8 [AssetsManager] Checking resources...
2020-04-30 15:14:35,472 LoopedThread#8 [AssetsManager] Reading indexes from file /Users/jpineros/Library/Application Support/minecraft/assets/indexes/1.15.json
2020-04-30 15:14:35,486 LoopedThread#8 [AssetsManager] Fast comparing: true
2020-04-30 15:14:35,531 LoopedThread#8 [Launcher] Delta time to compare assets: 59 ms.
2020-04-30 15:14:35,532 LoopedThread#8 [TLauncherManager] add required libraries: 1.15.2
2020-04-30 15:14:35,713 LoopedThread#8 [VersionManager] Required for version 1.15.2: []
2020-04-30 15:14:35,715 LoopedThread#8 [Modpack]  got container
2020-04-30 15:14:35,728 LoopedThread#8 [TLauncherManager] library will be replaced: com.mojang:authlib:1.5.25
2020-04-30 15:14:35,729 LoopedThread#8 [TLauncherManager] library will be replaced: com.mojang:patchy:1.1
2020-04-30 15:14:35,730 LoopedThread#8 [TLauncherManager] library will be added as required: net.minecraft:launchwrapper:1.12
2020-04-30 15:14:35,731 LoopedThread#8 [TLauncherManager] library will be added as required: org.ow2.asm:asm-commons:6.2
2020-04-30 15:14:35,732 LoopedThread#8 [TLauncherManager] library will be added as required: org.ow2.asm:asm:6.2
2020-04-30 15:14:35,733 LoopedThread#8 [TLauncherManager] library will be added as required: org.ow2.asm:asm-tree:6.2
2020-04-30 15:14:35,734 LoopedThread#8 [TLauncherManager] library will be added: org.tlauncher:tl_skin_cape_1.15.2:1.9
2020-04-30 15:14:35,744 LoopedThread#8 [Launcher] Unpacking natives...
2020-04-30 15:14:35,749 LoopedThread#8 [Launcher] Constructing process...
2020-04-30 15:14:35,770 LoopedThread#8 [Launcher] Constructing classpath...
2020-04-30 15:14:35,773 LoopedThread#8 [Launcher] Getting Minecraft arguments...
2020-04-30 15:14:35,775 LoopedThread#8 [Launcher] Full command (characters are not escaped):
/Library/Internet Plug-Ins/JavaAppletPlugin.plugin/Contents/Home/bin/java -Xdock:icon="/Users/jpineros/Library/Application Support/minecraft/assets/objects/99/991b421dfd401f115241601b2b373140a8d78572" -Xdock:name=Minecraft -Djava.net.preferIPv4Stack=true -Xmn128M -Xmx10922M -XstartOnFirstThread -Xss1M -Djava.library.path=/Users/jpineros/Library/Application Support/minecraft/versions/1.15.2/natives -Dminecraft.launcher.brand=minecraft-launcher -Dminecraft.launcher.version=2.0.1003 -cp /Users/jpineros/Library/Application Support/minecraft/libraries/org/tlauncher/tl_skin_cape_1.15.2/1.9/tl_skin_cape_1.15.2-1.9.jar:/Users/jpineros/Library/Application Support/minecraft/libraries/org/ow2/asm/asm-tree/6.2/asm-tree-6.2.jar:/Users/jpineros/Library/Application Support/minecraft/libraries/org/ow2/asm/asm/6.2/asm-6.2.jar:/Users/jpineros/Library/Application Support/minecraft/libraries/org/ow2/asm/asm-commons/6.2/asm-commons-6.2.jar:/Users/jpineros/Library/Application Support/minecraft/libraries/net/minecraft/launchwrapper/1.12/launchwrapper-1.12.jar:/Users/jpineros/Library/Application Support/minecraft/libraries/org/tlauncher/patchy/1.1/patchy-1.1.jar:/Users/jpineros/Library/Application Support/minecraft/libraries/oshi-project/oshi-core/1.1/oshi-core-1.1.jar:/Users/jpineros/Library/Application Support/minecraft/libraries/net/java/dev/jna/jna/4.4.0/jna-4.4.0.jar:/Users/jpineros/Library/Application Support/minecraft/libraries/net/java/dev/jna/platform/3.4.0/platform-3.4.0.jar:/Users/jpineros/Library/Application Support/minecraft/libraries/com/ibm/icu/icu4j-core-mojang/51.2/icu4j-core-mojang-51.2.jar:/Users/jpineros/Library/Application Support/minecraft/libraries/com/mojang/javabridge/1.0.22/javabridge-1.0.22.jar:/Users/jpineros/Library/Application Support/minecraft/libraries/net/sf/jopt-simple/jopt-simple/5.0.3/jopt-simple-5.0.3.jar:/Users/jpineros/Library/Application Support/minecraft/libraries/io/netty/netty-all/4.1.25.Final/netty-all-4.1.25.Final.jar:/Users/jpineros/Library/Application Support/minecraft/libraries/com/google/guava/guava/21.0/guava-21.0.jar:/Users/jpineros/Library/Application Support/minecraft/libraries/org/apache/commons/commons-lang3/3.5/commons-lang3-3.5.jar:/Users/jpineros/Library/Application Support/minecraft/libraries/commons-io/commons-io/2.5/commons-io-2.5.jar:/Users/jpineros/Library/Application Support/minecraft/libraries/commons-codec/commons-codec/1.10/commons-codec-1.10.jar:/Users/jpineros/Library/Application Support/minecraft/libraries/net/java/jinput/jinput/2.0.5/jinput-2.0.5.jar:/Users/jpineros/Library/Application Support/minecraft/libraries/net/java/jutils/jutils/1.0.0/jutils-1.0.0.jar:/Users/jpineros/Library/Application Support/minecraft/libraries/com/mojang/brigadier/1.0.17/brigadier-1.0.17.jar:/Users/jpineros/Library/Application Support/minecraft/libraries/com/mojang/datafixerupper/2.0.24/datafixerupper-2.0.24.jar:/Users/jpineros/Library/Application Support/minecraft/libraries/com/google/code/gson/gson/2.8.0/gson-2.8.0.jar:/Users/jpineros/Library/Application Support/minecraft/libraries/org/tlauncher/authlib/1.6.25/authlib-1.6.25.jar:/Users/jpineros/Library/Application Support/minecraft/libraries/org/apache/commons/commons-compress/1.8.1/commons-compress-1.8.1.jar:/Users/jpineros/Library/Application Support/minecraft/libraries/org/apache/httpcomponents/httpclient/4.3.3/httpclient-4.3.3.jar:/Users/jpineros/Library/Application Support/minecraft/libraries/commons-logging/commons-logging/1.1.3/commons-logging-1.1.3.jar:/Users/jpineros/Library/Application Support/minecraft/libraries/org/apache/httpcomponents/httpcore/4.3.2/httpcore-4.3.2.jar:/Users/jpineros/Library/Application Support/minecraft/libraries/it/unimi/dsi/fastutil/8.2.1/fastutil-8.2.1.jar:/Users/jpineros/Library/Application Support/minecraft/libraries/org/apache/logging/log4j/log4j-api/2.8.1/log4j-api-2.8.1.jar:/Users/jpineros/Library/Application Support/minecraft/libraries/org/apache/logging/log4j/log4j-core/2.8.1/log4j-core-2.8.1.jar:/Users/jpineros/Library/Application Support/minecraft/libraries/org/lwjgl/lwjgl/3.2.1/lwjgl-3.2.1.jar:/Users/jpineros/Library/Application Support/minecraft/libraries/org/lwjgl/lwjgl-jemalloc/3.2.1/lwjgl-jemalloc-3.2.1.jar:/Users/jpineros/Library/Application Support/minecraft/libraries/org/lwjgl/lwjgl-openal/3.2.1/lwjgl-openal-3.2.1.jar:/Users/jpineros/Library/Application Support/minecraft/libraries/org/lwjgl/lwjgl-opengl/3.2.1/lwjgl-opengl-3.2.1.jar:/Users/jpineros/Library/Application Support/minecraft/libraries/org/lwjgl/lwjgl-glfw/3.2.1/lwjgl-glfw-3.2.1.jar:/Users/jpineros/Library/Application Support/minecraft/libraries/org/lwjgl/lwjgl-stb/3.2.1/lwjgl-stb-3.2.1.jar:/Users/jpineros/Library/Application Support/minecraft/libraries/org/lwjgl/lwjgl-tinyfd/3.2.1/lwjgl-tinyfd-3.2.1.jar:/Users/jpineros/Library/Application Support/minecraft/libraries/com/mojang/text2speech/1.11.3/text2speech-1.11.3.jar:/Users/jpineros/Library/Application Support/minecraft/libraries/ca/weblite/java-objc-bridge/1.0.0/java-objc-bridge-1.0.0.jar:/Users/jpineros/Library/Application Support/minecraft/versions/1.15.2/1.15.2.jar -Dminecraft.applet.TargetDirectory=/Users/jpineros/Library/Application Support/minecraft -XX:+UnlockExperimentalVMOptions -XX:+UseG1GC -XX:G1NewSizePercent=20 -XX:G1ReservePercent=20 -XX:MaxGCPauseMillis=50 -XX:G1HeapRegionSize=32M -Dfml.ignoreInvalidMinecraftCertificates=true -Dfml.ignorePatchDiscrepancies=true org.tlauncher.LaunchNew --username jpineros --version 1.15.2 --gameDir /Users/jpineros/Library/Application Support/minecraft --assetsDir /Users/jpineros/Library/Application Support/minecraft/assets --assetIndex 1.15 --uuid 00000000-0000-0000-0000-000000000000 --accessToken null --userType legacy --versionType release --width 925 --height 530 --tweakClass org.tlauncher.tweaker.Tweaker
2020-04-30 15:14:35,821 LoopedThread#8 [Launcher] Launching Minecraft...
2020-04-30 15:14:35,822 LoopedThread#8 I'm hiding!
2020-04-30 15:14:35,827 LoopedThread#8 [TLauncherManager] mods after 
2020-04-30 15:14:35,829 LoopedThread#8 [InnerMinecraftServersImpl]  search changers of the servers
2020-04-30 15:14:35,833 LoopedThread#8 read servers from servers.dat []
2020-04-30 15:14:35,834 LoopedThread#8 [InnerMinecraftServersImpl]  prepare inner servers
2020-04-30 15:14:35,836 LoopedThread#8 save servers to servers.dat
2020-04-30 15:14:35,839 LoopedThread#8 [Launcher] Starting Minecraft latest-release...
2020-04-30 15:14:35,839 LoopedThread#8 [Launcher] Launching in: /Users/jpineros/Library/Application Support/minecraft
2020-04-30 15:14:35,840 LoopedThread#8 Starting garbage collector: 89 / 271 MB
2020-04-30 15:14:35,925 LoopedThread#8 Garbage collector completed: 46 / 270 MB
2020-04-30 15:14:35,932 LoopedThread#8 [Launcher] Processing post-launch actions. Assist launch: true
2020-04-30 15:14:36,742 Thread-13 ===============================================================================================
2020-04-30 15:14:36,743 Thread-13 > [15:14:36] [main/INFO]: Loading tweak class name org.tlauncher.tweaker.Tweaker
2020-04-30 15:14:36,745 Thread-13 > [15:14:36] [main/INFO]: Using primary tweak class name org.tlauncher.tweaker.Tweaker
2020-04-30 15:14:36,746 Thread-13 > [15:14:36] [main/WARN]: Tweak class name org.tlauncher.tweaker.Tweaker has already been visited -- skipping
2020-04-30 15:14:36,748 Thread-13 > [15:14:36] [main/INFO]: Calling tweak class org.tlauncher.tweaker.Tweaker
2020-04-30 15:14:36,749 Thread-13 > Log Path: /Users/jpineros/Library/Application Support/minecraft/./tlLoader/Tweaker.log
2020-04-30 15:14:36,750 Thread-13 > [main INFO] Using Tweaker
2020-04-30 15:14:36,750 Thread-13 > [main INFO] Tweaker: acceptOptions
2020-04-30 15:14:36,751 Thread-13 > [main INFO] Tweaker: injectIntoClassLoader
2020-04-30 15:14:36,757 Thread-13 > [TLSkinCape] Current version is [:]
2020-04-30 15:14:36,758 Thread-13 > [TLSkinCape] Current Minecraft version is 1.15.2.
2020-04-30 15:14:36,759 Thread-13 > [main INFO] Hook method dpy#n()Lsm; loaded.
2020-04-30 15:14:36,760 Thread-13 > [main INFO] Hook method dpy#m()Lsm; loaded.
2020-04-30 15:14:36,761 Thread-13 > [main INFO] Hook method dpy#s()Ljava/lang/String; loaded.
2020-04-30 15:14:36,762 Thread-13 > [main INFO] Hook method ayj#a(Layk;)Z loaded.
2020-04-30 15:14:36,763 Thread-13 > [main INFO] Hook method dgf#render(IIF)V loaded.
2020-04-30 15:14:36,763 Thread-13 > [main INFO] Loaded as a library.
2020-04-30 15:14:36,764 Thread-13 > [main INFO] Tweaker: getLaunchArguments
2020-04-30 15:14:36,772 Thread-13 > [15:14:36] [main/INFO]: Launching wrapped minecraft {org.tlauncher.MainNew}
2020-04-30 15:14:37,027 Thread-13 > [Render thread INFO] [TLSkinCape] Method dgf.render(IIF)V successfully hooked.
2020-04-30 15:14:37,039 Thread-13 > [Render thread INFO] [TLSkinCape] Method ayj.a(Layk;)Z successfully hooked.
2020-04-30 15:14:37,070 Thread-13 > [Render thread INFO] [TLSkinCape] Method dpy.n()Lsm; successfully hooked.
2020-04-30 15:14:37,072 Thread-13 > [Render thread INFO] [TLSkinCape] Method dpy.m()Lsm; successfully hooked.
2020-04-30 15:14:37,073 Thread-13 > [Render thread INFO] [TLSkinCape] Method dpy.s()Ljava/lang/String; successfully hooked.
2020-04-30 15:14:37,233 Thread-13 > [15:14:37] [main/INFO]: Setting user: jpineros
2020-04-30 15:14:40,138 Thread-13 > [15:14:40] [main/INFO]: Backend library: LWJGL version 3.2.1 build 12
2020-04-30 15:14:42,556 Thread-13 > [15:14:42] [main/INFO]: Reloading ResourceManager: Default
2020-04-30 15:14:42,575 Thread-13 > [15:14:42] [main/INFO]: [STDOUT]: [Connector] trying to start...
2020-04-30 15:14:42,577 Thread-13 > [15:14:42] [main/INFO]: [STDOUT]: [Connector] no server info
2020-04-30 15:14:42,578 Thread-13 > [15:14:42] [main/INFO]: [STDOUT]: [Connector] end
2020-04-30 15:14:43,372 Thread-13 > [15:14:43] [Realms Notification Availability checker #1/INFO]: Could not authorize you against Realms server: Invalid session id
2020-04-30 15:14:48,284 Thread-13 > [15:14:48] [main/INFO]: OpenAL initialized.
2020-04-30 15:14:48,286 Thread-13 > [15:14:48] [main/INFO]: Sound engine started
2020-04-30 15:14:48,482 Thread-13 > [15:14:48] [main/INFO]: Created: 1024x1024x4 minecraft:textures/atlas/blocks.png-atlas
2020-04-30 15:14:48,501 Thread-13 > [15:14:48] [main/INFO]: Created: 256x128x4 minecraft:textures/atlas/signs.png-atlas
2020-04-30 15:14:48,502 Thread-13 > [15:14:48] [main/INFO]: Created: 1024x512x4 minecraft:textures/atlas/banner_patterns.png-atlas
2020-04-30 15:14:48,504 Thread-13 > [15:14:48] [main/INFO]: Created: 1024x512x4 minecraft:textures/atlas/shield_patterns.png-atlas
2020-04-30 15:14:48,506 Thread-13 > [15:14:48] [main/INFO]: Created: 256x256x4 minecraft:textures/atlas/chest.png-atlas
2020-04-30 15:14:48,508 Thread-13 > [15:14:48] [main/INFO]: Created: 512x256x4 minecraft:textures/atlas/beds.png-atlas
2020-04-30 15:14:48,509 Thread-13 > [15:14:48] [main/INFO]: Created: 512x256x4 minecraft:textures/atlas/shulker_boxes.png-atlas
2020-04-30 15:14:48,877 Thread-13 > [15:14:48] [main/INFO]: Created: 256x256x0 minecraft:textures/atlas/particles.png-atlas
2020-04-30 15:14:48,878 Thread-13 > [15:14:48] [main/INFO]: Created: 256x256x0 minecraft:textures/atlas/paintings.png-atlas
2020-04-30 15:14:48,879 Thread-13 > [15:14:48] [main/INFO]: Created: 256x128x0 minecraft:textures/atlas/mob_effects.png-atlas
2020-04-30 15:14:53,289 Thread-13 > [15:14:53] [main/WARN]: Ambiguity between arguments [teleport, destination] and [teleport, targets] with inputs: [Player, 0123, @e, dd12be42-52a9-4a91-a8a1-11c01849e498]
2020-04-30 15:14:53,292 Thread-13 > [15:14:53] [main/WARN]: Ambiguity between arguments [teleport, location] and [teleport, destination] with inputs: [0.1 -0.5 .9, 0 0 0]
2020-04-30 15:14:53,293 Thread-13 > [15:14:53] [main/WARN]: Ambiguity between arguments [teleport, location] and [teleport, targets] with inputs: [0.1 -0.5 .9, 0 0 0]
2020-04-30 15:14:53,295 Thread-13 > [15:14:53] [main/WARN]: Ambiguity between arguments [teleport, targets] and [teleport, destination] with inputs: [Player, 0123, dd12be42-52a9-4a91-a8a1-11c01849e498]
2020-04-30 15:14:53,297 Thread-13 > [15:14:53] [main/WARN]: Ambiguity between arguments [teleport, targets, location] and [teleport, targets, destination] with inputs: [0.1 -0.5 .9, 0 0 0]
2020-04-30 15:14:53,329 Thread-13 > [15:14:53] [Server thread/INFO]: Starting integrated minecraft server version 1.15.2
2020-04-30 15:14:53,331 Thread-13 > [15:14:53] [Server thread/INFO]: Generating keypair
2020-04-30 15:14:53,420 Thread-13 > [15:14:53] [Server thread/INFO]: Reloading ResourceManager: Default
2020-04-30 15:14:53,722 Thread-13 > [15:14:53] [Server thread/INFO]: Loaded 6 recipes
2020-04-30 15:14:53,919 Thread-13 > [15:14:53] [Server thread/INFO]: Loaded 825 advancements
2020-04-30 15:14:54,149 Thread-13 > [15:14:54] [Server thread/INFO]: Preparing start region for dimension minecraft:overworld
2020-04-30 15:14:55,070 Thread-13 > [15:14:55] [main/INFO]: Preparing spawn area: 0%
2020-04-30 15:14:55,071 Thread-13 > [15:14:55] [main/INFO]: Preparing spawn area: 0%
2020-04-30 15:14:55,266 Thread-13 > [15:14:55] [main/INFO]: Preparing spawn area: 0%
2020-04-30 15:14:55,553 Thread-13 > [15:14:55] [main/INFO]: Time elapsed: 1384 ms
2020-04-30 15:14:55,603 Thread-13 > 2020-04-30 15:14:55.603 java[64251:1113672] [JRSAppKitAWT markAppIsDaemon]: Process manager already initialized: can't fully enable headless mode.
2020-04-30 15:14:55,910 Thread-13 > [15:14:55] [Server thread/INFO]: Changing view distance to 11, from 10
2020-04-30 15:14:56,670 Thread-13 > [15:14:56] [Server thread/INFO]: jpineros[local:E:e93072a6] logged in with entity id 193 at (-121.25105267725057, 71.0, -33.956778330386854)
2020-04-30 15:14:56,716 Thread-13 > [15:14:56] [Server thread/INFO]: jpineros joined the game
2020-04-30 15:14:56,935 Thread-13 > [15:14:56] [Server thread/INFO]: Saving and pausing game...
2020-04-30 15:14:56,987 Thread-13 > [15:14:56] [Server thread/INFO]: Saving chunks for level 'Jhean Paradise'/minecraft:overworld
2020-04-30 15:14:57,946 Thread-13 > [15:14:57] [Server thread/INFO]: Saving chunks for level 'Jhean Paradise'/minecraft:the_end
2020-04-30 15:14:57,948 Thread-13 > [15:14:57] [Server thread/INFO]: Saving chunks for level 'Jhean Paradise'/minecraft:the_nether
2020-04-30 15:14:58,047 Thread-13 > [15:14:58] [main/INFO]: Loaded 391 advancements
2020-04-30 15:16:11,815 Thread-13 > [15:16:11] [main/INFO]: textures 'jpineros' was added, skin: false,cape: false, max waiting: 1 ,during : 74560 
2020-04-30 15:24:48,026 Thread-13 > [15:24:48] [main/INFO]: [CHAT] Respawn point set
2020-04-30 15:33:40,495 Thread-13 > [15:33:40] [Server thread/INFO]: Saving and pausing game...
2020-04-30 15:33:40,508 Thread-13 > [15:33:40] [Server thread/INFO]: Saving chunks for level 'Jhean Paradise'/minecraft:overworld
2020-04-30 15:33:41,204 Thread-13 > [15:33:41] [Server thread/INFO]: Saving chunks for level 'Jhean Paradise'/minecraft:the_end
2020-04-30 15:33:41,205 Thread-13 > [15:33:41] [Server thread/INFO]: Saving chunks for level 'Jhean Paradise'/minecraft:the_nether
2020-04-30 15:35:45,947 Thread-13 > [15:35:45] [Server thread/INFO]: Saving and pausing game...
2020-04-30 15:35:45,953 Thread-13 > [15:35:45] [Server thread/INFO]: Saving chunks for level 'Jhean Paradise'/minecraft:overworld
2020-04-30 15:35:46,152 Thread-13 > [15:35:46] [Server thread/INFO]: Saving chunks for level 'Jhean Paradise'/minecraft:the_end
2020-04-30 15:35:46,154 Thread-13 > [15:35:46] [Server thread/INFO]: Saving chunks for level 'Jhean Paradise'/minecraft:the_nether
2020-04-30 15:35:50,553 Thread-13 > [15:35:50] [Server thread/INFO]: jpineros lost connection: Disconnected
2020-04-30 15:35:50,554 Thread-13 > [15:35:50] [Server thread/INFO]: jpineros left the game
2020-04-30 15:35:50,561 Thread-13 > [15:35:50] [Server thread/INFO]: Stopping singleplayer server as player logged out
2020-04-30 15:35:50,597 Thread-13 > [15:35:50] [Server thread/INFO]: Stopping server
2020-04-30 15:35:50,597 Thread-13 > [15:35:50] [Server thread/INFO]: Saving players
2020-04-30 15:35:50,598 Thread-13 > [15:35:50] [Server thread/INFO]: Saving worlds
2020-04-30 15:35:50,599 Thread-13 > [15:35:50] [Server thread/INFO]: Saving chunks for level 'Jhean Paradise'/minecraft:overworld
2020-04-30 15:35:50,787 Thread-13 > [15:35:50] [Server thread/INFO]: ThreadedAnvilChunkStorage (Jhean Paradise): All chunks are saved
2020-04-30 15:35:50,788 Thread-13 > [15:35:50] [Server thread/INFO]: Saving chunks for level 'Jhean Paradise'/minecraft:the_end
2020-04-30 15:35:50,789 Thread-13 > [15:35:50] [Server thread/INFO]: ThreadedAnvilChunkStorage (DIM1): All chunks are saved
2020-04-30 15:35:50,790 Thread-13 > [15:35:50] [Server thread/INFO]: Saving chunks for level 'Jhean Paradise'/minecraft:the_nether
2020-04-30 15:35:50,791 Thread-13 > [15:35:50] [Server thread/INFO]: ThreadedAnvilChunkStorage (DIM-1): All chunks are saved
2020-04-30 15:35:50,792 Thread-13 > [15:35:50] [Server thread/INFO]: ThreadedAnvilChunkStorage (Jhean Paradise): All chunks are saved
2020-04-30 15:35:50,804 Thread-13 > [15:35:50] [Server thread/INFO]: ThreadedAnvilChunkStorage (DIM1): All chunks are saved
2020-04-30 15:35:50,805 Thread-13 > [15:35:50] [Server thread/INFO]: ThreadedAnvilChunkStorage (DIM-1): All chunks are saved
2020-04-30 15:48:13,481 Thread-13 > [15:48:13] [main/WARN]: Ambiguity between arguments [teleport, destination] and [teleport, targets] with inputs: [Player, 0123, @e, dd12be42-52a9-4a91-a8a1-11c01849e498]
2020-04-30 15:48:13,485 Thread-13 > [15:48:13] [main/WARN]: Ambiguity between arguments [teleport, location] and [teleport, destination] with inputs: [0.1 -0.5 .9, 0 0 0]
2020-04-30 15:48:13,488 Thread-13 > [15:48:13] [main/WARN]: Ambiguity between arguments [teleport, location] and [teleport, targets] with inputs: [0.1 -0.5 .9, 0 0 0]
2020-04-30 15:48:13,490 Thread-13 > [15:48:13] [main/WARN]: Ambiguity between arguments [teleport, targets] and [teleport, destination] with inputs: [Player, 0123, dd12be42-52a9-4a91-a8a1-11c01849e498]
2020-04-30 15:48:13,491 Thread-13 > [15:48:13] [main/WARN]: Ambiguity between arguments [teleport, targets, location] and [teleport, targets, destination] with inputs: [0.1 -0.5 .9, 0 0 0]
2020-04-30 15:48:13,493 Thread-13 > [15:48:13] [Server thread/INFO]: Starting integrated minecraft server version 1.15.2
2020-04-30 15:48:13,495 Thread-13 > [15:48:13] [Server thread/INFO]: Generating keypair
2020-04-30 15:48:13,518 Thread-13 > [15:48:13] [Server thread/INFO]: Reloading ResourceManager: Default
2020-04-30 15:48:13,701 Thread-13 > [15:48:13] [Server thread/INFO]: Loaded 6 recipes
2020-04-30 15:48:13,746 Thread-13 > [15:48:13] [Server thread/INFO]: Loaded 825 advancements
2020-04-30 15:48:13,831 Thread-13 > [15:48:13] [Server thread/INFO]: Preparing start region for dimension minecraft:overworld
2020-04-30 15:48:14,496 Thread-13 > [15:48:14] [main/INFO]: Preparing spawn area: 0%
2020-04-30 15:48:14,498 Thread-13 > [15:48:14] [main/INFO]: Preparing spawn area: 0%
2020-04-30 15:48:14,746 Thread-13 > [15:48:14] [main/INFO]: Time elapsed: 903 ms
2020-04-30 15:48:14,767 Thread-13 > [15:48:14] [Server thread/INFO]: Changing view distance to 11, from 10
2020-04-30 15:48:14,910 Thread-13 > [15:48:14] [Server thread/INFO]: jpineros[local:E:48962658] logged in with entity id 8104 at (-10.700000025331974, 64.0000002, 33.299999974668026)
2020-04-30 15:48:14,914 Thread-13 > [15:48:14] [Server thread/INFO]: jpineros joined the game
2020-04-30 15:48:15,087 Thread-13 > [15:48:15] [Server thread/INFO]: Saving and pausing game...
2020-04-30 15:48:15,099 Thread-13 > [15:48:15] [Server thread/INFO]: Saving chunks for level 'Jhean Paradise'/minecraft:overworld
2020-04-30 15:48:15,135 Thread-13 > [15:48:15] [main/WARN]: Received passengers for unknown entity
2020-04-30 15:48:15,144 Thread-13 > [15:48:15] [main/INFO]: Loaded 391 advancements
2020-04-30 15:48:15,426 Thread-13 > [15:48:15] [Server thread/INFO]: Saving chunks for level 'Jhean Paradise'/minecraft:the_end
2020-04-30 15:48:15,427 Thread-13 > [15:48:15] [Server thread/INFO]: Saving chunks for level 'Jhean Paradise'/minecraft:the_nether
2020-04-30 15:53:57,977 Thread-13 > [15:53:57] [Server thread/INFO]: Saving and pausing game...
2020-04-30 15:53:57,984 Thread-13 > [15:53:57] [Server thread/INFO]: Saving chunks for level 'Jhean Paradise'/minecraft:overworld
2020-04-30 15:53:58,057 Thread-13 > [15:53:58] [Server thread/INFO]: Saving chunks for level 'Jhean Paradise'/minecraft:the_end
2020-04-30 15:53:58,059 Thread-13 > [15:53:58] [Server thread/INFO]: Saving chunks for level 'Jhean Paradise'/minecraft:the_nether
2020-04-30 16:00:23,551 Thread-13 > [16:00:23] [main/INFO]: Loaded 392 advancements
2020-04-30 16:02:48,999 Thread-13 > [16:02:48] [main/INFO]: Loaded 405 advancements
2020-04-30 16:05:31,587 Thread-13 > [16:05:31] [Server thread/INFO]: Saving and pausing game...
2020-04-30 16:05:31,599 Thread-13 > [16:05:31] [Server thread/INFO]: Saving chunks for level 'Jhean Paradise'/minecraft:overworld
2020-04-30 16:05:31,826 Thread-13 > [16:05:31] [Server thread/INFO]: Saving chunks for level 'Jhean Paradise'/minecraft:the_end
2020-04-30 16:05:31,827 Thread-13 > [16:05:31] [Server thread/INFO]: Saving chunks for level 'Jhean Paradise'/minecraft:the_nether
2020-04-30 16:05:32,490 Thread-13 > [16:05:32] [Server thread/INFO]: jpineros lost connection: Disconnected
2020-04-30 16:05:32,491 Thread-13 > [16:05:32] [Server thread/INFO]: jpineros left the game
2020-04-30 16:05:32,497 Thread-13 > [16:05:32] [Server thread/INFO]: Stopping singleplayer server as player logged out
2020-04-30 16:05:32,540 Thread-13 > [16:05:32] [Server thread/INFO]: Stopping server
2020-04-30 16:05:32,541 Thread-13 > [16:05:32] [Server thread/INFO]: Saving players
2020-04-30 16:05:32,542 Thread-13 > [16:05:32] [Server thread/INFO]: Saving worlds
2020-04-30 16:05:32,543 Thread-13 > [16:05:32] [Server thread/INFO]: Saving chunks for level 'Jhean Paradise'/minecraft:overworld
2020-04-30 16:05:32,639 Thread-13 > [16:05:32] [Server thread/INFO]: ThreadedAnvilChunkStorage (Jhean Paradise): All chunks are saved
2020-04-30 16:05:32,641 Thread-13 > [16:05:32] [Server thread/INFO]: Saving chunks for level 'Jhean Paradise'/minecraft:the_end
2020-04-30 16:05:32,642 Thread-13 > [16:05:32] [Server thread/INFO]: ThreadedAnvilChunkStorage (DIM1): All chunks are saved
2020-04-30 16:05:32,643 Thread-13 > [16:05:32] [Server thread/INFO]: Saving chunks for level 'Jhean Paradise'/minecraft:the_nether
2020-04-30 16:05:33,012 Thread-13 > [16:05:33] [Server thread/INFO]: ThreadedAnvilChunkStorage (DIM-1): All chunks are saved
2020-04-30 16:05:33,015 Thread-13 > [16:05:33] [Server thread/INFO]: ThreadedAnvilChunkStorage (Jhean Paradise): All chunks are saved
2020-04-30 16:05:33,030 Thread-13 > [16:05:33] [Server thread/INFO]: ThreadedAnvilChunkStorage (DIM1): All chunks are saved
2020-04-30 16:05:33,032 Thread-13 > [16:05:33] [Server thread/INFO]: ThreadedAnvilChunkStorage (DIM-1): All chunks are saved
2020-04-30 16:07:39,532 Thread-13 > [16:07:39] [main/WARN]: Ambiguity between arguments [teleport, destination] and [teleport, targets] with inputs: [Player, 0123, @e, dd12be42-52a9-4a91-a8a1-11c01849e498]
2020-04-30 16:07:39,534 Thread-13 > [16:07:39] [main/WARN]: Ambiguity between arguments [teleport, location] and [teleport, destination] with inputs: [0.1 -0.5 .9, 0 0 0]
2020-04-30 16:07:39,535 Thread-13 > [16:07:39] [main/WARN]: Ambiguity between arguments [teleport, location] and [teleport, targets] with inputs: [0.1 -0.5 .9, 0 0 0]
2020-04-30 16:07:39,537 Thread-13 > [16:07:39] [main/WARN]: Ambiguity between arguments [teleport, targets] and [teleport, destination] with inputs: [Player, 0123, dd12be42-52a9-4a91-a8a1-11c01849e498]
2020-04-30 16:07:39,540 Thread-13 > [16:07:39] [main/WARN]: Ambiguity between arguments [teleport, targets, location] and [teleport, targets, destination] with inputs: [0.1 -0.5 .9, 0 0 0]
2020-04-30 16:07:39,543 Thread-13 > [16:07:39] [Server thread/INFO]: Starting integrated minecraft server version 1.15.2
2020-04-30 16:07:39,545 Thread-13 > [16:07:39] [Server thread/INFO]: Generating keypair
2020-04-30 16:07:39,568 Thread-13 > [16:07:39] [Server thread/INFO]: Reloading ResourceManager: Default
2020-04-30 16:07:39,726 Thread-13 > [16:07:39] [Server thread/INFO]: Loaded 6 recipes
2020-04-30 16:07:39,772 Thread-13 > [16:07:39] [Server thread/INFO]: Loaded 825 advancements
2020-04-30 16:07:39,820 Thread-13 > [16:07:39] [Server thread/INFO]: Preparing start region for dimension minecraft:overworld
2020-04-30 16:07:40,426 Thread-13 > [16:07:40] [main/INFO]: Preparing spawn area: 0%
2020-04-30 16:07:40,427 Thread-13 > [16:07:40] [main/INFO]: Preparing spawn area: 0%
2020-04-30 16:07:40,581 Thread-13 > [16:07:40] [main/INFO]: Time elapsed: 749 ms
2020-04-30 16:07:40,597 Thread-13 > [16:07:40] [Server thread/INFO]: Changing view distance to 11, from 10
2020-04-30 16:07:40,689 Thread-13 > [16:07:40] [Server thread/INFO]: jpineros[local:E:0ee01694] logged in with entity id 11648 at (-111.54553988379753, 62.0, 27.699999988079064)
2020-04-30 16:07:40,692 Thread-13 > [16:07:40] [Server thread/INFO]: jpineros joined the game
2020-04-30 16:07:40,819 Thread-13 > [16:07:40] [Server thread/INFO]: Saving and pausing game...
2020-04-30 16:07:40,826 Thread-13 > [16:07:40] [main/INFO]: Loaded 405 advancements
2020-04-30 16:07:40,833 Thread-13 > [16:07:40] [Server thread/INFO]: Saving chunks for level 'Jhean Paradise'/minecraft:overworld
2020-04-30 16:07:41,062 Thread-13 > [16:07:41] [Server thread/INFO]: Saving chunks for level 'Jhean Paradise'/minecraft:the_end
2020-04-30 16:07:41,064 Thread-13 > [16:07:41] [Server thread/INFO]: Saving chunks for level 'Jhean Paradise'/minecraft:the_nether
2020-04-30 16:09:32,437 Thread-13 > [16:09:32] [main/INFO]: [CHAT] Respawn point set
2020-04-30 16:11:10,771 Thread-13 > [16:11:10] [Server thread/INFO]: jpineros has made the advancement [The End?]
2020-04-30 16:11:10,786 Thread-13 > [16:11:10] [main/INFO]: [CHAT] jpineros has made the advancement [The End?]
2020-04-30 16:11:11,551 Thread-13 > [16:11:11] [main/INFO]: Loaded 411 advancements
2020-04-30 16:11:12,381 Thread-13 > [16:11:12] [Server thread/INFO]: Scanning for legacy world dragon fight...
2020-04-30 16:11:12,382 Thread-13 > [16:11:12] [Server thread/INFO]: Found that the dragon has not yet been killed in this world.
2020-04-30 16:11:25,685 Thread-13 > [16:11:25] [main/INFO]: Loaded 416 advancements
2020-04-30 16:19:29,434 Thread-13 > [16:19:29] [Server thread/INFO]: jpineros was killed by Ender Dragon using magic
2020-04-30 16:19:29,445 Thread-13 > [16:19:29] [main/INFO]: [CHAT] jpineros was killed by Ender Dragon using magic
2020-04-30 16:19:31,283 Thread-13 > [16:19:31] [Server thread/INFO]: Saving and pausing game...
2020-04-30 16:19:31,290 Thread-13 > [16:19:31] [Server thread/INFO]: Saving chunks for level 'Jhean Paradise'/minecraft:overworld
2020-04-30 16:19:31,322 Thread-13 > [16:19:31] [Server thread/INFO]: Saving chunks for level 'Jhean Paradise'/minecraft:the_end
2020-04-30 16:19:31,569 Thread-13 > [16:19:31] [Server thread/INFO]: Saving chunks for level 'Jhean Paradise'/minecraft:the_nether
2020-04-30 16:24:41,439 Thread-13 > [16:24:41] [Server thread/INFO]: jpineros has made the advancement [Take Aim]
2020-04-30 16:24:41,454 Thread-13 > [16:24:41] [main/INFO]: [CHAT] jpineros has made the advancement [Take Aim]
2020-04-30 16:24:41,488 Thread-13 > [16:24:41] [main/INFO]: Loaded 416 advancements
2020-04-30 16:30:46,193 Thread-13 > [16:30:46] [Server thread/INFO]: jpineros was killed by Ender Dragon using magic
2020-04-30 16:30:46,199 Thread-13 > [16:30:46] [main/INFO]: [CHAT] jpineros was killed by Ender Dragon using magic
2020-04-30 16:30:47,214 Thread-13 > [16:30:47] [Sound engine/ERROR]: Stop: Invalid name parameter.
2020-04-30 16:30:51,617 Thread-13 > [16:30:51] [Server thread/INFO]: Saving and pausing game...
2020-04-30 16:30:51,633 Thread-13 > [16:30:51] [Server thread/INFO]: Saving chunks for level 'Jhean Paradise'/minecraft:overworld
2020-04-30 16:30:51,942 Thread-13 > [16:30:51] [Server thread/INFO]: Saving chunks for level 'Jhean Paradise'/minecraft:the_end
2020-04-30 16:30:51,944 Thread-13 > [16:30:51] [Server thread/INFO]: Saving chunks for level 'Jhean Paradise'/minecraft:the_nether
2020-04-30 16:35:37,346 Thread-13 > [16:35:37] [Server thread/INFO]: jpineros was slain by Ender Dragon
2020-04-30 16:35:37,361 Thread-13 > [16:35:37] [main/INFO]: [CHAT] jpineros was slain by Ender Dragon
2020-04-30 16:35:40,749 Thread-13 > [16:35:40] [Server thread/INFO]: Saving and pausing game...
2020-04-30 16:35:40,755 Thread-13 > [16:35:40] [Server thread/INFO]: Saving chunks for level 'Jhean Paradise'/minecraft:overworld
2020-04-30 16:35:40,788 Thread-13 > [16:35:40] [Server thread/INFO]: Saving chunks for level 'Jhean Paradise'/minecraft:the_end
2020-04-30 16:35:40,856 Thread-13 > [16:35:40] [Server thread/INFO]: Saving chunks for level 'Jhean Paradise'/minecraft:the_nether
2020-04-30 16:35:44,428 Thread-13 > [16:35:44] [Server thread/INFO]: Saving and pausing game...
2020-04-30 16:35:44,434 Thread-13 > [16:35:44] [Server thread/INFO]: Saving chunks for level 'Jhean Paradise'/minecraft:overworld
2020-04-30 16:35:44,753 Thread-13 > [16:35:44] [Server thread/INFO]: Saving chunks for level 'Jhean Paradise'/minecraft:the_end
2020-04-30 16:35:44,754 Thread-13 > [16:35:44] [Server thread/INFO]: Saving chunks for level 'Jhean Paradise'/minecraft:the_nether
2020-04-30 16:39:30,103 Thread-13 > [16:39:30] [Server thread/INFO]: jpineros was slain by Enderman
2020-04-30 16:39:30,108 Thread-13 > [16:39:30] [main/INFO]: [CHAT] jpineros was slain by Enderman
2020-04-30 16:39:31,184 Thread-13 > [16:39:31] [Server thread/INFO]: Saving and pausing game...
2020-04-30 16:39:31,189 Thread-13 > [16:39:31] [Server thread/INFO]: Saving chunks for level 'Jhean Paradise'/minecraft:overworld
2020-04-30 16:39:31,230 Thread-13 > [16:39:31] [Server thread/INFO]: Saving chunks for level 'Jhean Paradise'/minecraft:the_end
2020-04-30 16:39:31,278 Thread-13 > [16:39:31] [Server thread/INFO]: Saving chunks for level 'Jhean Paradise'/minecraft:the_nether
2020-04-30 16:39:34,426 Thread-13 > [16:39:34] [Server thread/INFO]: Saving and pausing game...
2020-04-30 16:39:34,432 Thread-13 > [16:39:34] [Server thread/INFO]: Saving chunks for level 'Jhean Paradise'/minecraft:overworld
2020-04-30 16:39:34,730 Thread-13 > [16:39:34] [Server thread/INFO]: Saving chunks for level 'Jhean Paradise'/minecraft:the_end
2020-04-30 16:39:34,731 Thread-13 > [16:39:34] [Server thread/INFO]: Saving chunks for level 'Jhean Paradise'/minecraft:the_nether
2020-04-30 16:43:05,457 Thread-13 > [16:43:05] [Server thread/INFO]: jpineros was killed by Ender Dragon using magic
2020-04-30 16:43:05,473 Thread-13 > [16:43:05] [main/INFO]: [CHAT] jpineros was killed by Ender Dragon using magic
2020-04-30 16:43:07,808 Thread-13 > [16:43:07] [Server thread/INFO]: Saving and pausing game...
2020-04-30 16:43:07,812 Thread-13 > [16:43:07] [Server thread/INFO]: Saving chunks for level 'Jhean Paradise'/minecraft:overworld
2020-04-30 16:43:07,842 Thread-13 > [16:43:07] [Server thread/INFO]: Saving chunks for level 'Jhean Paradise'/minecraft:the_end
2020-04-30 16:43:07,909 Thread-13 > [16:43:07] [Server thread/INFO]: Saving chunks for level 'Jhean Paradise'/minecraft:the_nether
2020-04-30 16:43:11,684 Thread-13 > [16:43:11] [Server thread/INFO]: Saving and pausing game...
2020-04-30 16:43:11,690 Thread-13 > [16:43:11] [Server thread/INFO]: Saving chunks for level 'Jhean Paradise'/minecraft:overworld
2020-04-30 16:43:11,986 Thread-13 > [16:43:11] [Server thread/INFO]: Saving chunks for level 'Jhean Paradise'/minecraft:the_end
2020-04-30 16:43:11,988 Thread-13 > [16:43:11] [Server thread/INFO]: Saving chunks for level 'Jhean Paradise'/minecraft:the_nether
2020-04-30 16:50:06,301 Thread-13 > [16:50:06] [Server thread/INFO]: jpineros blew up
2020-04-30 16:50:06,316 Thread-13 > [16:50:06] [main/INFO]: [CHAT] jpineros blew up
2020-04-30 16:50:07,974 Thread-13 > [16:50:07] [Server thread/INFO]: Saving and pausing game...
2020-04-30 16:50:07,989 Thread-13 > [16:50:07] [Server thread/INFO]: Saving chunks for level 'Jhean Paradise'/minecraft:overworld
2020-04-30 16:50:08,021 Thread-13 > [16:50:08] [Server thread/INFO]: Saving chunks for level 'Jhean Paradise'/minecraft:the_end
2020-04-30 16:50:08,072 Thread-13 > [16:50:08] [Server thread/INFO]: Saving chunks for level 'Jhean Paradise'/minecraft:the_nether
2020-04-30 16:50:14,936 Thread-13 > [16:50:14] [Server thread/INFO]: Saving and pausing game...
2020-04-30 16:50:14,941 Thread-13 > [16:50:14] [Server thread/INFO]: Saving chunks for level 'Jhean Paradise'/minecraft:overworld
2020-04-30 16:50:15,236 Thread-13 > [16:50:15] [Server thread/INFO]: Saving chunks for level 'Jhean Paradise'/minecraft:the_end
2020-04-30 16:50:15,237 Thread-13 > [16:50:15] [Server thread/INFO]: Saving chunks for level 'Jhean Paradise'/minecraft:the_nether
2020-04-30 16:50:15,404 Thread-13 > [16:50:15] [Server thread/WARN]: Skipping player strafe phase because no player was found
2020-04-30 16:52:57,967 Thread-13 > [16:52:57] [Server thread/INFO]: jpineros was slain by Enderman
2020-04-30 16:52:57,980 Thread-13 > [16:52:57] [main/INFO]: [CHAT] jpineros was slain by Enderman
2020-04-30 16:52:59,965 Thread-13 > [16:52:59] [Server thread/INFO]: Saving and pausing game...
2020-04-30 16:52:59,970 Thread-13 > [16:52:59] [Server thread/INFO]: Saving chunks for level 'Jhean Paradise'/minecraft:overworld
2020-04-30 16:53:00,001 Thread-13 > [16:53:00] [Server thread/INFO]: Saving chunks for level 'Jhean Paradise'/minecraft:the_end
2020-04-30 16:53:00,064 Thread-13 > [16:53:00] [Server thread/INFO]: Saving chunks for level 'Jhean Paradise'/minecraft:the_nether
2020-04-30 16:54:26,379 Thread-13 > [16:54:26] [Server thread/INFO]: jpineros fell from a high place
2020-04-30 16:54:26,395 Thread-13 > [16:54:26] [main/INFO]: [CHAT] jpineros fell from a high place
2020-04-30 16:54:32,949 Thread-13 > [16:54:32] [Server thread/INFO]: Saving and pausing game...
2020-04-30 16:54:32,965 Thread-13 > [16:54:32] [Server thread/INFO]: Saving chunks for level 'Jhean Paradise'/minecraft:overworld
2020-04-30 16:54:33,287 Thread-13 > [16:54:33] [Server thread/INFO]: Saving chunks for level 'Jhean Paradise'/minecraft:the_end
2020-04-30 16:54:33,289 Thread-13 > [16:54:33] [Server thread/INFO]: Saving chunks for level 'Jhean Paradise'/minecraft:the_nether
2020-04-30 17:00:52,478 Thread-13 > [17:00:52] [Server thread/INFO]: jpineros was killed by Ender Dragon using magic
2020-04-30 17:00:52,490 Thread-13 > [17:00:52] [main/INFO]: [CHAT] jpineros was killed by Ender Dragon using magic
2020-04-30 17:00:54,181 Thread-13 > [17:00:54] [Server thread/INFO]: Saving and pausing game...
2020-04-30 17:00:54,198 Thread-13 > [17:00:54] [Server thread/INFO]: Saving chunks for level 'Jhean Paradise'/minecraft:overworld
2020-04-30 17:00:54,229 Thread-13 > [17:00:54] [Server thread/INFO]: Saving chunks for level 'Jhean Paradise'/minecraft:the_end
2020-04-30 17:00:54,283 Thread-13 > [17:00:54] [Server thread/INFO]: Saving chunks for level 'Jhean Paradise'/minecraft:the_nether
2020-04-30 17:02:22,643 Thread-13 > [17:02:22] [main/INFO]: Loaded 418 advancements
2020-04-30 17:04:08,808 Thread-13 > [17:04:08] [Server thread/INFO]: Saving and pausing game...
2020-04-30 17:04:08,819 Thread-13 > [17:04:08] [Server thread/INFO]: Saving chunks for level 'Jhean Paradise'/minecraft:overworld
2020-04-30 17:04:08,990 Thread-13 > [17:04:08] [Server thread/INFO]: Saving chunks for level 'Jhean Paradise'/minecraft:the_end
2020-04-30 17:04:08,991 Thread-13 > [17:04:08] [Server thread/INFO]: Saving chunks for level 'Jhean Paradise'/minecraft:the_nether
2020-04-30 17:07:57,186 Thread-13 > [17:07:57] [Server thread/INFO]: jpineros was killed by Ender Dragon using magic
2020-04-30 17:07:57,202 Thread-13 > [17:07:57] [main/INFO]: [CHAT] jpineros was killed by Ender Dragon using magic
2020-04-30 17:07:58,641 Thread-13 > [17:07:58] [Server thread/INFO]: Saving and pausing game...
2020-04-30 17:07:58,655 Thread-13 > [17:07:58] [Server thread/INFO]: Saving chunks for level 'Jhean Paradise'/minecraft:overworld
2020-04-30 17:07:58,685 Thread-13 > [17:07:58] [Server thread/INFO]: Saving chunks for level 'Jhean Paradise'/minecraft:the_end
2020-04-30 17:07:58,739 Thread-13 > [17:07:58] [Server thread/INFO]: Saving chunks for level 'Jhean Paradise'/minecraft:the_nether
2020-04-30 17:07:58,985 Thread-13 > [17:07:58] [main/WARN]: Received passengers for unknown entity
2020-04-30 17:10:05,702 Thread-13 > [17:10:05] [Server thread/INFO]: Saving and pausing game...
2020-04-30 17:10:05,717 Thread-13 > [17:10:05] [Server thread/INFO]: Saving chunks for level 'Jhean Paradise'/minecraft:overworld
2020-04-30 17:10:05,751 Thread-13 > [17:10:05] [Server thread/INFO]: Saving chunks for level 'Jhean Paradise'/minecraft:the_end
2020-04-30 17:10:05,752 Thread-13 > [17:10:05] [Server thread/INFO]: Saving chunks for level 'Jhean Paradise'/minecraft:the_nether
2020-04-30 17:10:06,355 Thread-13 > [17:10:06] [main/WARN]: Received passengers for unknown entity
2020-04-30 17:10:28,013 Thread-13 > [17:10:28] [Server thread/INFO]: Saving and pausing game...
2020-04-30 17:10:28,019 Thread-13 > [17:10:28] [Server thread/INFO]: Saving chunks for level 'Jhean Paradise'/minecraft:overworld
2020-04-30 17:10:28,359 Thread-13 > [17:10:28] [Server thread/INFO]: Saving chunks for level 'Jhean Paradise'/minecraft:the_end
2020-04-30 17:10:28,361 Thread-13 > [17:10:28] [Server thread/INFO]: Saving chunks for level 'Jhean Paradise'/minecraft:the_nether
2020-04-30 17:11:58,940 Thread-13 > [17:11:58] [Server thread/INFO]: jpineros was slain by Enderman
2020-04-30 17:11:58,949 Thread-13 > [17:11:58] [main/INFO]: [CHAT] jpineros was slain by Enderman
2020-04-30 17:12:00,388 Thread-13 > [17:12:00] [Server thread/INFO]: Saving and pausing game...
2020-04-30 17:12:00,394 Thread-13 > [17:12:00] [Server thread/INFO]: Saving chunks for level 'Jhean Paradise'/minecraft:overworld
2020-04-30 17:12:00,432 Thread-13 > [17:12:00] [Server thread/INFO]: Saving chunks for level 'Jhean Paradise'/minecraft:the_end
2020-04-30 17:12:00,501 Thread-13 > [17:12:00] [Server thread/INFO]: Saving chunks for level 'Jhean Paradise'/minecraft:the_nether
2020-04-30 17:13:29,891 Thread-13 > [17:13:29] [Server thread/INFO]: jpineros was slain by Ender Dragon
2020-04-30 17:13:29,899 Thread-13 > [17:13:29] [main/INFO]: [CHAT] jpineros was slain by Ender Dragon
2020-04-30 17:13:31,198 Thread-13 > [17:13:31] [Server thread/INFO]: Saving and pausing game...
2020-04-30 17:13:31,203 Thread-13 > [17:13:31] [Server thread/INFO]: Saving chunks for level 'Jhean Paradise'/minecraft:overworld
2020-04-30 17:13:31,239 Thread-13 > [17:13:31] [Server thread/INFO]: Saving chunks for level 'Jhean Paradise'/minecraft:the_end
2020-04-30 17:13:31,297 Thread-13 > [17:13:31] [Server thread/INFO]: Saving chunks for level 'Jhean Paradise'/minecraft:the_nether
2020-04-30 17:13:31,563 Thread-13 > [17:13:31] [main/WARN]: Received passengers for unknown entity
2020-04-30 17:13:34,518 Thread-13 > [17:13:34] [Server thread/INFO]: Saving and pausing game...
2020-04-30 17:13:34,525 Thread-13 > [17:13:34] [Server thread/INFO]: Saving chunks for level 'Jhean Paradise'/minecraft:overworld
2020-04-30 17:13:34,822 Thread-13 > [17:13:34] [Server thread/INFO]: Saving chunks for level 'Jhean Paradise'/minecraft:the_end
2020-04-30 17:13:34,823 Thread-13 > [17:13:34] [Server thread/INFO]: Saving chunks for level 'Jhean Paradise'/minecraft:the_nether
2020-04-30 17:14:28,643 Thread-13 > [17:14:28] [Server thread/INFO]: jpineros was slain by Ender Dragon
2020-04-30 17:14:28,647 Thread-13 > [17:14:28] [main/INFO]: [CHAT] jpineros was slain by Ender Dragon
2020-04-30 17:14:29,747 Thread-13 > [17:14:29] [Server thread/INFO]: Saving and pausing game...
2020-04-30 17:14:29,757 Thread-13 > [17:14:29] [Server thread/INFO]: Saving chunks for level 'Jhean Paradise'/minecraft:overworld
2020-04-30 17:14:29,803 Thread-13 > [17:14:29] [Server thread/INFO]: Saving chunks for level 'Jhean Paradise'/minecraft:the_end
2020-04-30 17:14:29,873 Thread-13 > [17:14:29] [Server thread/INFO]: Saving chunks for level 'Jhean Paradise'/minecraft:the_nether
2020-04-30 17:14:30,180 Thread-13 > [17:14:30] [main/WARN]: Received passengers for unknown entity
2020-04-30 17:16:23,518 Thread-13 > [17:16:23] [Server thread/INFO]: Saving and pausing game...
2020-04-30 17:16:23,531 Thread-13 > [17:16:23] [Server thread/INFO]: Saving chunks for level 'Jhean Paradise'/minecraft:overworld
2020-04-30 17:16:23,900 Thread-13 > [17:16:23] [Server thread/INFO]: Saving chunks for level 'Jhean Paradise'/minecraft:the_end
2020-04-30 17:16:23,902 Thread-13 > [17:16:23] [Server thread/INFO]: Saving chunks for level 'Jhean Paradise'/minecraft:the_nether
2020-04-30 17:17:44,745 Thread-13 > [17:17:44] [Server thread/INFO]: jpineros fell from a high place
2020-04-30 17:17:44,761 Thread-13 > [17:17:44] [main/INFO]: [CHAT] jpineros fell from a high place
2020-04-30 17:17:45,946 Thread-13 > [17:17:45] [Server thread/INFO]: Saving and pausing game...
2020-04-30 17:17:45,951 Thread-13 > [17:17:45] [Server thread/INFO]: Saving chunks for level 'Jhean Paradise'/minecraft:overworld
2020-04-30 17:17:45,978 Thread-13 > [17:17:45] [Server thread/INFO]: Saving chunks for level 'Jhean Paradise'/minecraft:the_end
2020-04-30 17:17:46,043 Thread-13 > [17:17:46] [Server thread/INFO]: Saving chunks for level 'Jhean Paradise'/minecraft:the_nether
2020-04-30 17:19:47,802 Thread-13 > [17:19:47] [Server thread/INFO]: Saving and pausing game...
2020-04-30 17:19:47,817 Thread-13 > [17:19:47] [Server thread/INFO]: Saving chunks for level 'Jhean Paradise'/minecraft:overworld
2020-04-30 17:19:48,128 Thread-13 > [17:19:48] [Server thread/INFO]: Saving chunks for level 'Jhean Paradise'/minecraft:the_end
2020-04-30 17:19:48,130 Thread-13 > [17:19:48] [Server thread/INFO]: Saving chunks for level 'Jhean Paradise'/minecraft:the_nether
2020-04-30 17:20:08,897 Thread-13 > [17:20:08] [Server thread/INFO]: Saving and pausing game...
2020-04-30 17:20:08,909 Thread-13 > [17:20:08] [Server thread/INFO]: Saving chunks for level 'Jhean Paradise'/minecraft:overworld
2020-04-30 17:20:08,939 Thread-13 > [17:20:08] [Server thread/INFO]: Saving chunks for level 'Jhean Paradise'/minecraft:the_end
2020-04-30 17:20:08,940 Thread-13 > [17:20:08] [Server thread/INFO]: Saving chunks for level 'Jhean Paradise'/minecraft:the_nether
2020-04-30 17:21:31,243 Thread-13 > [17:21:31] [Server thread/INFO]: Saving and pausing game...
2020-04-30 17:21:31,256 Thread-13 > [17:21:31] [Server thread/INFO]: Saving chunks for level 'Jhean Paradise'/minecraft:overworld
2020-04-30 17:21:31,289 Thread-13 > [17:21:31] [Server thread/INFO]: Saving chunks for level 'Jhean Paradise'/minecraft:the_end
2020-04-30 17:21:31,290 Thread-13 > [17:21:31] [Server thread/INFO]: Saving chunks for level 'Jhean Paradise'/minecraft:the_nether
2020-04-30 17:26:15,760 Thread-13 > [17:26:15] [Server thread/INFO]: Saving and pausing game...
2020-04-30 17:26:15,773 Thread-13 > [17:26:15] [Server thread/INFO]: Saving chunks for level 'Jhean Paradise'/minecraft:overworld
2020-04-30 17:26:16,014 Thread-13 > [17:26:16] [Server thread/INFO]: Saving chunks for level 'Jhean Paradise'/minecraft:the_end
2020-04-30 17:26:16,015 Thread-13 > [17:26:16] [Server thread/INFO]: Saving chunks for level 'Jhean Paradise'/minecraft:the_nether
2020-04-30 17:26:40,328 Thread-13 > [17:26:40] [Server thread/INFO]: Saving and pausing game...
2020-04-30 17:26:40,333 Thread-13 > [17:26:40] [Server thread/INFO]: Saving chunks for level 'Jhean Paradise'/minecraft:overworld
2020-04-30 17:26:40,674 Thread-13 > [17:26:40] [Server thread/INFO]: Saving chunks for level 'Jhean Paradise'/minecraft:the_end
2020-04-30 17:26:40,675 Thread-13 > [17:26:40] [Server thread/INFO]: Saving chunks for level 'Jhean Paradise'/minecraft:the_nether
2020-04-30 17:29:50,284 Thread-13 > [17:29:50] [Server thread/INFO]: jpineros hit the ground too hard whilst trying to escape Ender Dragon
2020-04-30 17:29:50,302 Thread-13 > [17:29:50] [main/INFO]: [CHAT] jpineros hit the ground too hard whilst trying to escape Ender Dragon
2020-04-30 17:29:55,930 Thread-13 > [17:29:55] [Server thread/INFO]: Saving and pausing game...
2020-04-30 17:29:55,934 Thread-13 > [17:29:55] [Server thread/INFO]: Saving chunks for level 'Jhean Paradise'/minecraft:overworld
2020-04-30 17:29:56,233 Thread-13 > [17:29:56] [Server thread/INFO]: Saving chunks for level 'Jhean Paradise'/minecraft:the_end
2020-04-30 17:29:56,234 Thread-13 > [17:29:56] [Server thread/INFO]: Saving chunks for level 'Jhean Paradise'/minecraft:the_nether
2020-04-30 17:31:43,012 Thread-13 > [17:31:43] [Server thread/INFO]: jpineros was slain by Ender Dragon
2020-04-30 17:31:43,019 Thread-13 > [17:31:43] [main/INFO]: [CHAT] jpineros was slain by Ender Dragon
2020-04-30 17:31:49,970 Thread-13 > [17:31:49] [Server thread/INFO]: Saving and pausing game...
2020-04-30 17:31:49,982 Thread-13 > [17:31:49] [Server thread/INFO]: Saving chunks for level 'Jhean Paradise'/minecraft:overworld
2020-04-30 17:31:50,015 Thread-13 > [17:31:50] [Server thread/INFO]: Saving chunks for level 'Jhean Paradise'/minecraft:the_end
2020-04-30 17:31:50,071 Thread-13 > [17:31:50] [Server thread/INFO]: Saving chunks for level 'Jhean Paradise'/minecraft:the_nether
2020-04-30 17:31:54,043 Thread-13 > [17:31:54] [Server thread/INFO]: Saving and pausing game...
2020-04-30 17:31:54,049 Thread-13 > [17:31:54] [Server thread/INFO]: Saving chunks for level 'Jhean Paradise'/minecraft:overworld
2020-04-30 17:31:54,343 Thread-13 > [17:31:54] [Server thread/INFO]: Saving chunks for level 'Jhean Paradise'/minecraft:the_end
2020-04-30 17:31:54,344 Thread-13 > [17:31:54] [Server thread/INFO]: Saving chunks for level 'Jhean Paradise'/minecraft:the_nether
2020-04-30 17:34:01,717 Thread-13 > [17:34:01] [Server thread/INFO]: jpineros was killed by Ender Dragon using magic
2020-04-30 17:34:01,731 Thread-13 > [17:34:01] [main/INFO]: [CHAT] jpineros was killed by Ender Dragon using magic
2020-04-30 17:34:03,265 Thread-13 > [17:34:03] [Server thread/INFO]: Saving and pausing game...
2020-04-30 17:34:03,270 Thread-13 > [17:34:03] [Server thread/INFO]: Saving chunks for level 'Jhean Paradise'/minecraft:overworld
2020-04-30 17:34:03,296 Thread-13 > [17:34:03] [Server thread/INFO]: Saving chunks for level 'Jhean Paradise'/minecraft:the_end
2020-04-30 17:34:03,378 Thread-13 > [17:34:03] [Server thread/INFO]: Saving chunks for level 'Jhean Paradise'/minecraft:the_nether
2020-04-30 17:34:07,582 Thread-13 > [17:34:07] [Server thread/INFO]: Saving and pausing game...
2020-04-30 17:34:07,588 Thread-13 > [17:34:07] [Server thread/INFO]: Saving chunks for level 'Jhean Paradise'/minecraft:overworld
2020-04-30 17:34:07,881 Thread-13 > [17:34:07] [Server thread/INFO]: Saving chunks for level 'Jhean Paradise'/minecraft:the_end
2020-04-30 17:34:07,883 Thread-13 > [17:34:07] [Server thread/INFO]: Saving chunks for level 'Jhean Paradise'/minecraft:the_nether
2020-04-30 17:38:39,622 Thread-13 > [17:38:39] [Server thread/INFO]: jpineros was killed by Ender Dragon using magic
2020-04-30 17:38:39,628 Thread-13 > [17:38:39] [main/INFO]: [CHAT] jpineros was killed by Ender Dragon using magic
2020-04-30 17:38:42,084 Thread-13 > [17:38:42] [Server thread/INFO]: Saving and pausing game...
2020-04-30 17:38:42,088 Thread-13 > [17:38:42] [Server thread/INFO]: Saving chunks for level 'Jhean Paradise'/minecraft:overworld
2020-04-30 17:38:42,131 Thread-13 > [17:38:42] [Server thread/INFO]: Saving chunks for level 'Jhean Paradise'/minecraft:the_end
2020-04-30 17:38:42,187 Thread-13 > [17:38:42] [Server thread/INFO]: Saving chunks for level 'Jhean Paradise'/minecraft:the_nether
2020-04-30 17:38:45,796 Thread-13 > [17:38:45] [Server thread/INFO]: Saving and pausing game...
2020-04-30 17:38:45,801 Thread-13 > [17:38:45] [Server thread/INFO]: Saving chunks for level 'Jhean Paradise'/minecraft:overworld
2020-04-30 17:38:46,095 Thread-13 > [17:38:46] [Server thread/INFO]: Saving chunks for level 'Jhean Paradise'/minecraft:the_end
2020-04-30 17:38:46,096 Thread-13 > [17:38:46] [Server thread/INFO]: Saving chunks for level 'Jhean Paradise'/minecraft:the_nether
2020-04-30 17:39:39,072 Thread-13 > [17:39:39] [Server thread/INFO]: jpineros was slain by Ender Dragon
2020-04-30 17:39:39,078 Thread-13 > [17:39:39] [main/INFO]: [CHAT] jpineros was slain by Ender Dragon
2020-04-30 17:39:40,170 Thread-13 > [17:39:40] [Server thread/INFO]: Saving and pausing game...
2020-04-30 17:39:40,176 Thread-13 > [17:39:40] [Server thread/INFO]: Saving chunks for level 'Jhean Paradise'/minecraft:overworld
2020-04-30 17:39:40,207 Thread-13 > [17:39:40] [Server thread/INFO]: Saving chunks for level 'Jhean Paradise'/minecraft:the_end
2020-04-30 17:39:40,283 Thread-13 > [17:39:40] [Server thread/INFO]: Saving chunks for level 'Jhean Paradise'/minecraft:the_nether
2020-04-30 17:39:49,193 Thread-13 > [17:39:49] [Server thread/INFO]: Saving and pausing game...
2020-04-30 17:39:49,199 Thread-13 > [17:39:49] [Server thread/INFO]: Saving chunks for level 'Jhean Paradise'/minecraft:overworld
2020-04-30 17:39:49,519 Thread-13 > [17:39:49] [Server thread/INFO]: Saving chunks for level 'Jhean Paradise'/minecraft:the_end
2020-04-30 17:39:49,520 Thread-13 > [17:39:49] [Server thread/INFO]: Saving chunks for level 'Jhean Paradise'/minecraft:the_nether
2020-04-30 17:41:31,222 Thread-13 > [17:41:31] [Server thread/INFO]: Saving and pausing game...
2020-04-30 17:41:31,235 Thread-13 > [17:41:31] [Server thread/INFO]: Saving chunks for level 'Jhean Paradise'/minecraft:overworld
2020-04-30 17:41:31,272 Thread-13 > [17:41:31] [Server thread/INFO]: Saving chunks for level 'Jhean Paradise'/minecraft:the_end
2020-04-30 17:41:31,340 Thread-13 > [17:41:31] [Server thread/INFO]: Saving chunks for level 'Jhean Paradise'/minecraft:the_nether
2020-04-30 17:45:31,531 Thread-13 > [17:45:31] [Server thread/INFO]: jpineros was killed by Ender Dragon using magic
2020-04-30 17:45:31,541 Thread-13 > [17:45:31] [main/INFO]: [CHAT] jpineros was killed by Ender Dragon using magic
2020-04-30 17:45:32,637 Thread-13 > [17:45:32] [Server thread/INFO]: Saving and pausing game...
2020-04-30 17:45:32,641 Thread-13 > [17:45:32] [Server thread/INFO]: Saving chunks for level 'Jhean Paradise'/minecraft:overworld
2020-04-30 17:45:32,669 Thread-13 > [17:45:32] [Server thread/INFO]: Saving chunks for level 'Jhean Paradise'/minecraft:the_end
2020-04-30 17:45:32,726 Thread-13 > [17:45:32] [Server thread/INFO]: Saving chunks for level 'Jhean Paradise'/minecraft:the_nether
2020-04-30 17:46:37,533 Thread-13 > [17:46:37] [Server thread/INFO]: jpineros tried to swim in lava
2020-04-30 17:46:37,535 Thread-13 > [17:46:37] [main/INFO]: [CHAT] jpineros tried to swim in lava
2020-04-30 17:46:43,010 Thread-13 > [17:46:43] [Server thread/INFO]: Saving and pausing game...
2020-04-30 17:46:43,020 Thread-13 > [17:46:43] [Server thread/INFO]: Saving chunks for level 'Jhean Paradise'/minecraft:overworld
2020-04-30 17:46:43,317 Thread-13 > [17:46:43] [Server thread/INFO]: Saving chunks for level 'Jhean Paradise'/minecraft:the_end
2020-04-30 17:46:43,318 Thread-13 > [17:46:43] [Server thread/INFO]: Saving chunks for level 'Jhean Paradise'/minecraft:the_nether
2020-04-30 17:47:34,229 Thread-13 > [17:47:34] [Server thread/INFO]: jpineros was slain by Ender Dragon
2020-04-30 17:47:34,235 Thread-13 > [17:47:34] [main/INFO]: [CHAT] jpineros was slain by Ender Dragon
2020-04-30 17:47:38,852 Thread-13 > [17:47:38] [Server thread/INFO]: Saving and pausing game...
2020-04-30 17:47:38,862 Thread-13 > [17:47:38] [Server thread/INFO]: Saving chunks for level 'Jhean Paradise'/minecraft:overworld
2020-04-30 17:47:39,148 Thread-13 > [17:47:39] [Server thread/INFO]: Saving chunks for level 'Jhean Paradise'/minecraft:the_end
2020-04-30 17:47:39,149 Thread-13 > [17:47:39] [Server thread/INFO]: Saving chunks for level 'Jhean Paradise'/minecraft:the_nether
2020-04-30 17:54:41,187 Thread-13 > [17:54:41] [Server thread/INFO]: jpineros was slain by Ender Dragon
2020-04-30 17:54:41,197 Thread-13 > [17:54:41] [main/INFO]: [CHAT] jpineros was slain by Ender Dragon
2020-04-30 17:54:42,356 Thread-13 > [17:54:42] [Server thread/INFO]: Saving and pausing game...
2020-04-30 17:54:42,361 Thread-13 > [17:54:42] [Server thread/INFO]: Saving chunks for level 'Jhean Paradise'/minecraft:overworld
2020-04-30 17:54:42,390 Thread-13 > [17:54:42] [Server thread/INFO]: Saving chunks for level 'Jhean Paradise'/minecraft:the_end
2020-04-30 17:54:42,443 Thread-13 > [17:54:42] [Server thread/INFO]: Saving chunks for level 'Jhean Paradise'/minecraft:the_nether
2020-04-30 18:02:46,492 Thread-13 > [18:02:46] [Server thread/INFO]: jpineros fell from a high place
2020-04-30 18:02:46,508 Thread-13 > [18:02:46] [main/INFO]: [CHAT] jpineros fell from a high place
2020-04-30 18:02:48,212 Thread-13 > [18:02:48] [Server thread/INFO]: Saving and pausing game...
2020-04-30 18:02:48,219 Thread-13 > [18:02:48] [Server thread/INFO]: Saving chunks for level 'Jhean Paradise'/minecraft:overworld
2020-04-30 18:02:48,262 Thread-13 > [18:02:48] [Server thread/INFO]: Saving chunks for level 'Jhean Paradise'/minecraft:the_end
2020-04-30 18:02:48,314 Thread-13 > [18:02:48] [Server thread/INFO]: Saving chunks for level 'Jhean Paradise'/minecraft:the_nether
2020-04-30 18:02:54,118 Thread-13 > [18:02:54] [Server thread/INFO]: Saving and pausing game...
2020-04-30 18:02:54,123 Thread-13 > [18:02:54] [Server thread/INFO]: Saving chunks for level 'Jhean Paradise'/minecraft:overworld
2020-04-30 18:02:54,445 Thread-13 > [18:02:54] [Server thread/INFO]: Saving chunks for level 'Jhean Paradise'/minecraft:the_end
2020-04-30 18:02:54,447 Thread-13 > [18:02:54] [Server thread/INFO]: Saving chunks for level 'Jhean Paradise'/minecraft:the_nether
2020-04-30 18:04:34,950 Thread-13 > [18:04:34] [Server thread/INFO]: jpineros was slain by Enderman
2020-04-30 18:04:34,957 Thread-13 > [18:04:34] [main/INFO]: [CHAT] jpineros was slain by Enderman
2020-04-30 18:04:36,200 Thread-13 > [18:04:36] [Server thread/INFO]: Saving and pausing game...
2020-04-30 18:04:36,211 Thread-13 > [18:04:36] [Server thread/INFO]: Saving chunks for level 'Jhean Paradise'/minecraft:overworld
2020-04-30 18:04:36,247 Thread-13 > [18:04:36] [Server thread/INFO]: Saving chunks for level 'Jhean Paradise'/minecraft:the_end
2020-04-30 18:04:36,302 Thread-13 > [18:04:36] [Server thread/INFO]: Saving chunks for level 'Jhean Paradise'/minecraft:the_nether
2020-04-30 18:04:39,574 Thread-13 > [18:04:39] [Server thread/INFO]: Saving and pausing game...
2020-04-30 18:04:39,579 Thread-13 > [18:04:39] [Server thread/INFO]: Saving chunks for level 'Jhean Paradise'/minecraft:overworld
2020-04-30 18:04:39,871 Thread-13 > [18:04:39] [Server thread/INFO]: Saving chunks for level 'Jhean Paradise'/minecraft:the_end
2020-04-30 18:04:39,872 Thread-13 > [18:04:39] [Server thread/INFO]: Saving chunks for level 'Jhean Paradise'/minecraft:the_nether
2020-04-30 18:07:27,254 Thread-13 > [18:07:27] [Server thread/INFO]: jpineros was slain by Ender Dragon
2020-04-30 18:07:27,272 Thread-13 > [18:07:27] [main/INFO]: [CHAT] jpineros was slain by Ender Dragon
2020-04-30 18:07:29,020 Thread-13 > [18:07:29] [Server thread/INFO]: Saving and pausing game...
2020-04-30 18:07:29,033 Thread-13 > [18:07:29] [Server thread/INFO]: Saving chunks for level 'Jhean Paradise'/minecraft:overworld
2020-04-30 18:07:29,079 Thread-13 > [18:07:29] [Server thread/INFO]: Saving chunks for level 'Jhean Paradise'/minecraft:the_end
2020-04-30 18:07:29,133 Thread-13 > [18:07:29] [Server thread/INFO]: Saving chunks for level 'Jhean Paradise'/minecraft:the_nether
2020-04-30 18:07:32,278 Thread-13 > [18:07:32] [Server thread/INFO]: Saving and pausing game...
2020-04-30 18:07:32,284 Thread-13 > [18:07:32] [Server thread/INFO]: Saving chunks for level 'Jhean Paradise'/minecraft:overworld
2020-04-30 18:07:32,580 Thread-13 > [18:07:32] [Server thread/INFO]: Saving chunks for level 'Jhean Paradise'/minecraft:the_end
2020-04-30 18:07:32,581 Thread-13 > [18:07:32] [Server thread/INFO]: Saving chunks for level 'Jhean Paradise'/minecraft:the_nether
2020-04-30 18:09:19,121 Thread-13 > [18:09:19] [Server thread/INFO]: jpineros fell from a high place
2020-04-30 18:09:19,138 Thread-13 > [18:09:19] [main/INFO]: [CHAT] jpineros fell from a high place
2020-04-30 18:09:20,574 Thread-13 > [18:09:20] [Server thread/INFO]: Saving and pausing game...
2020-04-30 18:09:20,579 Thread-13 > [18:09:20] [Server thread/INFO]: Saving chunks for level 'Jhean Paradise'/minecraft:overworld
2020-04-30 18:09:20,611 Thread-13 > [18:09:20] [Server thread/INFO]: Saving chunks for level 'Jhean Paradise'/minecraft:the_end
2020-04-30 18:09:20,676 Thread-13 > [18:09:20] [Server thread/INFO]: Saving chunks for level 'Jhean Paradise'/minecraft:the_nether
2020-04-30 18:09:24,936 Thread-13 > [18:09:24] [Server thread/INFO]: Saving and pausing game...
2020-04-30 18:09:24,941 Thread-13 > [18:09:24] [Server thread/INFO]: Saving chunks for level 'Jhean Paradise'/minecraft:overworld
2020-04-30 18:09:25,243 Thread-13 > [18:09:25] [Server thread/INFO]: Saving chunks for level 'Jhean Paradise'/minecraft:the_end
2020-04-30 18:09:25,244 Thread-13 > [18:09:25] [Server thread/INFO]: Saving chunks for level 'Jhean Paradise'/minecraft:the_nether
2020-04-30 18:10:41,602 Thread-13 > [18:10:41] [Server thread/INFO]: jpineros was slain by Ender Dragon
2020-04-30 18:10:41,613 Thread-13 > [18:10:41] [main/INFO]: [CHAT] jpineros was slain by Ender Dragon
2020-04-30 18:10:43,360 Thread-13 > [18:10:43] [Server thread/INFO]: Saving and pausing game...
2020-04-30 18:10:43,370 Thread-13 > [18:10:43] [Server thread/INFO]: Saving chunks for level 'Jhean Paradise'/minecraft:overworld
2020-04-30 18:10:43,416 Thread-13 > [18:10:43] [Server thread/INFO]: Saving chunks for level 'Jhean Paradise'/minecraft:the_end
2020-04-30 18:10:43,470 Thread-13 > [18:10:43] [Server thread/INFO]: Saving chunks for level 'Jhean Paradise'/minecraft:the_nether
2020-04-30 18:11:52,208 Thread-13 > [18:11:52] [Server thread/INFO]: jpineros tried to swim in lava
2020-04-30 18:11:52,211 Thread-13 > [18:11:52] [main/INFO]: [CHAT] jpineros tried to swim in lava
2020-04-30 18:13:14,153 Thread-13 > [18:13:14] [Server thread/INFO]: Saving and pausing game...
2020-04-30 18:13:14,161 Thread-13 > [18:13:14] [Server thread/INFO]: Saving chunks for level 'Jhean Paradise'/minecraft:overworld
2020-04-30 18:13:14,251 Thread-13 > [18:13:14] [Server thread/INFO]: Saving chunks for level 'Jhean Paradise'/minecraft:the_end
2020-04-30 18:13:14,252 Thread-13 > [18:13:14] [Server thread/INFO]: Saving chunks for level 'Jhean Paradise'/minecraft:the_nether
2020-04-30 18:14:26,815 Thread-13 > [18:14:26] [Sound engine/ERROR]: Stop: Invalid name parameter.
2020-04-30 18:14:26,871 Thread-13 > [18:14:26] [Server thread/INFO]: Saving and pausing game...
2020-04-30 18:14:26,884 Thread-13 > [18:14:26] [Server thread/INFO]: Saving chunks for level 'Jhean Paradise'/minecraft:overworld
2020-04-30 18:14:26,930 Thread-13 > [18:14:26] [Server thread/INFO]: Saving chunks for level 'Jhean Paradise'/minecraft:the_end
2020-04-30 18:14:26,931 Thread-13 > [18:14:26] [Server thread/INFO]: Saving chunks for level 'Jhean Paradise'/minecraft:the_nether
2020-04-30 18:25:28,924 Thread-13 > [18:25:28] [Server thread/INFO]: jpineros was slain by Spider
2020-04-30 18:25:28,942 Thread-13 > [18:25:28] [main/INFO]: [CHAT] jpineros was slain by Spider
2020-04-30 18:25:56,276 Thread-13 > [18:25:56] [Server thread/INFO]: jpineros tried to swim in lava
2020-04-30 18:25:56,286 Thread-13 > [18:25:56] [main/INFO]: [CHAT] jpineros tried to swim in lava
2020-04-30 18:25:57,885 Thread-13 > [18:25:57] [main/INFO]: [CHAT] Your home bed was missing or obstructed
2020-04-30 18:26:47,388 Thread-13 > [18:26:47] [main/INFO]: [CHAT] Respawn point set
2020-04-30 18:29:03,222 Thread-13 > [18:29:03] [Server thread/INFO]: Saving and pausing game...
2020-04-30 18:29:03,229 Thread-13 > [18:29:03] [Server thread/INFO]: Saving chunks for level 'Jhean Paradise'/minecraft:overworld
2020-04-30 18:29:03,294 Thread-13 > [18:29:03] [Server thread/INFO]: Saving chunks for level 'Jhean Paradise'/minecraft:the_end
2020-04-30 18:29:03,295 Thread-13 > [18:29:03] [Server thread/INFO]: Saving chunks for level 'Jhean Paradise'/minecraft:the_nether
2020-04-30 18:29:04,529 Thread-13 > [18:29:04] [Server thread/INFO]: jpineros lost connection: Disconnected
2020-04-30 18:29:04,530 Thread-13 > [18:29:04] [Server thread/INFO]: jpineros left the game
2020-04-30 18:29:04,535 Thread-13 > [18:29:04] [Server thread/INFO]: Stopping singleplayer server as player logged out
2020-04-30 18:29:04,572 Thread-13 > [18:29:04] [Server thread/INFO]: Stopping server
2020-04-30 18:29:04,573 Thread-13 > [18:29:04] [Server thread/INFO]: Saving players
2020-04-30 18:29:04,574 Thread-13 > [18:29:04] [Server thread/INFO]: Saving worlds
2020-04-30 18:29:04,574 Thread-13 > [18:29:04] [Server thread/INFO]: Saving chunks for level 'Jhean Paradise'/minecraft:overworld
2020-04-30 18:29:04,744 Thread-13 > [18:29:04] [Server thread/INFO]: ThreadedAnvilChunkStorage (Jhean Paradise): All chunks are saved
2020-04-30 18:29:04,745 Thread-13 > [18:29:04] [Server thread/INFO]: Saving chunks for level 'Jhean Paradise'/minecraft:the_end
2020-04-30 18:29:04,747 Thread-13 > [18:29:04] [Server thread/INFO]: ThreadedAnvilChunkStorage (DIM1): All chunks are saved
2020-04-30 18:29:04,748 Thread-13 > [18:29:04] [Server thread/INFO]: Saving chunks for level 'Jhean Paradise'/minecraft:the_nether
2020-04-30 18:29:04,749 Thread-13 > [18:29:04] [Server thread/INFO]: ThreadedAnvilChunkStorage (DIM-1): All chunks are saved
2020-04-30 18:29:04,751 Thread-13 > [18:29:04] [Server thread/INFO]: ThreadedAnvilChunkStorage (Jhean Paradise): All chunks are saved
2020-04-30 18:29:04,759 Thread-13 > [18:29:04] [Server thread/INFO]: ThreadedAnvilChunkStorage (DIM1): All chunks are saved
2020-04-30 18:29:04,770 Thread-13 > [18:29:04] [Server thread/INFO]: ThreadedAnvilChunkStorage (DIM-1): All chunks are saved
2020-04-30 18:31:17,297 Thread-13 > [18:31:17] [main/INFO]: Stopping!
2020-04-30 18:31:18,494 Thread-13 Here I am!
2020-04-30 18:31:18,573 Thread-13 [VersionManager] Refreshing versions locally...
2020-04-30 18:31:18,588 Thread-13 [VersionManager] Versions has been refreshed (15 ms)
2020-04-30 18:31:18,622 Thread-13 [Launcher] Minecraft closed with exit code: 0
2020-04-30 18:31:18,622 LoopedThread#8 [Launcher] Launcher exited.
2020-04-30 18:31:23,084 AWT-EventQueue-0 Good bye!
2020-04-30 18:31:23,086 AWT-EventQueue-0 [TLauncherManager] before clearLibrary 
2020-04-30 18:31:23,092 AWT-EventQueue-0 [TLauncherManager] written:  []
2020-04-30 18:31:23,093 AWT-EventQueue-0 [TLauncherManager] after clearLibrary 
