2020-04-30 06:12:49,854 main [Loading] INITIALIZING
Starting TLauncher 2.69 RELEASE
For more information, visit https://tlauncher.org/
Startup time: Apr 30, 2020 6:12:48 AM
---
run double running protectin
[Loading] LOADING_CONFIGURATION
Loading configuration from file: /Users/jpineros/Library/Application Support/tlauncher/tlauncher-2.0.properties
[Configuration] Constant values: {}
Machine info: -------------------------------------------------------
Mac OS X 10.15.4, Java 1.8.0_231, jvm bit x64, 16384 MB RAM
java path=/Library/Internet Plug-Ins/JavaAppletPlugin.plugin/Contents/Home/bin/java
Intel UHD Graphics 630
-------------------------------------------------------
Selected locale: en_US
[Loading] LOADING_CONSOLE


2020-04-30 06:12:49,854 main [Downloader2] Loaded configuration: good
2020-04-30 06:12:49,988 ExtendedThread#4 [Updater] Requesting an update...
2020-04-30 06:12:49,990 ExtendedThread#4 [Updater] Requesting from: http://repo.tlauncher.org/update/lch/update_2.0.json
2020-04-30 06:12:49,991 ExtendedThread#4 [Updater] Making request: http://repo.tlauncher.org/update/lch/update_2.0.json?version=2.69&client=1989ed1d-7f80-4273-b5a5-0b1ae81b1ee6
2020-04-30 06:12:50,145 main [Browser] Loading resources...
2020-04-30 06:12:50,240 main [Browser] Loading background...
2020-04-30 06:12:50,266 main [Browser] Cleaning up after loading:
2020-04-30 06:12:50,267 main Starting garbage collector: 85 / 198 MB
2020-04-30 06:12:50,322 main Garbage collector completed: 17 / 236 MB
2020-04-30 06:12:50,324 main [Loading] LOADING_MANAGERS
2020-04-30 06:12:50,329 main [LocalVersionList] Base directory: /Users/jpineros/Library/Application Support/minecraft
2020-04-30 06:12:50,338 main [ProfileManager] Refreshing profiles from: /Users/jpineros/Library/Application Support/minecraft/TlauncherProfiles.json
2020-04-30 06:12:50,348 main [AdvertisingStatusObserver]  started to get ad information
2020-04-30 06:12:50,349 main [AdvertisingStatusObserver]  finished to get add information
2020-04-30 06:12:50,349 ExtendedThread#6 [GsonUtil]  request to http://repo.tlauncher.org/update/downloads/libraries/org/tlauncher/authlib/libraries-1.6.json
2020-04-30 06:12:50,353 main [Loading] LOADING_WINDOW
2020-04-30 06:12:50,492 ExtendedThread#4 [Updater] Request time: 502 ms
2020-04-30 06:12:50,492 ExtendedThread#4 [Updater] Successfully requested from: http://repo.tlauncher.org/update/lch/update_2.0.json
2020-04-30 06:12:50,603 JavaFX Application Thread [JFXStartPageLoader]  start load page: http://page.tlauncher.org/update/downloads/configs/client/eng.html
2020-04-30 06:12:50,608 JavaFX Application Thread [Browser] Running in JavaFX Thread
2020-04-30 06:12:50,609 JavaFX Application Thread [Browser] Preparing JavaFX...
2020-04-30 06:12:50,688 ExtendedThread#7 [REPO][SERVER_LIST_REPO] Success: Reached the repo in 335 ms.
2020-04-30 06:12:50,692 JavaFX Application Thread [Browser] Initializing...
2020-04-30 06:12:50,805 main [Loading] PREPARING_MAINPANE
2020-04-30 06:12:50,932 main [Downloader2] Loaded configuration: good
2020-04-30 06:12:51,617 JavaFX Application Thread [JFXStartPageLoader]  succeeded load page: http://page.tlauncher.org/update/downloads/configs/client/eng.html during 1
2020-04-30 06:12:51,617 JavaFX Application Thread [Browser@496310821] Loaded successfully: "http://page.tlauncher.org/update/downloads/configs/client/eng.html"
2020-04-30 06:12:51,697 JavaFX Application Thread [Browser] add listens into server_choose
2020-04-30 06:12:51,697 JavaFX Application Thread [Browser] finished listens into server_choose
2020-04-30 06:12:51,873 main [Loading] POSTINIT_GUI
2020-04-30 06:12:51,873 main [Frame] Packing main frame...
2020-04-30 06:12:51,965 main [Frame] Resizing main pane...
2020-04-30 06:12:51,966 main Updater is already closed. Showing up...
2020-04-30 06:12:51,966 main Visibility set.
2020-04-30 06:12:51,971 main [Loading] REFRESHING_INFO
2020-04-30 06:12:51,972 ExtendedThread#4 [VersionManager] Refreshing versions remotely...
2020-04-30 06:12:51,972 ExtendedThread#6 [REPO][EXTRA_VERSION_REPO] Attempt #1; timeout: 45000 ms; url: http://repo.tlauncher.org/update/downloads/versions/new3/
2020-04-30 06:12:51,974 main Started! (2622 ms.)
2020-04-30 06:12:51,975 main [Loading] SUCCESS
2020-04-30 06:12:51,993 main [TLauncher] show tlauncher!!!
2020-04-30 06:12:51,993 main [Double running] clear time label
2020-04-30 06:12:52,020 AsyncObject#14 [REPO][EXTRA_VERSION_REPO] Attempt #1; timeout: 45000 ms; url: http://repo.tlauncher.org/update/downloads/versions/new3/
2020-04-30 06:12:52,020 AsyncObject#15 [REPO][SKIN_VERSION_REPO] Attempt #1; timeout: 45000 ms; url: http://repo.tlauncher.org/update/downloads/versions/new3/skin/versions/
2020-04-30 06:12:52,022 AsyncObject#13 [REPO][OFFICIAL_VERSION_REPO] Attempt #1; timeout: 45000 ms; url: https://launchermeta.mojang.com/mc/game/
2020-04-30 06:12:52,073 ExtendedThread#6 [REPO][EXTRA_VERSION_REPO] Success: Reached the repo in 101 ms.
2020-04-30 06:12:52,086 AsyncObject#14 [REPO][EXTRA_VERSION_REPO] Success: Reached the repo in 66 ms.
2020-04-30 06:12:52,088 AsyncObject#15 [REPO][SKIN_VERSION_REPO] Success: Reached the repo in 66 ms.
2020-04-30 06:12:52,103 AsyncObject#15 [SkinVersionList] Got in 83 ms
2020-04-30 06:12:52,119 AsyncObject#14 [ExtraVersionList] Got in 99 ms
2020-04-30 06:12:53,102 AsyncObject#13 [REPO][OFFICIAL_VERSION_REPO] Success: Reached the repo in 1080 ms.
2020-04-30 06:12:53,158 AsyncObject#13 [OfficialVersionList] Got in 1137 ms
2020-04-30 06:12:53,158 ExtendedThread#4 [VersionManager] Versions has been refreshed (1178 ms)
2020-04-30 06:12:53,192 ExtendedThread#7 [REPO][ADD_HOT_SERVERS_REPO] Attempt #1; timeout: 45000 ms; url: http://repo.tlauncher.org/update/lch/additional_hot_servers-1.0.json
2020-04-30 06:12:53,194 ExtendedThread#6 [REPO][HOT_SERVERS_REPO] Attempt #1; timeout: 45000 ms; url: http://repo.tlauncher.org/update/lch/servers/hot_servers-1.0.json
2020-04-30 06:12:53,212 Thread-12 run server on  37842
2020-04-30 06:12:53,252 ExtendedThread#7 [REPO][ADD_HOT_SERVERS_REPO] Success: Reached the repo in 57 ms.
2020-04-30 06:12:53,290 ExtendedThread#6 [REPO][HOT_SERVERS_REPO] Success: Reached the repo in 94 ms.
2020-04-30 06:12:54,950 LoopedThread#8 [LoginForm] Login was OK. Trying to launch now.
2020-04-30 06:12:55,212 LoopedThread#8 [Launcher] Running under TLauncher 2.69
2020-04-30 06:12:55,214 LoopedThread#8 [Launcher] Collecting info...
2020-04-30 06:12:55,223 LoopedThread#8 [TLauncherManager] before clearLibrary 
2020-04-30 06:12:55,231 LoopedThread#8 [TLauncherManager] written:  []
2020-04-30 06:12:55,232 LoopedThread#8 [TLauncherManager] after clearLibrary 
2020-04-30 06:12:55,232 LoopedThread#8 [Launcher] Force update: false
2020-04-30 06:12:55,233 LoopedThread#8 [Launcher] Selected version: latest-release
2020-04-30 06:12:55,234 LoopedThread#8 [Launcher] Selected account: Account{displayName=null, userid=null, uuid=null, username=jpineros}
2020-04-30 06:12:55,236 LoopedThread#8 [Launcher] Version sync info: VersionSyncInfo{id='1.15.2',
local=CompleteVersion{id='1.15.2', time=Tue Apr 28 01:31:30 COT 2020, release=Fri Jan 17 05:03:52 COT 2020, type=release, class=net.minecraft.client.main.Main, minimumVersion=21, assets='1.15', source=LOCAL_VERSION_REPO, list=net.minecraft.launcher.updater.OfficialVersionList@7144493, libraries=[Library{name='com.mojang:patchy:1.1', rules=null, natives=null, extract=null, packed='null'}, Library{name='oshi-project:oshi-core:1.1', rules=null, natives=null, extract=null, packed='null'}, Library{name='net.java.dev.jna:jna:4.4.0', rules=null, natives=null, extract=null, packed='null'}, Library{name='net.java.dev.jna:platform:3.4.0', rules=null, natives=null, extract=null, packed='null'}, Library{name='com.ibm.icu:icu4j-core-mojang:51.2', rules=null, natives=null, extract=null, packed='null'}, Library{name='com.mojang:javabridge:1.0.22', rules=null, natives=null, extract=null, packed='null'}, Library{name='net.sf.jopt-simple:jopt-simple:5.0.3', rules=null, natives=null, extract=null, packed='null'}, Library{name='io.netty:netty-all:4.1.25.Final', rules=null, natives=null, extract=null, packed='null'}, Library{name='com.google.guava:guava:21.0', rules=null, natives=null, extract=null, packed='null'}, Library{name='org.apache.commons:commons-lang3:3.5', rules=null, natives=null, extract=null, packed='null'}, Library{name='commons-io:commons-io:2.5', rules=null, natives=null, extract=null, packed='null'}, Library{name='commons-codec:commons-codec:1.10', rules=null, natives=null, extract=null, packed='null'}, Library{name='net.java.jinput:jinput:2.0.5', rules=null, natives=null, extract=null, packed='null'}, Library{name='net.java.jutils:jutils:1.0.0', rules=null, natives=null, extract=null, packed='null'}, Library{name='com.mojang:brigadier:1.0.17', rules=null, natives=null, extract=null, packed='null'}, Library{name='com.mojang:datafixerupper:2.0.24', rules=null, natives=null, extract=null, packed='null'}, Library{name='com.google.code.gson:gson:2.8.0', rules=null, natives=null, extract=null, packed='null'}, Library{name='com.mojang:authlib:1.5.25', rules=null, natives=null, extract=null, packed='null'}, Library{name='org.apache.commons:commons-compress:1.8.1', rules=null, natives=null, extract=null, packed='null'}, Library{name='org.apache.httpcomponents:httpclient:4.3.3', rules=null, natives=null, extract=null, packed='null'}, Library{name='commons-logging:commons-logging:1.1.3', rules=null, natives=null, extract=null, packed='null'}, Library{name='org.apache.httpcomponents:httpcore:4.3.2', rules=null, natives=null, extract=null, packed='null'}, Library{name='it.unimi.dsi:fastutil:8.2.1', rules=null, natives=null, extract=null, packed='null'}, Library{name='org.apache.logging.log4j:log4j-api:2.8.1', rules=null, natives=null, extract=null, packed='null'}, Library{name='org.apache.logging.log4j:log4j-core:2.8.1', rules=null, natives=null, extract=null, packed='null'}, Library{name='org.lwjgl:lwjgl:3.2.1', rules=[Rule{action=ALLOW, os=OSRestriction{name=OSX, version='null'}, features=null}], natives=null, extract=null, packed='null'}, Library{name='org.lwjgl:lwjgl:3.2.2', rules=[Rule{action=ALLOW, os=null, features=null}, Rule{action=DISALLOW, os=OSRestriction{name=OSX, version='null'}, features=null}], natives=null, extract=null, packed='null'}, Library{name='org.lwjgl:lwjgl-jemalloc:3.2.1', rules=[Rule{action=ALLOW, os=OSRestriction{name=OSX, version='null'}, features=null}], natives=null, extract=null, packed='null'}, Library{name='org.lwjgl:lwjgl-jemalloc:3.2.2', rules=[Rule{action=ALLOW, os=null, features=null}, Rule{action=DISALLOW, os=OSRestriction{name=OSX, version='null'}, features=null}], natives=null, extract=null, packed='null'}, Library{name='org.lwjgl:lwjgl-openal:3.2.1', rules=[Rule{action=ALLOW, os=OSRestriction{name=OSX, version='null'}, features=null}], natives=null, extract=null, packed='null'}, Library{name='org.lwjgl:lwjgl-openal:3.2.2', rules=[Rule{action=ALLOW, os=null, features=null}, Rule{action=DISALLOW, os=OSRestriction{name=OSX, version='null'}, features=null}], natives=null, extract=null, packed='null'}, Library{name='org.lwjgl:lwjgl-opengl:3.2.1', rules=[Rule{action=ALLOW, os=OSRestriction{name=OSX, version='null'}, features=null}], natives=null, extract=null, packed='null'}, Library{name='org.lwjgl:lwjgl-opengl:3.2.2', rules=[Rule{action=ALLOW, os=null, features=null}, Rule{action=DISALLOW, os=OSRestriction{name=OSX, version='null'}, features=null}], natives=null, extract=null, packed='null'}, Library{name='org.lwjgl:lwjgl-glfw:3.2.1', rules=[Rule{action=ALLOW, os=OSRestriction{name=OSX, version='null'}, features=null}], natives=null, extract=null, packed='null'}, Library{name='org.lwjgl:lwjgl-glfw:3.2.2', rules=[Rule{action=ALLOW, os=null, features=null}, Rule{action=DISALLOW, os=OSRestriction{name=OSX, version='null'}, features=null}], natives=null, extract=null, packed='null'}, Library{name='org.lwjgl:lwjgl-stb:3.2.1', rules=[Rule{action=ALLOW, os=OSRestriction{name=OSX, version='null'}, features=null}], natives=null, extract=null, packed='null'}, Library{name='org.lwjgl:lwjgl-stb:3.2.2', rules=[Rule{action=ALLOW, os=null, features=null}, Rule{action=DISALLOW, os=OSRestriction{name=OSX, version='null'}, features=null}], natives=null, extract=null, packed='null'}, Library{name='org.lwjgl:lwjgl-tinyfd:3.2.1', rules=[Rule{action=ALLOW, os=OSRestriction{name=OSX, version='null'}, features=null}], natives=null, extract=null, packed='null'}, Library{name='org.lwjgl:lwjgl-tinyfd:3.2.2', rules=[Rule{action=ALLOW, os=null, features=null}, Rule{action=DISALLOW, os=OSRestriction{name=OSX, version='null'}, features=null}], natives=null, extract=null, packed='null'}, Library{name='org.lwjgl:lwjgl:3.2.1', rules=[Rule{action=ALLOW, os=OSRestriction{name=OSX, version='null'}, features=null}], natives={OSX=natives-macos}, extract=null, packed='null'}, Library{name='org.lwjgl:lwjgl:3.2.2', rules=[Rule{action=ALLOW, os=null, features=null}, Rule{action=DISALLOW, os=OSRestriction{name=OSX, version='null'}, features=null}], natives={LINUX=natives-linux, WINDOWS=natives-windows}, extract=null, packed='null'}, Library{name='org.lwjgl:lwjgl-jemalloc:3.2.1', rules=[Rule{action=ALLOW, os=OSRestriction{name=OSX, version='null'}, features=null}], natives={OSX=natives-macos}, extract=null, packed='null'}, Library{name='org.lwjgl:lwjgl-jemalloc:3.2.2', rules=[Rule{action=ALLOW, os=null, features=null}, Rule{action=DISALLOW, os=OSRestriction{name=OSX, version='null'}, features=null}], natives={LINUX=natives-linux, WINDOWS=natives-windows}, extract=null, packed='null'}, Library{name='org.lwjgl:lwjgl-openal:3.2.1', rules=[Rule{action=ALLOW, os=OSRestriction{name=OSX, version='null'}, features=null}], natives={OSX=natives-macos}, extract=null, packed='null'}, Library{name='org.lwjgl:lwjgl-openal:3.2.2', rules=[Rule{action=ALLOW, os=null, features=null}, Rule{action=DISALLOW, os=OSRestriction{name=OSX, version='null'}, features=null}], natives={LINUX=natives-linux, WINDOWS=natives-windows}, extract=null, packed='null'}, Library{name='org.lwjgl:lwjgl-opengl:3.2.1', rules=[Rule{action=ALLOW, os=OSRestriction{name=OSX, version='null'}, features=null}], natives={OSX=natives-macos}, extract=null, packed='null'}, Library{name='org.lwjgl:lwjgl-opengl:3.2.2', rules=[Rule{action=ALLOW, os=null, features=null}, Rule{action=DISALLOW, os=OSRestriction{name=OSX, version='null'}, features=null}], natives={LINUX=natives-linux, WINDOWS=natives-windows}, extract=null, packed='null'}, Library{name='org.lwjgl:lwjgl-glfw:3.2.1', rules=[Rule{action=ALLOW, os=OSRestriction{name=OSX, version='null'}, features=null}], natives={OSX=natives-macos}, extract=null, packed='null'}, Library{name='org.lwjgl:lwjgl-glfw:3.2.2', rules=[Rule{action=ALLOW, os=null, features=null}, Rule{action=DISALLOW, os=OSRestriction{name=OSX, version='null'}, features=null}], natives={LINUX=natives-linux, WINDOWS=natives-windows}, extract=null, packed='null'}, Library{name='org.lwjgl:lwjgl-stb:3.2.1', rules=[Rule{action=ALLOW, os=OSRestriction{name=OSX, version='null'}, features=null}], natives={OSX=natives-macos}, extract=null, packed='null'}, Library{name='org.lwjgl:lwjgl-tinyfd:3.2.2', rules=[Rule{action=ALLOW, os=null, features=null}, Rule{action=DISALLOW, os=OSRestriction{name=OSX, version='null'}, features=null}], natives={LINUX=natives-linux, WINDOWS=natives-windows}, extract=null, packed='null'}, Library{name='org.lwjgl:lwjgl-tinyfd:3.2.1', rules=[Rule{action=ALLOW, os=OSRestriction{name=OSX, version='null'}, features=null}], natives={OSX=natives-macos}, extract=null, packed='null'}, Library{name='org.lwjgl:lwjgl-stb:3.2.2', rules=[Rule{action=ALLOW, os=null, features=null}, Rule{action=DISALLOW, os=OSRestriction{name=OSX, version='null'}, features=null}], natives={LINUX=natives-linux, WINDOWS=natives-windows}, extract=null, packed='null'}, Library{name='com.mojang:text2speech:1.11.3', rules=null, natives=null, extract=null, packed='null'}, Library{name='com.mojang:text2speech:1.11.3', rules=null, natives={LINUX=natives-linux, WINDOWS=natives-windows}, extract=net.minecraft.launcher.versions.ExtractRules@92dc5ff, packed='null'}, Library{name='ca.weblite:java-objc-bridge:1.0.0', rules=[Rule{action=ALLOW, os=OSRestriction{name=OSX, version='null'}, features=null}], natives={OSX=natives-osx}, extract=net.minecraft.launcher.versions.ExtractRules@118af941, packed='null'}, Library{name='ca.weblite:java-objc-bridge:1.0.0', rules=[Rule{action=ALLOW, os=OSRestriction{name=OSX, version='null'}, features=null}], natives=null, extract=null, packed='null'}]},
remote=PartialVersion{id='1.15.2', time=Tue Apr 28 01:31:30 COT 2020, release=Fri Jan 17 05:03:52 COT 2020, type=release, source=OFFICIAL_VERSION_REPO, skinVersion=false, list=net.minecraft.launcher.updater.OfficialVersionList@7144493}, isInstalled=true, hasRemote=true, isUpToDate=true}
2020-04-30 06:12:55,321 LoopedThread#8 [Launcher] Java path: /Library/Internet Plug-Ins/JavaAppletPlugin.plugin/Contents/Home/bin/java
2020-04-30 06:12:55,327 LoopedThread#8 [Launcher] Checking conditions...
2020-04-30 06:12:55,338 LoopedThread#8 [Launcher] Comparing assets...
2020-04-30 06:12:55,338 LoopedThread#8 [AssetsManager] Checking resources...
2020-04-30 06:12:55,339 LoopedThread#8 [AssetsManager] Reading indexes from file /Users/jpineros/Library/Application Support/minecraft/assets/indexes/1.15.json
2020-04-30 06:12:55,379 LoopedThread#8 [AssetsManager] Fast comparing: true
2020-04-30 06:12:55,499 LoopedThread#8 [Launcher] Delta time to compare assets: 161 ms.
2020-04-30 06:12:55,500 LoopedThread#8 [TLauncherManager] add required libraries: 1.15.2
2020-04-30 06:12:56,100 LoopedThread#8 [VersionManager] Required for version 1.15.2: []
2020-04-30 06:12:56,101 LoopedThread#8 [Modpack]  got container
2020-04-30 06:12:56,114 LoopedThread#8 [TLauncherManager] library will be replaced: com.mojang:authlib:1.5.25
2020-04-30 06:12:56,115 LoopedThread#8 [TLauncherManager] library will be replaced: com.mojang:patchy:1.1
2020-04-30 06:12:56,116 LoopedThread#8 [TLauncherManager] library will be added as required: net.minecraft:launchwrapper:1.12
2020-04-30 06:12:56,117 LoopedThread#8 [TLauncherManager] library will be added as required: org.ow2.asm:asm-commons:6.2
2020-04-30 06:12:56,118 LoopedThread#8 [TLauncherManager] library will be added as required: org.ow2.asm:asm:6.2
2020-04-30 06:12:56,119 LoopedThread#8 [TLauncherManager] library will be added as required: org.ow2.asm:asm-tree:6.2
2020-04-30 06:12:56,119 LoopedThread#8 [TLauncherManager] library will be added: org.tlauncher:tl_skin_cape_1.15.2:1.9
2020-04-30 06:12:56,130 LoopedThread#8 [Launcher] Unpacking natives...
2020-04-30 06:12:56,135 LoopedThread#8 [Launcher] Constructing process...
2020-04-30 06:12:56,145 LoopedThread#8 [Launcher] Constructing classpath...
2020-04-30 06:12:56,147 LoopedThread#8 [Launcher] Getting Minecraft arguments...
2020-04-30 06:12:56,151 LoopedThread#8 [Launcher] Full command (characters are not escaped):
/Library/Internet Plug-Ins/JavaAppletPlugin.plugin/Contents/Home/bin/java -Xdock:icon="/Users/jpineros/Library/Application Support/minecraft/assets/objects/99/991b421dfd401f115241601b2b373140a8d78572" -Xdock:name=Minecraft -Djava.net.preferIPv4Stack=true -Xmn128M -Xmx10922M -XstartOnFirstThread -Xss1M -Djava.library.path=/Users/jpineros/Library/Application Support/minecraft/versions/1.15.2/natives -Dminecraft.launcher.brand=minecraft-launcher -Dminecraft.launcher.version=2.0.1003 -cp /Users/jpineros/Library/Application Support/minecraft/libraries/org/tlauncher/tl_skin_cape_1.15.2/1.9/tl_skin_cape_1.15.2-1.9.jar:/Users/jpineros/Library/Application Support/minecraft/libraries/org/ow2/asm/asm-tree/6.2/asm-tree-6.2.jar:/Users/jpineros/Library/Application Support/minecraft/libraries/org/ow2/asm/asm/6.2/asm-6.2.jar:/Users/jpineros/Library/Application Support/minecraft/libraries/org/ow2/asm/asm-commons/6.2/asm-commons-6.2.jar:/Users/jpineros/Library/Application Support/minecraft/libraries/net/minecraft/launchwrapper/1.12/launchwrapper-1.12.jar:/Users/jpineros/Library/Application Support/minecraft/libraries/org/tlauncher/patchy/1.1/patchy-1.1.jar:/Users/jpineros/Library/Application Support/minecraft/libraries/oshi-project/oshi-core/1.1/oshi-core-1.1.jar:/Users/jpineros/Library/Application Support/minecraft/libraries/net/java/dev/jna/jna/4.4.0/jna-4.4.0.jar:/Users/jpineros/Library/Application Support/minecraft/libraries/net/java/dev/jna/platform/3.4.0/platform-3.4.0.jar:/Users/jpineros/Library/Application Support/minecraft/libraries/com/ibm/icu/icu4j-core-mojang/51.2/icu4j-core-mojang-51.2.jar:/Users/jpineros/Library/Application Support/minecraft/libraries/com/mojang/javabridge/1.0.22/javabridge-1.0.22.jar:/Users/jpineros/Library/Application Support/minecraft/libraries/net/sf/jopt-simple/jopt-simple/5.0.3/jopt-simple-5.0.3.jar:/Users/jpineros/Library/Application Support/minecraft/libraries/io/netty/netty-all/4.1.25.Final/netty-all-4.1.25.Final.jar:/Users/jpineros/Library/Application Support/minecraft/libraries/com/google/guava/guava/21.0/guava-21.0.jar:/Users/jpineros/Library/Application Support/minecraft/libraries/org/apache/commons/commons-lang3/3.5/commons-lang3-3.5.jar:/Users/jpineros/Library/Application Support/minecraft/libraries/commons-io/commons-io/2.5/commons-io-2.5.jar:/Users/jpineros/Library/Application Support/minecraft/libraries/commons-codec/commons-codec/1.10/commons-codec-1.10.jar:/Users/jpineros/Library/Application Support/minecraft/libraries/net/java/jinput/jinput/2.0.5/jinput-2.0.5.jar:/Users/jpineros/Library/Application Support/minecraft/libraries/net/java/jutils/jutils/1.0.0/jutils-1.0.0.jar:/Users/jpineros/Library/Application Support/minecraft/libraries/com/mojang/brigadier/1.0.17/brigadier-1.0.17.jar:/Users/jpineros/Library/Application Support/minecraft/libraries/com/mojang/datafixerupper/2.0.24/datafixerupper-2.0.24.jar:/Users/jpineros/Library/Application Support/minecraft/libraries/com/google/code/gson/gson/2.8.0/gson-2.8.0.jar:/Users/jpineros/Library/Application Support/minecraft/libraries/org/tlauncher/authlib/1.6.25/authlib-1.6.25.jar:/Users/jpineros/Library/Application Support/minecraft/libraries/org/apache/commons/commons-compress/1.8.1/commons-compress-1.8.1.jar:/Users/jpineros/Library/Application Support/minecraft/libraries/org/apache/httpcomponents/httpclient/4.3.3/httpclient-4.3.3.jar:/Users/jpineros/Library/Application Support/minecraft/libraries/commons-logging/commons-logging/1.1.3/commons-logging-1.1.3.jar:/Users/jpineros/Library/Application Support/minecraft/libraries/org/apache/httpcomponents/httpcore/4.3.2/httpcore-4.3.2.jar:/Users/jpineros/Library/Application Support/minecraft/libraries/it/unimi/dsi/fastutil/8.2.1/fastutil-8.2.1.jar:/Users/jpineros/Library/Application Support/minecraft/libraries/org/apache/logging/log4j/log4j-api/2.8.1/log4j-api-2.8.1.jar:/Users/jpineros/Library/Application Support/minecraft/libraries/org/apache/logging/log4j/log4j-core/2.8.1/log4j-core-2.8.1.jar:/Users/jpineros/Library/Application Support/minecraft/libraries/org/lwjgl/lwjgl/3.2.1/lwjgl-3.2.1.jar:/Users/jpineros/Library/Application Support/minecraft/libraries/org/lwjgl/lwjgl-jemalloc/3.2.1/lwjgl-jemalloc-3.2.1.jar:/Users/jpineros/Library/Application Support/minecraft/libraries/org/lwjgl/lwjgl-openal/3.2.1/lwjgl-openal-3.2.1.jar:/Users/jpineros/Library/Application Support/minecraft/libraries/org/lwjgl/lwjgl-opengl/3.2.1/lwjgl-opengl-3.2.1.jar:/Users/jpineros/Library/Application Support/minecraft/libraries/org/lwjgl/lwjgl-glfw/3.2.1/lwjgl-glfw-3.2.1.jar:/Users/jpineros/Library/Application Support/minecraft/libraries/org/lwjgl/lwjgl-stb/3.2.1/lwjgl-stb-3.2.1.jar:/Users/jpineros/Library/Application Support/minecraft/libraries/org/lwjgl/lwjgl-tinyfd/3.2.1/lwjgl-tinyfd-3.2.1.jar:/Users/jpineros/Library/Application Support/minecraft/libraries/com/mojang/text2speech/1.11.3/text2speech-1.11.3.jar:/Users/jpineros/Library/Application Support/minecraft/libraries/ca/weblite/java-objc-bridge/1.0.0/java-objc-bridge-1.0.0.jar:/Users/jpineros/Library/Application Support/minecraft/versions/1.15.2/1.15.2.jar -Dminecraft.applet.TargetDirectory=/Users/jpineros/Library/Application Support/minecraft -XX:+UnlockExperimentalVMOptions -XX:+UseG1GC -XX:G1NewSizePercent=20 -XX:G1ReservePercent=20 -XX:MaxGCPauseMillis=50 -XX:G1HeapRegionSize=32M -Dfml.ignoreInvalidMinecraftCertificates=true -Dfml.ignorePatchDiscrepancies=true org.tlauncher.LaunchNew --username jpineros --version 1.15.2 --gameDir /Users/jpineros/Library/Application Support/minecraft --assetsDir /Users/jpineros/Library/Application Support/minecraft/assets --assetIndex 1.15 --uuid 00000000-0000-0000-0000-000000000000 --accessToken null --userType legacy --versionType release --width 925 --height 530 --tweakClass org.tlauncher.tweaker.Tweaker
2020-04-30 06:12:56,194 LoopedThread#8 [Launcher] Launching Minecraft...
2020-04-30 06:12:56,195 LoopedThread#8 I'm hiding!
2020-04-30 06:12:56,199 LoopedThread#8 [TLauncherManager] mods after 
2020-04-30 06:12:56,208 LoopedThread#8 [InnerMinecraftServersImpl]  search changers of the servers
2020-04-30 06:12:56,213 LoopedThread#8 read servers from servers.dat []
2020-04-30 06:12:56,214 LoopedThread#8 [InnerMinecraftServersImpl]  prepare inner servers
2020-04-30 06:12:56,216 LoopedThread#8 save servers to servers.dat
2020-04-30 06:12:56,219 LoopedThread#8 [Launcher] Starting Minecraft latest-release...
2020-04-30 06:12:56,220 LoopedThread#8 [Launcher] Launching in: /Users/jpineros/Library/Application Support/minecraft
2020-04-30 06:12:56,221 LoopedThread#8 Starting garbage collector: 131 / 339 MB
2020-04-30 06:12:56,331 LoopedThread#8 Garbage collector completed: 46 / 294 MB
2020-04-30 06:12:56,338 LoopedThread#8 [Launcher] Processing post-launch actions. Assist launch: true
2020-04-30 06:12:57,139 Thread-13 ===============================================================================================
2020-04-30 06:12:57,141 Thread-13 > [06:12:57] [main/INFO]: Loading tweak class name org.tlauncher.tweaker.Tweaker
2020-04-30 06:12:57,143 Thread-13 > [06:12:57] [main/INFO]: Using primary tweak class name org.tlauncher.tweaker.Tweaker
2020-04-30 06:12:57,145 Thread-13 > [06:12:57] [main/WARN]: Tweak class name org.tlauncher.tweaker.Tweaker has already been visited -- skipping
2020-04-30 06:12:57,146 Thread-13 > [06:12:57] [main/INFO]: Calling tweak class org.tlauncher.tweaker.Tweaker
2020-04-30 06:12:57,148 Thread-13 > Log Path: /Users/jpineros/Library/Application Support/minecraft/./tlLoader/Tweaker.log
2020-04-30 06:12:57,149 Thread-13 > [main INFO] Using Tweaker
2020-04-30 06:12:57,150 Thread-13 > [main INFO] Tweaker: acceptOptions
2020-04-30 06:12:57,151 Thread-13 > [main INFO] Tweaker: injectIntoClassLoader
2020-04-30 06:12:57,156 Thread-13 > [TLSkinCape] Current version is [:]
2020-04-30 06:12:57,156 Thread-13 > [TLSkinCape] Current Minecraft version is 1.15.2.
2020-04-30 06:12:57,157 Thread-13 > [main INFO] Hook method dpy#n()Lsm; loaded.
2020-04-30 06:12:57,158 Thread-13 > [main INFO] Hook method dpy#m()Lsm; loaded.
2020-04-30 06:12:57,158 Thread-13 > [main INFO] Hook method dpy#s()Ljava/lang/String; loaded.
2020-04-30 06:12:57,159 Thread-13 > [main INFO] Hook method ayj#a(Layk;)Z loaded.
2020-04-30 06:12:57,160 Thread-13 > [main INFO] Hook method dgf#render(IIF)V loaded.
2020-04-30 06:12:57,161 Thread-13 > [main INFO] Loaded as a library.
2020-04-30 06:12:57,161 Thread-13 > [main INFO] Tweaker: getLaunchArguments
2020-04-30 06:12:57,167 Thread-13 > [06:12:57] [main/INFO]: Launching wrapped minecraft {org.tlauncher.MainNew}
2020-04-30 06:12:57,419 Thread-13 > [Render thread INFO] [TLSkinCape] Method dgf.render(IIF)V successfully hooked.
2020-04-30 06:12:57,444 Thread-13 > [Render thread INFO] [TLSkinCape] Method dpy.n()Lsm; successfully hooked.
2020-04-30 06:12:57,446 Thread-13 > [Render thread INFO] [TLSkinCape] Method dpy.m()Lsm; successfully hooked.
2020-04-30 06:12:57,447 Thread-13 > [Render thread INFO] [TLSkinCape] Method dpy.s()Ljava/lang/String; successfully hooked.
2020-04-30 06:12:57,452 Thread-13 > [Render thread INFO] [TLSkinCape] Method ayj.a(Layk;)Z successfully hooked.
2020-04-30 06:12:57,625 Thread-13 > [06:12:57] [main/INFO]: Setting user: jpineros
2020-04-30 06:13:00,214 Thread-13 > [06:13:00] [main/INFO]: Backend library: LWJGL version 3.2.1 build 12
2020-04-30 06:13:02,175 Thread-13 > [06:13:02] [main/INFO]: Reloading ResourceManager: Default
2020-04-30 06:13:02,195 Thread-13 > [06:13:02] [main/INFO]: [STDOUT]: [Connector] trying to start...
2020-04-30 06:13:02,196 Thread-13 > [06:13:02] [main/INFO]: [STDOUT]: [Connector] no server info
2020-04-30 06:13:02,197 Thread-13 > [06:13:02] [main/INFO]: [STDOUT]: [Connector] end
2020-04-30 06:13:02,843 Thread-13 > [06:13:02] [Realms Notification Availability checker #1/INFO]: Could not authorize you against Realms server: Invalid session id
2020-04-30 06:13:07,261 Thread-13 > [06:13:07] [main/INFO]: OpenAL initialized.
2020-04-30 06:13:07,265 Thread-13 > [06:13:07] [main/INFO]: Sound engine started
2020-04-30 06:13:07,423 Thread-13 > [06:13:07] [main/INFO]: Created: 1024x1024x4 minecraft:textures/atlas/blocks.png-atlas
2020-04-30 06:13:07,437 Thread-13 > [06:13:07] [main/INFO]: Created: 256x128x4 minecraft:textures/atlas/signs.png-atlas
2020-04-30 06:13:07,439 Thread-13 > [06:13:07] [main/INFO]: Created: 1024x512x4 minecraft:textures/atlas/banner_patterns.png-atlas
2020-04-30 06:13:07,441 Thread-13 > [06:13:07] [main/INFO]: Created: 1024x512x4 minecraft:textures/atlas/shield_patterns.png-atlas
2020-04-30 06:13:07,443 Thread-13 > [06:13:07] [main/INFO]: Created: 256x256x4 minecraft:textures/atlas/chest.png-atlas
2020-04-30 06:13:07,444 Thread-13 > [06:13:07] [main/INFO]: Created: 512x256x4 minecraft:textures/atlas/beds.png-atlas
2020-04-30 06:13:07,445 Thread-13 > [06:13:07] [main/INFO]: Created: 512x256x4 minecraft:textures/atlas/shulker_boxes.png-atlas
2020-04-30 06:13:07,804 Thread-13 > [06:13:07] [main/INFO]: Created: 256x256x0 minecraft:textures/atlas/particles.png-atlas
2020-04-30 06:13:07,805 Thread-13 > [06:13:07] [main/INFO]: Created: 256x256x0 minecraft:textures/atlas/paintings.png-atlas
2020-04-30 06:13:07,807 Thread-13 > [06:13:07] [main/INFO]: Created: 256x128x0 minecraft:textures/atlas/mob_effects.png-atlas
2020-04-30 06:13:13,473 Thread-13 > [06:13:13] [main/WARN]: Ambiguity between arguments [teleport, destination] and [teleport, targets] with inputs: [Player, 0123, @e, dd12be42-52a9-4a91-a8a1-11c01849e498]
2020-04-30 06:13:13,476 Thread-13 > [06:13:13] [main/WARN]: Ambiguity between arguments [teleport, location] and [teleport, destination] with inputs: [0.1 -0.5 .9, 0 0 0]
2020-04-30 06:13:13,477 Thread-13 > [06:13:13] [main/WARN]: Ambiguity between arguments [teleport, location] and [teleport, targets] with inputs: [0.1 -0.5 .9, 0 0 0]
2020-04-30 06:13:13,479 Thread-13 > [06:13:13] [main/WARN]: Ambiguity between arguments [teleport, targets] and [teleport, destination] with inputs: [Player, 0123, dd12be42-52a9-4a91-a8a1-11c01849e498]
2020-04-30 06:13:13,481 Thread-13 > [06:13:13] [main/WARN]: Ambiguity between arguments [teleport, targets, location] and [teleport, targets, destination] with inputs: [0.1 -0.5 .9, 0 0 0]
2020-04-30 06:13:13,510 Thread-13 > [06:13:13] [Server thread/INFO]: Starting integrated minecraft server version 1.15.2
2020-04-30 06:13:13,512 Thread-13 > [06:13:13] [Server thread/INFO]: Generating keypair
2020-04-30 06:13:13,594 Thread-13 > [06:13:13] [Server thread/INFO]: Reloading ResourceManager: Default
2020-04-30 06:13:13,841 Thread-13 > [06:13:13] [Server thread/INFO]: Loaded 6 recipes
2020-04-30 06:13:14,020 Thread-13 > [06:13:14] [Server thread/INFO]: Loaded 825 advancements
2020-04-30 06:13:14,237 Thread-13 > [06:13:14] [Server thread/INFO]: Preparing start region for dimension minecraft:overworld
2020-04-30 06:13:15,190 Thread-13 > [06:13:15] [main/INFO]: Preparing spawn area: 0%
2020-04-30 06:13:15,192 Thread-13 > [06:13:15] [main/INFO]: Preparing spawn area: 0%
2020-04-30 06:13:15,359 Thread-13 > [06:13:15] [main/INFO]: Preparing spawn area: 0%
2020-04-30 06:13:15,606 Thread-13 > [06:13:15] [main/INFO]: Time elapsed: 1363 ms
2020-04-30 06:13:15,669 Thread-13 > 2020-04-30 06:13:15.668 java[53715:900164] [JRSAppKitAWT markAppIsDaemon]: Process manager already initialized: can't fully enable headless mode.
2020-04-30 06:13:15,855 Thread-13 > [06:13:15] [Server thread/INFO]: Changing view distance to 11, from 10
2020-04-30 06:13:16,543 Thread-13 > [06:13:16] [Server thread/INFO]: jpineros[local:E:4b726d77] logged in with entity id 134 at (-1587.300000011921, 37.0, 110.3417982685095)
2020-04-30 06:13:16,569 Thread-13 > [06:13:16] [Server thread/INFO]: jpineros joined the game
2020-04-30 06:13:16,768 Thread-13 > [06:13:16] [Server thread/INFO]: Saving and pausing game...
2020-04-30 06:13:16,802 Thread-13 > [06:13:16] [Server thread/INFO]: Saving chunks for level 'Jhean Paradise'/minecraft:overworld
2020-04-30 06:13:16,840 Thread-13 > [06:13:16] [main/INFO]: Loaded 353 advancements
2020-04-30 06:13:17,578 Thread-13 > [06:13:17] [Server thread/INFO]: Saving chunks for level 'Jhean Paradise'/minecraft:the_nether
2020-04-30 06:13:17,580 Thread-13 > [06:13:17] [Server thread/INFO]: Saving chunks for level 'Jhean Paradise'/minecraft:the_end
2020-04-30 06:13:46,084 Thread-13 > [06:13:46] [main/INFO]: textures 'jpineros' was added, skin: false,cape: false, max waiting: 1 ,during : 29165 
2020-04-30 06:14:35,398 Thread-13 > [06:14:35] [Server thread/INFO]: Saving and pausing game...
2020-04-30 06:14:35,412 Thread-13 > [06:14:35] [Server thread/INFO]: Saving chunks for level 'Jhean Paradise'/minecraft:overworld
2020-04-30 06:14:35,832 Thread-13 > [06:14:35] [Server thread/INFO]: Saving chunks for level 'Jhean Paradise'/minecraft:the_nether
2020-04-30 06:14:35,833 Thread-13 > [06:14:35] [Server thread/INFO]: Saving chunks for level 'Jhean Paradise'/minecraft:the_end
2020-04-30 06:15:42,147 Thread-13 > [06:15:42] [Server thread/INFO]: Saving and pausing game...
2020-04-30 06:15:42,156 Thread-13 > [06:15:42] [Server thread/INFO]: Saving chunks for level 'Jhean Paradise'/minecraft:overworld
2020-04-30 06:15:42,300 Thread-13 > [06:15:42] [Server thread/INFO]: Saving chunks for level 'Jhean Paradise'/minecraft:the_nether
2020-04-30 06:15:42,302 Thread-13 > [06:15:42] [Server thread/INFO]: Saving chunks for level 'Jhean Paradise'/minecraft:the_end
2020-04-30 06:17:01,911 Thread-13 > [06:17:01] [main/WARN]: Unable to play empty soundEvent: minecraft:entity.cod.ambient
2020-04-30 06:18:57,392 Thread-13 > [06:18:57] [Server thread/INFO]: jpineros hit the ground too hard
2020-04-30 06:18:57,412 Thread-13 > [06:18:57] [main/INFO]: [CHAT] jpineros hit the ground too hard
2020-04-30 06:21:16,352 Thread-13 > [06:21:16] [main/INFO]: Loaded 353 advancements
2020-04-30 06:30:26,759 Thread-13 > [06:30:26] [main/WARN]: Unable to play empty soundEvent: minecraft:entity.salmon.ambient
2020-04-30 06:32:16,055 Thread-13 > [06:32:16] [main/INFO]: [CHAT] Respawn point set
2020-04-30 06:38:04,104 Thread-13 > [06:38:04] [Server thread/INFO]: Saving and pausing game...
2020-04-30 06:38:04,113 Thread-13 > [06:38:04] [Server thread/INFO]: Saving chunks for level 'Jhean Paradise'/minecraft:overworld
2020-04-30 06:38:05,021 Thread-13 > [06:38:05] [Server thread/INFO]: Saving chunks for level 'Jhean Paradise'/minecraft:the_nether
2020-04-30 06:38:05,023 Thread-13 > [06:38:05] [Server thread/INFO]: Saving chunks for level 'Jhean Paradise'/minecraft:the_end
2020-04-30 06:39:37,609 Thread-13 > [06:39:37] [main/INFO]: Loaded 353 advancements
2020-04-30 06:41:20,403 Thread-13 > [06:41:20] [Server thread/INFO]: Saving and pausing game...
2020-04-30 06:41:20,421 Thread-13 > [06:41:20] [Server thread/INFO]: Saving chunks for level 'Jhean Paradise'/minecraft:overworld
2020-04-30 06:41:21,437 Thread-13 > [06:41:21] [Server thread/INFO]: Saving chunks for level 'Jhean Paradise'/minecraft:the_nether
2020-04-30 06:41:21,439 Thread-13 > [06:41:21] [Server thread/INFO]: Saving chunks for level 'Jhean Paradise'/minecraft:the_end
2020-04-30 06:41:21,456 Thread-13 > [06:41:21] [Server thread/INFO]: jpineros lost connection: Disconnected
2020-04-30 06:41:21,457 Thread-13 > [06:41:21] [Server thread/INFO]: jpineros left the game
2020-04-30 06:41:21,461 Thread-13 > [06:41:21] [Server thread/INFO]: Stopping singleplayer server as player logged out
2020-04-30 06:41:21,473 Thread-13 > [06:41:21] [Server thread/INFO]: Stopping server
2020-04-30 06:41:21,475 Thread-13 > [06:41:21] [Server thread/INFO]: Saving players
2020-04-30 06:41:21,476 Thread-13 > [06:41:21] [Server thread/INFO]: Saving worlds
2020-04-30 06:41:21,477 Thread-13 > [06:41:21] [Server thread/INFO]: Saving chunks for level 'Jhean Paradise'/minecraft:overworld
2020-04-30 06:41:21,907 Thread-13 > [06:41:21] [Server thread/INFO]: ThreadedAnvilChunkStorage (Jhean Paradise): All chunks are saved
2020-04-30 06:41:21,909 Thread-13 > [06:41:21] [Server thread/INFO]: Saving chunks for level 'Jhean Paradise'/minecraft:the_nether
2020-04-30 06:41:21,910 Thread-13 > [06:41:21] [Server thread/INFO]: ThreadedAnvilChunkStorage (DIM-1): All chunks are saved
2020-04-30 06:41:21,911 Thread-13 > [06:41:21] [Server thread/INFO]: Saving chunks for level 'Jhean Paradise'/minecraft:the_end
2020-04-30 06:41:21,911 Thread-13 > [06:41:21] [Server thread/INFO]: ThreadedAnvilChunkStorage (DIM1): All chunks are saved
2020-04-30 06:41:21,913 Thread-13 > [06:41:21] [Server thread/INFO]: ThreadedAnvilChunkStorage (Jhean Paradise): All chunks are saved
2020-04-30 06:41:21,929 Thread-13 > [06:41:21] [Server thread/INFO]: ThreadedAnvilChunkStorage (DIM-1): All chunks are saved
2020-04-30 06:41:21,930 Thread-13 > [06:41:21] [Server thread/INFO]: ThreadedAnvilChunkStorage (DIM1): All chunks are saved
2020-04-30 06:44:14,840 Thread-13 > [06:44:14] [main/WARN]: Ambiguity between arguments [teleport, destination] and [teleport, targets] with inputs: [Player, 0123, @e, dd12be42-52a9-4a91-a8a1-11c01849e498]
2020-04-30 06:44:14,843 Thread-13 > [06:44:14] [main/WARN]: Ambiguity between arguments [teleport, location] and [teleport, destination] with inputs: [0.1 -0.5 .9, 0 0 0]
2020-04-30 06:44:14,845 Thread-13 > [06:44:14] [main/WARN]: Ambiguity between arguments [teleport, location] and [teleport, targets] with inputs: [0.1 -0.5 .9, 0 0 0]
2020-04-30 06:44:14,848 Thread-13 > [06:44:14] [main/WARN]: Ambiguity between arguments [teleport, targets] and [teleport, destination] with inputs: [Player, 0123, dd12be42-52a9-4a91-a8a1-11c01849e498]
2020-04-30 06:44:14,853 Thread-13 > [06:44:14] [main/WARN]: Ambiguity between arguments [teleport, targets, location] and [teleport, targets, destination] with inputs: [0.1 -0.5 .9, 0 0 0]
2020-04-30 06:44:14,856 Thread-13 > [06:44:14] [Server thread/INFO]: Starting integrated minecraft server version 1.15.2
2020-04-30 06:44:14,858 Thread-13 > [06:44:14] [Server thread/INFO]: Generating keypair
2020-04-30 06:44:14,868 Thread-13 > [06:44:14] [Server thread/INFO]: Reloading ResourceManager: Default
2020-04-30 06:44:15,038 Thread-13 > [06:44:15] [Server thread/INFO]: Loaded 6 recipes
2020-04-30 06:44:15,079 Thread-13 > [06:44:15] [Server thread/INFO]: Loaded 825 advancements
2020-04-30 06:44:15,149 Thread-13 > [06:44:15] [Server thread/INFO]: Preparing start region for dimension minecraft:overworld
2020-04-30 06:44:15,561 Thread-13 > [06:44:15] [main/INFO]: Preparing spawn area: 0%
2020-04-30 06:44:15,698 Thread-13 > [06:44:15] [main/INFO]: Preparing spawn area: 95%
2020-04-30 06:44:15,719 Thread-13 > [06:44:15] [main/INFO]: Time elapsed: 556 ms
2020-04-30 06:44:15,730 Thread-13 > [06:44:15] [Server thread/INFO]: Changing view distance to 11, from 10
2020-04-30 06:44:15,871 Thread-13 > [06:44:15] [Server thread/INFO]: jpineros[local:E:c040fdf5] logged in with entity id 14784 at (-302.8344784929692, 67.0, -860.4559760764171)
2020-04-30 06:44:15,874 Thread-13 > [06:44:15] [Server thread/INFO]: jpineros joined the game
2020-04-30 06:44:16,026 Thread-13 > [06:44:16] [Server thread/INFO]: Saving and pausing game...
2020-04-30 06:44:16,031 Thread-13 > [06:44:16] [Server thread/INFO]: Saving chunks for level 'Jhean Paradise'/minecraft:overworld
2020-04-30 06:44:16,045 Thread-13 > [06:44:16] [main/INFO]: Loaded 353 advancements
2020-04-30 06:44:16,261 Thread-13 > [06:44:16] [Server thread/INFO]: Saving chunks for level 'Jhean Paradise'/minecraft:the_nether
2020-04-30 06:44:16,264 Thread-13 > [06:44:16] [Server thread/INFO]: Saving chunks for level 'Jhean Paradise'/minecraft:the_end
2020-04-30 06:45:02,465 Thread-13 > [06:45:02] [Server thread/INFO]: Saving and pausing game...
2020-04-30 06:45:02,475 Thread-13 > [06:45:02] [Server thread/INFO]: Saving chunks for level 'Jhean Paradise'/minecraft:overworld
2020-04-30 06:45:02,963 Thread-13 > [06:45:02] [Server thread/INFO]: Saving chunks for level 'Jhean Paradise'/minecraft:the_nether
2020-04-30 06:45:02,965 Thread-13 > [06:45:02] [Server thread/INFO]: Saving chunks for level 'Jhean Paradise'/minecraft:the_end
2020-04-30 06:45:35,128 Thread-13 > [06:45:35] [main/INFO]: [CHAT] Respawn point set
2020-04-30 06:46:01,377 Thread-13 > [06:46:01] [main/INFO]: Loaded 353 advancements
2020-04-30 06:46:03,815 Thread-13 > [06:46:03] [Server thread/INFO]: Saving and pausing game...
2020-04-30 06:46:03,821 Thread-13 > [06:46:03] [Server thread/INFO]: Saving chunks for level 'Jhean Paradise'/minecraft:overworld
2020-04-30 06:46:04,098 Thread-13 > [06:46:04] [Server thread/INFO]: Saving chunks for level 'Jhean Paradise'/minecraft:the_nether
2020-04-30 06:46:04,100 Thread-13 > [06:46:04] [Server thread/INFO]: Saving chunks for level 'Jhean Paradise'/minecraft:the_end
2020-04-30 06:48:46,422 Thread-13 > [06:48:46] [main/INFO]: Loaded 353 advancements
2020-04-30 06:55:32,613 Thread-13 > [06:55:32] [Server thread/INFO]: Saving and pausing game...
2020-04-30 06:55:32,620 Thread-13 > [06:55:32] [Server thread/INFO]: Saving chunks for level 'Jhean Paradise'/minecraft:overworld
2020-04-30 06:55:32,757 Thread-13 > [06:55:32] [Server thread/INFO]: Saving chunks for level 'Jhean Paradise'/minecraft:the_nether
2020-04-30 06:55:32,758 Thread-13 > [06:55:32] [Server thread/INFO]: Saving chunks for level 'Jhean Paradise'/minecraft:the_end
2020-04-30 06:55:34,419 Thread-13 > [06:55:34] [Server thread/INFO]: jpineros lost connection: Disconnected
2020-04-30 06:55:34,420 Thread-13 > [06:55:34] [Server thread/INFO]: jpineros left the game
2020-04-30 06:55:34,425 Thread-13 > [06:55:34] [Server thread/INFO]: Stopping singleplayer server as player logged out
2020-04-30 06:55:34,462 Thread-13 > [06:55:34] [Server thread/INFO]: Stopping server
2020-04-30 06:55:34,463 Thread-13 > [06:55:34] [Server thread/INFO]: Saving players
2020-04-30 06:55:34,464 Thread-13 > [06:55:34] [Server thread/INFO]: Saving worlds
2020-04-30 06:55:34,465 Thread-13 > [06:55:34] [Server thread/INFO]: Saving chunks for level 'Jhean Paradise'/minecraft:overworld
2020-04-30 06:55:34,645 Thread-13 > [06:55:34] [Server thread/INFO]: ThreadedAnvilChunkStorage (Jhean Paradise): All chunks are saved
2020-04-30 06:55:34,646 Thread-13 > [06:55:34] [Server thread/INFO]: Saving chunks for level 'Jhean Paradise'/minecraft:the_nether
2020-04-30 06:55:34,648 Thread-13 > [06:55:34] [Server thread/INFO]: ThreadedAnvilChunkStorage (DIM-1): All chunks are saved
2020-04-30 06:55:34,649 Thread-13 > [06:55:34] [Server thread/INFO]: Saving chunks for level 'Jhean Paradise'/minecraft:the_end
2020-04-30 06:55:34,650 Thread-13 > [06:55:34] [Server thread/INFO]: ThreadedAnvilChunkStorage (DIM1): All chunks are saved
2020-04-30 06:55:34,651 Thread-13 > [06:55:34] [Server thread/INFO]: ThreadedAnvilChunkStorage (Jhean Paradise): All chunks are saved
2020-04-30 06:55:34,659 Thread-13 > [06:55:34] [Server thread/INFO]: ThreadedAnvilChunkStorage (DIM-1): All chunks are saved
2020-04-30 06:55:34,661 Thread-13 > [06:55:34] [Server thread/INFO]: ThreadedAnvilChunkStorage (DIM1): All chunks are saved
2020-04-30 06:56:34,169 Thread-13 > [06:56:34] [main/WARN]: Ambiguity between arguments [teleport, destination] and [teleport, targets] with inputs: [Player, 0123, @e, dd12be42-52a9-4a91-a8a1-11c01849e498]
2020-04-30 06:56:34,171 Thread-13 > [06:56:34] [main/WARN]: Ambiguity between arguments [teleport, location] and [teleport, destination] with inputs: [0.1 -0.5 .9, 0 0 0]
2020-04-30 06:56:34,173 Thread-13 > [06:56:34] [main/WARN]: Ambiguity between arguments [teleport, location] and [teleport, targets] with inputs: [0.1 -0.5 .9, 0 0 0]
2020-04-30 06:56:34,175 Thread-13 > [06:56:34] [main/WARN]: Ambiguity between arguments [teleport, targets] and [teleport, destination] with inputs: [Player, 0123, dd12be42-52a9-4a91-a8a1-11c01849e498]
2020-04-30 06:56:34,177 Thread-13 > [06:56:34] [main/WARN]: Ambiguity between arguments [teleport, targets, location] and [teleport, targets, destination] with inputs: [0.1 -0.5 .9, 0 0 0]
2020-04-30 06:56:34,178 Thread-13 > [06:56:34] [Server thread/INFO]: Starting integrated minecraft server version 1.15.2
2020-04-30 06:56:34,179 Thread-13 > [06:56:34] [Server thread/INFO]: Generating keypair
2020-04-30 06:56:34,193 Thread-13 > [06:56:34] [Server thread/INFO]: Reloading ResourceManager: Default
2020-04-30 06:56:34,351 Thread-13 > [06:56:34] [Server thread/INFO]: Loaded 6 recipes
2020-04-30 06:56:34,386 Thread-13 > [06:56:34] [Server thread/INFO]: Loaded 825 advancements
2020-04-30 06:56:34,458 Thread-13 > [06:56:34] [Server thread/INFO]: Preparing start region for dimension minecraft:overworld
2020-04-30 06:56:34,806 Thread-13 > [06:56:34] [main/INFO]: Preparing spawn area: 0%
2020-04-30 06:56:34,942 Thread-13 > [06:56:34] [main/INFO]: Time elapsed: 469 ms
2020-04-30 06:56:34,971 Thread-13 > [06:56:34] [Server thread/INFO]: Changing view distance to 11, from 10
2020-04-30 06:56:35,089 Thread-13 > [06:56:35] [Server thread/INFO]: jpineros[local:E:8e701c56] logged in with entity id 21148 at (-5.041164522336949, 65.0, 32.94639321303572)
2020-04-30 06:56:35,093 Thread-13 > [06:56:35] [Server thread/INFO]: jpineros joined the game
2020-04-30 06:56:35,238 Thread-13 > [06:56:35] [Server thread/INFO]: Saving and pausing game...
2020-04-30 06:56:35,243 Thread-13 > [06:56:35] [Server thread/INFO]: Saving chunks for level 'Jhean Paradise'/minecraft:overworld
2020-04-30 06:56:35,249 Thread-13 > [06:56:35] [main/INFO]: Loaded 353 advancements
2020-04-30 06:56:35,514 Thread-13 > [06:56:35] [Server thread/INFO]: Saving chunks for level 'Jhean Paradise'/minecraft:the_nether
2020-04-30 06:56:35,515 Thread-13 > [06:56:35] [Server thread/INFO]: Saving chunks for level 'Jhean Paradise'/minecraft:the_end
2020-04-30 06:57:18,686 Thread-13 > [06:57:18] [main/INFO]: [CHAT] Respawn point set
2020-04-30 07:01:26,166 Thread-13 > [07:01:26] [main/INFO]: Loaded 353 advancements
2020-04-30 07:07:55,808 Thread-13 > [07:07:55] [main/INFO]: [CHAT] Respawn point set
2020-04-30 07:09:24,992 Thread-13 > [07:09:24] [Server thread/INFO]: jpineros has made the advancement [Best Friends Forever]
2020-04-30 07:09:25,006 Thread-13 > [07:09:25] [main/INFO]: [CHAT] jpineros has made the advancement [Best Friends Forever]
2020-04-30 07:09:25,021 Thread-13 > [07:09:25] [main/INFO]: Loaded 353 advancements
2020-04-30 07:14:23,879 Thread-13 > [07:14:23] [main/INFO]: Loaded 353 advancements
2020-04-30 07:17:34,186 Thread-13 > [07:17:34] [main/INFO]: Loaded 354 advancements
2020-04-30 07:18:25,406 Thread-13 > [07:18:25] [main/INFO]: [CHAT] Respawn point set
2020-04-30 07:22:02,419 Thread-13 > [07:22:02] [Server thread/INFO]: Saving and pausing game...
2020-04-30 07:22:02,424 Thread-13 > [07:22:02] [Server thread/INFO]: Saving chunks for level 'Jhean Paradise'/minecraft:overworld
2020-04-30 07:22:02,533 Thread-13 > [07:22:02] [Server thread/INFO]: Saving chunks for level 'Jhean Paradise'/minecraft:the_nether
2020-04-30 07:22:02,534 Thread-13 > [07:22:02] [Server thread/INFO]: Saving chunks for level 'Jhean Paradise'/minecraft:the_end
2020-04-30 07:23:53,078 Thread-13 > [07:23:53] [Server thread/INFO]: jpineros fell from a high place
2020-04-30 07:23:53,096 Thread-13 > [07:23:53] [main/INFO]: [CHAT] jpineros fell from a high place
2020-04-30 07:23:54,226 Thread-13 > [07:23:54] [main/INFO]: [CHAT] Your home bed was missing or obstructed
2020-04-30 07:25:37,736 Thread-13 > [07:25:37] [Server thread/INFO]: Saving and pausing game...
2020-04-30 07:25:37,741 Thread-13 > [07:25:37] [Server thread/INFO]: Saving chunks for level 'Jhean Paradise'/minecraft:overworld
2020-04-30 07:25:37,883 Thread-13 > [07:25:37] [Server thread/INFO]: Saving chunks for level 'Jhean Paradise'/minecraft:the_nether
2020-04-30 07:25:37,884 Thread-13 > [07:25:37] [Server thread/INFO]: Saving chunks for level 'Jhean Paradise'/minecraft:the_end
2020-04-30 07:27:05,908 Thread-13 > [07:27:05] [main/INFO]: [CHAT] Wolf fell from a high place
2020-04-30 07:33:04,054 Thread-13 > [07:33:04] [main/INFO]: [CHAT] Respawn point set
2020-04-30 07:36:07,262 Thread-13 > [07:36:07] [main/INFO]: [CHAT] Respawn point set
2020-04-30 07:42:26,257 Thread-13 > [07:42:26] [Server thread/INFO]: jpineros fell from a high place
2020-04-30 07:42:26,272 Thread-13 > [07:42:26] [main/INFO]: [CHAT] jpineros fell from a high place
2020-04-30 07:45:36,817 Thread-13 > [07:45:36] [main/INFO]: [CHAT] Respawn point set
2020-04-30 07:47:06,768 Thread-13 > [07:47:06] [Server thread/INFO]: Saving and pausing game...
2020-04-30 07:47:06,772 Thread-13 > [07:47:06] [Server thread/INFO]: Saving chunks for level 'Jhean Paradise'/minecraft:overworld
2020-04-30 07:47:06,837 Thread-13 > [07:47:06] [Server thread/INFO]: Saving chunks for level 'Jhean Paradise'/minecraft:the_nether
2020-04-30 07:47:06,838 Thread-13 > [07:47:06] [Server thread/INFO]: Saving chunks for level 'Jhean Paradise'/minecraft:the_end
2020-04-30 07:58:30,283 Thread-13 > [07:58:30] [Server thread/INFO]: Saving and pausing game...
2020-04-30 07:58:30,288 Thread-13 > [07:58:30] [Server thread/INFO]: Saving chunks for level 'Jhean Paradise'/minecraft:overworld
2020-04-30 07:58:30,448 Thread-13 > [07:58:30] [Server thread/INFO]: Saving chunks for level 'Jhean Paradise'/minecraft:the_nether
2020-04-30 07:58:30,450 Thread-13 > [07:58:30] [Server thread/INFO]: Saving chunks for level 'Jhean Paradise'/minecraft:the_end
2020-04-30 08:13:23,119 Thread-13 > [08:13:23] [Server thread/INFO]: jpineros has made the advancement [Diamonds!]
2020-04-30 08:13:23,121 Thread-13 > [08:13:23] [main/INFO]: [CHAT] jpineros has made the advancement [Diamonds!]
2020-04-30 08:13:23,169 Thread-13 > [08:13:23] [main/INFO]: Loaded 365 advancements
2020-04-30 08:20:03,332 Thread-13 > [08:20:03] [main/INFO]: Loaded 367 advancements
2020-04-30 08:22:39,781 Thread-13 > [08:22:39] [main/INFO]: Loaded 368 advancements
2020-04-30 08:35:17,903 Thread-13 > [08:35:17] [main/INFO]: Loaded 368 advancements
2020-04-30 08:35:58,087 Thread-13 > [08:35:58] [Server thread/INFO]: Saving and pausing game...
2020-04-30 08:35:58,092 Thread-13 > [08:35:58] [Server thread/INFO]: Saving chunks for level 'Jhean Paradise'/minecraft:overworld
2020-04-30 08:35:58,259 Thread-13 > [08:35:58] [Server thread/INFO]: Saving chunks for level 'Jhean Paradise'/minecraft:the_nether
2020-04-30 08:35:58,260 Thread-13 > [08:35:58] [Server thread/INFO]: Saving chunks for level 'Jhean Paradise'/minecraft:the_end
2020-04-30 08:36:40,238 Thread-13 > [08:36:40] [Server thread/INFO]: Saving and pausing game...
2020-04-30 08:36:40,243 Thread-13 > [08:36:40] [Server thread/INFO]: Saving chunks for level 'Jhean Paradise'/minecraft:overworld
2020-04-30 08:36:40,311 Thread-13 > [08:36:40] [Server thread/INFO]: Saving chunks for level 'Jhean Paradise'/minecraft:the_nether
2020-04-30 08:36:40,312 Thread-13 > [08:36:40] [Server thread/INFO]: Saving chunks for level 'Jhean Paradise'/minecraft:the_end
2020-04-30 08:41:27,595 Thread-13 > [08:41:27] [Server thread/INFO]: Saving and pausing game...
2020-04-30 08:41:27,600 Thread-13 > [08:41:27] [Server thread/INFO]: Saving chunks for level 'Jhean Paradise'/minecraft:overworld
2020-04-30 08:41:27,714 Thread-13 > [08:41:27] [Server thread/INFO]: Saving chunks for level 'Jhean Paradise'/minecraft:the_nether
2020-04-30 08:41:27,715 Thread-13 > [08:41:27] [Server thread/INFO]: Saving chunks for level 'Jhean Paradise'/minecraft:the_end
2020-04-30 08:41:28,552 Thread-13 > [08:41:28] [Server thread/INFO]: jpineros lost connection: Disconnected
2020-04-30 08:41:28,553 Thread-13 > [08:41:28] [Server thread/INFO]: jpineros left the game
2020-04-30 08:41:28,557 Thread-13 > [08:41:28] [Server thread/INFO]: Stopping singleplayer server as player logged out
2020-04-30 08:41:28,595 Thread-13 > [08:41:28] [Server thread/INFO]: Stopping server
2020-04-30 08:41:28,596 Thread-13 > [08:41:28] [Server thread/INFO]: Saving players
2020-04-30 08:41:28,596 Thread-13 > [08:41:28] [Server thread/INFO]: Saving worlds
2020-04-30 08:41:28,597 Thread-13 > [08:41:28] [Server thread/INFO]: Saving chunks for level 'Jhean Paradise'/minecraft:overworld
2020-04-30 08:41:28,769 Thread-13 > [08:41:28] [Server thread/INFO]: ThreadedAnvilChunkStorage (Jhean Paradise): All chunks are saved
2020-04-30 08:41:28,770 Thread-13 > [08:41:28] [Server thread/INFO]: Saving chunks for level 'Jhean Paradise'/minecraft:the_nether
2020-04-30 08:41:28,771 Thread-13 > [08:41:28] [Server thread/INFO]: ThreadedAnvilChunkStorage (DIM-1): All chunks are saved
2020-04-30 08:41:28,772 Thread-13 > [08:41:28] [Server thread/INFO]: Saving chunks for level 'Jhean Paradise'/minecraft:the_end
2020-04-30 08:41:28,773 Thread-13 > [08:41:28] [Server thread/INFO]: ThreadedAnvilChunkStorage (DIM1): All chunks are saved
2020-04-30 08:41:28,774 Thread-13 > [08:41:28] [Server thread/INFO]: ThreadedAnvilChunkStorage (Jhean Paradise): All chunks are saved
2020-04-30 08:41:28,783 Thread-13 > [08:41:28] [Server thread/INFO]: ThreadedAnvilChunkStorage (DIM-1): All chunks are saved
2020-04-30 08:41:28,784 Thread-13 > [08:41:28] [Server thread/INFO]: ThreadedAnvilChunkStorage (DIM1): All chunks are saved
2020-04-30 09:12:30,739 Thread-13 > [09:12:30] [main/INFO]: Stopping!
2020-04-30 09:12:31,941 Thread-13 Here I am!
2020-04-30 09:12:31,990 Thread-13 [VersionManager] Refreshing versions locally...
2020-04-30 09:12:32,006 Thread-13 [VersionManager] Versions has been refreshed (15 ms)
2020-04-30 09:12:32,023 LoopedThread#8 [Launcher] Launcher exited.
2020-04-30 09:12:32,024 Thread-13 [Launcher] Minecraft closed with exit code: 0
2020-04-30 09:12:33,601 AWT-EventQueue-0 Good bye!
2020-04-30 09:12:33,602 AWT-EventQueue-0 [TLauncherManager] before clearLibrary 
2020-04-30 09:12:33,632 AWT-EventQueue-0 [TLauncherManager] written:  []
2020-04-30 09:12:33,633 AWT-EventQueue-0 [TLauncherManager] after clearLibrary 
2020-05-05 19:13:36,915 main [Loading] INITIALIZING
Starting TLauncher 2.69 RELEASE
For more information, visit https://tlauncher.org/
Startup time: May 5, 2020 7:13:35 PM
---
run double running protectin
[Loading] LOADING_CONFIGURATION
Loading configuration from file: /Users/jpineros/Library/Application Support/tlauncher/tlauncher-2.0.properties
[Configuration] Constant values: {}
Machine info: -------------------------------------------------------
Mac OS X 10.15.4, Java 1.8.0_231, jvm bit x64, 16384 MB RAM
java path=/Library/Internet Plug-Ins/JavaAppletPlugin.plugin/Contents/Home/bin/java
Radeon Pro 560X
-------------------------------------------------------
Selected locale: en_US
[Loading] LOADING_CONSOLE


2020-05-05 19:13:36,916 main [Downloader2] Loaded configuration: good
2020-05-05 19:13:37,046 ExtendedThread#4 [Updater] Requesting an update...
2020-05-05 19:13:37,049 ExtendedThread#4 [Updater] Requesting from: http://repo.tlauncher.org/update/lch/update_2.0.json
2020-05-05 19:13:37,049 ExtendedThread#4 [Updater] Making request: http://repo.tlauncher.org/update/lch/update_2.0.json?version=2.69&client=1989ed1d-7f80-4273-b5a5-0b1ae81b1ee6
2020-05-05 19:13:37,205 main [Browser] Loading resources...
2020-05-05 19:13:37,332 main [Browser] Loading background...
2020-05-05 19:13:37,400 main [Browser] Cleaning up after loading:
2020-05-05 19:13:37,401 main Starting garbage collector: 85 / 198 MB
2020-05-05 19:13:37,468 main Garbage collector completed: 16 / 229 MB
2020-05-05 19:13:37,469 main [Loading] LOADING_MANAGERS
2020-05-05 19:13:37,475 main [LocalVersionList] Base directory: /Users/jpineros/Library/Application Support/minecraft
2020-05-05 19:13:37,487 main [ProfileManager] Refreshing profiles from: /Users/jpineros/Library/Application Support/minecraft/TlauncherProfiles.json
2020-05-05 19:13:37,490 main [AdvertisingStatusObserver]  started to get ad information
2020-05-05 19:13:37,491 main [AdvertisingStatusObserver]  finished to get add information
2020-05-05 19:13:37,491 ExtendedThread#6 [GsonUtil]  request to http://repo.tlauncher.org/update/downloads/libraries/org/tlauncher/authlib/libraries-1.6.json
2020-05-05 19:13:37,493 ExtendedThread#4 [Updater] Request time: 444 ms
2020-05-05 19:13:37,493 ExtendedThread#4 [Updater] Successfully requested from: http://repo.tlauncher.org/update/lch/update_2.0.json
2020-05-05 19:13:37,495 main [Loading] LOADING_WINDOW
2020-05-05 19:13:37,731 JavaFX Application Thread [JFXStartPageLoader]  start load page: http://page.tlauncher.org/update/downloads/configs/client/eng.html
2020-05-05 19:13:37,738 JavaFX Application Thread [Browser] Running in JavaFX Thread
2020-05-05 19:13:37,738 JavaFX Application Thread [Browser] Preparing JavaFX...
2020-05-05 19:13:37,792 ExtendedThread#7 [REPO][SERVER_LIST_REPO] Success: Reached the repo in 297 ms.
2020-05-05 19:13:37,815 JavaFX Application Thread [Browser] Initializing...
2020-05-05 19:13:37,917 main [Loading] PREPARING_MAINPANE
2020-05-05 19:13:38,054 main [Downloader2] Loaded configuration: good
2020-05-05 19:13:38,735 JavaFX Application Thread [JFXStartPageLoader]  succeeded load page: http://page.tlauncher.org/update/downloads/configs/client/eng.html during 1
2020-05-05 19:13:38,735 JavaFX Application Thread [Browser@24290375] Loaded successfully: "http://page.tlauncher.org/update/downloads/configs/client/eng.html"
2020-05-05 19:13:38,829 JavaFX Application Thread [Browser] add listens into server_choose
2020-05-05 19:13:38,830 JavaFX Application Thread [Browser] finished listens into server_choose
2020-05-05 19:13:39,028 main [Loading] POSTINIT_GUI
2020-05-05 19:13:39,028 main [Frame] Packing main frame...
2020-05-05 19:13:39,119 main [Frame] Resizing main pane...
2020-05-05 19:13:39,120 main Updater is already closed. Showing up...
2020-05-05 19:13:39,121 main Visibility set.
2020-05-05 19:13:39,125 main [Loading] REFRESHING_INFO
2020-05-05 19:13:39,126 ExtendedThread#4 [VersionManager] Refreshing versions remotely...
2020-05-05 19:13:39,126 ExtendedThread#6 [REPO][EXTRA_VERSION_REPO] Attempt #1; timeout: 45000 ms; url: http://repo.tlauncher.org/update/downloads/versions/new3/
2020-05-05 19:13:39,128 main Started! (2720 ms.)
2020-05-05 19:13:39,129 main [Loading] SUCCESS
2020-05-05 19:13:39,149 main [TLauncher] show tlauncher!!!
2020-05-05 19:13:39,151 main [Double running] clear time label
2020-05-05 19:13:39,174 AsyncObject#13 [REPO][OFFICIAL_VERSION_REPO] Attempt #1; timeout: 45000 ms; url: https://launchermeta.mojang.com/mc/game/
2020-05-05 19:13:39,175 AsyncObject#15 [REPO][SKIN_VERSION_REPO] Attempt #1; timeout: 45000 ms; url: http://repo.tlauncher.org/update/downloads/versions/new3/skin/versions/
2020-05-05 19:13:39,175 AsyncObject#14 [REPO][EXTRA_VERSION_REPO] Attempt #1; timeout: 45000 ms; url: http://repo.tlauncher.org/update/downloads/versions/new3/
2020-05-05 19:13:39,279 AsyncObject#15 [REPO][SKIN_VERSION_REPO] Success: Reached the repo in 104 ms.
2020-05-05 19:13:39,289 AsyncObject#15 [SkinVersionList] Got in 115 ms
2020-05-05 19:13:39,325 ExtendedThread#6 [REPO][EXTRA_VERSION_REPO] Success: Reached the repo in 199 ms.
2020-05-05 19:13:39,413 AsyncObject#14 [REPO][EXTRA_VERSION_REPO] Success: Reached the repo in 238 ms.
2020-05-05 19:13:39,444 AsyncObject#14 [ExtraVersionList] Got in 270 ms
2020-05-05 19:13:40,161 AsyncObject#13 [REPO][OFFICIAL_VERSION_REPO] Success: Reached the repo in 986 ms.
2020-05-05 19:13:40,233 AsyncObject#13 [OfficialVersionList] Got in 1059 ms
2020-05-05 19:13:40,234 ExtendedThread#4 [VersionManager] Versions has been refreshed (1098 ms)
2020-05-05 19:13:40,262 ExtendedThread#6 [REPO][ADD_HOT_SERVERS_REPO] Attempt #1; timeout: 45000 ms; url: http://repo.tlauncher.org/update/lch/additional_hot_servers-1.0.json
2020-05-05 19:13:40,265 ExtendedThread#7 [REPO][HOT_SERVERS_REPO] Attempt #1; timeout: 45000 ms; url: http://repo.tlauncher.org/update/lch/servers/hot_servers-1.0.json
2020-05-05 19:13:40,285 Thread-12 run server on  37842
2020-05-05 19:13:40,373 ExtendedThread#6 [REPO][ADD_HOT_SERVERS_REPO] Success: Reached the repo in 108 ms.
2020-05-05 19:13:40,436 ExtendedThread#7 [REPO][HOT_SERVERS_REPO] Success: Reached the repo in 167 ms.
2020-05-05 19:13:41,003 LoopedThread#8 [LoginForm] Login was OK. Trying to launch now.
2020-05-05 19:13:41,273 LoopedThread#8 [Launcher] Running under TLauncher 2.69
2020-05-05 19:13:41,276 LoopedThread#8 [Launcher] Collecting info...
2020-05-05 19:13:41,283 LoopedThread#8 [TLauncherManager] before clearLibrary 
2020-05-05 19:13:41,286 LoopedThread#8 [TLauncherManager] written:  []
2020-05-05 19:13:41,287 LoopedThread#8 [TLauncherManager] after clearLibrary 
2020-05-05 19:13:41,288 LoopedThread#8 [Launcher] Force update: false
2020-05-05 19:13:41,288 LoopedThread#8 [Launcher] Selected version: latest-release
2020-05-05 19:13:41,289 LoopedThread#8 [Launcher] Selected account: Account{displayName=null, userid=null, uuid=null, username=jpineros}
2020-05-05 19:13:41,291 LoopedThread#8 [Launcher] Version sync info: VersionSyncInfo{id='1.15.2',
local=CompleteVersion{id='1.15.2', time=Tue Apr 28 01:31:30 COT 2020, release=Fri Jan 17 05:03:52 COT 2020, type=release, class=net.minecraft.client.main.Main, minimumVersion=21, assets='1.15', source=LOCAL_VERSION_REPO, list=net.minecraft.launcher.updater.OfficialVersionList@2a2bd735, libraries=[Library{name='com.mojang:patchy:1.1', rules=null, natives=null, extract=null, packed='null'}, Library{name='oshi-project:oshi-core:1.1', rules=null, natives=null, extract=null, packed='null'}, Library{name='net.java.dev.jna:jna:4.4.0', rules=null, natives=null, extract=null, packed='null'}, Library{name='net.java.dev.jna:platform:3.4.0', rules=null, natives=null, extract=null, packed='null'}, Library{name='com.ibm.icu:icu4j-core-mojang:51.2', rules=null, natives=null, extract=null, packed='null'}, Library{name='com.mojang:javabridge:1.0.22', rules=null, natives=null, extract=null, packed='null'}, Library{name='net.sf.jopt-simple:jopt-simple:5.0.3', rules=null, natives=null, extract=null, packed='null'}, Library{name='io.netty:netty-all:4.1.25.Final', rules=null, natives=null, extract=null, packed='null'}, Library{name='com.google.guava:guava:21.0', rules=null, natives=null, extract=null, packed='null'}, Library{name='org.apache.commons:commons-lang3:3.5', rules=null, natives=null, extract=null, packed='null'}, Library{name='commons-io:commons-io:2.5', rules=null, natives=null, extract=null, packed='null'}, Library{name='commons-codec:commons-codec:1.10', rules=null, natives=null, extract=null, packed='null'}, Library{name='net.java.jinput:jinput:2.0.5', rules=null, natives=null, extract=null, packed='null'}, Library{name='net.java.jutils:jutils:1.0.0', rules=null, natives=null, extract=null, packed='null'}, Library{name='com.mojang:brigadier:1.0.17', rules=null, natives=null, extract=null, packed='null'}, Library{name='com.mojang:datafixerupper:2.0.24', rules=null, natives=null, extract=null, packed='null'}, Library{name='com.google.code.gson:gson:2.8.0', rules=null, natives=null, extract=null, packed='null'}, Library{name='com.mojang:authlib:1.5.25', rules=null, natives=null, extract=null, packed='null'}, Library{name='org.apache.commons:commons-compress:1.8.1', rules=null, natives=null, extract=null, packed='null'}, Library{name='org.apache.httpcomponents:httpclient:4.3.3', rules=null, natives=null, extract=null, packed='null'}, Library{name='commons-logging:commons-logging:1.1.3', rules=null, natives=null, extract=null, packed='null'}, Library{name='org.apache.httpcomponents:httpcore:4.3.2', rules=null, natives=null, extract=null, packed='null'}, Library{name='it.unimi.dsi:fastutil:8.2.1', rules=null, natives=null, extract=null, packed='null'}, Library{name='org.apache.logging.log4j:log4j-api:2.8.1', rules=null, natives=null, extract=null, packed='null'}, Library{name='org.apache.logging.log4j:log4j-core:2.8.1', rules=null, natives=null, extract=null, packed='null'}, Library{name='org.lwjgl:lwjgl:3.2.1', rules=[Rule{action=ALLOW, os=OSRestriction{name=OSX, version='null'}, features=null}], natives=null, extract=null, packed='null'}, Library{name='org.lwjgl:lwjgl:3.2.2', rules=[Rule{action=ALLOW, os=null, features=null}, Rule{action=DISALLOW, os=OSRestriction{name=OSX, version='null'}, features=null}], natives=null, extract=null, packed='null'}, Library{name='org.lwjgl:lwjgl-jemalloc:3.2.1', rules=[Rule{action=ALLOW, os=OSRestriction{name=OSX, version='null'}, features=null}], natives=null, extract=null, packed='null'}, Library{name='org.lwjgl:lwjgl-jemalloc:3.2.2', rules=[Rule{action=ALLOW, os=null, features=null}, Rule{action=DISALLOW, os=OSRestriction{name=OSX, version='null'}, features=null}], natives=null, extract=null, packed='null'}, Library{name='org.lwjgl:lwjgl-openal:3.2.1', rules=[Rule{action=ALLOW, os=OSRestriction{name=OSX, version='null'}, features=null}], natives=null, extract=null, packed='null'}, Library{name='org.lwjgl:lwjgl-openal:3.2.2', rules=[Rule{action=ALLOW, os=null, features=null}, Rule{action=DISALLOW, os=OSRestriction{name=OSX, version='null'}, features=null}], natives=null, extract=null, packed='null'}, Library{name='org.lwjgl:lwjgl-opengl:3.2.1', rules=[Rule{action=ALLOW, os=OSRestriction{name=OSX, version='null'}, features=null}], natives=null, extract=null, packed='null'}, Library{name='org.lwjgl:lwjgl-opengl:3.2.2', rules=[Rule{action=ALLOW, os=null, features=null}, Rule{action=DISALLOW, os=OSRestriction{name=OSX, version='null'}, features=null}], natives=null, extract=null, packed='null'}, Library{name='org.lwjgl:lwjgl-glfw:3.2.1', rules=[Rule{action=ALLOW, os=OSRestriction{name=OSX, version='null'}, features=null}], natives=null, extract=null, packed='null'}, Library{name='org.lwjgl:lwjgl-glfw:3.2.2', rules=[Rule{action=ALLOW, os=null, features=null}, Rule{action=DISALLOW, os=OSRestriction{name=OSX, version='null'}, features=null}], natives=null, extract=null, packed='null'}, Library{name='org.lwjgl:lwjgl-stb:3.2.1', rules=[Rule{action=ALLOW, os=OSRestriction{name=OSX, version='null'}, features=null}], natives=null, extract=null, packed='null'}, Library{name='org.lwjgl:lwjgl-stb:3.2.2', rules=[Rule{action=ALLOW, os=null, features=null}, Rule{action=DISALLOW, os=OSRestriction{name=OSX, version='null'}, features=null}], natives=null, extract=null, packed='null'}, Library{name='org.lwjgl:lwjgl-tinyfd:3.2.1', rules=[Rule{action=ALLOW, os=OSRestriction{name=OSX, version='null'}, features=null}], natives=null, extract=null, packed='null'}, Library{name='org.lwjgl:lwjgl-tinyfd:3.2.2', rules=[Rule{action=ALLOW, os=null, features=null}, Rule{action=DISALLOW, os=OSRestriction{name=OSX, version='null'}, features=null}], natives=null, extract=null, packed='null'}, Library{name='org.lwjgl:lwjgl:3.2.1', rules=[Rule{action=ALLOW, os=OSRestriction{name=OSX, version='null'}, features=null}], natives={OSX=natives-macos}, extract=null, packed='null'}, Library{name='org.lwjgl:lwjgl:3.2.2', rules=[Rule{action=ALLOW, os=null, features=null}, Rule{action=DISALLOW, os=OSRestriction{name=OSX, version='null'}, features=null}], natives={LINUX=natives-linux, WINDOWS=natives-windows}, extract=null, packed='null'}, Library{name='org.lwjgl:lwjgl-jemalloc:3.2.1', rules=[Rule{action=ALLOW, os=OSRestriction{name=OSX, version='null'}, features=null}], natives={OSX=natives-macos}, extract=null, packed='null'}, Library{name='org.lwjgl:lwjgl-jemalloc:3.2.2', rules=[Rule{action=ALLOW, os=null, features=null}, Rule{action=DISALLOW, os=OSRestriction{name=OSX, version='null'}, features=null}], natives={LINUX=natives-linux, WINDOWS=natives-windows}, extract=null, packed='null'}, Library{name='org.lwjgl:lwjgl-openal:3.2.1', rules=[Rule{action=ALLOW, os=OSRestriction{name=OSX, version='null'}, features=null}], natives={OSX=natives-macos}, extract=null, packed='null'}, Library{name='org.lwjgl:lwjgl-openal:3.2.2', rules=[Rule{action=ALLOW, os=null, features=null}, Rule{action=DISALLOW, os=OSRestriction{name=OSX, version='null'}, features=null}], natives={LINUX=natives-linux, WINDOWS=natives-windows}, extract=null, packed='null'}, Library{name='org.lwjgl:lwjgl-opengl:3.2.1', rules=[Rule{action=ALLOW, os=OSRestriction{name=OSX, version='null'}, features=null}], natives={OSX=natives-macos}, extract=null, packed='null'}, Library{name='org.lwjgl:lwjgl-opengl:3.2.2', rules=[Rule{action=ALLOW, os=null, features=null}, Rule{action=DISALLOW, os=OSRestriction{name=OSX, version='null'}, features=null}], natives={LINUX=natives-linux, WINDOWS=natives-windows}, extract=null, packed='null'}, Library{name='org.lwjgl:lwjgl-glfw:3.2.1', rules=[Rule{action=ALLOW, os=OSRestriction{name=OSX, version='null'}, features=null}], natives={OSX=natives-macos}, extract=null, packed='null'}, Library{name='org.lwjgl:lwjgl-glfw:3.2.2', rules=[Rule{action=ALLOW, os=null, features=null}, Rule{action=DISALLOW, os=OSRestriction{name=OSX, version='null'}, features=null}], natives={LINUX=natives-linux, WINDOWS=natives-windows}, extract=null, packed='null'}, Library{name='org.lwjgl:lwjgl-stb:3.2.1', rules=[Rule{action=ALLOW, os=OSRestriction{name=OSX, version='null'}, features=null}], natives={OSX=natives-macos}, extract=null, packed='null'}, Library{name='org.lwjgl:lwjgl-tinyfd:3.2.2', rules=[Rule{action=ALLOW, os=null, features=null}, Rule{action=DISALLOW, os=OSRestriction{name=OSX, version='null'}, features=null}], natives={LINUX=natives-linux, WINDOWS=natives-windows}, extract=null, packed='null'}, Library{name='org.lwjgl:lwjgl-tinyfd:3.2.1', rules=[Rule{action=ALLOW, os=OSRestriction{name=OSX, version='null'}, features=null}], natives={OSX=natives-macos}, extract=null, packed='null'}, Library{name='org.lwjgl:lwjgl-stb:3.2.2', rules=[Rule{action=ALLOW, os=null, features=null}, Rule{action=DISALLOW, os=OSRestriction{name=OSX, version='null'}, features=null}], natives={LINUX=natives-linux, WINDOWS=natives-windows}, extract=null, packed='null'}, Library{name='com.mojang:text2speech:1.11.3', rules=null, natives=null, extract=null, packed='null'}, Library{name='com.mojang:text2speech:1.11.3', rules=null, natives={LINUX=natives-linux, WINDOWS=natives-windows}, extract=net.minecraft.launcher.versions.ExtractRules@4b3dcc5b, packed='null'}, Library{name='ca.weblite:java-objc-bridge:1.0.0', rules=[Rule{action=ALLOW, os=OSRestriction{name=OSX, version='null'}, features=null}], natives={OSX=natives-osx}, extract=net.minecraft.launcher.versions.ExtractRules@2f42acff, packed='null'}, Library{name='ca.weblite:java-objc-bridge:1.0.0', rules=[Rule{action=ALLOW, os=OSRestriction{name=OSX, version='null'}, features=null}], natives=null, extract=null, packed='null'}]},
remote=PartialVersion{id='1.15.2', time=Tue Apr 28 01:31:30 COT 2020, release=Fri Jan 17 05:03:52 COT 2020, type=release, source=OFFICIAL_VERSION_REPO, skinVersion=false, list=net.minecraft.launcher.updater.OfficialVersionList@2a2bd735}, isInstalled=true, hasRemote=true, isUpToDate=true}
2020-05-05 19:13:41,377 LoopedThread#8 [Launcher] Java path: /Library/Internet Plug-Ins/JavaAppletPlugin.plugin/Contents/Home/bin/java
2020-05-05 19:13:41,386 LoopedThread#8 [Launcher] Checking conditions...
2020-05-05 19:13:41,392 LoopedThread#8 [Launcher] Comparing assets...
2020-05-05 19:13:41,393 LoopedThread#8 [AssetsManager] Checking resources...
2020-05-05 19:13:41,393 LoopedThread#8 [AssetsManager] Reading indexes from file /Users/jpineros/Library/Application Support/minecraft/assets/indexes/1.15.json
2020-05-05 19:13:41,405 LoopedThread#8 [AssetsManager] Fast comparing: true
2020-05-05 19:13:41,437 LoopedThread#8 [Launcher] Delta time to compare assets: 44 ms.
2020-05-05 19:13:41,438 LoopedThread#8 [TLauncherManager] add required libraries: 1.15.2
2020-05-05 19:13:41,679 LoopedThread#8 [VersionManager] Required for version 1.15.2: []
2020-05-05 19:13:41,680 LoopedThread#8 [Modpack]  got container
2020-05-05 19:13:41,692 LoopedThread#8 [TLauncherManager] library will be replaced: com.mojang:authlib:1.5.25
2020-05-05 19:13:41,693 LoopedThread#8 [TLauncherManager] library will be replaced: com.mojang:patchy:1.1
2020-05-05 19:13:41,694 LoopedThread#8 [TLauncherManager] library will be added as required: net.minecraft:launchwrapper:1.12
2020-05-05 19:13:41,695 LoopedThread#8 [TLauncherManager] library will be added as required: org.ow2.asm:asm-commons:6.2
2020-05-05 19:13:41,696 LoopedThread#8 [TLauncherManager] library will be added as required: org.ow2.asm:asm:6.2
2020-05-05 19:13:41,697 LoopedThread#8 [TLauncherManager] library will be added as required: org.ow2.asm:asm-tree:6.2
2020-05-05 19:13:41,698 LoopedThread#8 [TLauncherManager] library will be added: org.tlauncher:tl_skin_cape_1.15.2:1.9
2020-05-05 19:13:41,707 LoopedThread#8 [Launcher] Unpacking natives...
2020-05-05 19:13:41,712 LoopedThread#8 [Launcher] Constructing process...
2020-05-05 19:13:41,722 LoopedThread#8 [Launcher] Constructing classpath...
2020-05-05 19:13:41,724 LoopedThread#8 [Launcher] Getting Minecraft arguments...
2020-05-05 19:13:41,727 LoopedThread#8 [Launcher] Full command (characters are not escaped):
/Library/Internet Plug-Ins/JavaAppletPlugin.plugin/Contents/Home/bin/java -Xdock:icon="/Users/jpineros/Library/Application Support/minecraft/assets/objects/99/991b421dfd401f115241601b2b373140a8d78572" -Xdock:name=Minecraft -Djava.net.preferIPv4Stack=true -Xmn128M -Xmx10922M -XstartOnFirstThread -Xss1M -Djava.library.path=/Users/jpineros/Library/Application Support/minecraft/versions/1.15.2/natives -Dminecraft.launcher.brand=minecraft-launcher -Dminecraft.launcher.version=2.0.1003 -cp /Users/jpineros/Library/Application Support/minecraft/libraries/org/tlauncher/tl_skin_cape_1.15.2/1.9/tl_skin_cape_1.15.2-1.9.jar:/Users/jpineros/Library/Application Support/minecraft/libraries/org/ow2/asm/asm-tree/6.2/asm-tree-6.2.jar:/Users/jpineros/Library/Application Support/minecraft/libraries/org/ow2/asm/asm/6.2/asm-6.2.jar:/Users/jpineros/Library/Application Support/minecraft/libraries/org/ow2/asm/asm-commons/6.2/asm-commons-6.2.jar:/Users/jpineros/Library/Application Support/minecraft/libraries/net/minecraft/launchwrapper/1.12/launchwrapper-1.12.jar:/Users/jpineros/Library/Application Support/minecraft/libraries/org/tlauncher/patchy/1.1/patchy-1.1.jar:/Users/jpineros/Library/Application Support/minecraft/libraries/oshi-project/oshi-core/1.1/oshi-core-1.1.jar:/Users/jpineros/Library/Application Support/minecraft/libraries/net/java/dev/jna/jna/4.4.0/jna-4.4.0.jar:/Users/jpineros/Library/Application Support/minecraft/libraries/net/java/dev/jna/platform/3.4.0/platform-3.4.0.jar:/Users/jpineros/Library/Application Support/minecraft/libraries/com/ibm/icu/icu4j-core-mojang/51.2/icu4j-core-mojang-51.2.jar:/Users/jpineros/Library/Application Support/minecraft/libraries/com/mojang/javabridge/1.0.22/javabridge-1.0.22.jar:/Users/jpineros/Library/Application Support/minecraft/libraries/net/sf/jopt-simple/jopt-simple/5.0.3/jopt-simple-5.0.3.jar:/Users/jpineros/Library/Application Support/minecraft/libraries/io/netty/netty-all/4.1.25.Final/netty-all-4.1.25.Final.jar:/Users/jpineros/Library/Application Support/minecraft/libraries/com/google/guava/guava/21.0/guava-21.0.jar:/Users/jpineros/Library/Application Support/minecraft/libraries/org/apache/commons/commons-lang3/3.5/commons-lang3-3.5.jar:/Users/jpineros/Library/Application Support/minecraft/libraries/commons-io/commons-io/2.5/commons-io-2.5.jar:/Users/jpineros/Library/Application Support/minecraft/libraries/commons-codec/commons-codec/1.10/commons-codec-1.10.jar:/Users/jpineros/Library/Application Support/minecraft/libraries/net/java/jinput/jinput/2.0.5/jinput-2.0.5.jar:/Users/jpineros/Library/Application Support/minecraft/libraries/net/java/jutils/jutils/1.0.0/jutils-1.0.0.jar:/Users/jpineros/Library/Application Support/minecraft/libraries/com/mojang/brigadier/1.0.17/brigadier-1.0.17.jar:/Users/jpineros/Library/Application Support/minecraft/libraries/com/mojang/datafixerupper/2.0.24/datafixerupper-2.0.24.jar:/Users/jpineros/Library/Application Support/minecraft/libraries/com/google/code/gson/gson/2.8.0/gson-2.8.0.jar:/Users/jpineros/Library/Application Support/minecraft/libraries/org/tlauncher/authlib/1.6.25/authlib-1.6.25.jar:/Users/jpineros/Library/Application Support/minecraft/libraries/org/apache/commons/commons-compress/1.8.1/commons-compress-1.8.1.jar:/Users/jpineros/Library/Application Support/minecraft/libraries/org/apache/httpcomponents/httpclient/4.3.3/httpclient-4.3.3.jar:/Users/jpineros/Library/Application Support/minecraft/libraries/commons-logging/commons-logging/1.1.3/commons-logging-1.1.3.jar:/Users/jpineros/Library/Application Support/minecraft/libraries/org/apache/httpcomponents/httpcore/4.3.2/httpcore-4.3.2.jar:/Users/jpineros/Library/Application Support/minecraft/libraries/it/unimi/dsi/fastutil/8.2.1/fastutil-8.2.1.jar:/Users/jpineros/Library/Application Support/minecraft/libraries/org/apache/logging/log4j/log4j-api/2.8.1/log4j-api-2.8.1.jar:/Users/jpineros/Library/Application Support/minecraft/libraries/org/apache/logging/log4j/log4j-core/2.8.1/log4j-core-2.8.1.jar:/Users/jpineros/Library/Application Support/minecraft/libraries/org/lwjgl/lwjgl/3.2.1/lwjgl-3.2.1.jar:/Users/jpineros/Library/Application Support/minecraft/libraries/org/lwjgl/lwjgl-jemalloc/3.2.1/lwjgl-jemalloc-3.2.1.jar:/Users/jpineros/Library/Application Support/minecraft/libraries/org/lwjgl/lwjgl-openal/3.2.1/lwjgl-openal-3.2.1.jar:/Users/jpineros/Library/Application Support/minecraft/libraries/org/lwjgl/lwjgl-opengl/3.2.1/lwjgl-opengl-3.2.1.jar:/Users/jpineros/Library/Application Support/minecraft/libraries/org/lwjgl/lwjgl-glfw/3.2.1/lwjgl-glfw-3.2.1.jar:/Users/jpineros/Library/Application Support/minecraft/libraries/org/lwjgl/lwjgl-stb/3.2.1/lwjgl-stb-3.2.1.jar:/Users/jpineros/Library/Application Support/minecraft/libraries/org/lwjgl/lwjgl-tinyfd/3.2.1/lwjgl-tinyfd-3.2.1.jar:/Users/jpineros/Library/Application Support/minecraft/libraries/com/mojang/text2speech/1.11.3/text2speech-1.11.3.jar:/Users/jpineros/Library/Application Support/minecraft/libraries/ca/weblite/java-objc-bridge/1.0.0/java-objc-bridge-1.0.0.jar:/Users/jpineros/Library/Application Support/minecraft/versions/1.15.2/1.15.2.jar -Dminecraft.applet.TargetDirectory=/Users/jpineros/Library/Application Support/minecraft -XX:+UnlockExperimentalVMOptions -XX:+UseG1GC -XX:G1NewSizePercent=20 -XX:G1ReservePercent=20 -XX:MaxGCPauseMillis=50 -XX:G1HeapRegionSize=32M -Dfml.ignoreInvalidMinecraftCertificates=true -Dfml.ignorePatchDiscrepancies=true org.tlauncher.LaunchNew --username jpineros --version 1.15.2 --gameDir /Users/jpineros/Library/Application Support/minecraft --assetsDir /Users/jpineros/Library/Application Support/minecraft/assets --assetIndex 1.15 --uuid 00000000-0000-0000-0000-000000000000 --accessToken null --userType legacy --versionType release --width 925 --height 530 --tweakClass org.tlauncher.tweaker.Tweaker
2020-05-05 19:13:41,773 LoopedThread#8 [Launcher] Launching Minecraft...
2020-05-05 19:13:41,774 LoopedThread#8 I'm hiding!
2020-05-05 19:13:41,779 LoopedThread#8 [TLauncherManager] mods after 
2020-05-05 19:13:41,781 LoopedThread#8 [InnerMinecraftServersImpl]  search changers of the servers
2020-05-05 19:13:41,785 LoopedThread#8 read servers from servers.dat []
2020-05-05 19:13:41,786 LoopedThread#8 [InnerMinecraftServersImpl]  prepare inner servers
2020-05-05 19:13:41,788 LoopedThread#8 save servers to servers.dat
2020-05-05 19:13:41,791 LoopedThread#8 [Launcher] Starting Minecraft latest-release...
2020-05-05 19:13:41,792 LoopedThread#8 [Launcher] Launching in: /Users/jpineros/Library/Application Support/minecraft
2020-05-05 19:13:41,793 LoopedThread#8 Starting garbage collector: 98 / 355 MB
2020-05-05 19:13:41,897 LoopedThread#8 Garbage collector completed: 45 / 356 MB
2020-05-05 19:13:41,905 LoopedThread#8 [Launcher] Processing post-launch actions. Assist launch: true
2020-05-05 19:13:42,652 Thread-13 ===============================================================================================
2020-05-05 19:13:42,654 Thread-13 > [19:13:42] [main/INFO]: Loading tweak class name org.tlauncher.tweaker.Tweaker
2020-05-05 19:13:42,655 Thread-13 > [19:13:42] [main/INFO]: Using primary tweak class name org.tlauncher.tweaker.Tweaker
2020-05-05 19:13:42,656 Thread-13 > [19:13:42] [main/WARN]: Tweak class name org.tlauncher.tweaker.Tweaker has already been visited -- skipping
2020-05-05 19:13:42,658 Thread-13 > [19:13:42] [main/INFO]: Calling tweak class org.tlauncher.tweaker.Tweaker
2020-05-05 19:13:42,659 Thread-13 > Log Path: /Users/jpineros/Library/Application Support/minecraft/./tlLoader/Tweaker.log
2020-05-05 19:13:42,660 Thread-13 > [main INFO] Using Tweaker
2020-05-05 19:13:42,660 Thread-13 > [main INFO] Tweaker: acceptOptions
2020-05-05 19:13:42,660 Thread-13 > [main INFO] Tweaker: injectIntoClassLoader
2020-05-05 19:13:42,665 Thread-13 > [TLSkinCape] Current version is [:]
2020-05-05 19:13:42,666 Thread-13 > [TLSkinCape] Current Minecraft version is 1.15.2.
2020-05-05 19:13:42,667 Thread-13 > [main INFO] Hook method dpy#n()Lsm; loaded.
2020-05-05 19:13:42,667 Thread-13 > [main INFO] Hook method dpy#m()Lsm; loaded.
2020-05-05 19:13:42,668 Thread-13 > [main INFO] Hook method dpy#s()Ljava/lang/String; loaded.
2020-05-05 19:13:42,669 Thread-13 > [main INFO] Hook method ayj#a(Layk;)Z loaded.
2020-05-05 19:13:42,670 Thread-13 > [main INFO] Hook method dgf#render(IIF)V loaded.
2020-05-05 19:13:42,670 Thread-13 > [main INFO] Loaded as a library.
2020-05-05 19:13:42,671 Thread-13 > [main INFO] Tweaker: getLaunchArguments
2020-05-05 19:13:42,677 Thread-13 > [19:13:42] [main/INFO]: Launching wrapped minecraft {org.tlauncher.MainNew}
2020-05-05 19:13:42,983 Thread-13 > [Render thread INFO] [TLSkinCape] Method dgf.render(IIF)V successfully hooked.
2020-05-05 19:13:42,999 Thread-13 > [Render thread INFO] [TLSkinCape] Method dpy.n()Lsm; successfully hooked.
2020-05-05 19:13:43,000 Thread-13 > [Render thread INFO] [TLSkinCape] Method dpy.m()Lsm; successfully hooked.
2020-05-05 19:13:43,001 Thread-13 > [Render thread INFO] [TLSkinCape] Method dpy.s()Ljava/lang/String; successfully hooked.
2020-05-05 19:13:43,024 Thread-13 > [Render thread INFO] [TLSkinCape] Method ayj.a(Layk;)Z successfully hooked.
2020-05-05 19:13:43,228 Thread-13 > [19:13:43] [main/INFO]: Setting user: jpineros
2020-05-05 19:13:46,428 Thread-13 > [19:13:46] [main/INFO]: Backend library: LWJGL version 3.2.1 build 12
2020-05-05 19:13:49,856 Thread-13 > [19:13:49] [main/INFO]: Reloading ResourceManager: Default
2020-05-05 19:13:49,880 Thread-13 > [19:13:49] [main/INFO]: [STDOUT]: [Connector] trying to start...
2020-05-05 19:13:49,882 Thread-13 > [19:13:49] [main/INFO]: [STDOUT]: [Connector] no server info
2020-05-05 19:13:49,883 Thread-13 > [19:13:49] [main/INFO]: [STDOUT]: [Connector] end
2020-05-05 19:13:50,821 Thread-13 > [19:13:50] [Realms Notification Availability checker #1/INFO]: Could not authorize you against Realms server: Invalid session id
2020-05-05 19:13:56,400 Thread-13 > [19:13:56] [main/INFO]: OpenAL initialized.
2020-05-05 19:13:56,402 Thread-13 > [19:13:56] [main/INFO]: Sound engine started
2020-05-05 19:13:56,575 Thread-13 > [19:13:56] [main/INFO]: Created: 1024x1024x4 minecraft:textures/atlas/blocks.png-atlas
2020-05-05 19:13:56,589 Thread-13 > [19:13:56] [main/INFO]: Created: 256x128x4 minecraft:textures/atlas/signs.png-atlas
2020-05-05 19:13:56,590 Thread-13 > [19:13:56] [main/INFO]: Created: 1024x512x4 minecraft:textures/atlas/banner_patterns.png-atlas
2020-05-05 19:13:56,591 Thread-13 > [19:13:56] [main/INFO]: Created: 1024x512x4 minecraft:textures/atlas/shield_patterns.png-atlas
2020-05-05 19:13:56,594 Thread-13 > [19:13:56] [main/INFO]: Created: 256x256x4 minecraft:textures/atlas/chest.png-atlas
2020-05-05 19:13:56,595 Thread-13 > [19:13:56] [main/INFO]: Created: 512x256x4 minecraft:textures/atlas/beds.png-atlas
2020-05-05 19:13:56,597 Thread-13 > [19:13:56] [main/INFO]: Created: 512x256x4 minecraft:textures/atlas/shulker_boxes.png-atlas
2020-05-05 19:13:57,016 Thread-13 > [19:13:57] [main/INFO]: Created: 256x256x0 minecraft:textures/atlas/particles.png-atlas
2020-05-05 19:13:57,017 Thread-13 > [19:13:57] [main/INFO]: Created: 256x256x0 minecraft:textures/atlas/paintings.png-atlas
2020-05-05 19:13:57,019 Thread-13 > [19:13:57] [main/INFO]: Created: 256x128x0 minecraft:textures/atlas/mob_effects.png-atlas
2020-05-05 19:14:21,624 Thread-13 > [19:14:21] [main/WARN]: Ambiguity between arguments [teleport, destination] and [teleport, targets] with inputs: [Player, 0123, @e, dd12be42-52a9-4a91-a8a1-11c01849e498]
2020-05-05 19:14:21,626 Thread-13 > [19:14:21] [main/WARN]: Ambiguity between arguments [teleport, location] and [teleport, destination] with inputs: [0.1 -0.5 .9, 0 0 0]
2020-05-05 19:14:21,628 Thread-13 > [19:14:21] [main/WARN]: Ambiguity between arguments [teleport, location] and [teleport, targets] with inputs: [0.1 -0.5 .9, 0 0 0]
2020-05-05 19:14:21,630 Thread-13 > [19:14:21] [main/WARN]: Ambiguity between arguments [teleport, targets] and [teleport, destination] with inputs: [Player, 0123, dd12be42-52a9-4a91-a8a1-11c01849e498]
2020-05-05 19:14:21,631 Thread-13 > [19:14:21] [main/WARN]: Ambiguity between arguments [teleport, targets, location] and [teleport, targets, destination] with inputs: [0.1 -0.5 .9, 0 0 0]
2020-05-05 19:14:21,671 Thread-13 > [19:14:21] [Server thread/INFO]: Starting integrated minecraft server version 1.15.2
2020-05-05 19:14:21,673 Thread-13 > [19:14:21] [Server thread/INFO]: Generating keypair
2020-05-05 19:14:21,777 Thread-13 > [19:14:21] [Server thread/INFO]: Reloading ResourceManager: Default
2020-05-05 19:14:22,090 Thread-13 > [19:14:22] [Server thread/INFO]: Loaded 6 recipes
2020-05-05 19:14:22,301 Thread-13 > [19:14:22] [Server thread/INFO]: Loaded 825 advancements
2020-05-05 19:14:22,599 Thread-13 > [19:14:22] [Server thread/INFO]: Preparing start region for dimension minecraft:overworld
2020-05-05 19:14:23,746 Thread-13 > [19:14:23] [main/INFO]: Preparing spawn area: 0%
2020-05-05 19:14:23,767 Thread-13 > [19:14:23] [main/INFO]: Preparing spawn area: 0%
2020-05-05 19:14:23,768 Thread-13 > [19:14:23] [main/INFO]: Preparing spawn area: 0%
2020-05-05 19:14:24,324 Thread-13 > [19:14:24] [main/INFO]: Time elapsed: 1679 ms
2020-05-05 19:14:24,406 Thread-13 > 2020-05-05 19:14:24.406 java[9119:394526] [JRSAppKitAWT markAppIsDaemon]: Process manager already initialized: can't fully enable headless mode.
2020-05-05 19:14:24,690 Thread-13 > [19:14:24] [Server thread/INFO]: Changing view distance to 7, from 10
2020-05-05 19:14:25,875 Thread-13 > [19:14:25] [Server thread/INFO]: jpineros[local:E:d9692f00] logged in with entity id 247 at (-3.462073468911541, 66.0, 26.281620118325776)
2020-05-05 19:14:25,937 Thread-13 > [19:14:25] [Server thread/INFO]: jpineros joined the game
2020-05-05 19:14:26,213 Thread-13 > [19:14:26] [Server thread/INFO]: Saving and pausing game...
2020-05-05 19:14:26,237 Thread-13 > [19:14:26] [Server thread/INFO]: Saving chunks for level 'Jhean Paradise attempt 2'/minecraft:overworld
2020-05-05 19:14:26,990 Thread-13 > [19:14:26] [Server thread/INFO]: Saving chunks for level 'Jhean Paradise attempt 2'/minecraft:the_end
2020-05-05 19:14:26,992 Thread-13 > [19:14:26] [Server thread/INFO]: Saving chunks for level 'Jhean Paradise attempt 2'/minecraft:the_nether
2020-05-05 19:14:27,083 Thread-13 > [19:14:27] [main/INFO]: Loaded 152 advancements
2020-05-05 19:14:30,884 Thread-13 > [19:14:30] [main/INFO]: textures 'jpineros' was added, skin: false,cape: false, max waiting: 1 ,during : 4363 
2020-05-05 19:15:01,879 Thread-13 > [19:15:01] [main/INFO]: Loaded 162 advancements
2020-05-05 19:15:21,679 Thread-13 > [19:15:21] [main/INFO]: Loaded 172 advancements
2020-05-05 19:16:17,808 Thread-13 > [19:16:17] [Server thread/INFO]: Saving and pausing game...
2020-05-05 19:16:17,821 Thread-13 > [19:16:17] [Server thread/INFO]: Saving chunks for level 'Jhean Paradise attempt 2'/minecraft:overworld
2020-05-05 19:16:17,922 Thread-13 > [19:16:17] [Server thread/INFO]: Saving chunks for level 'Jhean Paradise attempt 2'/minecraft:the_end
2020-05-05 19:16:17,924 Thread-13 > [19:16:17] [Server thread/INFO]: Saving chunks for level 'Jhean Paradise attempt 2'/minecraft:the_nether
2020-05-05 19:16:23,209 Thread-13 > [19:16:23] [Server thread/INFO]: Saving and pausing game...
2020-05-05 19:16:23,215 Thread-13 > [19:16:23] [Server thread/INFO]: Saving chunks for level 'Jhean Paradise attempt 2'/minecraft:overworld
2020-05-05 19:16:23,288 Thread-13 > [19:16:23] [Server thread/INFO]: Saving chunks for level 'Jhean Paradise attempt 2'/minecraft:the_end
2020-05-05 19:16:23,289 Thread-13 > [19:16:23] [Server thread/INFO]: Saving chunks for level 'Jhean Paradise attempt 2'/minecraft:the_nether
2020-05-05 19:17:42,560 Thread-13 > [19:17:42] [Server thread/INFO]: Saving and pausing game...
2020-05-05 19:17:42,570 Thread-13 > [19:17:42] [Server thread/INFO]: Saving chunks for level 'Jhean Paradise attempt 2'/minecraft:overworld
2020-05-05 19:17:42,658 Thread-13 > [19:17:42] [Server thread/INFO]: Saving chunks for level 'Jhean Paradise attempt 2'/minecraft:the_end
2020-05-05 19:17:42,660 Thread-13 > [19:17:42] [Server thread/INFO]: Saving chunks for level 'Jhean Paradise attempt 2'/minecraft:the_nether
2020-05-05 19:19:52,774 Thread-13 > [19:19:52] [main/INFO]: Loaded 181 advancements
2020-05-05 19:22:35,818 Thread-13 > [19:22:35] [Server thread/INFO]: jpineros has made the advancement [Isn't It Iron Pick]
2020-05-05 19:22:35,826 Thread-13 > [19:22:35] [main/INFO]: [CHAT] jpineros has made the advancement [Isn't It Iron Pick]
2020-05-05 19:22:35,827 Thread-13 > [19:22:35] [main/INFO]: Loaded 185 advancements
2020-05-05 19:22:41,424 Thread-13 > [19:22:41] [Server thread/INFO]: jpineros has made the advancement [Diamonds!]
2020-05-05 19:22:41,438 Thread-13 > [19:22:41] [main/INFO]: [CHAT] jpineros has made the advancement [Diamonds!]
2020-05-05 19:22:41,471 Thread-13 > [19:22:41] [main/INFO]: Loaded 196 advancements
2020-05-05 19:24:47,386 Thread-13 > [19:24:47] [main/INFO]: Loaded 197 advancements
2020-05-05 19:31:52,178 Thread-13 > [19:31:52] [Server thread/INFO]: jpineros has made the advancement [Suit Up]
2020-05-05 19:31:52,180 Thread-13 > [19:31:52] [main/INFO]: [CHAT] jpineros has made the advancement [Suit Up]
2020-05-05 19:31:52,195 Thread-13 > [19:31:52] [main/INFO]: Loaded 197 advancements
2020-05-05 19:36:48,882 Thread-13 > [19:36:48] [Server thread/INFO]: jpineros has made the advancement [Hot Stuff]
2020-05-05 19:36:48,891 Thread-13 > [19:36:48] [main/INFO]: [CHAT] jpineros has made the advancement [Hot Stuff]
2020-05-05 19:36:48,892 Thread-13 > [19:36:48] [main/INFO]: Loaded 198 advancements
2020-05-05 19:40:46,159 Thread-13 > [19:40:46] [main/INFO]: Loaded 199 advancements
2020-05-05 19:41:58,081 Thread-13 > [19:41:58] [Server thread/INFO]: Saving and pausing game...
2020-05-05 19:41:58,091 Thread-13 > [19:41:58] [Server thread/INFO]: Saving chunks for level 'Jhean Paradise attempt 2'/minecraft:overworld
2020-05-05 19:41:58,178 Thread-13 > [19:41:58] [Server thread/INFO]: Saving chunks for level 'Jhean Paradise attempt 2'/minecraft:the_end
2020-05-05 19:41:58,179 Thread-13 > [19:41:58] [Server thread/INFO]: Saving chunks for level 'Jhean Paradise attempt 2'/minecraft:the_nether
2020-05-05 19:41:58,840 Thread-13 > [19:41:58] [Server thread/INFO]: jpineros lost connection: Disconnected
2020-05-05 19:41:58,841 Thread-13 > [19:41:58] [Server thread/INFO]: jpineros left the game
2020-05-05 19:41:58,845 Thread-13 > [19:41:58] [Server thread/INFO]: Stopping singleplayer server as player logged out
2020-05-05 19:41:58,882 Thread-13 > [19:41:58] [Server thread/INFO]: Stopping server
2020-05-05 19:41:58,882 Thread-13 > [19:41:58] [Server thread/INFO]: Saving players
2020-05-05 19:41:58,883 Thread-13 > [19:41:58] [Server thread/INFO]: Saving worlds
2020-05-05 19:41:58,884 Thread-13 > [19:41:58] [Server thread/INFO]: Saving chunks for level 'Jhean Paradise attempt 2'/minecraft:overworld
2020-05-05 19:41:58,996 Thread-13 > [19:41:58] [Server thread/INFO]: ThreadedAnvilChunkStorage (Jhean Paradise attempt 2): All chunks are saved
2020-05-05 19:41:58,998 Thread-13 > [19:41:58] [Server thread/INFO]: Saving chunks for level 'Jhean Paradise attempt 2'/minecraft:the_end
2020-05-05 19:41:58,999 Thread-13 > [19:41:58] [Server thread/INFO]: ThreadedAnvilChunkStorage (DIM1): All chunks are saved
2020-05-05 19:41:59,000 Thread-13 > [19:41:58] [Server thread/INFO]: Saving chunks for level 'Jhean Paradise attempt 2'/minecraft:the_nether
2020-05-05 19:41:59,001 Thread-13 > [19:41:58] [Server thread/INFO]: ThreadedAnvilChunkStorage (DIM-1): All chunks are saved
2020-05-05 19:41:59,002 Thread-13 > [19:41:59] [Server thread/INFO]: ThreadedAnvilChunkStorage (Jhean Paradise attempt 2): All chunks are saved
2020-05-05 19:41:59,004 Thread-13 > [19:41:59] [Server thread/INFO]: ThreadedAnvilChunkStorage (DIM1): All chunks are saved
2020-05-05 19:41:59,005 Thread-13 > [19:41:59] [Server thread/INFO]: ThreadedAnvilChunkStorage (DIM-1): All chunks are saved
2020-05-05 19:42:04,946 Thread-13 > [19:42:04] [main/INFO]: Stopping!
2020-05-05 19:42:05,872 Thread-13 Here I am!
2020-05-05 19:42:05,900 Thread-13 [VersionManager] Refreshing versions locally...
2020-05-05 19:42:05,906 Thread-13 [VersionManager] Versions has been refreshed (6 ms)
2020-05-05 19:42:05,932 LoopedThread#8 [Launcher] Launcher exited.
2020-05-05 19:42:05,933 Thread-13 [Launcher] Minecraft closed with exit code: 0
2020-05-05 19:42:09,021 AWT-EventQueue-0 Good bye!
2020-05-05 19:42:09,022 AWT-EventQueue-0 [TLauncherManager] before clearLibrary 
2020-05-05 19:42:09,024 AWT-EventQueue-0 [TLauncherManager] written:  []
2020-05-05 19:42:09,025 AWT-EventQueue-0 [TLauncherManager] after clearLibrary 
