2020-05-01 18:31:50,675 main [Loading] INITIALIZING
Starting TLauncher 2.69 RELEASE
For more information, visit https://tlauncher.org/
Startup time: May 1, 2020 6:31:49 PM
---
run double running protectin
[Loading] LOADING_CONFIGURATION
Loading configuration from file: /Users/jpineros/Library/Application Support/tlauncher/tlauncher-2.0.properties
[Configuration] Constant values: {}
Machine info: -------------------------------------------------------
Mac OS X 10.15.4, Java 1.8.0_231, jvm bit x64, 16384 MB RAM
java path=/Library/Internet Plug-Ins/JavaAppletPlugin.plugin/Contents/Home/bin/java
Intel UHD Graphics 630
-------------------------------------------------------
Selected locale: en_US
[Loading] LOADING_CONSOLE


2020-05-01 18:31:50,676 main [Downloader2] Loaded configuration: good
2020-05-01 18:31:50,809 ExtendedThread#4 [Updater] Requesting an update...
2020-05-01 18:31:50,812 ExtendedThread#4 [Updater] Requesting from: http://repo.tlauncher.org/update/lch/update_2.0.json
2020-05-01 18:31:50,813 ExtendedThread#4 [Updater] Making request: http://repo.tlauncher.org/update/lch/update_2.0.json?version=2.69&client=1989ed1d-7f80-4273-b5a5-0b1ae81b1ee6
2020-05-01 18:31:50,987 main [Browser] Loading resources...
2020-05-01 18:31:51,114 main [Browser] Loading background...
2020-05-01 18:31:51,150 main [Browser] Cleaning up after loading:
2020-05-01 18:31:51,155 main Starting garbage collector: 86 / 198 MB
2020-05-01 18:31:51,220 main Garbage collector completed: 17 / 236 MB
2020-05-01 18:31:51,222 main [Loading] LOADING_MANAGERS
2020-05-01 18:31:51,228 main [LocalVersionList] Base directory: /Users/jpineros/Library/Application Support/minecraft
2020-05-01 18:31:51,240 main [ProfileManager] Refreshing profiles from: /Users/jpineros/Library/Application Support/minecraft/TlauncherProfiles.json
2020-05-01 18:31:51,259 main [AdvertisingStatusObserver]  started to get ad information
2020-05-01 18:31:51,260 main [AdvertisingStatusObserver]  finished to get add information
2020-05-01 18:31:51,260 ExtendedThread#6 [GsonUtil]  request to http://repo.tlauncher.org/update/downloads/libraries/org/tlauncher/authlib/libraries-1.6.json
2020-05-01 18:31:51,266 main [Loading] LOADING_WINDOW
2020-05-01 18:31:51,327 ExtendedThread#4 [Updater] Request time: 515 ms
2020-05-01 18:31:51,328 ExtendedThread#4 [Updater] Successfully requested from: http://repo.tlauncher.org/update/lch/update_2.0.json
2020-05-01 18:31:51,609 JavaFX Application Thread [JFXStartPageLoader]  start load page: http://page.tlauncher.org/update/downloads/configs/client/eng.html
2020-05-01 18:31:51,616 ExtendedThread#7 [REPO][SERVER_LIST_REPO] Success: Reached the repo in 350 ms.
2020-05-01 18:31:51,618 JavaFX Application Thread [Browser] Running in JavaFX Thread
2020-05-01 18:31:51,618 JavaFX Application Thread [Browser] Preparing JavaFX...
2020-05-01 18:31:51,703 JavaFX Application Thread [Browser] Initializing...
2020-05-01 18:31:51,862 main [Loading] PREPARING_MAINPANE
2020-05-01 18:31:52,034 main [Downloader2] Loaded configuration: good
2020-05-01 18:31:52,752 JavaFX Application Thread [JFXStartPageLoader]  succeeded load page: http://page.tlauncher.org/update/downloads/configs/client/eng.html during 1
2020-05-01 18:31:52,752 JavaFX Application Thread [Browser@979263421] Loaded successfully: "http://page.tlauncher.org/update/downloads/configs/client/eng.html"
2020-05-01 18:31:52,858 JavaFX Application Thread [Browser] add listens into server_choose
2020-05-01 18:31:52,858 JavaFX Application Thread [Browser] finished listens into server_choose
2020-05-01 18:31:53,070 main [Loading] POSTINIT_GUI
2020-05-01 18:31:53,070 main [Frame] Packing main frame...
2020-05-01 18:31:53,175 main [Frame] Resizing main pane...
2020-05-01 18:31:53,176 main Updater is already closed. Showing up...
2020-05-01 18:31:53,176 main Visibility set.
2020-05-01 18:31:53,181 main [Loading] REFRESHING_INFO
2020-05-01 18:31:53,183 ExtendedThread#4 [VersionManager] Refreshing versions remotely...
2020-05-01 18:31:53,183 ExtendedThread#6 [REPO][EXTRA_VERSION_REPO] Attempt #1; timeout: 45000 ms; url: http://repo.tlauncher.org/update/downloads/versions/new3/
2020-05-01 18:31:53,185 main Started! (3106 ms.)
2020-05-01 18:31:53,187 main [Loading] SUCCESS
2020-05-01 18:31:53,209 main [TLauncher] show tlauncher!!!
2020-05-01 18:31:53,211 main [Double running] clear time label
2020-05-01 18:31:53,252 AsyncObject#14 [REPO][EXTRA_VERSION_REPO] Attempt #1; timeout: 45000 ms; url: http://repo.tlauncher.org/update/downloads/versions/new3/
2020-05-01 18:31:53,253 AsyncObject#15 [REPO][SKIN_VERSION_REPO] Attempt #1; timeout: 45000 ms; url: http://repo.tlauncher.org/update/downloads/versions/new3/skin/versions/
2020-05-01 18:31:53,254 AsyncObject#13 [REPO][OFFICIAL_VERSION_REPO] Attempt #1; timeout: 45000 ms; url: https://launchermeta.mojang.com/mc/game/
2020-05-01 18:31:53,303 ExtendedThread#6 [REPO][EXTRA_VERSION_REPO] Success: Reached the repo in 119 ms.
2020-05-01 18:31:53,323 AsyncObject#15 [REPO][SKIN_VERSION_REPO] Success: Reached the repo in 69 ms.
2020-05-01 18:31:53,330 AsyncObject#14 [REPO][EXTRA_VERSION_REPO] Success: Reached the repo in 77 ms.
2020-05-01 18:31:53,344 AsyncObject#15 [SkinVersionList] Got in 92 ms
2020-05-01 18:31:53,374 AsyncObject#14 [ExtraVersionList] Got in 122 ms
2020-05-01 18:31:53,632 AsyncObject#13 [REPO][OFFICIAL_VERSION_REPO] Success: Reached the repo in 377 ms.
2020-05-01 18:31:53,765 AsyncObject#13 [OfficialVersionList] Got in 513 ms
2020-05-01 18:31:53,767 ExtendedThread#4 [VersionManager] Versions has been refreshed (572 ms)
2020-05-01 18:31:54,106 ExtendedThread#6 [REPO][ADD_HOT_SERVERS_REPO] Attempt #1; timeout: 45000 ms; url: http://repo.tlauncher.org/update/lch/additional_hot_servers-1.0.json
2020-05-01 18:31:54,109 ExtendedThread#7 [REPO][HOT_SERVERS_REPO] Attempt #1; timeout: 45000 ms; url: http://repo.tlauncher.org/update/lch/servers/hot_servers-1.0.json
2020-05-01 18:31:54,136 Thread-12 run server on  37842
2020-05-01 18:31:54,183 ExtendedThread#6 [REPO][ADD_HOT_SERVERS_REPO] Success: Reached the repo in 74 ms.
2020-05-01 18:31:54,231 ExtendedThread#7 [REPO][HOT_SERVERS_REPO] Success: Reached the repo in 118 ms.
2020-05-01 18:31:58,977 LoopedThread#8 [LoginForm] Login was OK. Trying to launch now.
2020-05-01 18:31:59,265 LoopedThread#8 [Launcher] Running under TLauncher 2.69
2020-05-01 18:31:59,268 LoopedThread#8 [Launcher] Collecting info...
2020-05-01 18:31:59,276 LoopedThread#8 [TLauncherManager] before clearLibrary 
2020-05-01 18:31:59,285 LoopedThread#8 [TLauncherManager] written:  []
2020-05-01 18:31:59,286 LoopedThread#8 [TLauncherManager] after clearLibrary 
2020-05-01 18:31:59,287 LoopedThread#8 [Launcher] Force update: false
2020-05-01 18:31:59,288 LoopedThread#8 [Launcher] Selected version: latest-release
2020-05-01 18:31:59,290 LoopedThread#8 [Launcher] Selected account: Account{displayName=null, userid=null, uuid=null, username=jpineros}
2020-05-01 18:31:59,293 LoopedThread#8 [Launcher] Version sync info: VersionSyncInfo{id='1.15.2',
local=CompleteVersion{id='1.15.2', time=Tue Apr 28 01:31:30 COT 2020, release=Fri Jan 17 05:03:52 COT 2020, type=release, class=net.minecraft.client.main.Main, minimumVersion=21, assets='1.15', source=LOCAL_VERSION_REPO, list=net.minecraft.launcher.updater.OfficialVersionList@3ed6eb5, libraries=[Library{name='com.mojang:patchy:1.1', rules=null, natives=null, extract=null, packed='null'}, Library{name='oshi-project:oshi-core:1.1', rules=null, natives=null, extract=null, packed='null'}, Library{name='net.java.dev.jna:jna:4.4.0', rules=null, natives=null, extract=null, packed='null'}, Library{name='net.java.dev.jna:platform:3.4.0', rules=null, natives=null, extract=null, packed='null'}, Library{name='com.ibm.icu:icu4j-core-mojang:51.2', rules=null, natives=null, extract=null, packed='null'}, Library{name='com.mojang:javabridge:1.0.22', rules=null, natives=null, extract=null, packed='null'}, Library{name='net.sf.jopt-simple:jopt-simple:5.0.3', rules=null, natives=null, extract=null, packed='null'}, Library{name='io.netty:netty-all:4.1.25.Final', rules=null, natives=null, extract=null, packed='null'}, Library{name='com.google.guava:guava:21.0', rules=null, natives=null, extract=null, packed='null'}, Library{name='org.apache.commons:commons-lang3:3.5', rules=null, natives=null, extract=null, packed='null'}, Library{name='commons-io:commons-io:2.5', rules=null, natives=null, extract=null, packed='null'}, Library{name='commons-codec:commons-codec:1.10', rules=null, natives=null, extract=null, packed='null'}, Library{name='net.java.jinput:jinput:2.0.5', rules=null, natives=null, extract=null, packed='null'}, Library{name='net.java.jutils:jutils:1.0.0', rules=null, natives=null, extract=null, packed='null'}, Library{name='com.mojang:brigadier:1.0.17', rules=null, natives=null, extract=null, packed='null'}, Library{name='com.mojang:datafixerupper:2.0.24', rules=null, natives=null, extract=null, packed='null'}, Library{name='com.google.code.gson:gson:2.8.0', rules=null, natives=null, extract=null, packed='null'}, Library{name='com.mojang:authlib:1.5.25', rules=null, natives=null, extract=null, packed='null'}, Library{name='org.apache.commons:commons-compress:1.8.1', rules=null, natives=null, extract=null, packed='null'}, Library{name='org.apache.httpcomponents:httpclient:4.3.3', rules=null, natives=null, extract=null, packed='null'}, Library{name='commons-logging:commons-logging:1.1.3', rules=null, natives=null, extract=null, packed='null'}, Library{name='org.apache.httpcomponents:httpcore:4.3.2', rules=null, natives=null, extract=null, packed='null'}, Library{name='it.unimi.dsi:fastutil:8.2.1', rules=null, natives=null, extract=null, packed='null'}, Library{name='org.apache.logging.log4j:log4j-api:2.8.1', rules=null, natives=null, extract=null, packed='null'}, Library{name='org.apache.logging.log4j:log4j-core:2.8.1', rules=null, natives=null, extract=null, packed='null'}, Library{name='org.lwjgl:lwjgl:3.2.1', rules=[Rule{action=ALLOW, os=OSRestriction{name=OSX, version='null'}, features=null}], natives=null, extract=null, packed='null'}, Library{name='org.lwjgl:lwjgl:3.2.2', rules=[Rule{action=ALLOW, os=null, features=null}, Rule{action=DISALLOW, os=OSRestriction{name=OSX, version='null'}, features=null}], natives=null, extract=null, packed='null'}, Library{name='org.lwjgl:lwjgl-jemalloc:3.2.1', rules=[Rule{action=ALLOW, os=OSRestriction{name=OSX, version='null'}, features=null}], natives=null, extract=null, packed='null'}, Library{name='org.lwjgl:lwjgl-jemalloc:3.2.2', rules=[Rule{action=ALLOW, os=null, features=null}, Rule{action=DISALLOW, os=OSRestriction{name=OSX, version='null'}, features=null}], natives=null, extract=null, packed='null'}, Library{name='org.lwjgl:lwjgl-openal:3.2.1', rules=[Rule{action=ALLOW, os=OSRestriction{name=OSX, version='null'}, features=null}], natives=null, extract=null, packed='null'}, Library{name='org.lwjgl:lwjgl-openal:3.2.2', rules=[Rule{action=ALLOW, os=null, features=null}, Rule{action=DISALLOW, os=OSRestriction{name=OSX, version='null'}, features=null}], natives=null, extract=null, packed='null'}, Library{name='org.lwjgl:lwjgl-opengl:3.2.1', rules=[Rule{action=ALLOW, os=OSRestriction{name=OSX, version='null'}, features=null}], natives=null, extract=null, packed='null'}, Library{name='org.lwjgl:lwjgl-opengl:3.2.2', rules=[Rule{action=ALLOW, os=null, features=null}, Rule{action=DISALLOW, os=OSRestriction{name=OSX, version='null'}, features=null}], natives=null, extract=null, packed='null'}, Library{name='org.lwjgl:lwjgl-glfw:3.2.1', rules=[Rule{action=ALLOW, os=OSRestriction{name=OSX, version='null'}, features=null}], natives=null, extract=null, packed='null'}, Library{name='org.lwjgl:lwjgl-glfw:3.2.2', rules=[Rule{action=ALLOW, os=null, features=null}, Rule{action=DISALLOW, os=OSRestriction{name=OSX, version='null'}, features=null}], natives=null, extract=null, packed='null'}, Library{name='org.lwjgl:lwjgl-stb:3.2.1', rules=[Rule{action=ALLOW, os=OSRestriction{name=OSX, version='null'}, features=null}], natives=null, extract=null, packed='null'}, Library{name='org.lwjgl:lwjgl-stb:3.2.2', rules=[Rule{action=ALLOW, os=null, features=null}, Rule{action=DISALLOW, os=OSRestriction{name=OSX, version='null'}, features=null}], natives=null, extract=null, packed='null'}, Library{name='org.lwjgl:lwjgl-tinyfd:3.2.1', rules=[Rule{action=ALLOW, os=OSRestriction{name=OSX, version='null'}, features=null}], natives=null, extract=null, packed='null'}, Library{name='org.lwjgl:lwjgl-tinyfd:3.2.2', rules=[Rule{action=ALLOW, os=null, features=null}, Rule{action=DISALLOW, os=OSRestriction{name=OSX, version='null'}, features=null}], natives=null, extract=null, packed='null'}, Library{name='org.lwjgl:lwjgl:3.2.1', rules=[Rule{action=ALLOW, os=OSRestriction{name=OSX, version='null'}, features=null}], natives={OSX=natives-macos}, extract=null, packed='null'}, Library{name='org.lwjgl:lwjgl:3.2.2', rules=[Rule{action=ALLOW, os=null, features=null}, Rule{action=DISALLOW, os=OSRestriction{name=OSX, version='null'}, features=null}], natives={LINUX=natives-linux, WINDOWS=natives-windows}, extract=null, packed='null'}, Library{name='org.lwjgl:lwjgl-jemalloc:3.2.1', rules=[Rule{action=ALLOW, os=OSRestriction{name=OSX, version='null'}, features=null}], natives={OSX=natives-macos}, extract=null, packed='null'}, Library{name='org.lwjgl:lwjgl-jemalloc:3.2.2', rules=[Rule{action=ALLOW, os=null, features=null}, Rule{action=DISALLOW, os=OSRestriction{name=OSX, version='null'}, features=null}], natives={LINUX=natives-linux, WINDOWS=natives-windows}, extract=null, packed='null'}, Library{name='org.lwjgl:lwjgl-openal:3.2.1', rules=[Rule{action=ALLOW, os=OSRestriction{name=OSX, version='null'}, features=null}], natives={OSX=natives-macos}, extract=null, packed='null'}, Library{name='org.lwjgl:lwjgl-openal:3.2.2', rules=[Rule{action=ALLOW, os=null, features=null}, Rule{action=DISALLOW, os=OSRestriction{name=OSX, version='null'}, features=null}], natives={LINUX=natives-linux, WINDOWS=natives-windows}, extract=null, packed='null'}, Library{name='org.lwjgl:lwjgl-opengl:3.2.1', rules=[Rule{action=ALLOW, os=OSRestriction{name=OSX, version='null'}, features=null}], natives={OSX=natives-macos}, extract=null, packed='null'}, Library{name='org.lwjgl:lwjgl-opengl:3.2.2', rules=[Rule{action=ALLOW, os=null, features=null}, Rule{action=DISALLOW, os=OSRestriction{name=OSX, version='null'}, features=null}], natives={LINUX=natives-linux, WINDOWS=natives-windows}, extract=null, packed='null'}, Library{name='org.lwjgl:lwjgl-glfw:3.2.1', rules=[Rule{action=ALLOW, os=OSRestriction{name=OSX, version='null'}, features=null}], natives={OSX=natives-macos}, extract=null, packed='null'}, Library{name='org.lwjgl:lwjgl-glfw:3.2.2', rules=[Rule{action=ALLOW, os=null, features=null}, Rule{action=DISALLOW, os=OSRestriction{name=OSX, version='null'}, features=null}], natives={LINUX=natives-linux, WINDOWS=natives-windows}, extract=null, packed='null'}, Library{name='org.lwjgl:lwjgl-stb:3.2.1', rules=[Rule{action=ALLOW, os=OSRestriction{name=OSX, version='null'}, features=null}], natives={OSX=natives-macos}, extract=null, packed='null'}, Library{name='org.lwjgl:lwjgl-tinyfd:3.2.2', rules=[Rule{action=ALLOW, os=null, features=null}, Rule{action=DISALLOW, os=OSRestriction{name=OSX, version='null'}, features=null}], natives={LINUX=natives-linux, WINDOWS=natives-windows}, extract=null, packed='null'}, Library{name='org.lwjgl:lwjgl-tinyfd:3.2.1', rules=[Rule{action=ALLOW, os=OSRestriction{name=OSX, version='null'}, features=null}], natives={OSX=natives-macos}, extract=null, packed='null'}, Library{name='org.lwjgl:lwjgl-stb:3.2.2', rules=[Rule{action=ALLOW, os=null, features=null}, Rule{action=DISALLOW, os=OSRestriction{name=OSX, version='null'}, features=null}], natives={LINUX=natives-linux, WINDOWS=natives-windows}, extract=null, packed='null'}, Library{name='com.mojang:text2speech:1.11.3', rules=null, natives=null, extract=null, packed='null'}, Library{name='com.mojang:text2speech:1.11.3', rules=null, natives={LINUX=natives-linux, WINDOWS=natives-windows}, extract=net.minecraft.launcher.versions.ExtractRules@7f4e4edf, packed='null'}, Library{name='ca.weblite:java-objc-bridge:1.0.0', rules=[Rule{action=ALLOW, os=OSRestriction{name=OSX, version='null'}, features=null}], natives={OSX=natives-osx}, extract=net.minecraft.launcher.versions.ExtractRules@23496e9f, packed='null'}, Library{name='ca.weblite:java-objc-bridge:1.0.0', rules=[Rule{action=ALLOW, os=OSRestriction{name=OSX, version='null'}, features=null}], natives=null, extract=null, packed='null'}]},
remote=PartialVersion{id='1.15.2', time=Tue Apr 28 01:31:30 COT 2020, release=Fri Jan 17 05:03:52 COT 2020, type=release, source=OFFICIAL_VERSION_REPO, skinVersion=false, list=net.minecraft.launcher.updater.OfficialVersionList@3ed6eb5}, isInstalled=true, hasRemote=true, isUpToDate=true}
2020-05-01 18:31:59,411 LoopedThread#8 [Launcher] Java path: /Library/Internet Plug-Ins/JavaAppletPlugin.plugin/Contents/Home/bin/java
2020-05-01 18:31:59,421 LoopedThread#8 [Launcher] Checking conditions...
2020-05-01 18:31:59,434 LoopedThread#8 [Launcher] Comparing assets...
2020-05-01 18:31:59,434 LoopedThread#8 [AssetsManager] Checking resources...
2020-05-01 18:31:59,435 LoopedThread#8 [AssetsManager] Reading indexes from file /Users/jpineros/Library/Application Support/minecraft/assets/indexes/1.15.json
2020-05-01 18:31:59,493 LoopedThread#8 [AssetsManager] Fast comparing: true
2020-05-01 18:31:59,598 LoopedThread#8 [Launcher] Delta time to compare assets: 163 ms.
2020-05-01 18:31:59,599 LoopedThread#8 [TLauncherManager] add required libraries: 1.15.2
2020-05-01 18:32:01,083 LoopedThread#8 [VersionManager] Required for version 1.15.2: []
2020-05-01 18:32:01,084 LoopedThread#8 [Modpack]  got container
2020-05-01 18:32:01,098 LoopedThread#8 [TLauncherManager] library will be replaced: com.mojang:authlib:1.5.25
2020-05-01 18:32:01,099 LoopedThread#8 [TLauncherManager] library will be replaced: com.mojang:patchy:1.1
2020-05-01 18:32:01,100 LoopedThread#8 [TLauncherManager] library will be added as required: net.minecraft:launchwrapper:1.12
2020-05-01 18:32:01,102 LoopedThread#8 [TLauncherManager] library will be added as required: org.ow2.asm:asm-commons:6.2
2020-05-01 18:32:01,103 LoopedThread#8 [TLauncherManager] library will be added as required: org.ow2.asm:asm:6.2
2020-05-01 18:32:01,105 LoopedThread#8 [TLauncherManager] library will be added as required: org.ow2.asm:asm-tree:6.2
2020-05-01 18:32:01,106 LoopedThread#8 [TLauncherManager] library will be added: org.tlauncher:tl_skin_cape_1.15.2:1.9
2020-05-01 18:32:01,120 LoopedThread#8 [Launcher] Unpacking natives...
2020-05-01 18:32:01,130 LoopedThread#8 [Launcher] Constructing process...
2020-05-01 18:32:01,145 LoopedThread#8 [Launcher] Constructing classpath...
2020-05-01 18:32:01,149 LoopedThread#8 [Launcher] Getting Minecraft arguments...
2020-05-01 18:32:01,155 LoopedThread#8 [Launcher] Full command (characters are not escaped):
/Library/Internet Plug-Ins/JavaAppletPlugin.plugin/Contents/Home/bin/java -Xdock:icon="/Users/jpineros/Library/Application Support/minecraft/assets/objects/99/991b421dfd401f115241601b2b373140a8d78572" -Xdock:name=Minecraft -Djava.net.preferIPv4Stack=true -Xmn128M -Xmx10922M -XstartOnFirstThread -Xss1M -Djava.library.path=/Users/jpineros/Library/Application Support/minecraft/versions/1.15.2/natives -Dminecraft.launcher.brand=minecraft-launcher -Dminecraft.launcher.version=2.0.1003 -cp /Users/jpineros/Library/Application Support/minecraft/libraries/org/tlauncher/tl_skin_cape_1.15.2/1.9/tl_skin_cape_1.15.2-1.9.jar:/Users/jpineros/Library/Application Support/minecraft/libraries/org/ow2/asm/asm-tree/6.2/asm-tree-6.2.jar:/Users/jpineros/Library/Application Support/minecraft/libraries/org/ow2/asm/asm/6.2/asm-6.2.jar:/Users/jpineros/Library/Application Support/minecraft/libraries/org/ow2/asm/asm-commons/6.2/asm-commons-6.2.jar:/Users/jpineros/Library/Application Support/minecraft/libraries/net/minecraft/launchwrapper/1.12/launchwrapper-1.12.jar:/Users/jpineros/Library/Application Support/minecraft/libraries/org/tlauncher/patchy/1.1/patchy-1.1.jar:/Users/jpineros/Library/Application Support/minecraft/libraries/oshi-project/oshi-core/1.1/oshi-core-1.1.jar:/Users/jpineros/Library/Application Support/minecraft/libraries/net/java/dev/jna/jna/4.4.0/jna-4.4.0.jar:/Users/jpineros/Library/Application Support/minecraft/libraries/net/java/dev/jna/platform/3.4.0/platform-3.4.0.jar:/Users/jpineros/Library/Application Support/minecraft/libraries/com/ibm/icu/icu4j-core-mojang/51.2/icu4j-core-mojang-51.2.jar:/Users/jpineros/Library/Application Support/minecraft/libraries/com/mojang/javabridge/1.0.22/javabridge-1.0.22.jar:/Users/jpineros/Library/Application Support/minecraft/libraries/net/sf/jopt-simple/jopt-simple/5.0.3/jopt-simple-5.0.3.jar:/Users/jpineros/Library/Application Support/minecraft/libraries/io/netty/netty-all/4.1.25.Final/netty-all-4.1.25.Final.jar:/Users/jpineros/Library/Application Support/minecraft/libraries/com/google/guava/guava/21.0/guava-21.0.jar:/Users/jpineros/Library/Application Support/minecraft/libraries/org/apache/commons/commons-lang3/3.5/commons-lang3-3.5.jar:/Users/jpineros/Library/Application Support/minecraft/libraries/commons-io/commons-io/2.5/commons-io-2.5.jar:/Users/jpineros/Library/Application Support/minecraft/libraries/commons-codec/commons-codec/1.10/commons-codec-1.10.jar:/Users/jpineros/Library/Application Support/minecraft/libraries/net/java/jinput/jinput/2.0.5/jinput-2.0.5.jar:/Users/jpineros/Library/Application Support/minecraft/libraries/net/java/jutils/jutils/1.0.0/jutils-1.0.0.jar:/Users/jpineros/Library/Application Support/minecraft/libraries/com/mojang/brigadier/1.0.17/brigadier-1.0.17.jar:/Users/jpineros/Library/Application Support/minecraft/libraries/com/mojang/datafixerupper/2.0.24/datafixerupper-2.0.24.jar:/Users/jpineros/Library/Application Support/minecraft/libraries/com/google/code/gson/gson/2.8.0/gson-2.8.0.jar:/Users/jpineros/Library/Application Support/minecraft/libraries/org/tlauncher/authlib/1.6.25/authlib-1.6.25.jar:/Users/jpineros/Library/Application Support/minecraft/libraries/org/apache/commons/commons-compress/1.8.1/commons-compress-1.8.1.jar:/Users/jpineros/Library/Application Support/minecraft/libraries/org/apache/httpcomponents/httpclient/4.3.3/httpclient-4.3.3.jar:/Users/jpineros/Library/Application Support/minecraft/libraries/commons-logging/commons-logging/1.1.3/commons-logging-1.1.3.jar:/Users/jpineros/Library/Application Support/minecraft/libraries/org/apache/httpcomponents/httpcore/4.3.2/httpcore-4.3.2.jar:/Users/jpineros/Library/Application Support/minecraft/libraries/it/unimi/dsi/fastutil/8.2.1/fastutil-8.2.1.jar:/Users/jpineros/Library/Application Support/minecraft/libraries/org/apache/logging/log4j/log4j-api/2.8.1/log4j-api-2.8.1.jar:/Users/jpineros/Library/Application Support/minecraft/libraries/org/apache/logging/log4j/log4j-core/2.8.1/log4j-core-2.8.1.jar:/Users/jpineros/Library/Application Support/minecraft/libraries/org/lwjgl/lwjgl/3.2.1/lwjgl-3.2.1.jar:/Users/jpineros/Library/Application Support/minecraft/libraries/org/lwjgl/lwjgl-jemalloc/3.2.1/lwjgl-jemalloc-3.2.1.jar:/Users/jpineros/Library/Application Support/minecraft/libraries/org/lwjgl/lwjgl-openal/3.2.1/lwjgl-openal-3.2.1.jar:/Users/jpineros/Library/Application Support/minecraft/libraries/org/lwjgl/lwjgl-opengl/3.2.1/lwjgl-opengl-3.2.1.jar:/Users/jpineros/Library/Application Support/minecraft/libraries/org/lwjgl/lwjgl-glfw/3.2.1/lwjgl-glfw-3.2.1.jar:/Users/jpineros/Library/Application Support/minecraft/libraries/org/lwjgl/lwjgl-stb/3.2.1/lwjgl-stb-3.2.1.jar:/Users/jpineros/Library/Application Support/minecraft/libraries/org/lwjgl/lwjgl-tinyfd/3.2.1/lwjgl-tinyfd-3.2.1.jar:/Users/jpineros/Library/Application Support/minecraft/libraries/com/mojang/text2speech/1.11.3/text2speech-1.11.3.jar:/Users/jpineros/Library/Application Support/minecraft/libraries/ca/weblite/java-objc-bridge/1.0.0/java-objc-bridge-1.0.0.jar:/Users/jpineros/Library/Application Support/minecraft/versions/1.15.2/1.15.2.jar -Dminecraft.applet.TargetDirectory=/Users/jpineros/Library/Application Support/minecraft -XX:+UnlockExperimentalVMOptions -XX:+UseG1GC -XX:G1NewSizePercent=20 -XX:G1ReservePercent=20 -XX:MaxGCPauseMillis=50 -XX:G1HeapRegionSize=32M -Dfml.ignoreInvalidMinecraftCertificates=true -Dfml.ignorePatchDiscrepancies=true org.tlauncher.LaunchNew --username jpineros --version 1.15.2 --gameDir /Users/jpineros/Library/Application Support/minecraft --assetsDir /Users/jpineros/Library/Application Support/minecraft/assets --assetIndex 1.15 --uuid 00000000-0000-0000-0000-000000000000 --accessToken null --userType legacy --versionType release --width 925 --height 530 --tweakClass org.tlauncher.tweaker.Tweaker
2020-05-01 18:32:01,243 LoopedThread#8 [Launcher] Launching Minecraft...
2020-05-01 18:32:01,245 LoopedThread#8 I'm hiding!
2020-05-01 18:32:01,248 LoopedThread#8 [TLauncherManager] mods after 
2020-05-01 18:32:01,260 LoopedThread#8 [InnerMinecraftServersImpl]  search changers of the servers
2020-05-01 18:32:01,268 LoopedThread#8 read servers from servers.dat []
2020-05-01 18:32:01,270 LoopedThread#8 [InnerMinecraftServersImpl]  prepare inner servers
2020-05-01 18:32:01,273 LoopedThread#8 save servers to servers.dat
2020-05-01 18:32:01,278 LoopedThread#8 [Launcher] Starting Minecraft latest-release...
2020-05-01 18:32:01,279 LoopedThread#8 [Launcher] Launching in: /Users/jpineros/Library/Application Support/minecraft
2020-05-01 18:32:01,280 LoopedThread#8 Starting garbage collector: 162 / 237 MB
2020-05-01 18:32:01,408 LoopedThread#8 Garbage collector completed: 46 / 247 MB
2020-05-01 18:32:01,440 LoopedThread#8 [Launcher] Processing post-launch actions. Assist launch: true
2020-05-01 18:32:02,720 Thread-13 ===============================================================================================
2020-05-01 18:32:02,721 Thread-13 > [18:32:02] [main/INFO]: Loading tweak class name org.tlauncher.tweaker.Tweaker
2020-05-01 18:32:02,723 Thread-13 > [18:32:02] [main/INFO]: Using primary tweak class name org.tlauncher.tweaker.Tweaker
2020-05-01 18:32:02,724 Thread-13 > [18:32:02] [main/WARN]: Tweak class name org.tlauncher.tweaker.Tweaker has already been visited -- skipping
2020-05-01 18:32:02,726 Thread-13 > [18:32:02] [main/INFO]: Calling tweak class org.tlauncher.tweaker.Tweaker
2020-05-01 18:32:02,727 Thread-13 > Log Path: /Users/jpineros/Library/Application Support/minecraft/./tlLoader/Tweaker.log
2020-05-01 18:32:02,728 Thread-13 > [main INFO] Using Tweaker
2020-05-01 18:32:02,728 Thread-13 > [main INFO] Tweaker: acceptOptions
2020-05-01 18:32:02,729 Thread-13 > [main INFO] Tweaker: injectIntoClassLoader
2020-05-01 18:32:02,735 Thread-13 > [TLSkinCape] Current version is [:]
2020-05-01 18:32:02,736 Thread-13 > [TLSkinCape] Current Minecraft version is 1.15.2.
2020-05-01 18:32:02,737 Thread-13 > [main INFO] Hook method dpy#n()Lsm; loaded.
2020-05-01 18:32:02,738 Thread-13 > [main INFO] Hook method dpy#m()Lsm; loaded.
2020-05-01 18:32:02,738 Thread-13 > [main INFO] Hook method dpy#s()Ljava/lang/String; loaded.
2020-05-01 18:32:02,740 Thread-13 > [main INFO] Hook method ayj#a(Layk;)Z loaded.
2020-05-01 18:32:02,741 Thread-13 > [main INFO] Hook method dgf#render(IIF)V loaded.
2020-05-01 18:32:02,742 Thread-13 > [main INFO] Loaded as a library.
2020-05-01 18:32:02,742 Thread-13 > [main INFO] Tweaker: getLaunchArguments
2020-05-01 18:32:02,750 Thread-13 > [18:32:02] [main/INFO]: Launching wrapped minecraft {org.tlauncher.MainNew}
2020-05-01 18:32:03,135 Thread-13 > [Render thread INFO] [TLSkinCape] Method dgf.render(IIF)V successfully hooked.
2020-05-01 18:32:03,155 Thread-13 > [Render thread INFO] [TLSkinCape] Method ayj.a(Layk;)Z successfully hooked.
2020-05-01 18:32:03,195 Thread-13 > [Render thread INFO] [TLSkinCape] Method dpy.n()Lsm; successfully hooked.
2020-05-01 18:32:03,196 Thread-13 > [Render thread INFO] [TLSkinCape] Method dpy.m()Lsm; successfully hooked.
2020-05-01 18:32:03,197 Thread-13 > [Render thread INFO] [TLSkinCape] Method dpy.s()Ljava/lang/String; successfully hooked.
2020-05-01 18:32:03,479 Thread-13 > [18:32:03] [main/INFO]: Setting user: jpineros
2020-05-01 18:32:07,851 Thread-13 > [18:32:07] [main/INFO]: Backend library: LWJGL version 3.2.1 build 12
2020-05-01 18:32:11,764 Thread-13 > [18:32:11] [main/INFO]: Reloading ResourceManager: Default
2020-05-01 18:32:11,792 Thread-13 > [18:32:11] [main/INFO]: [STDOUT]: [Connector] trying to start...
2020-05-01 18:32:11,793 Thread-13 > [18:32:11] [main/INFO]: [STDOUT]: [Connector] no server info
2020-05-01 18:32:11,795 Thread-13 > [18:32:11] [main/INFO]: [STDOUT]: [Connector] end
2020-05-01 18:32:12,683 Thread-13 > [18:32:12] [Realms Notification Availability checker #1/INFO]: Could not authorize you against Realms server: Invalid session id
2020-05-01 18:32:20,751 Thread-13 > [18:32:20] [main/INFO]: OpenAL initialized.
2020-05-01 18:32:20,753 Thread-13 > [18:32:20] [main/INFO]: Sound engine started
2020-05-01 18:32:20,957 Thread-13 > [18:32:20] [main/INFO]: Created: 1024x1024x4 minecraft:textures/atlas/blocks.png-atlas
2020-05-01 18:32:20,974 Thread-13 > [18:32:20] [main/INFO]: Created: 256x128x4 minecraft:textures/atlas/signs.png-atlas
2020-05-01 18:32:20,976 Thread-13 > [18:32:20] [main/INFO]: Created: 1024x512x4 minecraft:textures/atlas/banner_patterns.png-atlas
2020-05-01 18:32:20,979 Thread-13 > [18:32:20] [main/INFO]: Created: 1024x512x4 minecraft:textures/atlas/shield_patterns.png-atlas
2020-05-01 18:32:20,981 Thread-13 > [18:32:20] [main/INFO]: Created: 256x256x4 minecraft:textures/atlas/chest.png-atlas
2020-05-01 18:32:20,982 Thread-13 > [18:32:20] [main/INFO]: Created: 512x256x4 minecraft:textures/atlas/beds.png-atlas
2020-05-01 18:32:20,984 Thread-13 > [18:32:20] [main/INFO]: Created: 512x256x4 minecraft:textures/atlas/shulker_boxes.png-atlas
2020-05-01 18:32:21,505 Thread-13 > [18:32:21] [main/INFO]: Created: 256x256x0 minecraft:textures/atlas/particles.png-atlas
2020-05-01 18:32:21,510 Thread-13 > [18:32:21] [main/INFO]: Created: 256x256x0 minecraft:textures/atlas/paintings.png-atlas
2020-05-01 18:32:21,512 Thread-13 > [18:32:21] [main/INFO]: Created: 256x128x0 minecraft:textures/atlas/mob_effects.png-atlas
2020-05-01 18:32:29,825 Thread-13 > [18:32:29] [main/WARN]: Ambiguity between arguments [teleport, destination] and [teleport, targets] with inputs: [Player, 0123, @e, dd12be42-52a9-4a91-a8a1-11c01849e498]
2020-05-01 18:32:29,829 Thread-13 > [18:32:29] [main/WARN]: Ambiguity between arguments [teleport, location] and [teleport, destination] with inputs: [0.1 -0.5 .9, 0 0 0]
2020-05-01 18:32:29,833 Thread-13 > [18:32:29] [main/WARN]: Ambiguity between arguments [teleport, location] and [teleport, targets] with inputs: [0.1 -0.5 .9, 0 0 0]
2020-05-01 18:32:29,837 Thread-13 > [18:32:29] [main/WARN]: Ambiguity between arguments [teleport, targets] and [teleport, destination] with inputs: [Player, 0123, dd12be42-52a9-4a91-a8a1-11c01849e498]
2020-05-01 18:32:29,841 Thread-13 > [18:32:29] [main/WARN]: Ambiguity between arguments [teleport, targets, location] and [teleport, targets, destination] with inputs: [0.1 -0.5 .9, 0 0 0]
2020-05-01 18:32:29,880 Thread-13 > [18:32:29] [Server thread/INFO]: Starting integrated minecraft server version 1.15.2
2020-05-01 18:32:29,882 Thread-13 > [18:32:29] [Server thread/INFO]: Generating keypair
2020-05-01 18:32:30,036 Thread-13 > [18:32:30] [Server thread/INFO]: Reloading ResourceManager: Default
2020-05-01 18:32:30,488 Thread-13 > [18:32:30] [Server thread/INFO]: Loaded 6 recipes
2020-05-01 18:32:30,769 Thread-13 > [18:32:30] [Server thread/INFO]: Loaded 825 advancements
2020-05-01 18:32:31,116 Thread-13 > [18:32:31] [Server thread/INFO]: Preparing start region for dimension minecraft:overworld
2020-05-01 18:32:32,342 Thread-13 > [18:32:32] [main/INFO]: Preparing spawn area: 0%
2020-05-01 18:32:32,343 Thread-13 > [18:32:32] [main/INFO]: Preparing spawn area: 0%
2020-05-01 18:32:32,344 Thread-13 > [18:32:32] [main/INFO]: Preparing spawn area: 0%
2020-05-01 18:32:32,685 Thread-13 > [18:32:32] [main/INFO]: Preparing spawn area: 0%
2020-05-01 18:32:33,101 Thread-13 > [18:32:33] [main/INFO]: Time elapsed: 1970 ms
2020-05-01 18:32:33,203 Thread-13 > 2020-05-01 18:32:33.203 java[29166:6414058] [JRSAppKitAWT markAppIsDaemon]: Process manager already initialized: can't fully enable headless mode.
2020-05-01 18:32:33,739 Thread-13 > [18:32:33] [Server thread/INFO]: Changing view distance to 11, from 10
2020-05-01 18:32:34,798 Thread-13 > [18:32:34] [Server thread/INFO]: jpineros[local:E:16012a6a] logged in with entity id 188 at (-9.712289934491361, 64.0, 30.575587213975925)
2020-